2021-09-08 10:15:38.277[                 ]INFO [otMybatisApplication:55]Starting SpringBootMybatisApplication on DESKTOP-RKJ18PE with PID 3152 (E:\SWITCHING_PAPANG\WORKSPACE\GATEWAY\WSTNISO\GatewayTirtanadi\target\classes started by Mr Papang in E:\SWITCHING_PAPANG\WORKSPACE\GATEWAY\WSTNISO\GatewayTirtanadi)
2021-09-08 10:15:38.283[                 ]INFO [otMybatisApplication:651]No active profile set, falling back to default profiles: default
2021-09-08 10:15:42.061[                 ]INFO [otMybatisApplication:61]Started SpringBootMybatisApplication in 4.382 seconds (JVM running for 5.946)
2021-09-08 10:16:18.248[                 ]INFO [m.controller.Request:114][inquiry-wstirtanadi] Start Inquiry
2021-09-08 10:16:18.365[                 ]INFO [m.controller.Request:140][inquiry-wstirtanadi] bit41 : 20000002
2021-09-08 10:16:18.376[                 ]INFO [m.controller.Request:163][inquiry-wstirtanadi] Request to Biller MTI 1 : 00730100822000008280000080000000000000000908101618000001071217000300120000002
2021-09-08 10:16:18.376[                 ]INFO [m.controller.Request:164][inquiry-wstirtanadi] Unpack Request to Biller MTI 1 : {"33":"0712170003","65":"","MTI":"0100","7":"0908101618","39":"001","41":"20000002","11":"000001"}
2021-09-08 10:16:18.377[                 ]INFO [m.controller.Request:39][clientSocket-wstirtanadi] Start Socket to SendMessage
2021-09-08 10:16:33.528[                 ]INFO [m.controller.Request:168][inquiry-wstirtanadi] Response Iso Biller MTI 1 : 015301108230008083810080800000000000000009081016180000010908101633000707121700030010012000000205705410AR SITORUS12SEI MENCIRIM04RT.202070458-D04null04null000
2021-09-08 10:16:33.535[                 ]INFO [m.controller.Request:172][inquiry-wstirtanadi] Convert Response to Json MTI 1 : {"48":"05410AR SITORUS12SEI MENCIRIM04RT.202070458-D04null04null","33":"0712170003","65":"","MTI":"0110","7":"0908101618","39":"001","40":"001","25":"0007","41":"20000002","57":"000","11":"000001","12":"0908101633"}
2021-09-08 10:16:33.549[                 ]INFO [m.controller.Request:313][inquiry-wstirtanadi] Request to Biller MTI 2 : 00730100822000008280000080000000000000000908101633000001071217000300420000002
2021-09-08 10:16:33.549[                 ]INFO [m.controller.Request:314][inquiry-wstirtanadi] Unpack Request to Biller MTI 2 : {"33":"0712170003","65":"","MTI":"0100","7":"0908101633","39":"004","41":"20000002","11":"000001"}
2021-09-08 10:16:33.549[                 ]INFO [m.controller.Request:39][clientSocket-wstirtanadi] Start Socket to SendMessage
2021-09-08 10:16:44.894[                 ]INFO [m.controller.Request:318][inquiry-wstirtanadi] Response Iso Biller MTI 2 : 014301108230008083810080800000000000000009081016330000010908101644000107121700030040012000000204704442199201000001000000007500000000000000008500000
2021-09-08 10:16:44.902[                 ]INFO [m.controller.Request:322][inquiry-wstirtanadi] Convert Response to Json MTI 2 : {"48":"04442199201000001000000007500000000000000008500","33":"0712170003","65":"","MTI":"0110","7":"0908101633","39":"004","40":"001","25":"0001","41":"20000002","57":"000","11":"000001","12":"0908101644"}
2021-09-08 10:16:44.902[                 ]INFO [m.controller.Request:331][inquiry-wstirtanadi] Start RC Bit40=001 MTI 2 : {"48":"04442199201000001000000007500000000000000008500","33":"0712170003","65":"","MTI":"0110","7":"0908101633","39":"004","40":"001","25":"0001","41":"20000002","57":"000","11":"000001","12":"0908101644"}
2021-09-08 10:16:44.903[                 ]INFO [m.controller.Request:367][inquiry-wstirtanadi] Bit48Array MTI 2 : {"48":"04442199201000001000000007500000000000000008500","33":"0712170003","65":"","MTI":"0110","7":"0908101633","39":"004","40":"001","25":"0001","41":"20000002","57":"000","11":"000001","12":"0908101644"}
2021-09-08 10:16:44.909[                 ]INFO [m.controller.Request:431][inquiry-wstirtanadi] Request to Biller MTI 3 : 00810100822C0000828000008000000000000000090810164400000100011992071217000300320000002
2021-09-08 10:16:44.909[                 ]INFO [m.controller.Request:432][inquiry-wstirtanadi] Unpack Request to Biller MTI 3 : {"33":"0712170003","65":"","MTI":"0100","7":"0908101644","39":"003","41":"20000002","11":"000001","13":"0001","14":"1992"}
2021-09-08 10:16:44.909[                 ]INFO [m.controller.Request:39][clientSocket-wstirtanadi] Start Socket to SendMessage
2021-09-08 10:16:54.958[                 ]INFO [m.controller.Request:438][inquiry-wstirtanadi] Response Iso Biller MTI 3 : 01990110823C00808381008080000000000000000908101644000001090810165400011992001207121700030030012000000209509210071217000310AR SITORUS12SEI MENCIRIM04NA.10619920101001004100004750001004850011Belum Lunas000
2021-09-08 10:16:54.959[                 ]INFO [m.controller.Request:439][inquiry-wstirtanadi] Convert Response to Json MTI 3 : {"33":"0712170003","65":"","MTI":"0110","7":"0908101644","39":"003","40":"001","41":"20000002","11":"000001","12":"0908101654","13":"0001","14":"1992","48":"09210071217000310AR SITORUS12SEI MENCIRIM04NA.10619920101001004100004750001004850011Belum Lunas","25":"0012","57":"000"}
2021-09-08 13:59:24.852[                 ]INFO [m.controller.Request:114][inquiry-wstirtanadi] Start Inquiry
2021-09-08 13:59:24.953[                 ]INFO [m.controller.Request:140][inquiry-wstirtanadi] bit41 : 20000002
2021-09-08 13:59:24.959[                 ]INFO [m.controller.Request:163][inquiry-wstirtanadi] Request to Biller MTI 1 : 00730100822000008280000080000000000000000908135924000001071217000300120000002
2021-09-08 13:59:24.960[                 ]INFO [m.controller.Request:164][inquiry-wstirtanadi] Unpack Request to Biller MTI 1 : {"33":"0712170003","65":"","MTI":"0100","7":"0908135924","39":"001","41":"20000002","11":"000001"}
2021-09-08 13:59:24.960[                 ]INFO [m.controller.Request:39][clientSocket-wstirtanadi] Start Socket to SendMessage
2021-09-08 13:59:37.200[                 ]INFO [m.controller.Request:168][inquiry-wstirtanadi] Response Iso Biller MTI 1 : 015301108230008083810080800000000000000009081359240000010908135937000707121700030010012000000205705410AR SITORUS12SEI MENCIRIM04RT.202070458-D04null04null000
2021-09-08 13:59:37.207[                 ]INFO [m.controller.Request:172][inquiry-wstirtanadi] Convert Response to Json MTI 1 : {"48":"05410AR SITORUS12SEI MENCIRIM04RT.202070458-D04null04null","33":"0712170003","65":"","MTI":"0110","7":"0908135924","39":"001","40":"001","25":"0007","41":"20000002","57":"000","11":"000001","12":"0908135937"}
2021-09-08 13:59:37.220[                 ]INFO [m.controller.Request:313][inquiry-wstirtanadi] Request to Biller MTI 2 : 00730100822000008280000080000000000000000908135937000001071217000300420000002
2021-09-08 13:59:37.221[                 ]INFO [m.controller.Request:314][inquiry-wstirtanadi] Unpack Request to Biller MTI 2 : {"33":"0712170003","65":"","MTI":"0100","7":"0908135937","39":"004","41":"20000002","11":"000001"}
2021-09-08 13:59:37.221[                 ]INFO [m.controller.Request:39][clientSocket-wstirtanadi] Start Socket to SendMessage
2021-09-08 13:59:49.234[                 ]INFO [m.controller.Request:318][inquiry-wstirtanadi] Response Iso Biller MTI 2 : 014301108230008083810080800000000000000009081359370000010908135949000107121700030040012000000204704442199201000001000000007500000000000000008500000
2021-09-08 13:59:49.239[                 ]INFO [m.controller.Request:322][inquiry-wstirtanadi] Convert Response to Json MTI 2 : {"48":"04442199201000001000000007500000000000000008500","33":"0712170003","65":"","MTI":"0110","7":"0908135937","39":"004","40":"001","25":"0001","41":"20000002","57":"000","11":"000001","12":"0908135949"}
2021-09-08 13:59:49.240[                 ]INFO [m.controller.Request:331][inquiry-wstirtanadi] Start RC Bit40=001 MTI 2 : {"48":"04442199201000001000000007500000000000000008500","33":"0712170003","65":"","MTI":"0110","7":"0908135937","39":"004","40":"001","25":"0001","41":"20000002","57":"000","11":"000001","12":"0908135949"}
2021-09-08 13:59:49.240[                 ]INFO [m.controller.Request:367][inquiry-wstirtanadi] Bit48Array MTI 2 : {"48":"04442199201000001000000007500000000000000008500","33":"0712170003","65":"","MTI":"0110","7":"0908135937","39":"004","40":"001","25":"0001","41":"20000002","57":"000","11":"000001","12":"0908135949"}
2021-09-08 13:59:49.245[                 ]INFO [m.controller.Request:431][inquiry-wstirtanadi] Request to Biller MTI 3 : 00810100822C0000828000008000000000000000090813594900000100011992071217000300320000002
2021-09-08 13:59:49.245[                 ]INFO [m.controller.Request:432][inquiry-wstirtanadi] Unpack Request to Biller MTI 3 : {"33":"0712170003","65":"","MTI":"0100","7":"0908135949","39":"003","41":"20000002","11":"000001","13":"0001","14":"1992"}
2021-09-08 13:59:49.245[                 ]INFO [m.controller.Request:39][clientSocket-wstirtanadi] Start Socket to SendMessage
2021-09-08 14:00:01.346[                 ]INFO [m.controller.Request:438][inquiry-wstirtanadi] Response Iso Biller MTI 3 : 01990110823C00808381008080000000000000000908135949000001090814000100011992001207121700030030012000000209509210071217000310AR SITORUS12SEI MENCIRIM04NA.10619920101001004100004750001004850011Belum Lunas000
2021-09-08 14:00:01.346[                 ]INFO [m.controller.Request:439][inquiry-wstirtanadi] Convert Response to Json MTI 3 : {"33":"0712170003","65":"","MTI":"0110","7":"0908135949","39":"003","40":"001","41":"20000002","11":"000001","12":"0908140001","13":"0001","14":"1992","48":"09210071217000310AR SITORUS12SEI MENCIRIM04NA.10619920101001004100004750001004850011Belum Lunas","25":"0012","57":"000"}
