2021-06-24 09:36:24.830[                 ]INFO [otMybatisApplication:55]Starting SpringBootMybatisApplication on DESKTOP-RKJ18PE with PID 19356 (E:\SWITCHING_PAPANG\WORKSPACE\GATEWAY\WSTNISO\GatewayTirtanadi\target\classes started by Mr Papang in E:\SWITCHING_PAPANG\WORKSPACE\GATEWAY\WSTNISO\GatewayTirtanadi)
2021-06-24 09:36:24.836[                 ]INFO [otMybatisApplication:651]No active profile set, falling back to default profiles: default
2021-06-24 09:36:28.591[                 ]INFO [otMybatisApplication:61]Started SpringBootMybatisApplication in 4.451 seconds (JVM running for 7.172)
2021-06-24 10:28:31.229[                 ]INFO [m.controller.Request:115][request-wstirtanadi] Start Inquiry
2021-06-24 10:28:31.736[                 ]INFO [m.controller.Request:169][request-wstirtanadi] Request Iso to Biller : 00730100822000008280000080000000000000000624102831000001081605002600120000002
2021-06-24 10:28:31.737[                 ]INFO [m.controller.Request:170][request-wstirtanadi] Response Iso Biller : {"48":"06411LILI ANISAH20MELINJO I J PERMAI I04RT.3020805NO.3104null04null","33":"0816050026","65":"","MTI":"0110","7":"0624102831","39":"001","40":"001","25":"0007","41":"20000002","57":"000","11":"000001","12":"0624102832"}
2021-06-24 10:28:31.737[                 ]INFO [m.controller.Request:174][request-wstirtanadi] Response ISO Setelah Convert JSON : {"48":"06411LILI ANISAH20MELINJO I J PERMAI I04RT.3020805NO.3104null04null","33":"0816050026","65":"","MTI":"0110","7":"0624102831","39":"001","40":"001","25":"0007","41":"20000002","57":"000","11":"000001","12":"0624102832"}
2021-06-24 10:28:32.510[                 ]INFO [m.controller.Request:321][request-wstirtanadi] Request Iso to Biller : 00730100822000008280000080000000000000000624102831000003081605002600420000002
2021-06-24 10:28:32.510[                 ]INFO [m.controller.Request:322][request-wstirtanadi] Response Iso Biller : {"48":"17642202008000054230000010000000003000000067230422020090000542300000100000000030000000672304220201000005872000001000000000300000007172042202011000054230000010000000003000000067230","33":"0816050026","65":"","MTI":"0110","7":"0624102831","39":"004","40":"001","25":"0004","41":"20000002","57":"000","11":"000003","12":"0624102832"}
2021-06-24 10:28:32.511[                 ]INFO [m.controller.Request:326][request-wstirtanadi] Response Json : {"48":"17642202008000054230000010000000003000000067230422020090000542300000100000000030000000672304220201000005872000001000000000300000007172042202011000054230000010000000003000000067230","33":"0816050026","65":"","MTI":"0110","7":"0624102831","39":"004","40":"001","25":"0004","41":"20000002","57":"000","11":"000003","12":"0624102832"}
2021-06-24 10:28:33.019[                 ]INFO [m.controller.Request:429][request-wstirtanadi] Request Iso to Biller : 00810100822C0000828000008000000000000000062410283100000400082020081605002600320000002
2021-06-24 10:28:33.020[                 ]INFO [m.controller.Request:430][request-wstirtanadi] Response Iso Biller : 02230110823C00808381008080000000000000000624102831000004062410283300082020001208160500260030012000000211911610081605002611LILI ANISAH20MELINJO I J PERMAI I04RT.30620200806594000051700005542300510000043000056723011Belum Lunas000
2021-06-24 10:28:33.020[                 ]INFO [m.controller.Request:431][request-wstirtanadi] Convert Response to Json : {"33":"0816050026","65":"","MTI":"0110","7":"0624102831","39":"003","40":"001","41":"20000002","11":"000004","12":"0624102833","13":"0008","14":"2020","48":"11610081605002611LILI ANISAH20MELINJO I J PERMAI I04RT.30620200806594000051700005542300510000043000056723011Belum Lunas","25":"0012","57":"000"}
2021-06-24 10:28:33.432[                 ]INFO [m.controller.Request:429][request-wstirtanadi] Request Iso to Biller : 00810100822C0000828000008000000000000000062410283100000500092020081605002600320000002
2021-06-24 10:28:33.432[                 ]INFO [m.controller.Request:430][request-wstirtanadi] Response Iso Biller : 02230110823C00808381008080000000000000000624102831000005062410283300092020001208160500260030012000000211911610081605002611LILI ANISAH20MELINJO I J PERMAI I04RT.30620200906611000051700005542300510000043000056723011Belum Lunas000
2021-06-24 10:28:33.433[                 ]INFO [m.controller.Request:431][request-wstirtanadi] Convert Response to Json : {"33":"0816050026","65":"","MTI":"0110","7":"0624102831","39":"003","40":"001","41":"20000002","11":"000005","12":"0624102833","13":"0009","14":"2020","48":"11610081605002611LILI ANISAH20MELINJO I J PERMAI I04RT.30620200906611000051700005542300510000043000056723011Belum Lunas","25":"0012","57":"000"}
2021-06-24 10:28:33.598[                 ]INFO [m.controller.Request:429][request-wstirtanadi] Request Iso to Biller : 00810100822C0000828000008000000000000000062410283100000600102020081605002600320000002
2021-06-24 10:28:33.599[                 ]INFO [m.controller.Request:430][request-wstirtanadi] Response Iso Biller : 02230110823C00808381008080000000000000000624102831000006062410283300102020001208160500260030012000000211911610081605002611LILI ANISAH20MELINJO I J PERMAI I04RT.30620201006629000051800005587200510000043000057172011Belum Lunas000
2021-06-24 10:28:33.599[                 ]INFO [m.controller.Request:431][request-wstirtanadi] Convert Response to Json : {"33":"0816050026","65":"","MTI":"0110","7":"0624102831","39":"003","40":"001","41":"20000002","11":"000006","12":"0624102833","13":"0010","14":"2020","48":"11610081605002611LILI ANISAH20MELINJO I J PERMAI I04RT.30620201006629000051800005587200510000043000057172011Belum Lunas","25":"0012","57":"000"}
2021-06-24 10:28:34.081[                 ]INFO [m.controller.Request:429][request-wstirtanadi] Request Iso to Biller : 00810100822C0000828000008000000000000000062410283100000700112020081605002600320000002
2021-06-24 10:28:34.082[                 ]INFO [m.controller.Request:430][request-wstirtanadi] Response Iso Biller : 02230110823C00808381008080000000000000000624102831000007062410283400112020001208160500260030012000000211911610081605002611LILI ANISAH20MELINJO I J PERMAI I04RT.30620201106646000051700005542300510000043000056723011Belum Lunas000
2021-06-24 10:28:34.082[                 ]INFO [m.controller.Request:431][request-wstirtanadi] Convert Response to Json : {"33":"0816050026","65":"","MTI":"0110","7":"0624102831","39":"003","40":"001","41":"20000002","11":"000007","12":"0624102834","13":"0011","14":"2020","48":"11610081605002611LILI ANISAH20MELINJO I J PERMAI I04RT.30620201106646000051700005542300510000043000056723011Belum Lunas","25":"0012","57":"000"}
2021-06-24 10:33:41.397[                 ]INFO [m.controller.Request:115][request-wstirtanadi] Start Inquiry
2021-06-24 10:33:41.450[                 ]INFO [m.controller.Request:148][request-wstirtanadi] bit41 : 20000002
2021-06-24 10:33:41.617[                 ]INFO [m.controller.Request:171][request-wstirtanadi] Request Iso to Biller : 00730100822000008280000080000000000000000624103341000008081605002600120000002
2021-06-24 10:33:41.618[                 ]INFO [m.controller.Request:172][request-wstirtanadi] Response Iso Biller : {"48":"06411LILI ANISAH20MELINJO I J PERMAI I04RT.3020805NO.3104null04null","33":"0816050026","65":"","MTI":"0110","7":"0624103341","39":"001","40":"001","25":"0007","41":"20000002","57":"000","11":"000008","12":"0624103341"}
2021-06-24 10:33:41.618[                 ]INFO [m.controller.Request:176][request-wstirtanadi] Response ISO Setelah Convert JSON : {"48":"06411LILI ANISAH20MELINJO I J PERMAI I04RT.3020805NO.3104null04null","33":"0816050026","65":"","MTI":"0110","7":"0624103341","39":"001","40":"001","25":"0007","41":"20000002","57":"000","11":"000008","12":"0624103341"}
2021-06-24 10:33:41.803[                 ]INFO [m.controller.Request:323][request-wstirtanadi] Request Iso to Biller : 00730100822000008280000080000000000000000624103341000010081605002600420000002
2021-06-24 10:33:41.803[                 ]INFO [m.controller.Request:324][request-wstirtanadi] Response Iso Biller : {"48":"17642202008000054230000010000000003000000067230422020090000542300000100000000030000000672304220201000005872000001000000000300000007172042202011000054230000010000000003000000067230","33":"0816050026","65":"","MTI":"0110","7":"0624103341","39":"004","40":"001","25":"0004","41":"20000002","57":"000","11":"000010","12":"0624103342"}
2021-06-24 10:33:41.804[                 ]INFO [m.controller.Request:328][request-wstirtanadi] Response Json : {"48":"17642202008000054230000010000000003000000067230422020090000542300000100000000030000000672304220201000005872000001000000000300000007172042202011000054230000010000000003000000067230","33":"0816050026","65":"","MTI":"0110","7":"0624103341","39":"004","40":"001","25":"0004","41":"20000002","57":"000","11":"000010","12":"0624103342"}
2021-06-24 10:33:41.955[                 ]INFO [m.controller.Request:431][request-wstirtanadi] Request Iso to Biller : 00810100822C0000828000008000000000000000062410334100001100082020081605002600320000002
2021-06-24 10:33:41.956[                 ]INFO [m.controller.Request:432][request-wstirtanadi] Response Iso Biller : 02230110823C00808381008080000000000000000624103341000011062410334200082020001208160500260030012000000211911610081605002611LILI ANISAH20MELINJO I J PERMAI I04RT.30620200806594000051700005542300510000043000056723011Belum Lunas000
2021-06-24 10:33:41.957[                 ]INFO [m.controller.Request:433][request-wstirtanadi] Convert Response to Json : {"33":"0816050026","65":"","MTI":"0110","7":"0624103341","39":"003","40":"001","41":"20000002","11":"000011","12":"0624103342","13":"0008","14":"2020","48":"11610081605002611LILI ANISAH20MELINJO I J PERMAI I04RT.30620200806594000051700005542300510000043000056723011Belum Lunas","25":"0012","57":"000"}
2021-06-24 10:33:42.244[                 ]INFO [m.controller.Request:431][request-wstirtanadi] Request Iso to Biller : 00810100822C0000828000008000000000000000062410334100001200092020081605002600320000002
2021-06-24 10:33:42.244[                 ]INFO [m.controller.Request:432][request-wstirtanadi] Response Iso Biller : 02230110823C00808381008080000000000000000624103341000012062410334200092020001208160500260030012000000211911610081605002611LILI ANISAH20MELINJO I J PERMAI I04RT.30620200906611000051700005542300510000043000056723011Belum Lunas000
2021-06-24 10:33:42.245[                 ]INFO [m.controller.Request:433][request-wstirtanadi] Convert Response to Json : {"33":"0816050026","65":"","MTI":"0110","7":"0624103341","39":"003","40":"001","41":"20000002","11":"000012","12":"0624103342","13":"0009","14":"2020","48":"11610081605002611LILI ANISAH20MELINJO I J PERMAI I04RT.30620200906611000051700005542300510000043000056723011Belum Lunas","25":"0012","57":"000"}
2021-06-24 10:33:42.490[                 ]INFO [m.controller.Request:431][request-wstirtanadi] Request Iso to Biller : 00810100822C0000828000008000000000000000062410334100001300102020081605002600320000002
2021-06-24 10:33:42.490[                 ]INFO [m.controller.Request:432][request-wstirtanadi] Response Iso Biller : 02230110823C00808381008080000000000000000624103341000013062410334200102020001208160500260030012000000211911610081605002611LILI ANISAH20MELINJO I J PERMAI I04RT.30620201006629000051800005587200510000043000057172011Belum Lunas000
2021-06-24 10:33:42.490[                 ]INFO [m.controller.Request:433][request-wstirtanadi] Convert Response to Json : {"33":"0816050026","65":"","MTI":"0110","7":"0624103341","39":"003","40":"001","41":"20000002","11":"000013","12":"0624103342","13":"0010","14":"2020","48":"11610081605002611LILI ANISAH20MELINJO I J PERMAI I04RT.30620201006629000051800005587200510000043000057172011Belum Lunas","25":"0012","57":"000"}
2021-06-24 10:33:42.697[                 ]INFO [m.controller.Request:431][request-wstirtanadi] Request Iso to Biller : 00810100822C0000828000008000000000000000062410334100001400112020081605002600320000002
2021-06-24 10:33:42.697[                 ]INFO [m.controller.Request:432][request-wstirtanadi] Response Iso Biller : 02230110823C00808381008080000000000000000624103341000014062410334300112020001208160500260030012000000211911610081605002611LILI ANISAH20MELINJO I J PERMAI I04RT.30620201106646000051700005542300510000043000056723011Belum Lunas000
2021-06-24 10:33:42.698[                 ]INFO [m.controller.Request:433][request-wstirtanadi] Convert Response to Json : {"33":"0816050026","65":"","MTI":"0110","7":"0624103341","39":"003","40":"001","41":"20000002","11":"000014","12":"0624103343","13":"0011","14":"2020","48":"11610081605002611LILI ANISAH20MELINJO I J PERMAI I04RT.30620201106646000051700005542300510000043000056723011Belum Lunas","25":"0012","57":"000"}
2021-06-24 10:48:53.143[                 ]INFO [m.controller.Request:115][request-wstirtanadi] Start Inquiry
2021-06-24 10:48:53.187[                 ]INFO [m.controller.Request:148][request-wstirtanadi] bit41 : 20000002
2021-06-24 10:48:53.394[                 ]INFO [m.controller.Request:171][request-wstirtanadi] Request Iso to Biller : 00730100822000008280000080000000000000000624104853000015081605002600120000002
2021-06-24 10:48:53.394[                 ]INFO [m.controller.Request:172][request-wstirtanadi] Response Iso Biller : {"33":"0816050026","65":"","MTI":"0110","7":"0624104853","39":"001","40":"002","41":"20000002","57":"000","11":"000015","12":"0624104853"}
2021-06-24 10:48:53.395[                 ]INFO [m.controller.Request:176][request-wstirtanadi] Response ISO Setelah Convert JSON : {"33":"0816050026","65":"","MTI":"0110","7":"0624104853","39":"001","40":"002","41":"20000002","57":"000","11":"000015","12":"0624104853"}
2021-06-24 10:48:58.400[                 ]INFO [m.controller.Request:115][request-wstirtanadi] Start Inquiry
2021-06-24 10:48:58.444[                 ]INFO [m.controller.Request:148][request-wstirtanadi] bit41 : 20000002
2021-06-24 10:48:58.574[                 ]INFO [m.controller.Request:171][request-wstirtanadi] Request Iso to Biller : 00730100822000008280000080000000000000000624104858000016081605002600120000002
2021-06-24 10:48:58.574[                 ]INFO [m.controller.Request:172][request-wstirtanadi] Response Iso Biller : {"33":"0816050026","65":"","MTI":"0110","7":"0624104858","39":"001","40":"002","41":"20000002","57":"000","11":"000016","12":"0624104858"}
2021-06-24 10:48:58.574[                 ]INFO [m.controller.Request:176][request-wstirtanadi] Response ISO Setelah Convert JSON : {"33":"0816050026","65":"","MTI":"0110","7":"0624104858","39":"001","40":"002","41":"20000002","57":"000","11":"000016","12":"0624104858"}
2021-06-24 10:52:11.563[                 ]INFO [m.controller.Request:115][request-wstirtanadi] Start Inquiry
2021-06-24 10:52:11.608[                 ]INFO [m.controller.Request:148][request-wstirtanadi] bit41 : 20000002
2021-06-24 10:52:11.748[                 ]INFO [m.controller.Request:171][request-wstirtanadi] Request Iso to Biller : 00730100822000008280000080000000000000000624105211000017081605002600120000002
2021-06-24 10:52:11.748[                 ]INFO [m.controller.Request:172][request-wstirtanadi] Response Iso Biller : {"33":"0816050026","65":"","MTI":"0110","7":"0624105211","39":"001","40":"002","41":"20000002","57":"000","11":"000017","12":"0624105212"}
2021-06-24 10:52:11.749[                 ]INFO [m.controller.Request:176][request-wstirtanadi] Response ISO Setelah Convert JSON : {"33":"0816050026","65":"","MTI":"0110","7":"0624105211","39":"001","40":"002","41":"20000002","57":"000","11":"000017","12":"0624105212"}
2021-06-24 11:06:35.664[                 ]INFO [m.controller.Request:115][request-wstirtanadi] Start Inquiry
2021-06-24 11:06:35.711[                 ]INFO [m.controller.Request:148][request-wstirtanadi] bit41 : 20000002
2021-06-24 11:06:35.928[                 ]INFO [m.controller.Request:171][request-wstirtanadi] Request Iso to Biller : 00730100822000008280000080000000000000000624110635000018081605002600120000002
2021-06-24 11:06:35.928[                 ]INFO [m.controller.Request:172][request-wstirtanadi] Response Iso Biller : {"48":"06411LILI ANISAH20MELINJO I J PERMAI I04RT.3020805NO.3104null04null","33":"0816050026","65":"","MTI":"0110","7":"0624110635","39":"001","40":"001","25":"0007","41":"20000002","57":"000","11":"000018","12":"0624110636"}
2021-06-24 11:06:35.929[                 ]INFO [m.controller.Request:176][request-wstirtanadi] Response ISO Setelah Convert JSON : {"48":"06411LILI ANISAH20MELINJO I J PERMAI I04RT.3020805NO.3104null04null","33":"0816050026","65":"","MTI":"0110","7":"0624110635","39":"001","40":"001","25":"0007","41":"20000002","57":"000","11":"000018","12":"0624110636"}
2021-06-24 11:06:36.244[                 ]INFO [m.controller.Request:323][request-wstirtanadi] Request Iso to Biller : 00730100822000008280000080000000000000000624110635000020081605002600420000002
2021-06-24 11:06:36.244[                 ]INFO [m.controller.Request:324][request-wstirtanadi] Response Iso Biller : {"48":"17642202103000054230000010000000003000000067230422021040000901500000100000000030000001031504220210500005572500001000000000300000006872542202106000106614000000000000003000000109614","33":"0816050026","65":"","MTI":"0110","7":"0624110635","39":"004","40":"001","25":"0004","41":"20000002","57":"000","11":"000020","12":"0624110636"}
2021-06-24 11:06:36.245[                 ]INFO [m.controller.Request:328][request-wstirtanadi] Response Json : {"48":"17642202103000054230000010000000003000000067230422021040000901500000100000000030000001031504220210500005572500001000000000300000006872542202106000106614000000000000003000000109614","33":"0816050026","65":"","MTI":"0110","7":"0624110635","39":"004","40":"001","25":"0004","41":"20000002","57":"000","11":"000020","12":"0624110636"}
2021-06-24 11:06:36.432[                 ]INFO [m.controller.Request:431][request-wstirtanadi] Request Iso to Biller : 00810100822C0000828000008000000000000000062411063500002100032021081605002600320000002
2021-06-24 11:06:36.433[                 ]INFO [m.controller.Request:432][request-wstirtanadi] Response Iso Biller : 02230110823C00808381008080000000000000000624110635000021062411063600032021001208160500260030012000000211911610081605002611LILI ANISAH20MELINJO I J PERMAI I04RT.30620210306715000051700005542300510000043000056723011Belum Lunas000
2021-06-24 11:06:36.434[                 ]INFO [m.controller.Request:433][request-wstirtanadi] Convert Response to Json : {"33":"0816050026","65":"","MTI":"0110","7":"0624110635","39":"003","40":"001","41":"20000002","11":"000021","12":"0624110636","13":"0003","14":"2021","48":"11610081605002611LILI ANISAH20MELINJO I J PERMAI I04RT.30620210306715000051700005542300510000043000056723011Belum Lunas","25":"0012","57":"000"}
2021-06-24 11:06:36.622[                 ]INFO [m.controller.Request:431][request-wstirtanadi] Request Iso to Biller : 00810100822C0000828000008000000000000000062411063500002200042021081605002600320000002
2021-06-24 11:06:36.623[                 ]INFO [m.controller.Request:432][request-wstirtanadi] Response Iso Biller : 02240110823C00808381008080000000000000000624110635000022062411063600042021001208160500260030012000000212011710081605002611LILI ANISAH20MELINJO I J PERMAI I04RT.306202104067400000525000059015005100000430000610315011Belum Lunas000
2021-06-24 11:06:36.623[                 ]INFO [m.controller.Request:433][request-wstirtanadi] Convert Response to Json : {"33":"0816050026","65":"","MTI":"0110","7":"0624110635","39":"003","40":"001","41":"20000002","11":"000022","12":"0624110636","13":"0004","14":"2021","48":"11710081605002611LILI ANISAH20MELINJO I J PERMAI I04RT.306202104067400000525000059015005100000430000610315011Belum Lunas","25":"0012","57":"000"}
2021-06-24 11:06:36.799[                 ]INFO [m.controller.Request:431][request-wstirtanadi] Request Iso to Biller : 00810100822C0000828000008000000000000000062411063500002300052021081605002600320000002
2021-06-24 11:06:36.799[                 ]INFO [m.controller.Request:432][request-wstirtanadi] Response Iso Biller : 02220110823C00808381008080000000000000000624110635000023062411063700052021001208160500260030012000000211811510081605002611LILI ANISAH20MELINJO I J PERMAI I04RT.3062021050517333051733305557250510000043000056872511Belum Lunas000
2021-06-24 11:06:36.800[                 ]INFO [m.controller.Request:433][request-wstirtanadi] Convert Response to Json : {"33":"0816050026","65":"","MTI":"0110","7":"0624110635","39":"003","40":"001","41":"20000002","11":"000023","12":"0624110637","13":"0005","14":"2021","48":"11510081605002611LILI ANISAH20MELINJO I J PERMAI I04RT.3062021050517333051733305557250510000043000056872511Belum Lunas","25":"0012","57":"000"}
2021-06-24 11:06:37.249[                 ]INFO [m.controller.Request:431][request-wstirtanadi] Request Iso to Biller : 00810100822C0000828000008000000000000000062411063500002400062021081605002600320000002
2021-06-24 11:06:37.249[                 ]INFO [m.controller.Request:432][request-wstirtanadi] Response Iso Biller : 02210110823C00808381008080000000000000000624110635000024062411063700062021001208160500260030012000000211711410081605002611LILI ANISAH20MELINJO I J PERMAI I04RT.306202106067860000528667061066140100430000610961411Belum Lunas000
2021-06-24 11:06:37.250[                 ]INFO [m.controller.Request:433][request-wstirtanadi] Convert Response to Json : {"33":"0816050026","65":"","MTI":"0110","7":"0624110635","39":"003","40":"001","41":"20000002","11":"000024","12":"0624110637","13":"0006","14":"2021","48":"11410081605002611LILI ANISAH20MELINJO I J PERMAI I04RT.306202106067860000528667061066140100430000610961411Belum Lunas","25":"0012","57":"000"}
