2021-03-03 09:10:36.313[                 ]INFO [m.controller.Request:147][request-wstirtanadi] Start Inquiry
2021-03-03 09:10:49.098[                 ]INFO [m.controller.Request:190][request-wstirtanadi] Request Iso to Biller : 00730100822000008280000080000000000000000203115341000003010103003200120000008
2021-03-03 09:10:49.100[                 ]INFO [m.controller.Request:191][request-wstirtanadi] Response Iso Biller : 00490810801000000000008000000000000000000303091037003
2021-03-03 09:10:49.101[                 ]INFO [m.controller.Request:195][request-wstirtanadi] Response Json : 00490810801000000000008000000000000000000303091037003
2021-03-03 09:21:52.231[                 ]INFO [m.controller.Request:147][request-wstirtanadi] Start Inquiry
2021-03-03 09:25:24.593[                 ]INFO [m.controller.Request:190][request-wstirtanadi] Request Iso to Biller : 00730100822000008280000080000000000000000203115341000003910103003200120000002
2021-03-03 09:25:24.594[                 ]INFO [m.controller.Request:191][request-wstirtanadi] Response Iso Biller : {"11":"000003","33":"2147483647","12":"0303092157","57":"000","MTI":"0110","39":"001","7":"0203115341","40":"002","41":"20000002"}
2021-03-03 09:25:24.596[                 ]INFO [m.controller.Request:195][request-wstirtanadi] Response Json : {"11":"000003","33":"2147483647","12":"0303092157","57":"000","MTI":"0110","39":"001","7":"0203115341","40":"002","41":"20000002"}
2021-03-03 09:25:24.619[                 ]INFO [m.controller.Request:200][request-wstirtanadi] RESULT : {"11":"000003","33":"2147483647","12":"0303092157","57":"000","MTI":"0110","39":"001","7":"0203115341","40":"002","41":"20000002"}
2021-03-03 09:25:40.783[                 ]INFO [m.controller.Request:147][request-wstirtanadi] Start Inquiry
2021-03-03 10:11:26.192[                 ]INFO [m.controller.Request:147][request-wstirtanadi] Start Inquiry
2021-03-03 10:11:39.590[                 ]INFO [m.controller.Request:147][request-wstirtanadi] Start Inquiry
2021-03-03 10:11:39.739[                 ]INFO [m.controller.Request:190][request-wstirtanadi] Request Iso to Biller : 00730100822000008280000080000000000000000203115341000003010103003200120000002
2021-03-03 10:11:39.739[                 ]INFO [m.controller.Request:191][request-wstirtanadi] Response Iso Biller : {"11":"000003","33":"0101030032","12":"0303101140","57":"000","MTI":"0110","25":"0007","48":{"no_rmh":"NO. 4-D\/8","nama":"BANK NEGARA INDONESIA (BNI)","no_hp":null,"nmTarip":"N.3","kocab":"01","tgl_putus":null,"alamat":"SISINGAMANGARAJA"},"39":"001","7":"0203115341","40":"001","41":"20000002"}
2021-03-03 10:11:39.740[                 ]INFO [m.controller.Request:195][request-wstirtanadi] Response Json : {"11":"000003","33":"0101030032","12":"0303101140","57":"000","MTI":"0110","25":"0007","48":{"no_rmh":"NO. 4-D\/8","nama":"BANK NEGARA INDONESIA (BNI)","no_hp":null,"nmTarip":"N.3","kocab":"01","tgl_putus":null,"alamat":"SISINGAMANGARAJA"},"39":"001","7":"0203115341","40":"001","41":"20000002"}
2021-03-03 10:11:39.753[                 ]INFO [m.controller.Request:200][request-wstirtanadi] RESULT : {"11":"000003","33":"0101030032","12":"0303101140","57":"000","MTI":"0110","25":"0007","48":{"no_rmh":"NO. 4-D\/8","nama":"BANK NEGARA INDONESIA (BNI)","no_hp":null,"nmTarip":"N.3","kocab":"01","tgl_putus":null,"alamat":"SISINGAMANGARAJA"},"39":"001","7":"0203115341","40":"001","41":"20000002"}
2021-03-03 10:12:08.797[                 ]INFO [m.controller.Request:147][request-wstirtanadi] Start Inquiry
2021-03-03 10:12:20.242[                 ]INFO [m.controller.Request:190][request-wstirtanadi] Request Iso to Biller : 00730100822000008280000080000000000000000203115341000003010103003200120000002
2021-03-03 10:12:20.890[                 ]INFO [m.controller.Request:191][request-wstirtanadi] Response Iso Biller : {"11":"000003","33":"0101030032","12":"0303101211","57":"000","MTI":"0110","25":"0007","48":{"no_rmh":"NO. 4-D\/8","nama":"BANK NEGARA INDONESIA (BNI)","no_hp":null,"nmTarip":"N.3","kocab":"01","tgl_putus":null,"alamat":"SISINGAMANGARAJA"},"39":"001","7":"0203115341","40":"001","41":"20000002"}
2021-03-03 10:12:21.688[                 ]INFO [m.controller.Request:195][request-wstirtanadi] Response Json : {"11":"000003","33":"0101030032","12":"0303101211","57":"000","MTI":"0110","25":"0007","48":{"no_rmh":"NO. 4-D\/8","nama":"BANK NEGARA INDONESIA (BNI)","no_hp":null,"nmTarip":"N.3","kocab":"01","tgl_putus":null,"alamat":"SISINGAMANGARAJA"},"39":"001","7":"0203115341","40":"001","41":"20000002"}
2021-03-03 10:12:22.445[                 ]INFO [m.controller.Request:200][request-wstirtanadi] RESULT : {"11":"000003","33":"0101030032","12":"0303101211","57":"000","MTI":"0110","25":"0007","48":{"no_rmh":"NO. 4-D\/8","nama":"BANK NEGARA INDONESIA (BNI)","no_hp":null,"nmTarip":"N.3","kocab":"01","tgl_putus":null,"alamat":"SISINGAMANGARAJA"},"39":"001","7":"0203115341","40":"001","41":"20000002"}
2021-03-03 10:12:38.275[                 ]INFO [m.controller.Request:147][request-wstirtanadi] Start Inquiry
2021-03-03 10:12:38.425[                 ]INFO [m.controller.Request:190][request-wstirtanadi] Request Iso to Biller : 00730100822000008280000080000000000000000203115341000003010103003200120000002
2021-03-03 10:12:38.426[                 ]INFO [m.controller.Request:191][request-wstirtanadi] Response Iso Biller : {"11":"000003","33":"0101030032","12":"0303101239","57":"000","MTI":"0110","25":"0007","48":{"no_rmh":"NO. 4-D\/8","nama":"BANK NEGARA INDONESIA (BNI)","no_hp":null,"nmTarip":"N.3","kocab":"01","tgl_putus":null,"alamat":"SISINGAMANGARAJA"},"39":"001","7":"0203115341","40":"001","41":"20000002"}
2021-03-03 10:12:38.426[                 ]INFO [m.controller.Request:195][request-wstirtanadi] Response Json : {"11":"000003","33":"0101030032","12":"0303101239","57":"000","MTI":"0110","25":"0007","48":{"no_rmh":"NO. 4-D\/8","nama":"BANK NEGARA INDONESIA (BNI)","no_hp":null,"nmTarip":"N.3","kocab":"01","tgl_putus":null,"alamat":"SISINGAMANGARAJA"},"39":"001","7":"0203115341","40":"001","41":"20000002"}
2021-03-03 10:12:43.093[                 ]INFO [m.controller.Request:200][request-wstirtanadi] RESULT : {"11":"000003","33":"0101030032","12":"0303101239","57":"000","MTI":"0110","25":"0007","48":{"no_rmh":"NO. 4-D\/8","nama":"BANK NEGARA INDONESIA (BNI)","no_hp":null,"nmTarip":"N.3","kocab":"01","tgl_putus":null,"alamat":"SISINGAMANGARAJA"},"39":"001","7":"0203115341","40":"001","41":"20000002"}
2021-03-03 10:13:00.354[                 ]INFO [m.controller.Request:147][request-wstirtanadi] Start Inquiry
2021-03-03 10:13:00.601[                 ]INFO [m.controller.Request:190][request-wstirtanadi] Request Iso to Biller : 00730100822000008280000080000000000000000203115341000003010103003200120000002
2021-03-03 10:13:00.602[                 ]INFO [m.controller.Request:191][request-wstirtanadi] Response Iso Biller : {"11":"000003","33":"0101030032","12":"0303101301","57":"000","MTI":"0110","25":"0007","48":{"no_rmh":"NO. 4-D\/8","nama":"BANK NEGARA INDONESIA (BNI)","no_hp":null,"nmTarip":"N.3","kocab":"01","tgl_putus":null,"alamat":"SISINGAMANGARAJA"},"39":"001","7":"0203115341","40":"001","41":"20000002"}
2021-03-03 10:13:00.602[                 ]INFO [m.controller.Request:195][request-wstirtanadi] Response Json : {"11":"000003","33":"0101030032","12":"0303101301","57":"000","MTI":"0110","25":"0007","48":{"no_rmh":"NO. 4-D\/8","nama":"BANK NEGARA INDONESIA (BNI)","no_hp":null,"nmTarip":"N.3","kocab":"01","tgl_putus":null,"alamat":"SISINGAMANGARAJA"},"39":"001","7":"0203115341","40":"001","41":"20000002"}
2021-03-03 10:13:54.858[                 ]INFO [m.controller.Request:200][request-wstirtanadi] RESULT : {"11":"000003","33":"0101030032","12":"0303101301","57":"000","MTI":"0110","25":"0007","48":{"no_rmh":"NO. 4-D\/8","nama":"BANK NEGARA INDONESIA (BNI)","no_hp":null,"nmTarip":"N.3","kocab":"01","tgl_putus":null,"alamat":"SISINGAMANGARAJA"},"39":"001","7":"0203115341","40":"001","41":"20000002"}
2021-03-03 10:15:51.071[                 ]INFO [m.controller.Request:147][request-wstirtanadi] Start Inquiry
2021-03-03 10:15:51.294[                 ]INFO [m.controller.Request:190][request-wstirtanadi] Request Iso to Biller : 00730100822000008280000080000000000000000203115341000003010103003200120000002
2021-03-03 10:15:51.294[                 ]INFO [m.controller.Request:191][request-wstirtanadi] Response Iso Biller : {"11":"000003","33":"0101030032","12":"0303101552","57":"000","MTI":"0110","25":"0007","48":{"no_rmh":"NO. 4-D\/8","nama":"BANK NEGARA INDONESIA (BNI)","no_hp":null,"nmTarip":"N.3","kocab":"01","tgl_putus":null,"alamat":"SISINGAMANGARAJA"},"39":"001","7":"0203115341","40":"001","41":"20000002"}
2021-03-03 10:15:51.295[                 ]INFO [m.controller.Request:195][request-wstirtanadi] Response Json : {"11":"000003","33":"0101030032","12":"0303101552","57":"000","MTI":"0110","25":"0007","48":{"no_rmh":"NO. 4-D\/8","nama":"BANK NEGARA INDONESIA (BNI)","no_hp":null,"nmTarip":"N.3","kocab":"01","tgl_putus":null,"alamat":"SISINGAMANGARAJA"},"39":"001","7":"0203115341","40":"001","41":"20000002"}
2021-03-03 10:15:51.302[                 ]INFO [m.controller.Request:200][request-wstirtanadi] RESULT : {"11":"000003","33":"0101030032","12":"0303101552","57":"000","MTI":"0110","25":"0007","48":{"no_rmh":"NO. 4-D\/8","nama":"BANK NEGARA INDONESIA (BNI)","no_hp":null,"nmTarip":"N.3","kocab":"01","tgl_putus":null,"alamat":"SISINGAMANGARAJA"},"39":"001","7":"0203115341","40":"001","41":"20000002"}
2021-03-03 10:16:07.385[                 ]INFO [m.controller.Request:147][request-wstirtanadi] Start Inquiry
2021-03-03 10:16:07.540[                 ]INFO [m.controller.Request:190][request-wstirtanadi] Request Iso to Biller : 00730100822000008280000080000000000000000203115341000003010103003200120000002
2021-03-03 10:16:07.541[                 ]INFO [m.controller.Request:191][request-wstirtanadi] Response Iso Biller : {"11":"000003","33":"0101030032","12":"0303101608","57":"000","MTI":"0110","25":"0007","48":{"no_rmh":"NO. 4-D\/8","nama":"BANK NEGARA INDONESIA (BNI)","no_hp":null,"nmTarip":"N.3","kocab":"01","tgl_putus":null,"alamat":"SISINGAMANGARAJA"},"39":"001","7":"0203115341","40":"001","41":"20000002"}
2021-03-03 10:16:07.541[                 ]INFO [m.controller.Request:195][request-wstirtanadi] Response Json : {"11":"000003","33":"0101030032","12":"0303101608","57":"000","MTI":"0110","25":"0007","48":{"no_rmh":"NO. 4-D\/8","nama":"BANK NEGARA INDONESIA (BNI)","no_hp":null,"nmTarip":"N.3","kocab":"01","tgl_putus":null,"alamat":"SISINGAMANGARAJA"},"39":"001","7":"0203115341","40":"001","41":"20000002"}
2021-03-03 10:16:07.542[                 ]INFO [m.controller.Request:200][request-wstirtanadi] RESULT : {"11":"000003","33":"0101030032","12":"0303101608","57":"000","MTI":"0110","25":"0007","48":{"no_rmh":"NO. 4-D\/8","nama":"BANK NEGARA INDONESIA (BNI)","no_hp":null,"nmTarip":"N.3","kocab":"01","tgl_putus":null,"alamat":"SISINGAMANGARAJA"},"39":"001","7":"0203115341","40":"001","41":"20000002"}
2021-03-03 10:16:21.881[                 ]INFO [m.controller.Request:147][request-wstirtanadi] Start Inquiry
2021-03-03 10:16:22.038[                 ]INFO [m.controller.Request:190][request-wstirtanadi] Request Iso to Biller : 00730100822000008280000080000000000000000203115341000003010103003200120000002
2021-03-03 10:16:22.038[                 ]INFO [m.controller.Request:191][request-wstirtanadi] Response Iso Biller : {"11":"000003","33":"0101030032","12":"0303101622","57":"000","MTI":"0110","25":"0007","48":{"no_rmh":"NO. 4-D\/8","nama":"BANK NEGARA INDONESIA (BNI)","no_hp":null,"nmTarip":"N.3","kocab":"01","tgl_putus":null,"alamat":"SISINGAMANGARAJA"},"39":"001","7":"0203115341","40":"001","41":"20000002"}
2021-03-03 10:16:22.039[                 ]INFO [m.controller.Request:195][request-wstirtanadi] Response Json : {"11":"000003","33":"0101030032","12":"0303101622","57":"000","MTI":"0110","25":"0007","48":{"no_rmh":"NO. 4-D\/8","nama":"BANK NEGARA INDONESIA (BNI)","no_hp":null,"nmTarip":"N.3","kocab":"01","tgl_putus":null,"alamat":"SISINGAMANGARAJA"},"39":"001","7":"0203115341","40":"001","41":"20000002"}
2021-03-03 10:16:22.039[                 ]INFO [m.controller.Request:200][request-wstirtanadi] RESULT : {"11":"000003","33":"0101030032","12":"0303101622","57":"000","MTI":"0110","25":"0007","48":{"no_rmh":"NO. 4-D\/8","nama":"BANK NEGARA INDONESIA (BNI)","no_hp":null,"nmTarip":"N.3","kocab":"01","tgl_putus":null,"alamat":"SISINGAMANGARAJA"},"39":"001","7":"0203115341","40":"001","41":"20000002"}
2021-03-03 10:18:57.037[                 ]INFO [m.controller.Request:147][request-wstirtanadi] Start Inquiry
2021-03-03 10:18:57.389[                 ]INFO [m.controller.Request:190][request-wstirtanadi] Request Iso to Biller : 00730100822000008280000080000000000000000203115341000003010103003200120000002
2021-03-03 10:18:57.390[                 ]INFO [m.controller.Request:191][request-wstirtanadi] Response Iso Biller : {"11":"000003","33":"0101030032","12":"0303101858","57":"000","MTI":"0110","25":"0007","48":{"no_rmh":"NO. 4-D\/8","nama":"BANK NEGARA INDONESIA (BNI)","no_hp":null,"nmTarip":"N.3","kocab":"01","tgl_putus":null,"alamat":"SISINGAMANGARAJA"},"39":"001","7":"0203115341","40":"001","41":"20000002"}
2021-03-03 10:18:57.390[                 ]INFO [m.controller.Request:195][request-wstirtanadi] Response Json : {"11":"000003","33":"0101030032","12":"0303101858","57":"000","MTI":"0110","25":"0007","48":{"no_rmh":"NO. 4-D\/8","nama":"BANK NEGARA INDONESIA (BNI)","no_hp":null,"nmTarip":"N.3","kocab":"01","tgl_putus":null,"alamat":"SISINGAMANGARAJA"},"39":"001","7":"0203115341","40":"001","41":"20000002"}
2021-03-03 10:18:57.398[                 ]INFO [m.controller.Request:200][request-wstirtanadi] RESULT : {"11":"000003","33":"0101030032","12":"0303101858","57":"000","MTI":"0110","25":"0007","48":{"no_rmh":"NO. 4-D\/8","nama":"BANK NEGARA INDONESIA (BNI)","no_hp":null,"nmTarip":"N.3","kocab":"01","tgl_putus":null,"alamat":"SISINGAMANGARAJA"},"39":"001","7":"0203115341","40":"001","41":"20000002"}
2021-03-03 11:29:34.570[                 ]INFO [m.controller.Request:277][request-wstirtanadi] Request Iso to Biller : 00730100822000008280000080000000000000000203115341000003010103003200420000002
2021-03-03 11:29:34.586[                 ]INFO [m.controller.Request:278][request-wstirtanadi] Response Iso Biller : {"11":"000003","33":"0101030032","12":"0303101917","57":"000","MTI":"0110","25":"0001","48":{"202011":{"total":28000,"tagihan":8000,"denda":20000,"adm":0},"TOTAL_TAGIHAN":28000},"39":"004","7":"0203115341","40":"001","41":"20000002"}
2021-03-03 11:31:34.425[                 ]INFO [m.controller.Request:147][request-wstirtanadi] Start Inquiry
2021-03-03 11:31:34.681[                 ]INFO [m.controller.Request:190][request-wstirtanadi] Request Iso to Biller : 00730100822000008280000080000000000000000203115341000003010103003200120000002
2021-03-03 11:31:34.682[                 ]INFO [m.controller.Request:191][request-wstirtanadi] Response Iso Biller : {"11":"000003","33":"0101030032","12":"0303113135","57":"000","MTI":"0110","25":"0007","48":{"no_rmh":"NO. 4-D\/8","nama":"BANK NEGARA INDONESIA (BNI)","no_hp":null,"nmTarip":"N.3","kocab":"01","tgl_putus":null,"alamat":"SISINGAMANGARAJA"},"39":"001","7":"0203115341","40":"001","41":"20000002"}
2021-03-03 11:31:34.682[                 ]INFO [m.controller.Request:195][request-wstirtanadi] Response Json : {"11":"000003","33":"0101030032","12":"0303113135","57":"000","MTI":"0110","25":"0007","48":{"no_rmh":"NO. 4-D\/8","nama":"BANK NEGARA INDONESIA (BNI)","no_hp":null,"nmTarip":"N.3","kocab":"01","tgl_putus":null,"alamat":"SISINGAMANGARAJA"},"39":"001","7":"0203115341","40":"001","41":"20000002"}
2021-03-03 11:31:34.690[                 ]INFO [m.controller.Request:200][request-wstirtanadi] RESULT : {"11":"000003","33":"0101030032","12":"0303113135","57":"000","MTI":"0110","25":"0007","48":{"no_rmh":"NO. 4-D\/8","nama":"BANK NEGARA INDONESIA (BNI)","no_hp":null,"nmTarip":"N.3","kocab":"01","tgl_putus":null,"alamat":"SISINGAMANGARAJA"},"39":"001","7":"0203115341","40":"001","41":"20000002"}
2021-03-03 11:31:44.349[                 ]INFO [m.controller.Request:270][request-wstirtanadi] Request Iso to Biller : 00730100822000008280000080000000000000000203115341000003010103003200420000002
2021-03-03 11:31:44.493[                 ]INFO [m.controller.Request:271][request-wstirtanadi] Response Iso Biller : {"11":"000003","33":"0101030032","12":"0303113144","57":"000","MTI":"0110","25":"0001","48":{"202011":{"total":28000,"tagihan":8000,"denda":20000,"adm":0},"TOTAL_TAGIHAN":28000},"39":"004","7":"0203115341","40":"001","41":"20000002"}
2021-03-03 11:31:58.053[                 ]INFO [m.controller.Request:147][request-wstirtanadi] Start Inquiry
2021-03-03 11:31:58.207[                 ]INFO [m.controller.Request:190][request-wstirtanadi] Request Iso to Biller : 00730100822000008280000080000000000000000203115341000003010103003200120000002
2021-03-03 11:31:58.207[                 ]INFO [m.controller.Request:191][request-wstirtanadi] Response Iso Biller : {"11":"000003","33":"0101030032","12":"0303113158","57":"000","MTI":"0110","25":"0007","48":{"no_rmh":"NO. 4-D\/8","nama":"BANK NEGARA INDONESIA (BNI)","no_hp":null,"nmTarip":"N.3","kocab":"01","tgl_putus":null,"alamat":"SISINGAMANGARAJA"},"39":"001","7":"0203115341","40":"001","41":"20000002"}
2021-03-03 11:31:58.208[                 ]INFO [m.controller.Request:195][request-wstirtanadi] Response Json : {"11":"000003","33":"0101030032","12":"0303113158","57":"000","MTI":"0110","25":"0007","48":{"no_rmh":"NO. 4-D\/8","nama":"BANK NEGARA INDONESIA (BNI)","no_hp":null,"nmTarip":"N.3","kocab":"01","tgl_putus":null,"alamat":"SISINGAMANGARAJA"},"39":"001","7":"0203115341","40":"001","41":"20000002"}
2021-03-03 11:31:58.209[                 ]INFO [m.controller.Request:200][request-wstirtanadi] RESULT : {"11":"000003","33":"0101030032","12":"0303113158","57":"000","MTI":"0110","25":"0007","48":{"no_rmh":"NO. 4-D\/8","nama":"BANK NEGARA INDONESIA (BNI)","no_hp":null,"nmTarip":"N.3","kocab":"01","tgl_putus":null,"alamat":"SISINGAMANGARAJA"},"39":"001","7":"0203115341","40":"001","41":"20000002"}
2021-03-03 11:39:56.159[                 ]INFO [m.controller.Request:147][request-wstirtanadi] Start Inquiry
2021-03-03 11:39:56.403[                 ]INFO [m.controller.Request:190][request-wstirtanadi] Request Iso to Biller : 00730100822000008280000080000000000000000203115341000003010103003200120000002
2021-03-03 11:39:56.403[                 ]INFO [m.controller.Request:191][request-wstirtanadi] Response Iso Biller : {"11":"000003","33":"0101030032","12":"0303113957","57":"000","MTI":"0110","25":"0007","48":{"no_rmh":"NO. 4-D\/8","nama":"BANK NEGARA INDONESIA (BNI)","no_hp":null,"nmTarip":"N.3","kocab":"01","tgl_putus":null,"alamat":"SISINGAMANGARAJA"},"39":"001","7":"0203115341","40":"001","41":"20000002"}
2021-03-03 11:39:56.403[                 ]INFO [m.controller.Request:195][request-wstirtanadi] Response Json : {"11":"000003","33":"0101030032","12":"0303113957","57":"000","MTI":"0110","25":"0007","48":{"no_rmh":"NO. 4-D\/8","nama":"BANK NEGARA INDONESIA (BNI)","no_hp":null,"nmTarip":"N.3","kocab":"01","tgl_putus":null,"alamat":"SISINGAMANGARAJA"},"39":"001","7":"0203115341","40":"001","41":"20000002"}
2021-03-03 11:40:22.060[                 ]INFO [m.controller.Request:267][request-wstirtanadi] Request Iso to Biller : 00730100822000008280000080000000000000000203115341000003010103003200420000002
2021-03-03 11:40:22.218[                 ]INFO [m.controller.Request:268][request-wstirtanadi] Response Iso Biller : {"11":"000003","33":"0101030032","12":"0303114022","57":"000","MTI":"0110","25":"0001","48":{"202011":{"total":28000,"tagihan":8000,"denda":20000,"adm":0},"TOTAL_TAGIHAN":28000},"39":"004","7":"0203115341","40":"001","41":"20000002"}
2021-03-03 11:40:22.564[                 ]INFO [m.controller.Request:272][request-wstirtanadi] Response Json : {"11":"000003","33":"0101030032","12":"0303114022","57":"000","MTI":"0110","25":"0001","48":{"202011":{"total":28000,"tagihan":8000,"denda":20000,"adm":0},"TOTAL_TAGIHAN":28000},"39":"004","7":"0203115341","40":"001","41":"20000002"}
2021-03-03 11:42:22.971[                 ]INFO [m.controller.Request:147][request-wstirtanadi] Start Inquiry
2021-03-03 11:42:23.201[                 ]INFO [m.controller.Request:190][request-wstirtanadi] Request Iso to Biller : 00730100822000008280000080000000000000000203115341000003010103003200120000002
2021-03-03 11:42:23.202[                 ]INFO [m.controller.Request:191][request-wstirtanadi] Response Iso Biller : {"11":"000003","33":"0101030032","12":"0303114223","57":"000","MTI":"0110","25":"0007","48":{"no_rmh":"NO. 4-D\/8","nama":"BANK NEGARA INDONESIA (BNI)","no_hp":null,"nmTarip":"N.3","kocab":"01","tgl_putus":null,"alamat":"SISINGAMANGARAJA"},"39":"001","7":"0203115341","40":"001","41":"20000002"}
2021-03-03 11:42:23.202[                 ]INFO [m.controller.Request:195][request-wstirtanadi] Response Json : {"11":"000003","33":"0101030032","12":"0303114223","57":"000","MTI":"0110","25":"0007","48":{"no_rmh":"NO. 4-D\/8","nama":"BANK NEGARA INDONESIA (BNI)","no_hp":null,"nmTarip":"N.3","kocab":"01","tgl_putus":null,"alamat":"SISINGAMANGARAJA"},"39":"001","7":"0203115341","40":"001","41":"20000002"}
2021-03-03 11:42:23.290[                 ]INFO [m.controller.Request:267][request-wstirtanadi] Request Iso to Biller : 00730100822000008280000080000000000000000203115341000003010103003200420000002
2021-03-03 11:42:23.291[                 ]INFO [m.controller.Request:268][request-wstirtanadi] Response Iso Biller : {"11":"000003","12":"0303114223","57":"006","MTI":"0110","39":"004","7":"0203115341","40":"000","41":"20000002"}
2021-03-03 11:42:23.291[                 ]INFO [m.controller.Request:272][request-wstirtanadi] Response Json : {"11":"000003","12":"0303114223","57":"006","MTI":"0110","39":"004","7":"0203115341","40":"000","41":"20000002"}
2021-03-03 11:42:43.876[                 ]INFO [m.controller.Request:147][request-wstirtanadi] Start Inquiry
2021-03-03 11:42:44.122[                 ]INFO [m.controller.Request:190][request-wstirtanadi] Request Iso to Biller : 00730100822000008280000080000000000000000203115341000003010103003200120000002
2021-03-03 11:42:44.123[                 ]INFO [m.controller.Request:191][request-wstirtanadi] Response Iso Biller : {"11":"000003","33":"0101030032","12":"0303114244","57":"000","MTI":"0110","25":"0007","48":{"no_rmh":"NO. 4-D\/8","nama":"BANK NEGARA INDONESIA (BNI)","no_hp":null,"nmTarip":"N.3","kocab":"01","tgl_putus":null,"alamat":"SISINGAMANGARAJA"},"39":"001","7":"0203115341","40":"001","41":"20000002"}
2021-03-03 11:42:44.123[                 ]INFO [m.controller.Request:195][request-wstirtanadi] Response Json : {"11":"000003","33":"0101030032","12":"0303114244","57":"000","MTI":"0110","25":"0007","48":{"no_rmh":"NO. 4-D\/8","nama":"BANK NEGARA INDONESIA (BNI)","no_hp":null,"nmTarip":"N.3","kocab":"01","tgl_putus":null,"alamat":"SISINGAMANGARAJA"},"39":"001","7":"0203115341","40":"001","41":"20000002"}
2021-03-03 11:42:44.190[                 ]INFO [m.controller.Request:267][request-wstirtanadi] Request Iso to Biller : 00730100822000008280000080000000000000000203115341000003010103003200420000002
2021-03-03 11:42:44.190[                 ]INFO [m.controller.Request:268][request-wstirtanadi] Response Iso Biller : {"11":"000003","12":"0303114244","57":"006","MTI":"0110","39":"004","7":"0203115341","40":"000","41":"20000002"}
2021-03-03 11:42:44.190[                 ]INFO [m.controller.Request:272][request-wstirtanadi] Response Json : {"11":"000003","12":"0303114244","57":"006","MTI":"0110","39":"004","7":"0203115341","40":"000","41":"20000002"}
2021-03-03 11:43:57.657[                 ]INFO [m.controller.Request:147][request-wstirtanadi] Start Inquiry
2021-03-03 11:43:57.879[                 ]INFO [m.controller.Request:190][request-wstirtanadi] Request Iso to Biller : 00730100822000008280000080000000000000000203115341000003010103003200120000002
2021-03-03 11:43:57.880[                 ]INFO [m.controller.Request:191][request-wstirtanadi] Response Iso Biller : {"11":"000003","33":"0101030032","12":"0303114358","57":"000","MTI":"0110","25":"0007","48":{"no_rmh":"NO. 4-D\/8","nama":"BANK NEGARA INDONESIA (BNI)","no_hp":null,"nmTarip":"N.3","kocab":"01","tgl_putus":null,"alamat":"SISINGAMANGARAJA"},"39":"001","7":"0203115341","40":"001","41":"20000002"}
2021-03-03 11:43:57.880[                 ]INFO [m.controller.Request:195][request-wstirtanadi] Response Json : {"11":"000003","33":"0101030032","12":"0303114358","57":"000","MTI":"0110","25":"0007","48":{"no_rmh":"NO. 4-D\/8","nama":"BANK NEGARA INDONESIA (BNI)","no_hp":null,"nmTarip":"N.3","kocab":"01","tgl_putus":null,"alamat":"SISINGAMANGARAJA"},"39":"001","7":"0203115341","40":"001","41":"20000002"}
2021-03-03 11:43:57.954[                 ]INFO [m.controller.Request:267][request-wstirtanadi] Request Iso to Biller : 00730100822000008280000080000000000000000203115341000003010103003200420000002
2021-03-03 11:43:57.954[                 ]INFO [m.controller.Request:268][request-wstirtanadi] Response Iso Biller : {"11":"000003","12":"0303114358","57":"006","MTI":"0110","39":"004","7":"0203115341","40":"000","41":"20000002"}
2021-03-03 11:43:57.954[                 ]INFO [m.controller.Request:272][request-wstirtanadi] Response Json : {"11":"000003","12":"0303114358","57":"006","MTI":"0110","39":"004","7":"0203115341","40":"000","41":"20000002"}
2021-03-03 11:47:39.208[                 ]INFO [m.controller.Request:149][request-wstirtanadi] Start Inquiry
2021-03-03 11:47:39.844[                 ]INFO [m.controller.Request:192][request-wstirtanadi] Request Iso to Biller : 00730100822000008280000080000000000000000203115341000003010103003200120000002
2021-03-03 11:47:39.844[                 ]INFO [m.controller.Request:193][request-wstirtanadi] Response Iso Biller : {"11":"000003","33":"0101030032","12":"0303114740","57":"000","MTI":"0110","25":"0007","48":{"no_rmh":"NO. 4-D\/8","nama":"BANK NEGARA INDONESIA (BNI)","no_hp":null,"nmTarip":"N.3","kocab":"01","tgl_putus":null,"alamat":"SISINGAMANGARAJA"},"39":"001","7":"0203115341","40":"001","41":"20000002"}
2021-03-03 11:47:39.844[                 ]INFO [m.controller.Request:197][request-wstirtanadi] Response Json : {"11":"000003","33":"0101030032","12":"0303114740","57":"000","MTI":"0110","25":"0007","48":{"no_rmh":"NO. 4-D\/8","nama":"BANK NEGARA INDONESIA (BNI)","no_hp":null,"nmTarip":"N.3","kocab":"01","tgl_putus":null,"alamat":"SISINGAMANGARAJA"},"39":"001","7":"0203115341","40":"001","41":"20000002"}
2021-03-03 11:47:40.371[                 ]INFO [m.controller.Request:271][request-wstirtanadi] Request Iso to Biller : 00730100822000008280000080000000000000000203115341000001010103003200420000002
2021-03-03 11:47:40.371[                 ]INFO [m.controller.Request:272][request-wstirtanadi] Response Iso Biller : {"11":"000001","33":"0101030032","12":"0303114741","57":"000","MTI":"0110","25":"0001","48":{"202011":{"total":28000,"tagihan":8000,"denda":20000,"adm":0},"TOTAL_TAGIHAN":28000},"39":"004","7":"0203115341","40":"001","41":"20000002"}
2021-03-03 11:47:40.372[                 ]INFO [m.controller.Request:276][request-wstirtanadi] Response Json : {"11":"000001","33":"0101030032","12":"0303114741","57":"000","MTI":"0110","25":"0001","48":{"202011":{"total":28000,"tagihan":8000,"denda":20000,"adm":0},"TOTAL_TAGIHAN":28000},"39":"004","7":"0203115341","40":"001","41":"20000002"}
2021-03-03 11:53:56.323[                 ]INFO [m.controller.Request:149][request-wstirtanadi] Start Inquiry
2021-03-03 11:53:56.547[                 ]INFO [m.controller.Request:192][request-wstirtanadi] Request Iso to Biller : 00730100822000008280000080000000000000000203115341000003010103003200120000002
2021-03-03 11:53:56.547[                 ]INFO [m.controller.Request:193][request-wstirtanadi] Response Iso Biller : {"11":"000003","33":"0101030032","12":"0303115357","57":"000","MTI":"0110","25":"0007","48":{"no_rmh":"NO. 4-D\/8","nama":"BANK NEGARA INDONESIA (BNI)","no_hp":null,"nmTarip":"N.3","kocab":"01","tgl_putus":null,"alamat":"SISINGAMANGARAJA"},"39":"001","7":"0203115341","40":"001","41":"20000002"}
2021-03-03 11:53:56.547[                 ]INFO [m.controller.Request:197][request-wstirtanadi] Response Json : {"11":"000003","33":"0101030032","12":"0303115357","57":"000","MTI":"0110","25":"0007","48":{"no_rmh":"NO. 4-D\/8","nama":"BANK NEGARA INDONESIA (BNI)","no_hp":null,"nmTarip":"N.3","kocab":"01","tgl_putus":null,"alamat":"SISINGAMANGARAJA"},"39":"001","7":"0203115341","40":"001","41":"20000002"}
2021-03-03 11:53:56.659[                 ]INFO [m.controller.Request:271][request-wstirtanadi] Request Iso to Biller : 00730100822000008280000080000000000000000203115341000001010103003200420000002
2021-03-03 11:53:56.660[                 ]INFO [m.controller.Request:272][request-wstirtanadi] Response Iso Biller : {"11":"000001","33":"0101030032","12":"0303115357","57":"000","MTI":"0110","25":"0001","48":{"202011":{"total":28000,"tagihan":8000,"denda":20000,"adm":0},"TOTAL_TAGIHAN":28000},"39":"004","7":"0203115341","40":"001","41":"20000002"}
2021-03-03 11:53:56.660[                 ]INFO [m.controller.Request:276][request-wstirtanadi] Response Json : {"11":"000001","33":"0101030032","12":"0303115357","57":"000","MTI":"0110","25":"0001","48":{"202011":{"total":28000,"tagihan":8000,"denda":20000,"adm":0},"TOTAL_TAGIHAN":28000},"39":"004","7":"0203115341","40":"001","41":"20000002"}
2021-03-03 11:54:04.488[                 ]INFO [m.controller.Request:368][request-wstirtanadi] Request Iso to Biller : 00810100822C0000828000008000000000000000020311534100000100112020010103003200320000002
2021-03-03 11:54:04.489[                 ]INFO [m.controller.Request:369][request-wstirtanadi] Response Iso Biller : {"11":"000001","33":"0101030032","12":"0303115405","13":"0011","57":"000","MTI":"0110","14":"2020","25":"0012","48":{"golonganTarif":"N.3","total":"28000","tagihan":8000,"nama":"BANK NEGARA INDONESIA (BNI)","admin":0,"denda":20000,"standAkhir":170,"npa":"0101030032","pemakaianM3":"0","alamat":"SISINGAMANGARAJA","periode":"202011","status":"Belum Lunas"},"39":"003","7":"0203115341","40":"001","41":"20000002"}
2021-03-03 11:54:57.472[                 ]INFO [m.controller.Request:149][request-wstirtanadi] Start Inquiry
2021-03-03 11:54:57.836[                 ]INFO [m.controller.Request:192][request-wstirtanadi] Request Iso to Biller : 00730100822000008280000080000000000000000203115341000003010103003200120000002
2021-03-03 11:54:57.836[                 ]INFO [m.controller.Request:193][request-wstirtanadi] Response Iso Biller : {"11":"000003","33":"0101030032","12":"0303115458","57":"000","MTI":"0110","25":"0007","48":{"no_rmh":"NO. 4-D\/8","nama":"BANK NEGARA INDONESIA (BNI)","no_hp":null,"nmTarip":"N.3","kocab":"01","tgl_putus":null,"alamat":"SISINGAMANGARAJA"},"39":"001","7":"0203115341","40":"001","41":"20000002"}
2021-03-03 11:54:57.836[                 ]INFO [m.controller.Request:197][request-wstirtanadi] Response Json : {"11":"000003","33":"0101030032","12":"0303115458","57":"000","MTI":"0110","25":"0007","48":{"no_rmh":"NO. 4-D\/8","nama":"BANK NEGARA INDONESIA (BNI)","no_hp":null,"nmTarip":"N.3","kocab":"01","tgl_putus":null,"alamat":"SISINGAMANGARAJA"},"39":"001","7":"0203115341","40":"001","41":"20000002"}
2021-03-03 11:54:58.141[                 ]INFO [m.controller.Request:271][request-wstirtanadi] Request Iso to Biller : 00730100822000008280000080000000000000000203115341000001010103003200420000002
2021-03-03 11:54:58.141[                 ]INFO [m.controller.Request:272][request-wstirtanadi] Response Iso Biller : {"11":"000001","33":"0101030032","12":"0303115458","57":"000","MTI":"0110","25":"0001","48":{"202011":{"total":28000,"tagihan":8000,"denda":20000,"adm":0},"TOTAL_TAGIHAN":28000},"39":"004","7":"0203115341","40":"001","41":"20000002"}
2021-03-03 11:54:58.141[                 ]INFO [m.controller.Request:276][request-wstirtanadi] Response Json : {"11":"000001","33":"0101030032","12":"0303115458","57":"000","MTI":"0110","25":"0001","48":{"202011":{"total":28000,"tagihan":8000,"denda":20000,"adm":0},"TOTAL_TAGIHAN":28000},"39":"004","7":"0203115341","40":"001","41":"20000002"}
2021-03-03 11:55:11.764[                 ]INFO [m.controller.Request:368][request-wstirtanadi] Request Iso to Biller : 00810100822C0000828000008000000000000000020311534100000100112020010103003200320000002
2021-03-03 11:55:11.765[                 ]INFO [m.controller.Request:369][request-wstirtanadi] Response Iso Biller : {"11":"000001","33":"0101030032","12":"0303115512","13":"0011","57":"000","MTI":"0110","14":"2020","25":"0012","48":{"golonganTarif":"N.3","total":"28000","tagihan":8000,"nama":"BANK NEGARA INDONESIA (BNI)","admin":0,"denda":20000,"standAkhir":170,"npa":"0101030032","pemakaianM3":"0","alamat":"SISINGAMANGARAJA","periode":"202011","status":"Belum Lunas"},"39":"003","7":"0203115341","40":"001","41":"20000002"}
2021-03-03 12:04:28.447[                 ]INFO [m.controller.Request:149][request-wstirtanadi] Start Inquiry
2021-03-03 12:04:28.957[                 ]INFO [m.controller.Request:192][request-wstirtanadi] Request Iso to Biller : 00730100822000008280000080000000000000000203115341000003010103003200120000002
2021-03-03 12:04:28.958[                 ]INFO [m.controller.Request:193][request-wstirtanadi] Response Iso Biller : {"11":"000003","33":"0101030032","12":"0303120429","57":"000","MTI":"0110","25":"0007","48":{"no_rmh":"NO. 4-D\/8","nama":"BANK NEGARA INDONESIA (BNI)","no_hp":null,"nmTarip":"N.3","kocab":"01","tgl_putus":null,"alamat":"SISINGAMANGARAJA"},"39":"001","7":"0203115341","40":"001","41":"20000002"}
2021-03-03 12:04:28.959[                 ]INFO [m.controller.Request:197][request-wstirtanadi] Response Json : {"11":"000003","33":"0101030032","12":"0303120429","57":"000","MTI":"0110","25":"0007","48":{"no_rmh":"NO. 4-D\/8","nama":"BANK NEGARA INDONESIA (BNI)","no_hp":null,"nmTarip":"N.3","kocab":"01","tgl_putus":null,"alamat":"SISINGAMANGARAJA"},"39":"001","7":"0203115341","40":"001","41":"20000002"}
2021-03-03 12:04:29.267[                 ]INFO [m.controller.Request:271][request-wstirtanadi] Request Iso to Biller : 00730100822000008280000080000000000000000203115341000001010103003200420000002
2021-03-03 12:04:29.268[                 ]INFO [m.controller.Request:272][request-wstirtanadi] Response Iso Biller : {"11":"000001","33":"0101030032","12":"0303120429","57":"000","MTI":"0110","25":"0001","48":{"202011":{"total":28000,"tagihan":8000,"denda":20000,"adm":0},"TOTAL_TAGIHAN":28000},"39":"004","7":"0203115341","40":"001","41":"20000002"}
2021-03-03 12:04:29.268[                 ]INFO [m.controller.Request:276][request-wstirtanadi] Response Json : {"11":"000001","33":"0101030032","12":"0303120429","57":"000","MTI":"0110","25":"0001","48":{"202011":{"total":28000,"tagihan":8000,"denda":20000,"adm":0},"TOTAL_TAGIHAN":28000},"39":"004","7":"0203115341","40":"001","41":"20000002"}
2021-03-03 12:04:30.146[                 ]INFO [m.controller.Request:368][request-wstirtanadi] Request Iso to Biller : 00810100822C0000828000008000000000000000020311534100000100112020010103003200320000002
2021-03-03 12:04:30.146[                 ]INFO [m.controller.Request:369][request-wstirtanadi] Response Iso Biller : {"11":"000001","33":"0101030032","12":"0303120430","13":"0011","57":"000","MTI":"0110","14":"2020","25":"0012","48":{"golonganTarif":"N.3","total":"28000","tagihan":8000,"nama":"BANK NEGARA INDONESIA (BNI)","admin":0,"denda":20000,"standAkhir":170,"npa":"0101030032","pemakaianM3":"0","alamat":"SISINGAMANGARAJA","periode":"202011","status":"Belum Lunas"},"39":"003","7":"0203115341","40":"001","41":"20000002"}
2021-03-03 12:04:46.536[                 ]INFO [m.controller.Request:149][request-wstirtanadi] Start Inquiry
2021-03-03 12:04:46.788[                 ]INFO [m.controller.Request:192][request-wstirtanadi] Request Iso to Biller : 00730100822000008280000080000000000000000203115341000003910103003200120000002
2021-03-03 12:04:46.789[                 ]INFO [m.controller.Request:193][request-wstirtanadi] Response Iso Biller : {"11":"000003","33":"2147483647","12":"0303120447","57":"000","MTI":"0110","39":"001","7":"0203115341","40":"002","41":"20000002"}
2021-03-03 12:04:46.789[                 ]INFO [m.controller.Request:197][request-wstirtanadi] Response Json : {"11":"000003","33":"2147483647","12":"0303120447","57":"000","MTI":"0110","39":"001","7":"0203115341","40":"002","41":"20000002"}
2021-03-03 12:05:00.234[                 ]INFO [m.controller.Request:149][request-wstirtanadi] Start Inquiry
2021-03-03 12:05:00.343[                 ]INFO [m.controller.Request:192][request-wstirtanadi] Request Iso to Biller : 00730100822000008280000080000000000000000203115341000003010103003200120000008
2021-03-03 12:05:00.344[                 ]INFO [m.controller.Request:193][request-wstirtanadi] Response Iso Biller : {"11":"000003","12":"0303120501","57":"003","MTI":"0110","39":"001","7":"0203115341","40":"000","41":"20000008"}
2021-03-03 12:05:00.344[                 ]INFO [m.controller.Request:197][request-wstirtanadi] Response Json : {"11":"000003","12":"0303120501","57":"003","MTI":"0110","39":"001","7":"0203115341","40":"000","41":"20000008"}
2021-03-03 12:05:57.718[                 ]INFO [m.controller.Request:149][request-wstirtanadi] Start Inquiry
2021-03-03 12:05:58.121[                 ]INFO [m.controller.Request:192][request-wstirtanadi] Request Iso to Biller : 00730100822000008280000080000000000000000203115341000003010103003200420000002
2021-03-03 12:05:58.122[                 ]INFO [m.controller.Request:193][request-wstirtanadi] Response Iso Biller : {"11":"000003","33":"0101030032","12":"0303120558","57":"000","MTI":"0110","25":"0001","48":{"202011":{"total":28000,"tagihan":8000,"denda":20000,"adm":0},"TOTAL_TAGIHAN":28000},"39":"004","7":"0203115341","40":"001","41":"20000002"}
2021-03-03 12:05:58.122[                 ]INFO [m.controller.Request:197][request-wstirtanadi] Response Json : {"11":"000003","33":"0101030032","12":"0303120558","57":"000","MTI":"0110","25":"0001","48":{"202011":{"total":28000,"tagihan":8000,"denda":20000,"adm":0},"TOTAL_TAGIHAN":28000},"39":"004","7":"0203115341","40":"001","41":"20000002"}
2021-03-03 12:05:58.728[                 ]INFO [m.controller.Request:271][request-wstirtanadi] Request Iso to Biller : 00730100822000008280000080000000000000000203115341000001010103003200420000002
2021-03-03 12:05:58.729[                 ]INFO [m.controller.Request:272][request-wstirtanadi] Response Iso Biller : {"11":"000001","33":"0101030032","12":"0303120559","57":"000","MTI":"0110","25":"0001","48":{"202011":{"total":28000,"tagihan":8000,"denda":20000,"adm":0},"TOTAL_TAGIHAN":28000},"39":"004","7":"0203115341","40":"001","41":"20000002"}
2021-03-03 12:05:58.729[                 ]INFO [m.controller.Request:276][request-wstirtanadi] Response Json : {"11":"000001","33":"0101030032","12":"0303120559","57":"000","MTI":"0110","25":"0001","48":{"202011":{"total":28000,"tagihan":8000,"denda":20000,"adm":0},"TOTAL_TAGIHAN":28000},"39":"004","7":"0203115341","40":"001","41":"20000002"}
2021-03-03 12:05:59.617[                 ]INFO [m.controller.Request:368][request-wstirtanadi] Request Iso to Biller : 00810100822C0000828000008000000000000000020311534100000100112020010103003200320000002
2021-03-03 12:05:59.617[                 ]INFO [m.controller.Request:369][request-wstirtanadi] Response Iso Biller : {"11":"000001","33":"0101030032","12":"0303120600","13":"0011","57":"000","MTI":"0110","14":"2020","25":"0012","48":{"golonganTarif":"N.3","total":"28000","tagihan":8000,"nama":"BANK NEGARA INDONESIA (BNI)","admin":0,"denda":20000,"standAkhir":170,"npa":"0101030032","pemakaianM3":"0","alamat":"SISINGAMANGARAJA","periode":"202011","status":"Belum Lunas"},"39":"003","7":"0203115341","40":"001","41":"20000002"}
2021-03-03 12:06:19.781[                 ]INFO [m.controller.Request:149][request-wstirtanadi] Start Inquiry
2021-03-03 12:06:53.255[                 ]INFO [m.controller.Request:149][request-wstirtanadi] Start Inquiry
2021-03-03 12:07:27.906[                 ]INFO [m.controller.Request:149][request-wstirtanadi] Start Inquiry
2021-03-03 12:07:39.031[                 ]INFO [m.controller.Request:149][request-wstirtanadi] Start Inquiry
2021-03-03 12:07:51.431[                 ]INFO [m.controller.Request:149][request-wstirtanadi] Start Inquiry
2021-03-03 12:10:55.136[                 ]INFO [m.controller.Request:149][request-wstirtanadi] Start Inquiry
2021-03-03 12:10:55.394[                 ]INFO [m.controller.Request:192][request-wstirtanadi] Request Iso to Biller : 00730100822000008280000080000000000000000203115341000003010103003200120000002
2021-03-03 12:10:55.394[                 ]INFO [m.controller.Request:193][request-wstirtanadi] Response Iso Biller : {"11":"000003","33":"0101030032","12":"0303121056","57":"000","MTI":"0110","25":"0007","48":{"no_rmh":"NO. 4-D\/8","nama":"BANK NEGARA INDONESIA (BNI)","no_hp":null,"nmTarip":"N.3","kocab":"01","tgl_putus":null,"alamat":"SISINGAMANGARAJA"},"39":"001","7":"0203115341","40":"001","41":"20000002"}
2021-03-03 12:10:55.395[                 ]INFO [m.controller.Request:197][request-wstirtanadi] Response Json : {"11":"000003","33":"0101030032","12":"0303121056","57":"000","MTI":"0110","25":"0007","48":{"no_rmh":"NO. 4-D\/8","nama":"BANK NEGARA INDONESIA (BNI)","no_hp":null,"nmTarip":"N.3","kocab":"01","tgl_putus":null,"alamat":"SISINGAMANGARAJA"},"39":"001","7":"0203115341","40":"001","41":"20000002"}
2021-03-03 12:10:55.519[                 ]INFO [m.controller.Request:271][request-wstirtanadi] Request Iso to Biller : 00730100822000008280000080000000000000000203115341000001010103003200420000002
2021-03-03 12:10:55.519[                 ]INFO [m.controller.Request:272][request-wstirtanadi] Response Iso Biller : {"11":"000001","33":"0101030032","12":"0303121056","57":"000","MTI":"0110","25":"0001","48":{"202011":{"total":28000,"tagihan":8000,"denda":20000,"adm":0},"TOTAL_TAGIHAN":28000},"39":"004","7":"0203115341","40":"001","41":"20000002"}
2021-03-03 12:10:55.519[                 ]INFO [m.controller.Request:276][request-wstirtanadi] Response Json : {"11":"000001","33":"0101030032","12":"0303121056","57":"000","MTI":"0110","25":"0001","48":{"202011":{"total":28000,"tagihan":8000,"denda":20000,"adm":0},"TOTAL_TAGIHAN":28000},"39":"004","7":"0203115341","40":"001","41":"20000002"}
2021-03-03 12:10:56.340[                 ]INFO [m.controller.Request:368][request-wstirtanadi] Request Iso to Biller : 00810100822C0000828000008000000000000000020311534100000100112020010103003200320000002
2021-03-03 12:10:56.340[                 ]INFO [m.controller.Request:369][request-wstirtanadi] Response Iso Biller : {"11":"000001","33":"0101030032","12":"0303121057","13":"0011","57":"000","MTI":"0110","14":"2020","25":"0012","48":{"golonganTarif":"N.3","total":"28000","tagihan":8000,"nama":"BANK NEGARA INDONESIA (BNI)","admin":0,"denda":20000,"standAkhir":170,"npa":"0101030032","pemakaianM3":"0","alamat":"SISINGAMANGARAJA","periode":"202011","status":"Belum Lunas"},"39":"003","7":"0203115341","40":"001","41":"20000002"}
2021-03-03 12:11:15.952[                 ]INFO [m.controller.Request:149][request-wstirtanadi] Start Inquiry
2021-03-03 12:11:17.740[                 ]INFO [m.controller.Request:192][request-wstirtanadi] Request Iso to Biller : 00730100822000008280000080000000000000000203115341000003010103003200520000002
2021-03-03 12:11:17.741[                 ]INFO [m.controller.Request:193][request-wstirtanadi] Response Iso Biller : {"11":"000003","33":"0101030032","12":"0303121118","57":"000","MTI":"0110","25":"0008","48":{"golonganTarif":null,"total":"0","tagihan":0,"bln":null,"admin":0,"denda":0,"thn":null,"standAkhir":0,"npa":null,"periode":null},"39":"005","7":"0203115341","40":"001","41":"20000002"}
2021-03-03 12:11:17.741[                 ]INFO [m.controller.Request:197][request-wstirtanadi] Response Json : {"11":"000003","33":"0101030032","12":"0303121118","57":"000","MTI":"0110","25":"0008","48":{"golonganTarif":null,"total":"0","tagihan":0,"bln":null,"admin":0,"denda":0,"thn":null,"standAkhir":0,"npa":null,"periode":null},"39":"005","7":"0203115341","40":"001","41":"20000002"}
2021-03-03 12:11:18.321[                 ]INFO [m.controller.Request:271][request-wstirtanadi] Request Iso to Biller : 00730100822000008280000080000000000000000203115341000001010103003200420000002
2021-03-03 12:11:18.322[                 ]INFO [m.controller.Request:272][request-wstirtanadi] Response Iso Biller : {"11":"000001","33":"0101030032","12":"0303121119","57":"000","MTI":"0110","25":"0001","48":{"202011":{"total":28000,"tagihan":8000,"denda":20000,"adm":0},"TOTAL_TAGIHAN":28000},"39":"004","7":"0203115341","40":"001","41":"20000002"}
2021-03-03 12:11:18.322[                 ]INFO [m.controller.Request:276][request-wstirtanadi] Response Json : {"11":"000001","33":"0101030032","12":"0303121119","57":"000","MTI":"0110","25":"0001","48":{"202011":{"total":28000,"tagihan":8000,"denda":20000,"adm":0},"TOTAL_TAGIHAN":28000},"39":"004","7":"0203115341","40":"001","41":"20000002"}
2021-03-03 12:11:19.132[                 ]INFO [m.controller.Request:368][request-wstirtanadi] Request Iso to Biller : 00810100822C0000828000008000000000000000020311534100000100112020010103003200320000002
2021-03-03 12:11:19.133[                 ]INFO [m.controller.Request:369][request-wstirtanadi] Response Iso Biller : {"11":"000001","33":"0101030032","12":"0303121119","13":"0011","57":"000","MTI":"0110","14":"2020","25":"0012","48":{"golonganTarif":"N.3","total":"28000","tagihan":8000,"nama":"BANK NEGARA INDONESIA (BNI)","admin":0,"denda":20000,"standAkhir":170,"npa":"0101030032","pemakaianM3":"0","alamat":"SISINGAMANGARAJA","periode":"202011","status":"Belum Lunas"},"39":"003","7":"0203115341","40":"001","41":"20000002"}
2021-03-03 12:11:30.712[                 ]INFO [m.controller.Request:149][request-wstirtanadi] Start Inquiry
2021-03-03 12:11:30.934[                 ]INFO [m.controller.Request:192][request-wstirtanadi] Request Iso to Biller : 00730100822000008280000080000000000000000203115341000003010103003200120000002
2021-03-03 12:11:30.935[                 ]INFO [m.controller.Request:193][request-wstirtanadi] Response Iso Biller : {"11":"000003","33":"0101030032","12":"0303121131","57":"000","MTI":"0110","25":"0007","48":{"no_rmh":"NO. 4-D\/8","nama":"BANK NEGARA INDONESIA (BNI)","no_hp":null,"nmTarip":"N.3","kocab":"01","tgl_putus":null,"alamat":"SISINGAMANGARAJA"},"39":"001","7":"0203115341","40":"001","41":"20000002"}
2021-03-03 12:11:30.935[                 ]INFO [m.controller.Request:197][request-wstirtanadi] Response Json : {"11":"000003","33":"0101030032","12":"0303121131","57":"000","MTI":"0110","25":"0007","48":{"no_rmh":"NO. 4-D\/8","nama":"BANK NEGARA INDONESIA (BNI)","no_hp":null,"nmTarip":"N.3","kocab":"01","tgl_putus":null,"alamat":"SISINGAMANGARAJA"},"39":"001","7":"0203115341","40":"001","41":"20000002"}
2021-03-03 12:11:31.193[                 ]INFO [m.controller.Request:271][request-wstirtanadi] Request Iso to Biller : 00730100822000008280000080000000000000000203115341000001010103003200420000002
2021-03-03 12:11:31.193[                 ]INFO [m.controller.Request:272][request-wstirtanadi] Response Iso Biller : {"11":"000001","33":"0101030032","12":"0303121131","57":"000","MTI":"0110","25":"0001","48":{"202011":{"total":28000,"tagihan":8000,"denda":20000,"adm":0},"TOTAL_TAGIHAN":28000},"39":"004","7":"0203115341","40":"001","41":"20000002"}
2021-03-03 12:11:31.194[                 ]INFO [m.controller.Request:276][request-wstirtanadi] Response Json : {"11":"000001","33":"0101030032","12":"0303121131","57":"000","MTI":"0110","25":"0001","48":{"202011":{"total":28000,"tagihan":8000,"denda":20000,"adm":0},"TOTAL_TAGIHAN":28000},"39":"004","7":"0203115341","40":"001","41":"20000002"}
2021-03-03 12:11:32.085[                 ]INFO [m.controller.Request:368][request-wstirtanadi] Request Iso to Biller : 00810100822C0000828000008000000000000000020311534100000100112020010103003200320000002
2021-03-03 12:11:32.086[                 ]INFO [m.controller.Request:369][request-wstirtanadi] Response Iso Biller : {"11":"000001","33":"0101030032","12":"0303121132","13":"0011","57":"000","MTI":"0110","14":"2020","25":"0012","48":{"golonganTarif":"N.3","total":"28000","tagihan":8000,"nama":"BANK NEGARA INDONESIA (BNI)","admin":0,"denda":20000,"standAkhir":170,"npa":"0101030032","pemakaianM3":"0","alamat":"SISINGAMANGARAJA","periode":"202011","status":"Belum Lunas"},"39":"003","7":"0203115341","40":"001","41":"20000002"}
2021-03-03 13:09:13.431[                 ]INFO [m.controller.Request:149][request-wstirtanadi] Start Inquiry
2021-03-03 13:09:37.993[                 ]INFO [m.controller.Request:193][request-wstirtanadi] Request Iso to Biller : 00730100822000008280000080000000000000000203115341000001010103003200120000002
2021-03-03 13:09:38.340[                 ]INFO [m.controller.Request:194][request-wstirtanadi] Response Iso Biller : {"11":"000001","12":"0303130914","57":"003","MTI":"0110","39":"001","7":"0203115341","40":"000","41":"20000002"}
2021-03-03 13:09:39.056[                 ]INFO [m.controller.Request:198][request-wstirtanadi] Response Json : {"11":"000001","12":"0303130914","57":"003","MTI":"0110","39":"001","7":"0203115341","40":"000","41":"20000002"}
2021-03-03 13:10:27.281[                 ]INFO [m.controller.Request:149][request-wstirtanadi] Start Inquiry
2021-03-03 13:10:27.501[                 ]INFO [m.controller.Request:193][request-wstirtanadi] Request Iso to Biller : 00730100822000008280000080000000000000000203115341000001010103003200120000002
2021-03-03 13:10:27.501[                 ]INFO [m.controller.Request:194][request-wstirtanadi] Response Iso Biller : {"11":"000001","33":"0101030032","12":"0303131028","57":"000","MTI":"0110","25":"0007","48":{"no_rmh":"NO. 4-D\/8","nama":"BANK NEGARA INDONESIA (BNI)","no_hp":null,"nmTarip":"N.3","kocab":"01","tgl_putus":null,"alamat":"SISINGAMANGARAJA"},"39":"001","7":"0203115341","40":"001","41":"20000002"}
2021-03-03 13:10:27.501[                 ]INFO [m.controller.Request:198][request-wstirtanadi] Response Json : {"11":"000001","33":"0101030032","12":"0303131028","57":"000","MTI":"0110","25":"0007","48":{"no_rmh":"NO. 4-D\/8","nama":"BANK NEGARA INDONESIA (BNI)","no_hp":null,"nmTarip":"N.3","kocab":"01","tgl_putus":null,"alamat":"SISINGAMANGARAJA"},"39":"001","7":"0203115341","40":"001","41":"20000002"}
2021-03-03 13:10:27.913[                 ]INFO [m.controller.Request:272][request-wstirtanadi] Request Iso to Biller : 00730100822000008280000080000000000000000203115341000002010103003200420000002
2021-03-03 13:10:27.913[                 ]INFO [m.controller.Request:273][request-wstirtanadi] Response Iso Biller : {"11":"000002","33":"0101030032","12":"0303131028","57":"000","MTI":"0110","25":"0001","48":{"202011":{"total":28000,"tagihan":8000,"denda":20000,"adm":0},"TOTAL_TAGIHAN":28000},"39":"004","7":"0203115341","40":"001","41":"20000002"}
2021-03-03 13:10:27.913[                 ]INFO [m.controller.Request:277][request-wstirtanadi] Response Json : {"11":"000002","33":"0101030032","12":"0303131028","57":"000","MTI":"0110","25":"0001","48":{"202011":{"total":28000,"tagihan":8000,"denda":20000,"adm":0},"TOTAL_TAGIHAN":28000},"39":"004","7":"0203115341","40":"001","41":"20000002"}
2021-03-03 13:10:28.748[                 ]INFO [m.controller.Request:369][request-wstirtanadi] Request Iso to Biller : 00810100822C0000828000008000000000000000020311534100000200112020010103003200320000002
2021-03-03 13:10:28.749[                 ]INFO [m.controller.Request:370][request-wstirtanadi] Response Iso Biller : {"11":"000002","33":"0101030032","12":"0303131029","13":"0011","57":"000","MTI":"0110","14":"2020","25":"0012","48":{"golonganTarif":"N.3","total":"28000","tagihan":8000,"nama":"BANK NEGARA INDONESIA (BNI)","admin":0,"denda":20000,"standAkhir":170,"npa":"0101030032","pemakaianM3":"0","alamat":"SISINGAMANGARAJA","periode":"202011","status":"Belum Lunas"},"39":"003","7":"0203115341","40":"001","41":"20000002"}
2021-03-03 13:10:35.967[                 ]INFO [m.controller.Request:149][request-wstirtanadi] Start Inquiry
2021-03-03 13:10:36.121[                 ]INFO [m.controller.Request:193][request-wstirtanadi] Request Iso to Biller : 00730100822000008280000080000000000000000203115341000001010103003100120000002
2021-03-03 13:10:36.122[                 ]INFO [m.controller.Request:194][request-wstirtanadi] Response Iso Biller : {"11":"000001","33":"0101030031","12":"0303131036","57":"000","MTI":"0110","25":"0007","48":{"no_rmh":"4-C","nama":"ROSIHAN ARBIE,DR","no_hp":null,"nmTarip":"N.1","kocab":"01","tgl_putus":"2005-04-13 00:00:00.0","alamat":"SISINGAMANGRAJA"},"39":"001","7":"0203115341","40":"003","41":"20000002"}
2021-03-03 13:10:36.122[                 ]INFO [m.controller.Request:198][request-wstirtanadi] Response Json : {"11":"000001","33":"0101030031","12":"0303131036","57":"000","MTI":"0110","25":"0007","48":{"no_rmh":"4-C","nama":"ROSIHAN ARBIE,DR","no_hp":null,"nmTarip":"N.1","kocab":"01","tgl_putus":"2005-04-13 00:00:00.0","alamat":"SISINGAMANGRAJA"},"39":"001","7":"0203115341","40":"003","41":"20000002"}
2021-03-03 13:10:50.298[                 ]INFO [m.controller.Request:149][request-wstirtanadi] Start Inquiry
2021-03-03 13:10:54.579[                 ]INFO [m.controller.Request:193][request-wstirtanadi] Request Iso to Biller : 00730100822000008280000080000000000000000203115341000001010103003100120000002
2021-03-03 13:10:54.742[                 ]INFO [m.controller.Request:194][request-wstirtanadi] Response Iso Biller : {"11":"000001","33":"0101030031","12":"0303131054","57":"000","MTI":"0110","25":"0007","48":{"no_rmh":"4-C","nama":"ROSIHAN ARBIE,DR","no_hp":null,"nmTarip":"N.1","kocab":"01","tgl_putus":"2005-04-13 00:00:00.0","alamat":"SISINGAMANGRAJA"},"39":"001","7":"0203115341","40":"003","41":"20000002"}
2021-03-03 13:10:55.114[                 ]INFO [m.controller.Request:198][request-wstirtanadi] Response Json : {"11":"000001","33":"0101030031","12":"0303131054","57":"000","MTI":"0110","25":"0007","48":{"no_rmh":"4-C","nama":"ROSIHAN ARBIE,DR","no_hp":null,"nmTarip":"N.1","kocab":"01","tgl_putus":"2005-04-13 00:00:00.0","alamat":"SISINGAMANGRAJA"},"39":"001","7":"0203115341","40":"003","41":"20000002"}
2021-03-03 13:10:59.504[                 ]INFO [m.controller.Request:149][request-wstirtanadi] Start Inquiry
2021-03-03 13:11:34.525[                 ]INFO [m.controller.Request:193][request-wstirtanadi] Request Iso to Biller : 00730100822000008280000080000000000000000203115341000001010103003100120000002
2021-03-03 13:11:34.918[                 ]INFO [m.controller.Request:194][request-wstirtanadi] Response Iso Biller : {"11":"000001","33":"0101030031","12":"0303131103","57":"000","MTI":"0110","25":"0007","48":{"no_rmh":"4-C","nama":"ROSIHAN ARBIE,DR","no_hp":null,"nmTarip":"N.1","kocab":"01","tgl_putus":"2005-04-13 00:00:00.0","alamat":"SISINGAMANGRAJA"},"39":"001","7":"0203115341","40":"003","41":"20000002"}
2021-03-03 13:11:35.683[                 ]INFO [m.controller.Request:198][request-wstirtanadi] Response Json : {"11":"000001","33":"0101030031","12":"0303131103","57":"000","MTI":"0110","25":"0007","48":{"no_rmh":"4-C","nama":"ROSIHAN ARBIE,DR","no_hp":null,"nmTarip":"N.1","kocab":"01","tgl_putus":"2005-04-13 00:00:00.0","alamat":"SISINGAMANGRAJA"},"39":"001","7":"0203115341","40":"003","41":"20000002"}
2021-03-03 13:12:23.792[                 ]INFO [m.controller.Request:149][request-wstirtanadi] Start Inquiry
2021-03-03 13:12:24.006[                 ]INFO [m.controller.Request:193][request-wstirtanadi] Request Iso to Biller : 00730100822000008280000080000000000000000203115341000001010103003100120000002
2021-03-03 13:12:24.007[                 ]INFO [m.controller.Request:194][request-wstirtanadi] Response Iso Biller : {"11":"000001","33":"0101030031","12":"0303131224","57":"000","MTI":"0110","25":"0007","48":{"no_rmh":"4-C","nama":"ROSIHAN ARBIE,DR","no_hp":null,"nmTarip":"N.1","kocab":"01","tgl_putus":"2005-04-13 00:00:00.0","alamat":"SISINGAMANGRAJA"},"39":"001","7":"0203115341","40":"003","41":"20000002"}
2021-03-03 13:12:24.007[                 ]INFO [m.controller.Request:198][request-wstirtanadi] Response Json : {"11":"000001","33":"0101030031","12":"0303131224","57":"000","MTI":"0110","25":"0007","48":{"no_rmh":"4-C","nama":"ROSIHAN ARBIE,DR","no_hp":null,"nmTarip":"N.1","kocab":"01","tgl_putus":"2005-04-13 00:00:00.0","alamat":"SISINGAMANGRAJA"},"39":"001","7":"0203115341","40":"003","41":"20000002"}
2021-03-03 14:09:39.200[                 ]INFO [m.controller.Request:149][request-wstirtanadi] Start Inquiry
2021-03-03 14:09:39.534[                 ]INFO [m.controller.Request:193][request-wstirtanadi] Request Iso to Biller : 00730100822000008280000080000000000000000203115341000001010103003800120000002
2021-03-03 14:09:39.534[                 ]INFO [m.controller.Request:194][request-wstirtanadi] Response Iso Biller : {"11":"000001","33":"0101030038","12":"0303140940","57":"000","MTI":"0110","25":"0007","48":{"no_rmh":"NO. 4-K\/PRD","nama":"ASTUTY","no_hp":null,"nmTarip":"RT.4","kocab":"01","tgl_putus":null,"alamat":"SISINGAMANGARAJA"},"39":"001","7":"0203115341","40":"001","41":"20000002"}
2021-03-03 14:09:39.534[                 ]INFO [m.controller.Request:198][request-wstirtanadi] Response Json : {"11":"000001","33":"0101030038","12":"0303140940","57":"000","MTI":"0110","25":"0007","48":{"no_rmh":"NO. 4-K\/PRD","nama":"ASTUTY","no_hp":null,"nmTarip":"RT.4","kocab":"01","tgl_putus":null,"alamat":"SISINGAMANGARAJA"},"39":"001","7":"0203115341","40":"001","41":"20000002"}
2021-03-03 14:09:39.944[                 ]INFO [m.controller.Request:272][request-wstirtanadi] Request Iso to Biller : 00730100822000008280000080000000000000000203115341000002010103003800420000002
2021-03-03 14:09:39.945[                 ]INFO [m.controller.Request:273][request-wstirtanadi] Response Iso Biller : {"11":"000002","33":"0101030038","12":"0303140940","57":"000","MTI":"0110","25":"0000","39":"004","7":"0203115341","40":"002","41":"20000002"}
2021-03-03 14:09:39.945[                 ]INFO [m.controller.Request:277][request-wstirtanadi] Response Json : {"11":"000002","33":"0101030038","12":"0303140940","57":"000","MTI":"0110","25":"0000","39":"004","7":"0203115341","40":"002","41":"20000002"}
2021-03-03 14:09:53.298[                 ]INFO [m.controller.Request:149][request-wstirtanadi] Start Inquiry
2021-03-03 14:10:06.127[                 ]INFO [m.controller.Request:193][request-wstirtanadi] Request Iso to Biller : 00730100822000008280000080000000000000000203115341000001010103003800120000002
2021-03-03 14:10:06.690[                 ]INFO [m.controller.Request:194][request-wstirtanadi] Response Iso Biller : {"11":"000001","33":"0101030038","12":"0303140956","57":"000","MTI":"0110","25":"0007","48":{"no_rmh":"NO. 4-K\/PRD","nama":"ASTUTY","no_hp":null,"nmTarip":"RT.4","kocab":"01","tgl_putus":null,"alamat":"SISINGAMANGARAJA"},"39":"001","7":"0203115341","40":"001","41":"20000002"}
2021-03-03 14:10:07.933[                 ]INFO [m.controller.Request:198][request-wstirtanadi] Response Json : {"11":"000001","33":"0101030038","12":"0303140956","57":"000","MTI":"0110","25":"0007","48":{"no_rmh":"NO. 4-K\/PRD","nama":"ASTUTY","no_hp":null,"nmTarip":"RT.4","kocab":"01","tgl_putus":null,"alamat":"SISINGAMANGARAJA"},"39":"001","7":"0203115341","40":"001","41":"20000002"}
2021-03-03 14:11:04.155[                 ]INFO [m.controller.Request:272][request-wstirtanadi] Request Iso to Biller : 00730100822000008280000080000000000000000203115341000002010103003800420000002
2021-03-03 14:11:04.692[                 ]INFO [m.controller.Request:273][request-wstirtanadi] Response Iso Biller : {"11":"000002","33":"0101030038","12":"0303141029","57":"000","MTI":"0110","25":"0000","39":"004","7":"0203115341","40":"002","41":"20000002"}
2021-03-03 14:11:05.865[                 ]INFO [m.controller.Request:277][request-wstirtanadi] Response Json : {"11":"000002","33":"0101030038","12":"0303141029","57":"000","MTI":"0110","25":"0000","39":"004","7":"0203115341","40":"002","41":"20000002"}
2021-03-03 14:11:28.673[                 ]INFO [m.controller.Request:149][request-wstirtanadi] Start Inquiry
2021-03-03 14:11:29.719[                 ]INFO [m.controller.Request:193][request-wstirtanadi] Request Iso to Biller : 00730100822000008280000080000000000000000203115341000001010103003800120000002
2021-03-03 14:11:29.720[                 ]INFO [m.controller.Request:194][request-wstirtanadi] Response Iso Biller : {"11":"000001","33":"0101030038","12":"0303141130","57":"000","MTI":"0110","25":"0007","48":{"no_rmh":"NO. 4-K\/PRD","nama":"ASTUTY","no_hp":null,"nmTarip":"RT.4","kocab":"01","tgl_putus":null,"alamat":"SISINGAMANGARAJA"},"39":"001","7":"0203115341","40":"001","41":"20000002"}
2021-03-03 14:11:29.720[                 ]INFO [m.controller.Request:198][request-wstirtanadi] Response Json : {"11":"000001","33":"0101030038","12":"0303141130","57":"000","MTI":"0110","25":"0007","48":{"no_rmh":"NO. 4-K\/PRD","nama":"ASTUTY","no_hp":null,"nmTarip":"RT.4","kocab":"01","tgl_putus":null,"alamat":"SISINGAMANGARAJA"},"39":"001","7":"0203115341","40":"001","41":"20000002"}
2021-03-03 14:11:34.016[                 ]INFO [m.controller.Request:272][request-wstirtanadi] Request Iso to Biller : 00730100822000008280000080000000000000000203115341000002010103003800420000002
2021-03-03 14:11:34.177[                 ]INFO [m.controller.Request:273][request-wstirtanadi] Response Iso Biller : {"11":"000002","33":"0101030038","12":"0303141134","57":"000","MTI":"0110","25":"0000","39":"004","7":"0203115341","40":"002","41":"20000002"}
2021-03-03 14:11:34.507[                 ]INFO [m.controller.Request:277][request-wstirtanadi] Response Json : {"11":"000002","33":"0101030038","12":"0303141134","57":"000","MTI":"0110","25":"0000","39":"004","7":"0203115341","40":"002","41":"20000002"}
2021-03-03 14:11:38.514[                 ]INFO [m.controller.Request:149][request-wstirtanadi] Start Inquiry
2021-03-03 14:11:39.723[                 ]INFO [m.controller.Request:193][request-wstirtanadi] Request Iso to Biller : 00730100822000008280000080000000000000000203115341000001010103003800120000002
2021-03-03 14:11:39.723[                 ]INFO [m.controller.Request:194][request-wstirtanadi] Response Iso Biller : {"11":"000001","33":"0101030038","12":"0303141140","57":"000","MTI":"0110","25":"0007","48":{"no_rmh":"NO. 4-K\/PRD","nama":"ASTUTY","no_hp":null,"nmTarip":"RT.4","kocab":"01","tgl_putus":null,"alamat":"SISINGAMANGARAJA"},"39":"001","7":"0203115341","40":"001","41":"20000002"}
2021-03-03 14:11:39.724[                 ]INFO [m.controller.Request:198][request-wstirtanadi] Response Json : {"11":"000001","33":"0101030038","12":"0303141140","57":"000","MTI":"0110","25":"0007","48":{"no_rmh":"NO. 4-K\/PRD","nama":"ASTUTY","no_hp":null,"nmTarip":"RT.4","kocab":"01","tgl_putus":null,"alamat":"SISINGAMANGARAJA"},"39":"001","7":"0203115341","40":"001","41":"20000002"}
2021-03-03 14:11:44.761[                 ]INFO [m.controller.Request:272][request-wstirtanadi] Request Iso to Biller : 00730100822000008280000080000000000000000203115341000002010103003800420000002
2021-03-03 14:11:45.179[                 ]INFO [m.controller.Request:273][request-wstirtanadi] Response Iso Biller : {"11":"000002","33":"0101030038","12":"0303141144","57":"000","MTI":"0110","25":"0000","39":"004","7":"0203115341","40":"002","41":"20000002"}
2021-03-03 14:12:06.933[                 ]INFO [m.controller.Request:277][request-wstirtanadi] Response Json : {"11":"000002","33":"0101030038","12":"0303141144","57":"000","MTI":"0110","25":"0000","39":"004","7":"0203115341","40":"002","41":"20000002"}
2021-03-03 14:12:39.294[                 ]INFO [m.controller.Request:149][request-wstirtanadi] Start Inquiry
2021-03-03 14:12:39.646[                 ]INFO [m.controller.Request:193][request-wstirtanadi] Request Iso to Biller : 00730100822000008280000080000000000000000203115341000001010103003800120000002
2021-03-03 14:12:39.647[                 ]INFO [m.controller.Request:194][request-wstirtanadi] Response Iso Biller : {"11":"000001","33":"0101030038","12":"0303141240","57":"000","MTI":"0110","25":"0007","48":{"no_rmh":"NO. 4-K\/PRD","nama":"ASTUTY","no_hp":null,"nmTarip":"RT.4","kocab":"01","tgl_putus":null,"alamat":"SISINGAMANGARAJA"},"39":"001","7":"0203115341","40":"001","41":"20000002"}
2021-03-03 14:12:39.647[                 ]INFO [m.controller.Request:198][request-wstirtanadi] Response Json : {"11":"000001","33":"0101030038","12":"0303141240","57":"000","MTI":"0110","25":"0007","48":{"no_rmh":"NO. 4-K\/PRD","nama":"ASTUTY","no_hp":null,"nmTarip":"RT.4","kocab":"01","tgl_putus":null,"alamat":"SISINGAMANGARAJA"},"39":"001","7":"0203115341","40":"001","41":"20000002"}
2021-03-03 14:12:42.418[                 ]INFO [m.controller.Request:272][request-wstirtanadi] Request Iso to Biller : 00730100822000008280000080000000000000000203115341000002010103003800420000002
2021-03-03 14:12:42.419[                 ]INFO [m.controller.Request:273][request-wstirtanadi] Response Iso Biller : {"11":"000002","33":"0101030038","12":"0303141243","57":"000","MTI":"0110","25":"0000","39":"004","7":"0203115341","40":"002","41":"20000002"}
2021-03-03 14:12:42.419[                 ]INFO [m.controller.Request:277][request-wstirtanadi] Response Json : {"11":"000002","33":"0101030038","12":"0303141243","57":"000","MTI":"0110","25":"0000","39":"004","7":"0203115341","40":"002","41":"20000002"}
2021-03-03 14:13:10.371[                 ]INFO [m.controller.Request:149][request-wstirtanadi] Start Inquiry
2021-03-03 14:13:10.702[                 ]INFO [m.controller.Request:193][request-wstirtanadi] Request Iso to Biller : 00730100822000008280000080000000000000000203115341000001010103003800120000002
2021-03-03 14:13:10.702[                 ]INFO [m.controller.Request:194][request-wstirtanadi] Response Iso Biller : {"11":"000001","33":"0101030038","12":"0303141311","57":"000","MTI":"0110","25":"0007","48":{"no_rmh":"NO. 4-K\/PRD","nama":"ASTUTY","no_hp":null,"nmTarip":"RT.4","kocab":"01","tgl_putus":null,"alamat":"SISINGAMANGARAJA"},"39":"001","7":"0203115341","40":"001","41":"20000002"}
2021-03-03 14:13:10.703[                 ]INFO [m.controller.Request:198][request-wstirtanadi] Response Json : {"11":"000001","33":"0101030038","12":"0303141311","57":"000","MTI":"0110","25":"0007","48":{"no_rmh":"NO. 4-K\/PRD","nama":"ASTUTY","no_hp":null,"nmTarip":"RT.4","kocab":"01","tgl_putus":null,"alamat":"SISINGAMANGARAJA"},"39":"001","7":"0203115341","40":"001","41":"20000002"}
2021-03-03 14:13:13.527[                 ]INFO [m.controller.Request:272][request-wstirtanadi] Request Iso to Biller : 00730100822000008280000080000000000000000203115341000002010103003800420000002
2021-03-03 14:13:13.701[                 ]INFO [m.controller.Request:273][request-wstirtanadi] Response Iso Biller : {"11":"000002","33":"0101030038","12":"0303141313","57":"000","MTI":"0110","25":"0000","39":"004","7":"0203115341","40":"002","41":"20000002"}
2021-03-03 14:13:14.087[                 ]INFO [m.controller.Request:277][request-wstirtanadi] Response Json : {"11":"000002","33":"0101030038","12":"0303141313","57":"000","MTI":"0110","25":"0000","39":"004","7":"0203115341","40":"002","41":"20000002"}
2021-03-03 14:14:01.974[                 ]INFO [m.controller.Request:149][request-wstirtanadi] Start Inquiry
2021-03-03 14:14:05.142[                 ]INFO [m.controller.Request:193][request-wstirtanadi] Request Iso to Biller : 00730100822000008280000080000000000000000203115341000001010103003800120000002
2021-03-03 14:14:05.143[                 ]INFO [m.controller.Request:194][request-wstirtanadi] Response Iso Biller : {"11":"000001","33":"0101030038","12":"0303141405","57":"000","MTI":"0110","25":"0007","48":{"no_rmh":"NO. 4-K\/PRD","nama":"ASTUTY","no_hp":null,"nmTarip":"RT.4","kocab":"01","tgl_putus":null,"alamat":"SISINGAMANGARAJA"},"39":"001","7":"0203115341","40":"001","41":"20000002"}
2021-03-03 14:14:05.143[                 ]INFO [m.controller.Request:198][request-wstirtanadi] Response Json : {"11":"000001","33":"0101030038","12":"0303141405","57":"000","MTI":"0110","25":"0007","48":{"no_rmh":"NO. 4-K\/PRD","nama":"ASTUTY","no_hp":null,"nmTarip":"RT.4","kocab":"01","tgl_putus":null,"alamat":"SISINGAMANGARAJA"},"39":"001","7":"0203115341","40":"001","41":"20000002"}
2021-03-03 14:14:37.828[                 ]INFO [m.controller.Request:149][request-wstirtanadi] Start Inquiry
2021-03-03 14:15:00.830[                 ]INFO [m.controller.Request:149][request-wstirtanadi] Start Inquiry
2021-03-03 14:15:15.740[                 ]INFO [m.controller.Request:193][request-wstirtanadi] Request Iso to Biller : 00730100822000008280000080000000000000000203115341000001010103003800120000002
2021-03-03 14:15:15.741[                 ]INFO [m.controller.Request:194][request-wstirtanadi] Response Iso Biller : {"11":"000001","33":"0101030038","12":"0303141516","57":"000","MTI":"0110","25":"0007","48":{"no_rmh":"NO. 4-K\/PRD","nama":"ASTUTY","no_hp":null,"nmTarip":"RT.4","kocab":"01","tgl_putus":null,"alamat":"SISINGAMANGARAJA"},"39":"001","7":"0203115341","40":"001","41":"20000002"}
2021-03-03 14:15:15.741[                 ]INFO [m.controller.Request:198][request-wstirtanadi] Response Json : {"11":"000001","33":"0101030038","12":"0303141516","57":"000","MTI":"0110","25":"0007","48":{"no_rmh":"NO. 4-K\/PRD","nama":"ASTUTY","no_hp":null,"nmTarip":"RT.4","kocab":"01","tgl_putus":null,"alamat":"SISINGAMANGARAJA"},"39":"001","7":"0203115341","40":"001","41":"20000002"}
2021-03-03 14:15:26.618[                 ]INFO [m.controller.Request:193][request-wstirtanadi] Request Iso to Biller : 00730100822000008280000080000000000000000203115341000001010103003800120000002
2021-03-03 14:15:26.620[                 ]INFO [m.controller.Request:194][request-wstirtanadi] Response Iso Biller : {"11":"000001","12":"0303141521","57":"006","MTI":"0110","39":"001","7":"0203115341","40":"000","41":"20000002"}
2021-03-03 14:15:26.621[                 ]INFO [m.controller.Request:198][request-wstirtanadi] Response Json : {"11":"000001","12":"0303141521","57":"006","MTI":"0110","39":"001","7":"0203115341","40":"000","41":"20000002"}
2021-03-03 14:15:29.126[                 ]INFO [m.controller.Request:272][request-wstirtanadi] Request Iso to Biller : 00730100822000008280000080000000000000000203115341000002010103003800420000002
2021-03-03 14:15:29.126[                 ]INFO [m.controller.Request:273][request-wstirtanadi] Response Iso Biller : {"11":"000002","33":"0101030038","12":"0303141529","57":"000","MTI":"0110","25":"0000","39":"004","7":"0203115341","40":"002","41":"20000002"}
2021-03-03 14:15:29.127[                 ]INFO [m.controller.Request:277][request-wstirtanadi] Response Json : {"11":"000002","33":"0101030038","12":"0303141529","57":"000","MTI":"0110","25":"0000","39":"004","7":"0203115341","40":"002","41":"20000002"}
2021-03-03 14:15:59.969[                 ]INFO [m.controller.Request:149][request-wstirtanadi] Start Inquiry
2021-03-03 14:16:08.063[                 ]INFO [m.controller.Request:193][request-wstirtanadi] Request Iso to Biller : 00730100822000008280000080000000000000000203115341000001010103003800120000002
2021-03-03 14:16:08.064[                 ]INFO [m.controller.Request:194][request-wstirtanadi] Response Iso Biller : {"11":"000001","33":"0101030038","12":"0303141608","57":"000","MTI":"0110","25":"0007","48":{"no_rmh":"NO. 4-K\/PRD","nama":"ASTUTY","no_hp":null,"nmTarip":"RT.4","kocab":"01","tgl_putus":null,"alamat":"SISINGAMANGARAJA"},"39":"001","7":"0203115341","40":"001","41":"20000002"}
2021-03-03 14:16:08.064[                 ]INFO [m.controller.Request:198][request-wstirtanadi] Response Json : {"11":"000001","33":"0101030038","12":"0303141608","57":"000","MTI":"0110","25":"0007","48":{"no_rmh":"NO. 4-K\/PRD","nama":"ASTUTY","no_hp":null,"nmTarip":"RT.4","kocab":"01","tgl_putus":null,"alamat":"SISINGAMANGARAJA"},"39":"001","7":"0203115341","40":"001","41":"20000002"}
2021-03-03 14:16:15.664[                 ]INFO [m.controller.Request:272][request-wstirtanadi] Request Iso to Biller : 00730100822000008280000080000000000000000203115341000002010103003800420000002
2021-03-03 14:16:15.664[                 ]INFO [m.controller.Request:273][request-wstirtanadi] Response Iso Biller : {"11":"000002","33":"0101030038","12":"0303141616","57":"000","MTI":"0110","25":"0000","39":"004","7":"0203115341","40":"002","41":"20000002"}
2021-03-03 14:16:15.664[                 ]INFO [m.controller.Request:277][request-wstirtanadi] Response Json : {"11":"000002","33":"0101030038","12":"0303141616","57":"000","MTI":"0110","25":"0000","39":"004","7":"0203115341","40":"002","41":"20000002"}
2021-03-03 17:29:51.322[                 ]INFO [m.controller.Request:151][request-wstirtanadi] Start Inquiry
2021-03-03 18:33:23.179[                 ]INFO [m.controller.Request:151][request-wstirtanadi] Start Inquiry
2021-03-03 18:33:23.499[                 ]INFO [m.controller.Request:203][request-wstirtanadi] Request Iso to Biller : 00730100822000008280000080000000000000000303183323000001010103003200120000002
2021-03-03 18:33:23.500[                 ]INFO [m.controller.Request:204][request-wstirtanadi] Response Iso Biller : {"12":"0303183323","57":"003","MTI":"0210"}
2021-03-03 18:33:23.500[                 ]INFO [m.controller.Request:208][request-wstirtanadi] Response Json : {"12":"0303183323","57":"003","MTI":"0210"}
2021-03-03 18:33:43.512[                 ]INFO [m.controller.Request:151][request-wstirtanadi] Start Inquiry
2021-03-03 18:34:33.308[                 ]INFO [m.controller.Request:203][request-wstirtanadi] Request Iso to Biller : 00730100822000008280000080000000000000000303183349000001010103003200120000002
2021-03-03 18:34:33.311[                 ]INFO [m.controller.Request:204][request-wstirtanadi] Response Iso Biller : {"12":"0303183344","57":"003","MTI":"0210"}
2021-03-03 18:34:33.313[                 ]INFO [m.controller.Request:208][request-wstirtanadi] Response Json : {"12":"0303183344","57":"003","MTI":"0210"}
2021-03-03 18:34:39.201[                 ]INFO [m.controller.Request:151][request-wstirtanadi] Start Inquiry
2021-03-03 18:38:16.848[                 ]INFO [m.controller.Request:151][request-wstirtanadi] Start Inquiry
2021-03-03 18:38:22.690[                 ]INFO [m.controller.Request:203][request-wstirtanadi] Request Iso to Biller : 00730100822000008280000080000000000000000303183439000001010103003200120000002
2021-03-03 18:38:22.693[                 ]INFO [m.controller.Request:204][request-wstirtanadi] Response Iso Biller : {"12":"0303183439","57":"003","MTI":"0210"}
2021-03-03 18:38:22.695[                 ]INFO [m.controller.Request:208][request-wstirtanadi] Response Json : {"12":"0303183439","57":"003","MTI":"0210"}
2021-03-03 18:39:19.571[                 ]INFO [m.controller.Request:203][request-wstirtanadi] Request Iso to Biller : 00730100822000008280000080000000000000000303183816000001010103003400120000002
2021-03-03 18:39:19.573[                 ]INFO [m.controller.Request:204][request-wstirtanadi] Response Iso Biller : {"12":"0303183817","57":"003","MTI":"0210"}
2021-03-03 18:39:19.578[                 ]INFO [m.controller.Request:208][request-wstirtanadi] Response Json : {"12":"0303183817","57":"003","MTI":"0210"}
2021-03-03 18:39:22.250[                 ]INFO [m.controller.Request:151][request-wstirtanadi] Start Inquiry
2021-03-03 18:39:26.731[                 ]INFO [m.controller.Request:203][request-wstirtanadi] Request Iso to Biller : 00730100822000008280000080000000000000000303183922000001010103003400120000002
2021-03-03 18:39:47.763[                 ]INFO [m.controller.Request:151][request-wstirtanadi] Start Inquiry
2021-03-03 18:39:56.611[                 ]INFO [m.controller.Request:203][request-wstirtanadi] Request Iso to Biller : 00730100822000008280000080000000000000000303183947000001010103003400120000002
2021-03-03 18:39:57.646[                 ]INFO [m.controller.Request:204][request-wstirtanadi] Response Iso Biller : {"11":"000001","33":"0101030034","12":"0303183950","57":"000","MTI":"0110","25":"0007","48":{"no_rmh":"NO. 4-F","nama":"SRI YANTO","no_hp":null,"nmTarip":"N.2","kocab":"01","tgl_putus":null,"alamat":"SISINGAMANGARAJA"},"39":"001","7":"0303183947","40":"001","41":"20000002"}
2021-03-03 18:39:58.239[                 ]INFO [m.controller.Request:208][request-wstirtanadi] Response Json : {"11":"000001","33":"0101030034","12":"0303183950","57":"000","MTI":"0110","25":"0007","48":{"no_rmh":"NO. 4-F","nama":"SRI YANTO","no_hp":null,"nmTarip":"N.2","kocab":"01","tgl_putus":null,"alamat":"SISINGAMANGARAJA"},"39":"001","7":"0303183947","40":"001","41":"20000002"}
2021-03-03 18:40:04.352[                 ]INFO [m.controller.Request:282][request-wstirtanadi] Request Iso to Biller : 00730100822000008280000080000000000000000303184001000002010103003400420000002
2021-03-03 18:40:04.353[                 ]INFO [m.controller.Request:283][request-wstirtanadi] Response Iso Biller : {"11":"000002","33":"0101030034","12":"0303184004","57":"000","MTI":"0110","25":"0001","48":{"202011":{"total":816140,"tagihan":793140,"denda":20000,"adm":3000},"TOTAL_TAGIHAN":816140},"39":"004","7":"0303184001","40":"001","41":"20000002"}
2021-03-03 18:40:04.354[                 ]INFO [m.controller.Request:287][request-wstirtanadi] Response Json : {"11":"000002","33":"0101030034","12":"0303184004","57":"000","MTI":"0110","25":"0001","48":{"202011":{"total":816140,"tagihan":793140,"denda":20000,"adm":3000},"TOTAL_TAGIHAN":816140},"39":"004","7":"0303184001","40":"001","41":"20000002"}
2021-03-03 18:40:05.337[                 ]INFO [m.controller.Request:379][request-wstirtanadi] Request Iso to Biller : 00810100822C0000828000008000000000000000030318400100000200112020010103003400320000002
2021-03-03 18:40:05.338[                 ]INFO [m.controller.Request:380][request-wstirtanadi] Response Iso Biller : {"11":"000002","33":"0101030034","12":"0303184005","13":"0011","57":"000","MTI":"0110","14":"2020","25":"0012","48":{"golonganTarif":"N.2","total":"816140","tagihan":793140,"nama":"SRI YANTO","admin":3000,"denda":20000,"standAkhir":2800000,"npa":"0101030034","pemakaianM3":"104000","alamat":"SISINGAMANGARAJA","periode":"202011","status":"Belum Lunas"},"39":"003","7":"0303184001","40":"001","41":"20000002"}
2021-03-03 18:40:22.058[                 ]INFO [m.controller.Request:151][request-wstirtanadi] Start Inquiry
2021-03-03 18:40:34.439[                 ]INFO [m.controller.Request:203][request-wstirtanadi] Request Iso to Biller : 00730100822000008280000080000000000000000303184022000001010103003200120000002
2021-03-03 18:40:34.440[                 ]INFO [m.controller.Request:204][request-wstirtanadi] Response Iso Biller : {"11":"000001","33":"0101030032","12":"0303184034","57":"000","MTI":"0110","25":"0007","48":{"no_rmh":"NO. 4-D\/8","nama":"BANK NEGARA INDONESIA (BNI)","no_hp":null,"nmTarip":"N.3","kocab":"01","tgl_putus":null,"alamat":"SISINGAMANGARAJA"},"39":"001","7":"0303184022","40":"001","41":"20000002"}
2021-03-03 18:40:34.440[                 ]INFO [m.controller.Request:208][request-wstirtanadi] Response Json : {"11":"000001","33":"0101030032","12":"0303184034","57":"000","MTI":"0110","25":"0007","48":{"no_rmh":"NO. 4-D\/8","nama":"BANK NEGARA INDONESIA (BNI)","no_hp":null,"nmTarip":"N.3","kocab":"01","tgl_putus":null,"alamat":"SISINGAMANGARAJA"},"39":"001","7":"0303184022","40":"001","41":"20000002"}
2021-03-03 18:40:34.857[                 ]INFO [m.controller.Request:282][request-wstirtanadi] Request Iso to Biller : 00730100822000008280000080000000000000000303184034000002010103003200420000002
2021-03-03 18:40:34.857[                 ]INFO [m.controller.Request:283][request-wstirtanadi] Response Iso Biller : {"11":"000002","33":"0101030032","12":"0303184035","57":"000","MTI":"0110","25":"0000","39":"004","7":"0303184034","40":"002","41":"20000002"}
2021-03-03 18:40:34.857[                 ]INFO [m.controller.Request:287][request-wstirtanadi] Response Json : {"11":"000002","33":"0101030032","12":"0303184035","57":"000","MTI":"0110","25":"0000","39":"004","7":"0303184034","40":"002","41":"20000002"}
2021-03-03 18:40:39.301[                 ]INFO [m.controller.Request:151][request-wstirtanadi] Start Inquiry
2021-03-03 18:40:39.649[                 ]INFO [m.controller.Request:203][request-wstirtanadi] Request Iso to Biller : 00730100822000008280000080000000000000000303184039000001010103003200120000002
2021-03-03 18:40:39.649[                 ]INFO [m.controller.Request:204][request-wstirtanadi] Response Iso Biller : {"11":"000001","33":"0101030032","12":"0303184040","57":"000","MTI":"0110","25":"0007","48":{"no_rmh":"NO. 4-D\/8","nama":"BANK NEGARA INDONESIA (BNI)","no_hp":null,"nmTarip":"N.3","kocab":"01","tgl_putus":null,"alamat":"SISINGAMANGARAJA"},"39":"001","7":"0303184039","40":"001","41":"20000002"}
2021-03-03 18:40:39.650[                 ]INFO [m.controller.Request:208][request-wstirtanadi] Response Json : {"11":"000001","33":"0101030032","12":"0303184040","57":"000","MTI":"0110","25":"0007","48":{"no_rmh":"NO. 4-D\/8","nama":"BANK NEGARA INDONESIA (BNI)","no_hp":null,"nmTarip":"N.3","kocab":"01","tgl_putus":null,"alamat":"SISINGAMANGARAJA"},"39":"001","7":"0303184039","40":"001","41":"20000002"}
2021-03-03 18:40:40.062[                 ]INFO [m.controller.Request:282][request-wstirtanadi] Request Iso to Biller : 00730100822000008280000080000000000000000303184039000002010103003200420000002
2021-03-03 18:40:40.063[                 ]INFO [m.controller.Request:283][request-wstirtanadi] Response Iso Biller : {"11":"000002","33":"0101030032","12":"0303184040","57":"000","MTI":"0110","25":"0000","39":"004","7":"0303184039","40":"002","41":"20000002"}
2021-03-03 18:40:40.063[                 ]INFO [m.controller.Request:287][request-wstirtanadi] Response Json : {"11":"000002","33":"0101030032","12":"0303184040","57":"000","MTI":"0110","25":"0000","39":"004","7":"0303184039","40":"002","41":"20000002"}
2021-03-03 18:40:57.736[                 ]INFO [m.controller.Request:151][request-wstirtanadi] Start Inquiry
2021-03-03 18:40:58.065[                 ]INFO [m.controller.Request:203][request-wstirtanadi] Request Iso to Biller : 00730100822000008280000080000000000000000303184057000001010103003100120000002
2021-03-03 18:40:58.065[                 ]INFO [m.controller.Request:204][request-wstirtanadi] Response Iso Biller : {"11":"000001","33":"0101030031","12":"0303184058","57":"000","MTI":"0110","25":"0007","48":{"no_rmh":"4-C","nama":"ROSIHAN ARBIE,DR","no_hp":null,"nmTarip":"N.1","kocab":"01","tgl_putus":"2005-04-13 00:00:00.0","alamat":"SISINGAMANGRAJA"},"39":"001","7":"0303184057","40":"003","41":"20000002"}
2021-03-03 18:40:58.066[                 ]INFO [m.controller.Request:208][request-wstirtanadi] Response Json : {"11":"000001","33":"0101030031","12":"0303184058","57":"000","MTI":"0110","25":"0007","48":{"no_rmh":"4-C","nama":"ROSIHAN ARBIE,DR","no_hp":null,"nmTarip":"N.1","kocab":"01","tgl_putus":"2005-04-13 00:00:00.0","alamat":"SISINGAMANGRAJA"},"39":"001","7":"0303184057","40":"003","41":"20000002"}
