2021-09-01 16:50:03.444[                 ]INFO [otMybatisApplication:55]Starting SpringBootMybatisApplication on DESKTOP-RKJ18PE with PID 19752 (E:\SWITCHING_PAPANG\WORKSPACE\GATEWAY\WSTNISO\GatewayTirtanadi\target\classes started by Mr Papang in E:\SWITCHING_PAPANG\WORKSPACE\GATEWAY\WSTNISO\GatewayTirtanadi)
2021-09-01 16:50:03.453[                 ]INFO [otMybatisApplication:651]No active profile set, falling back to default profiles: default
2021-09-01 16:50:06.632[                 ]INFO [otMybatisApplication:61]Started SpringBootMybatisApplication in 3.704 seconds (JVM running for 4.949)
2021-09-01 16:50:13.900[                 ]INFO [m.controller.Request:115][request-wstirtanadi] Start Inquiry
2021-09-01 16:50:14.097[                 ]INFO [m.controller.Request:150][request-wstirtanadi] bit41 : 20000002
2021-09-01 16:50:14.108[                 ]INFO [m.controller.Request:171][request-wstirtanadi] Request to Biller : 00730100822000008280000080000000000000000901165014000001230120016500120000002
2021-09-01 16:50:14.108[                 ]INFO [m.controller.Request:172][request-wstirtanadi] Unpack Request to Biller : {"33":"2301200165","65":"","MTI":"0100","7":"0901165014","39":"001","41":"20000002","11":"000001"}
2021-09-01 16:50:15.609[                 ]INFO [m.controller.Request:178][request-wstirtanadi] Response Iso Biller : {"MTI":"0110","57":"003","12":"0901165004"}
2021-09-01 16:50:39.140[                 ]INFO [otMybatisApplication:55]Starting SpringBootMybatisApplication on DESKTOP-RKJ18PE with PID 22504 (E:\SWITCHING_PAPANG\WORKSPACE\GATEWAY\WSTNISO\GatewayTirtanadi\target\classes started by Mr Papang in E:\SWITCHING_PAPANG\WORKSPACE\GATEWAY\WSTNISO\GatewayTirtanadi)
2021-09-01 16:50:39.147[                 ]INFO [otMybatisApplication:651]No active profile set, falling back to default profiles: default
2021-09-01 16:50:41.995[                 ]INFO [otMybatisApplication:61]Started SpringBootMybatisApplication in 3.353 seconds (JVM running for 4.437)
2021-09-01 16:50:43.435[                 ]INFO [m.controller.Request:115][request-wstirtanadi] Start Inquiry
2021-09-01 16:50:43.548[                 ]INFO [m.controller.Request:150][request-wstirtanadi] bit41 : 20000002
2021-09-01 16:50:43.560[                 ]INFO [m.controller.Request:171][request-wstirtanadi] Request to Biller : 00730100822000008280000080000000000000000901165043000001230120016500120000002
2021-09-01 16:50:43.561[                 ]INFO [m.controller.Request:172][request-wstirtanadi] Unpack Request to Biller : {"33":"2301200165","65":"","MTI":"0100","7":"0901165043","39":"001","41":"20000002","11":"000001"}
2021-09-01 16:50:44.027[                 ]INFO [m.controller.Request:178][request-wstirtanadi] Response Iso Biller : {"48":"07115LENI RAHMA YULI13BALOHO INDAH 04NA.3022315\/GG.TELUK DALAM04null04null","33":"2301200165","65":"","MTI":"0110","7":"0901165043","39":"001","40":"001","25":"0007","41":"20000002","57":"000","11":"000001","12":"0901165045"}
2021-09-01 16:50:44.050[                 ]INFO [m.controller.Request:327][request-wstirtanadi] Request to Biller : 00730100822000008280000080000000000000000901165044000003230120016500420000002
2021-09-01 16:50:44.051[                 ]INFO [m.controller.Request:328][request-wstirtanadi] Unpack Request to Biller : {"33":"2301200165","65":"","MTI":"0100","7":"0901165044","39":"004","41":"20000002","11":"000003"}
2021-09-01 16:50:44.718[                 ]INFO [m.controller.Request:334][request-wstirtanadi] Response Iso Biller : {"48":"528422019120000135000000100000000030000000265004220200100000300000001000000000300000001600042202002000005000000010000000000000000015000422020030000050000000100000000000000000150004220200400000500000001000000000000000001500042202005000005000000010000000000000000015000422020060000050000000100000000000000000150004220200700000500000001000000000000000001500042202008000005000000010000000000000000015000422020090000050000000100000000000000000150004220201000000500000001000000000000000001500042202011000005000000010000000000000000015000","33":"2301200165","65":"","MTI":"0110","7":"0901165044","39":"004","40":"001","25":"0012","41":"20000002","57":"000","11":"000003","12":"0901165045"}
2021-09-01 16:50:46.306[                 ]INFO [m.controller.Request:439][request-wstirtanadi] Request Iso to Biller : 00810100822C0000828000008000000000000000090116504400000400122019230120016500320000002
2021-09-01 16:50:46.307[                 ]INFO [m.controller.Request:440][request-wstirtanadi] Response Iso Biller : 02110110823C00808381008080000000000000000901165044000004090116504700122019001223012001650030012000000210710410230120016515LENI RAHMA YULI13BALOHO INDAH 04NA.30620191201001005135000510000043000052650011Belum Lunas000
2021-09-01 16:50:46.307[                 ]INFO [m.controller.Request:441][request-wstirtanadi] Convert Response to Json : {"33":"2301200165","65":"","MTI":"0110","7":"0901165044","39":"003","40":"001","41":"20000002","11":"000004","12":"0901165047","13":"0012","14":"2019","48":"10410230120016515LENI RAHMA YULI13BALOHO INDAH 04NA.30620191201001005135000510000043000052650011Belum Lunas","25":"0012","57":"000"}
2021-09-01 16:50:47.934[                 ]INFO [m.controller.Request:439][request-wstirtanadi] Request Iso to Biller : 00810100822C0000828000008000000000000000090116504400000500012020230120016500320000002
2021-09-01 16:50:47.935[                 ]INFO [m.controller.Request:440][request-wstirtanadi] Response Iso Biller : 02100110823C00808381008080000000000000000901165044000005090116504900012020001223012001650030012000000210610310230120016515LENI RAHMA YULI13BALOHO INDAH 04NA.3062020010100100430000510000043000051600011Belum Lunas000
2021-09-01 16:50:47.935[                 ]INFO [m.controller.Request:441][request-wstirtanadi] Convert Response to Json : {"33":"2301200165","65":"","MTI":"0110","7":"0901165044","39":"003","40":"001","41":"20000002","11":"000005","12":"0901165049","13":"0001","14":"2020","48":"10310230120016515LENI RAHMA YULI13BALOHO INDAH 04NA.3062020010100100430000510000043000051600011Belum Lunas","25":"0012","57":"000"}
2021-09-01 16:50:49.394[                 ]INFO [m.controller.Request:439][request-wstirtanadi] Request Iso to Biller : 00810100822C0000828000008000000000000000090116504400000600022020230120016500320000002
2021-09-01 16:50:49.394[                 ]INFO [m.controller.Request:440][request-wstirtanadi] Response Iso Biller : 02070110823C00808381008080000000000000000901165044000006090116505000022020001223012001650030012000000210310010230120016515LENI RAHMA YULI13BALOHO INDAH 04NA.3062020020100100450000510000010051500011Belum Lunas000
2021-09-01 16:50:49.395[                 ]INFO [m.controller.Request:441][request-wstirtanadi] Convert Response to Json : {"33":"2301200165","65":"","MTI":"0110","7":"0901165044","39":"003","40":"001","41":"20000002","11":"000006","12":"0901165050","13":"0002","14":"2020","48":"10010230120016515LENI RAHMA YULI13BALOHO INDAH 04NA.3062020020100100450000510000010051500011Belum Lunas","25":"0012","57":"000"}
2021-09-01 16:50:51.058[                 ]INFO [m.controller.Request:439][request-wstirtanadi] Request Iso to Biller : 00810100822C0000828000008000000000000000090116504400000700032020230120016500320000002
2021-09-01 16:50:51.059[                 ]INFO [m.controller.Request:440][request-wstirtanadi] Response Iso Biller : 02100110823C00808381008080000000000000000901165044000007090116505200032020001223012001650030012000000210610310230120016515LENI RAHMA YULI13BALOHO INDAH 04NA.3062020030417650100450000510000010051500011Belum Lunas000
2021-09-01 16:50:51.059[                 ]INFO [m.controller.Request:441][request-wstirtanadi] Convert Response to Json : {"33":"2301200165","65":"","MTI":"0110","7":"0901165044","39":"003","40":"001","41":"20000002","11":"000007","12":"0901165052","13":"0003","14":"2020","48":"10310230120016515LENI RAHMA YULI13BALOHO INDAH 04NA.3062020030417650100450000510000010051500011Belum Lunas","25":"0012","57":"000"}
2021-09-01 16:50:52.496[                 ]INFO [m.controller.Request:439][request-wstirtanadi] Request Iso to Biller : 00810100822C0000828000008000000000000000090116504400000800042020230120016500320000002
2021-09-01 16:50:52.496[                 ]INFO [m.controller.Request:440][request-wstirtanadi] Response Iso Biller : 02130110823C00808381008080000000000000000901165044000008090116505300042020001223012001650030012000000210910610230120016515LENI RAHMA YULI13BALOHO INDAH 04NA.3062020040717650000100450000510000010051500011Belum Lunas000
2021-09-01 16:50:52.497[                 ]INFO [m.controller.Request:441][request-wstirtanadi] Convert Response to Json : {"33":"2301200165","65":"","MTI":"0110","7":"0901165044","39":"003","40":"001","41":"20000002","11":"000008","12":"0901165053","13":"0004","14":"2020","48":"10610230120016515LENI RAHMA YULI13BALOHO INDAH 04NA.3062020040717650000100450000510000010051500011Belum Lunas","25":"0012","57":"000"}
2021-09-01 16:50:54.196[                 ]INFO [m.controller.Request:439][request-wstirtanadi] Request Iso to Biller : 00810100822C0000828000008000000000000000090116504400000900052020230120016500320000002
2021-09-01 16:50:54.196[                 ]INFO [m.controller.Request:440][request-wstirtanadi] Response Iso Biller : 02130110823C00808381008080000000000000000901165044000009090116505500052020001223012001650030012000000210910610230120016515LENI RAHMA YULI13BALOHO INDAH 04NA.3062020050717650000100450000510000010051500011Belum Lunas000
2021-09-01 16:50:54.197[                 ]INFO [m.controller.Request:441][request-wstirtanadi] Convert Response to Json : {"33":"2301200165","65":"","MTI":"0110","7":"0901165044","39":"003","40":"001","41":"20000002","11":"000009","12":"0901165055","13":"0005","14":"2020","48":"10610230120016515LENI RAHMA YULI13BALOHO INDAH 04NA.3062020050717650000100450000510000010051500011Belum Lunas","25":"0012","57":"000"}
2021-09-01 16:50:55.965[                 ]INFO [m.controller.Request:439][request-wstirtanadi] Request Iso to Biller : 00810100822C0000828000008000000000000000090116504400001000062020230120016500320000002
2021-09-01 16:50:55.965[                 ]INFO [m.controller.Request:440][request-wstirtanadi] Response Iso Biller : 02130110823C00808381008080000000000000000901165044000010090116505700062020001223012001650030012000000210910610230120016515LENI RAHMA YULI13BALOHO INDAH 04NA.3062020060717650000100450000510000010051500011Belum Lunas000
2021-09-01 16:50:55.966[                 ]INFO [m.controller.Request:441][request-wstirtanadi] Convert Response to Json : {"33":"2301200165","65":"","MTI":"0110","7":"0901165044","39":"003","40":"001","41":"20000002","11":"000010","12":"0901165057","13":"0006","14":"2020","48":"10610230120016515LENI RAHMA YULI13BALOHO INDAH 04NA.3062020060717650000100450000510000010051500011Belum Lunas","25":"0012","57":"000"}
2021-09-01 16:50:57.356[                 ]INFO [m.controller.Request:439][request-wstirtanadi] Request Iso to Biller : 00810100822C0000828000008000000000000000090116504400001100072020230120016500320000002
2021-09-01 16:50:57.356[                 ]INFO [m.controller.Request:440][request-wstirtanadi] Response Iso Biller : 02130110823C00808381008080000000000000000901165044000011090116505800072020001223012001650030012000000210910610230120016515LENI RAHMA YULI13BALOHO INDAH 04NA.3062020070717650000100450000510000010051500011Belum Lunas000
2021-09-01 16:50:57.356[                 ]INFO [m.controller.Request:441][request-wstirtanadi] Convert Response to Json : {"33":"2301200165","65":"","MTI":"0110","7":"0901165044","39":"003","40":"001","41":"20000002","11":"000011","12":"0901165058","13":"0007","14":"2020","48":"10610230120016515LENI RAHMA YULI13BALOHO INDAH 04NA.3062020070717650000100450000510000010051500011Belum Lunas","25":"0012","57":"000"}
2021-09-01 16:50:59.115[                 ]INFO [m.controller.Request:439][request-wstirtanadi] Request Iso to Biller : 00810100822C0000828000008000000000000000090116504400001200082020230120016500320000002
2021-09-01 16:50:59.115[                 ]INFO [m.controller.Request:440][request-wstirtanadi] Response Iso Biller : 02130110823C00808381008080000000000000000901165044000012090116510000082020001223012001650030012000000210910610230120016515LENI RAHMA YULI13BALOHO INDAH 04NA.3062020080717650000100450000510000010051500011Belum Lunas000
2021-09-01 16:50:59.116[                 ]INFO [m.controller.Request:441][request-wstirtanadi] Convert Response to Json : {"33":"2301200165","65":"","MTI":"0110","7":"0901165044","39":"003","40":"001","41":"20000002","11":"000012","12":"0901165100","13":"0008","14":"2020","48":"10610230120016515LENI RAHMA YULI13BALOHO INDAH 04NA.3062020080717650000100450000510000010051500011Belum Lunas","25":"0012","57":"000"}
2021-09-01 16:51:00.657[                 ]INFO [m.controller.Request:439][request-wstirtanadi] Request Iso to Biller : 00810100822C0000828000008000000000000000090116504400001300092020230120016500320000002
2021-09-01 16:51:00.658[                 ]INFO [m.controller.Request:440][request-wstirtanadi] Response Iso Biller : 02130110823C00808381008080000000000000000901165044000013090116510100092020001223012001650030012000000210910610230120016515LENI RAHMA YULI13BALOHO INDAH 04NA.3062020090717650000100450000510000010051500011Belum Lunas000
2021-09-01 16:51:00.658[                 ]INFO [m.controller.Request:441][request-wstirtanadi] Convert Response to Json : {"33":"2301200165","65":"","MTI":"0110","7":"0901165044","39":"003","40":"001","41":"20000002","11":"000013","12":"0901165101","13":"0009","14":"2020","48":"10610230120016515LENI RAHMA YULI13BALOHO INDAH 04NA.3062020090717650000100450000510000010051500011Belum Lunas","25":"0012","57":"000"}
2021-09-01 16:51:02.693[                 ]INFO [m.controller.Request:439][request-wstirtanadi] Request Iso to Biller : 00810100822C0000828000008000000000000000090116504400001400102020230120016500320000002
2021-09-01 16:51:02.693[                 ]INFO [m.controller.Request:440][request-wstirtanadi] Response Iso Biller : 02130110823C00808381008080000000000000000901165044000014090116510300102020001223012001650030012000000210910610230120016515LENI RAHMA YULI13BALOHO INDAH 04NA.3062020100717650000100450000510000010051500011Belum Lunas000
2021-09-01 16:51:02.693[                 ]INFO [m.controller.Request:441][request-wstirtanadi] Convert Response to Json : {"33":"2301200165","65":"","MTI":"0110","7":"0901165044","39":"003","40":"001","41":"20000002","11":"000014","12":"0901165103","13":"0010","14":"2020","48":"10610230120016515LENI RAHMA YULI13BALOHO INDAH 04NA.3062020100717650000100450000510000010051500011Belum Lunas","25":"0012","57":"000"}
2021-09-01 16:51:04.383[                 ]INFO [m.controller.Request:439][request-wstirtanadi] Request Iso to Biller : 00810100822C0000828000008000000000000000090116504400001500112020230120016500320000002
2021-09-01 16:51:04.384[                 ]INFO [m.controller.Request:440][request-wstirtanadi] Response Iso Biller : 02130110823C00808381008080000000000000000901165044000015090116510500112020001223012001650030012000000210910610230120016515LENI RAHMA YULI13BALOHO INDAH 04NA.3062020110717650000100450000510000010051500011Belum Lunas000
2021-09-01 16:51:04.384[                 ]INFO [m.controller.Request:441][request-wstirtanadi] Convert Response to Json : {"33":"2301200165","65":"","MTI":"0110","7":"0901165044","39":"003","40":"001","41":"20000002","11":"000015","12":"0901165105","13":"0011","14":"2020","48":"10610230120016515LENI RAHMA YULI13BALOHO INDAH 04NA.3062020110717650000100450000510000010051500011Belum Lunas","25":"0012","57":"000"}
2021-09-01 18:30:43.657[                 ]INFO [otMybatisApplication:55]Starting SpringBootMybatisApplication on DESKTOP-RKJ18PE with PID 17288 (E:\SWITCHING_PAPANG\WORKSPACE\GATEWAY\WSTNISO\GatewayTirtanadi\target\classes started by Mr Papang in E:\SWITCHING_PAPANG\WORKSPACE\GATEWAY\WSTNISO\GatewayTirtanadi)
2021-09-01 18:30:43.667[                 ]INFO [otMybatisApplication:651]No active profile set, falling back to default profiles: default
2021-09-01 18:30:46.707[                 ]INFO [otMybatisApplication:61]Started SpringBootMybatisApplication in 3.541 seconds (JVM running for 4.635)
2021-09-01 18:30:50.519[                 ]INFO [m.controller.Request:115][inquiry-wstirtanadi] Start Inquiry
2021-09-01 18:30:50.639[                 ]INFO [m.controller.Request:150][inquiry-wstirtanadi] bit41 : 20000002
2021-09-01 18:30:50.650[                 ]INFO [m.controller.Request:171][inquiry-wstirtanadi] Request to Biller : 00730100822000008280000080000000000000000901183050000001230120016500120000002
2021-09-01 18:30:50.650[                 ]INFO [m.controller.Request:172][inquiry-wstirtanadi] Unpack Request to Biller : {"33":"2301200165","65":"","MTI":"0100","7":"0901183050","39":"001","41":"20000002","11":"000001"}
2021-09-01 18:30:52.397[                 ]INFO [m.controller.Request:178][inquiry-wstirtanadi] Response Iso Biller : {"48":"07115LENI RAHMA YULI13BALOHO INDAH 04NA.3022315\/GG.TELUK DALAM04null04null","33":"2301200165","65":"","MTI":"0110","7":"0901183050","39":"001","40":"001","25":"0007","41":"20000002","57":"000","11":"000001","12":"0901183053"}
2021-09-01 18:30:52.430[                 ]INFO [m.controller.Request:327][inquiry-wstirtanadi] Request to Biller : 00730100822000008280000080000000000000000901183052000003230120016500420000002
2021-09-01 18:30:52.431[                 ]INFO [m.controller.Request:328][inquiry-wstirtanadi] Unpack Request to Biller : {"33":"2301200165","65":"","MTI":"0100","7":"0901183052","39":"004","41":"20000002","11":"000003"}
2021-09-01 18:30:53.799[                 ]INFO [m.controller.Request:334][request-wstirtanadi] Response Iso Biller : {"48":"528422019120000135000000100000000030000000265004220200100000300000001000000000300000001600042202002000005000000010000000000000000015000422020030000050000000100000000000000000150004220200400000500000001000000000000000001500042202005000005000000010000000000000000015000422020060000050000000100000000000000000150004220200700000500000001000000000000000001500042202008000005000000010000000000000000015000422020090000050000000100000000000000000150004220201000000500000001000000000000000001500042202011000005000000010000000000000000015000","33":"2301200165","65":"","MTI":"0110","7":"0901183052","39":"004","40":"001","25":"0012","41":"20000002","57":"000","11":"000003","12":"0901183054"}
2021-09-01 18:30:54.848[                 ]INFO [m.controller.Request:439][inquiry-wstirtanadi] Request Iso to Biller : 00810100822C0000828000008000000000000000090118305200000400122019230120016500320000002
2021-09-01 18:30:54.848[                 ]INFO [m.controller.Request:440][inquiry-wstirtanadi] Response Iso Biller : 02110110823C00808381008080000000000000000901183052000004090118305600122019001223012001650030012000000210710410230120016515LENI RAHMA YULI13BALOHO INDAH 04NA.30620191201001005135000510000043000052650011Belum Lunas000
2021-09-01 18:30:54.848[                 ]INFO [m.controller.Request:441][inquiry-wstirtanadi] Convert Response to Json : {"33":"2301200165","65":"","MTI":"0110","7":"0901183052","39":"003","40":"001","41":"20000002","11":"000004","12":"0901183056","13":"0012","14":"2019","48":"10410230120016515LENI RAHMA YULI13BALOHO INDAH 04NA.30620191201001005135000510000043000052650011Belum Lunas","25":"0012","57":"000"}
2021-09-01 18:30:55.952[                 ]INFO [m.controller.Request:439][inquiry-wstirtanadi] Request Iso to Biller : 00810100822C0000828000008000000000000000090118305200000500012020230120016500320000002
2021-09-01 18:30:55.953[                 ]INFO [m.controller.Request:440][inquiry-wstirtanadi] Response Iso Biller : 02100110823C00808381008080000000000000000901183052000005090118305700012020001223012001650030012000000210610310230120016515LENI RAHMA YULI13BALOHO INDAH 04NA.3062020010100100430000510000043000051600011Belum Lunas000
2021-09-01 18:30:55.953[                 ]INFO [m.controller.Request:441][inquiry-wstirtanadi] Convert Response to Json : {"33":"2301200165","65":"","MTI":"0110","7":"0901183052","39":"003","40":"001","41":"20000002","11":"000005","12":"0901183057","13":"0001","14":"2020","48":"10310230120016515LENI RAHMA YULI13BALOHO INDAH 04NA.3062020010100100430000510000043000051600011Belum Lunas","25":"0012","57":"000"}
2021-09-01 18:30:56.997[                 ]INFO [m.controller.Request:439][inquiry-wstirtanadi] Request Iso to Biller : 00810100822C0000828000008000000000000000090118305200000600022020230120016500320000002
2021-09-01 18:30:56.998[                 ]INFO [m.controller.Request:440][inquiry-wstirtanadi] Response Iso Biller : 02070110823C00808381008080000000000000000901183052000006090118305800022020001223012001650030012000000210310010230120016515LENI RAHMA YULI13BALOHO INDAH 04NA.3062020020100100450000510000010051500011Belum Lunas000
2021-09-01 18:30:56.998[                 ]INFO [m.controller.Request:441][inquiry-wstirtanadi] Convert Response to Json : {"33":"2301200165","65":"","MTI":"0110","7":"0901183052","39":"003","40":"001","41":"20000002","11":"000006","12":"0901183058","13":"0002","14":"2020","48":"10010230120016515LENI RAHMA YULI13BALOHO INDAH 04NA.3062020020100100450000510000010051500011Belum Lunas","25":"0012","57":"000"}
2021-09-01 18:30:57.926[                 ]INFO [m.controller.Request:439][inquiry-wstirtanadi] Request Iso to Biller : 00810100822C0000828000008000000000000000090118305200000700032020230120016500320000002
2021-09-01 18:30:57.927[                 ]INFO [m.controller.Request:440][inquiry-wstirtanadi] Response Iso Biller : 02100110823C00808381008080000000000000000901183052000007090118305900032020001223012001650030012000000210610310230120016515LENI RAHMA YULI13BALOHO INDAH 04NA.3062020030417650100450000510000010051500011Belum Lunas000
2021-09-01 18:30:57.927[                 ]INFO [m.controller.Request:441][inquiry-wstirtanadi] Convert Response to Json : {"33":"2301200165","65":"","MTI":"0110","7":"0901183052","39":"003","40":"001","41":"20000002","11":"000007","12":"0901183059","13":"0003","14":"2020","48":"10310230120016515LENI RAHMA YULI13BALOHO INDAH 04NA.3062020030417650100450000510000010051500011Belum Lunas","25":"0012","57":"000"}
2021-09-01 18:30:58.931[                 ]INFO [m.controller.Request:439][inquiry-wstirtanadi] Request Iso to Biller : 00810100822C0000828000008000000000000000090118305200000800042020230120016500320000002
2021-09-01 18:30:58.932[                 ]INFO [m.controller.Request:440][inquiry-wstirtanadi] Response Iso Biller : 02130110823C00808381008080000000000000000901183052000008090118310000042020001223012001650030012000000210910610230120016515LENI RAHMA YULI13BALOHO INDAH 04NA.3062020040717650000100450000510000010051500011Belum Lunas000
2021-09-01 18:30:58.932[                 ]INFO [m.controller.Request:441][inquiry-wstirtanadi] Convert Response to Json : {"33":"2301200165","65":"","MTI":"0110","7":"0901183052","39":"003","40":"001","41":"20000002","11":"000008","12":"0901183100","13":"0004","14":"2020","48":"10610230120016515LENI RAHMA YULI13BALOHO INDAH 04NA.3062020040717650000100450000510000010051500011Belum Lunas","25":"0012","57":"000"}
2021-09-01 18:31:00.071[                 ]INFO [m.controller.Request:439][inquiry-wstirtanadi] Request Iso to Biller : 00810100822C0000828000008000000000000000090118305200000900052020230120016500320000002
2021-09-01 18:31:00.071[                 ]INFO [m.controller.Request:440][inquiry-wstirtanadi] Response Iso Biller : 02130110823C00808381008080000000000000000901183052000009090118310100052020001223012001650030012000000210910610230120016515LENI RAHMA YULI13BALOHO INDAH 04NA.3062020050717650000100450000510000010051500011Belum Lunas000
2021-09-01 18:31:00.071[                 ]INFO [m.controller.Request:441][inquiry-wstirtanadi] Convert Response to Json : {"33":"2301200165","65":"","MTI":"0110","7":"0901183052","39":"003","40":"001","41":"20000002","11":"000009","12":"0901183101","13":"0005","14":"2020","48":"10610230120016515LENI RAHMA YULI13BALOHO INDAH 04NA.3062020050717650000100450000510000010051500011Belum Lunas","25":"0012","57":"000"}
2021-09-01 18:31:01.212[                 ]INFO [m.controller.Request:439][inquiry-wstirtanadi] Request Iso to Biller : 00810100822C0000828000008000000000000000090118305200001000062020230120016500320000002
2021-09-01 18:31:01.213[                 ]INFO [m.controller.Request:440][inquiry-wstirtanadi] Response Iso Biller : 02130110823C00808381008080000000000000000901183052000010090118310200062020001223012001650030012000000210910610230120016515LENI RAHMA YULI13BALOHO INDAH 04NA.3062020060717650000100450000510000010051500011Belum Lunas000
2021-09-01 18:31:01.213[                 ]INFO [m.controller.Request:441][inquiry-wstirtanadi] Convert Response to Json : {"33":"2301200165","65":"","MTI":"0110","7":"0901183052","39":"003","40":"001","41":"20000002","11":"000010","12":"0901183102","13":"0006","14":"2020","48":"10610230120016515LENI RAHMA YULI13BALOHO INDAH 04NA.3062020060717650000100450000510000010051500011Belum Lunas","25":"0012","57":"000"}
2021-09-01 18:31:02.402[                 ]INFO [m.controller.Request:439][inquiry-wstirtanadi] Request Iso to Biller : 00810100822C0000828000008000000000000000090118305200001100072020230120016500320000002
2021-09-01 18:31:02.403[                 ]INFO [m.controller.Request:440][inquiry-wstirtanadi] Response Iso Biller : 02130110823C00808381008080000000000000000901183052000011090118310300072020001223012001650030012000000210910610230120016515LENI RAHMA YULI13BALOHO INDAH 04NA.3062020070717650000100450000510000010051500011Belum Lunas000
2021-09-01 18:31:02.403[                 ]INFO [m.controller.Request:441][inquiry-wstirtanadi] Convert Response to Json : {"33":"2301200165","65":"","MTI":"0110","7":"0901183052","39":"003","40":"001","41":"20000002","11":"000011","12":"0901183103","13":"0007","14":"2020","48":"10610230120016515LENI RAHMA YULI13BALOHO INDAH 04NA.3062020070717650000100450000510000010051500011Belum Lunas","25":"0012","57":"000"}
2021-09-01 18:31:03.668[                 ]INFO [m.controller.Request:439][inquiry-wstirtanadi] Request Iso to Biller : 00810100822C0000828000008000000000000000090118305200001200082020230120016500320000002
2021-09-01 18:31:03.669[                 ]INFO [m.controller.Request:440][inquiry-wstirtanadi] Response Iso Biller : 02130110823C00808381008080000000000000000901183052000012090118310400082020001223012001650030012000000210910610230120016515LENI RAHMA YULI13BALOHO INDAH 04NA.3062020080717650000100450000510000010051500011Belum Lunas000
2021-09-01 18:31:03.669[                 ]INFO [m.controller.Request:441][inquiry-wstirtanadi] Convert Response to Json : {"33":"2301200165","65":"","MTI":"0110","7":"0901183052","39":"003","40":"001","41":"20000002","11":"000012","12":"0901183104","13":"0008","14":"2020","48":"10610230120016515LENI RAHMA YULI13BALOHO INDAH 04NA.3062020080717650000100450000510000010051500011Belum Lunas","25":"0012","57":"000"}
2021-09-01 18:31:05.205[                 ]INFO [m.controller.Request:439][inquiry-wstirtanadi] Request Iso to Biller : 00810100822C0000828000008000000000000000090118305200001300092020230120016500320000002
2021-09-01 18:31:05.206[                 ]INFO [m.controller.Request:440][inquiry-wstirtanadi] Response Iso Biller : 02130110823C00808381008080000000000000000901183052000013090118310600092020001223012001650030012000000210910610230120016515LENI RAHMA YULI13BALOHO INDAH 04NA.3062020090717650000100450000510000010051500011Belum Lunas000
2021-09-01 18:31:05.206[                 ]INFO [m.controller.Request:441][inquiry-wstirtanadi] Convert Response to Json : {"33":"2301200165","65":"","MTI":"0110","7":"0901183052","39":"003","40":"001","41":"20000002","11":"000013","12":"0901183106","13":"0009","14":"2020","48":"10610230120016515LENI RAHMA YULI13BALOHO INDAH 04NA.3062020090717650000100450000510000010051500011Belum Lunas","25":"0012","57":"000"}
2021-09-01 18:31:06.504[                 ]INFO [m.controller.Request:439][inquiry-wstirtanadi] Request Iso to Biller : 00810100822C0000828000008000000000000000090118305200001400102020230120016500320000002
2021-09-01 18:31:06.504[                 ]INFO [m.controller.Request:440][inquiry-wstirtanadi] Response Iso Biller : 02130110823C00808381008080000000000000000901183052000014090118310700102020001223012001650030012000000210910610230120016515LENI RAHMA YULI13BALOHO INDAH 04NA.3062020100717650000100450000510000010051500011Belum Lunas000
2021-09-01 18:31:06.504[                 ]INFO [m.controller.Request:441][inquiry-wstirtanadi] Convert Response to Json : {"33":"2301200165","65":"","MTI":"0110","7":"0901183052","39":"003","40":"001","41":"20000002","11":"000014","12":"0901183107","13":"0010","14":"2020","48":"10610230120016515LENI RAHMA YULI13BALOHO INDAH 04NA.3062020100717650000100450000510000010051500011Belum Lunas","25":"0012","57":"000"}
2021-09-01 18:31:07.872[                 ]INFO [m.controller.Request:439][inquiry-wstirtanadi] Request Iso to Biller : 00810100822C0000828000008000000000000000090118305200001500112020230120016500320000002
2021-09-01 18:31:07.873[                 ]INFO [m.controller.Request:440][inquiry-wstirtanadi] Response Iso Biller : 02130110823C00808381008080000000000000000901183052000015090118310900112020001223012001650030012000000210910610230120016515LENI RAHMA YULI13BALOHO INDAH 04NA.3062020110717650000100450000510000010051500011Belum Lunas000
2021-09-01 18:31:07.873[                 ]INFO [m.controller.Request:441][inquiry-wstirtanadi] Convert Response to Json : {"33":"2301200165","65":"","MTI":"0110","7":"0901183052","39":"003","40":"001","41":"20000002","11":"000015","12":"0901183109","13":"0011","14":"2020","48":"10610230120016515LENI RAHMA YULI13BALOHO INDAH 04NA.3062020110717650000100450000510000010051500011Belum Lunas","25":"0012","57":"000"}
