2021-04-20 12:59:25.474[                 ]INFO [otMybatisApplication:55]Starting SpringBootMybatisApplication on DESKTOP-RKJ18PE with PID 14908 (E:\SWITCHING_PAPANG\WORKSPACE\GATEWAY\WSTNISO\GatewayTirtanadi\target\classes started by Mr Papang in E:\SWITCHING_PAPANG\WORKSPACE\GATEWAY\WSTNISO\GatewayTirtanadi)
2021-04-20 12:59:25.484[                 ]INFO [otMybatisApplication:651]No active profile set, falling back to default profiles: default
2021-04-20 12:59:30.797[                 ]INFO [otMybatisApplication:61]Started SpringBootMybatisApplication in 6.367 seconds (JVM running for 8.839)
2021-04-20 12:59:45.347[                 ]INFO [m.controller.Request:117][request-wstirtanadi] Start Inquiry
2021-04-20 13:00:21.733[                 ]INFO [m.controller.Request:160][request-wstirtanadi] Request Iso to Biller : 00730100822000008280000080000000000000000420130005000001010103004900120000009
2021-04-20 13:00:27.906[                 ]INFO [m.controller.Request:161][request-wstirtanadi] Response Iso Biller : {"11":"000001","12":"0420130016","57":"003","MTI":"0110","39":"001","7":"0420130005","40":"000","41":"20000009"}
2021-04-20 13:01:02.392[                 ]INFO [m.controller.Request:165][request-wstirtanadi] Response Json : {"11":"000001","12":"0420130016","57":"003","MTI":"0110","39":"001","7":"0420130005","40":"000","41":"20000009"}
2021-04-20 13:01:09.792[                 ]INFO [otMybatisApplication:55]Starting SpringBootMybatisApplication on DESKTOP-RKJ18PE with PID 5728 (E:\SWITCHING_PAPANG\WORKSPACE\GATEWAY\WSTNISO\GatewayTirtanadi\target\classes started by Mr Papang in E:\SWITCHING_PAPANG\WORKSPACE\GATEWAY\WSTNISO\GatewayTirtanadi)
2021-04-20 13:01:09.799[                 ]INFO [otMybatisApplication:651]No active profile set, falling back to default profiles: default
2021-04-20 13:01:12.984[                 ]INFO [otMybatisApplication:61]Started SpringBootMybatisApplication in 3.728 seconds (JVM running for 4.84)
2021-04-20 13:01:20.507[                 ]INFO [m.controller.Request:117][request-wstirtanadi] Start Inquiry
2021-04-20 13:01:34.055[                 ]INFO [m.controller.Request:160][request-wstirtanadi] Request Iso to Biller : 00730100822000008280000080000000000000000420130120000001010103004900120000008
2021-04-20 13:01:34.057[                 ]INFO [m.controller.Request:161][request-wstirtanadi] Response Iso Biller : {"11":"000001","12":"0420130123","57":"003","MTI":"0110","39":"001","7":"0420130120","40":"000","41":"20000008"}
2021-04-20 13:01:34.058[                 ]INFO [m.controller.Request:165][request-wstirtanadi] Response Json : {"11":"000001","12":"0420130123","57":"003","MTI":"0110","39":"001","7":"0420130120","40":"000","41":"20000008"}
2021-04-20 13:02:54.508[                 ]INFO [m.controller.Request:117][request-wstirtanadi] Start Inquiry
2021-04-20 13:02:59.249[                 ]INFO [m.controller.Request:160][request-wstirtanadi] Request Iso to Biller : 00730100822000008280000080000000000000000420130254000002010103004900120000008
2021-04-20 13:02:59.249[                 ]INFO [m.controller.Request:161][request-wstirtanadi] Response Iso Biller : {"11":"000002","12":"0420130257","57":"003","MTI":"0110","39":"001","7":"0420130254","40":"000","41":"20000008"}
2021-04-20 13:02:59.249[                 ]INFO [m.controller.Request:165][request-wstirtanadi] Response Json : {"11":"000002","12":"0420130257","57":"003","MTI":"0110","39":"001","7":"0420130254","40":"000","41":"20000008"}
2021-04-20 13:03:25.560[                 ]INFO [m.controller.Request:117][request-wstirtanadi] Start Inquiry
2021-04-20 13:03:29.323[                 ]INFO [m.controller.Request:160][request-wstirtanadi] Request Iso to Biller : 00730100822000008280000080000000000000000420130325000003010103004900120000008
2021-04-20 13:03:29.727[                 ]INFO [m.controller.Request:161][request-wstirtanadi] Response Iso Biller : {"11":"000003","12":"0420130326","57":"003","MTI":"0110","39":"001","7":"0420130325","40":"000","41":"20000008"}
2021-04-20 13:03:30.359[                 ]INFO [m.controller.Request:165][request-wstirtanadi] Response Json : {"11":"000003","12":"0420130326","57":"003","MTI":"0110","39":"001","7":"0420130325","40":"000","41":"20000008"}
2021-04-20 13:10:17.663[                 ]INFO [m.controller.Request:117][request-wstirtanadi] Start Inquiry
2021-04-20 13:10:27.812[                 ]INFO [m.controller.Request:160][request-wstirtanadi] Request Iso to Biller : 00730100822000008280000080000000000000000420131017000004010103004900120000008
2021-04-20 13:10:27.813[                 ]INFO [m.controller.Request:161][request-wstirtanadi] Response Iso Biller : {"11":"000004","12":"0420131025","57":"003","MTI":"0110","39":"001","7":"0420131017","40":"000","41":"20000008"}
2021-04-20 13:10:27.813[                 ]INFO [m.controller.Request:165][request-wstirtanadi] Response Json : {"11":"000004","12":"0420131025","57":"003","MTI":"0110","39":"001","7":"0420131017","40":"000","41":"20000008"}
2021-04-20 15:35:57.858[                 ]INFO [otMybatisApplication:55]Starting SpringBootMybatisApplication on DESKTOP-RKJ18PE with PID 8992 (E:\SWITCHING_PAPANG\WORKSPACE\GATEWAY\WSTNISO\GatewayTirtanadi\target\classes started by Mr Papang in E:\SWITCHING_PAPANG\WORKSPACE\GATEWAY\WSTNISO\GatewayTirtanadi)
2021-04-20 15:35:57.867[                 ]INFO [otMybatisApplication:651]No active profile set, falling back to default profiles: default
2021-04-20 15:36:00.796[                 ]INFO [otMybatisApplication:61]Started SpringBootMybatisApplication in 3.461 seconds (JVM running for 4.543)
2021-04-20 15:36:05.558[                 ]INFO [m.controller.Request:117][request-wstirtanadi] Start Inquiry
2021-04-20 15:36:11.092[                 ]INFO [m.controller.Request:160][request-wstirtanadi] Request Iso to Biller : 00730100822000008280000080000000000000000420153605000001010103004900120000002
2021-04-20 15:36:11.092[                 ]INFO [m.controller.Request:161][request-wstirtanadi] Response Iso Biller : 016001108230008083810080800000000000000004201536050000010420153608000701010300490010012000000206406111SURYA YOHAN16SISINGAMANGARAJA03N.3020107NO. 8-C04null04null000
2021-04-20 15:36:11.092[                 ]INFO [m.controller.Request:165][request-wstirtanadi] Response Json : 016001108230008083810080800000000000000004201536050000010420153608000701010300490010012000000206406111SURYA YOHAN16SISINGAMANGARAJA03N.3020107NO. 8-C04null04null000
2021-04-20 16:02:38.516[                 ]INFO [otMybatisApplication:55]Starting SpringBootMybatisApplication on DESKTOP-RKJ18PE with PID 6600 (E:\SWITCHING_PAPANG\WORKSPACE\GATEWAY\WSTNISO\GatewayTirtanadi\target\classes started by Mr Papang in E:\SWITCHING_PAPANG\WORKSPACE\GATEWAY\WSTNISO\GatewayTirtanadi)
2021-04-20 16:02:38.523[                 ]INFO [otMybatisApplication:651]No active profile set, falling back to default profiles: default
2021-04-20 16:02:41.789[                 ]INFO [otMybatisApplication:61]Started SpringBootMybatisApplication in 3.857 seconds (JVM running for 5.013)
2021-04-20 16:02:42.450[                 ]INFO [m.controller.Request:117][request-wstirtanadi] Start Inquiry
2021-04-20 16:02:54.018[                 ]INFO [m.controller.Request:117][request-wstirtanadi] Start Inquiry
2021-04-20 16:03:11.033[                 ]INFO [m.controller.Request:117][request-wstirtanadi] Start Inquiry
2021-04-20 16:08:07.943[                 ]INFO [m.controller.Request:117][request-wstirtanadi] Start Inquiry
2021-04-20 16:09:25.591[                 ]INFO [otMybatisApplication:55]Starting SpringBootMybatisApplication on DESKTOP-RKJ18PE with PID 18476 (E:\SWITCHING_PAPANG\WORKSPACE\GATEWAY\WSTNISO\GatewayTirtanadi\target\classes started by Mr Papang in E:\SWITCHING_PAPANG\WORKSPACE\GATEWAY\WSTNISO\GatewayTirtanadi)
2021-04-20 16:09:25.599[                 ]INFO [otMybatisApplication:651]No active profile set, falling back to default profiles: default
2021-04-20 16:09:29.531[                 ]INFO [otMybatisApplication:61]Started SpringBootMybatisApplication in 4.464 seconds (JVM running for 5.666)
2021-04-20 16:10:24.450[                 ]INFO [m.controller.Request:116][request-wstirtanadi] Start Inquiry
2021-04-20 16:14:09.885[                 ]INFO [otMybatisApplication:55]Starting SpringBootMybatisApplication on DESKTOP-RKJ18PE with PID 17552 (E:\SWITCHING_PAPANG\WORKSPACE\GATEWAY\WSTNISO\GatewayTirtanadi\target\classes started by Mr Papang in E:\SWITCHING_PAPANG\WORKSPACE\GATEWAY\WSTNISO\GatewayTirtanadi)
2021-04-20 16:14:09.892[                 ]INFO [otMybatisApplication:651]No active profile set, falling back to default profiles: default
2021-04-20 16:14:12.922[                 ]INFO [otMybatisApplication:61]Started SpringBootMybatisApplication in 3.517 seconds (JVM running for 4.608)
2021-04-20 16:14:41.937[                 ]INFO [otMybatisApplication:55]Starting SpringBootMybatisApplication on DESKTOP-RKJ18PE with PID 4780 (E:\SWITCHING_PAPANG\WORKSPACE\GATEWAY\WSTNISO\GatewayTirtanadi\target\classes started by Mr Papang in E:\SWITCHING_PAPANG\WORKSPACE\GATEWAY\WSTNISO\GatewayTirtanadi)
2021-04-20 16:14:41.944[                 ]INFO [otMybatisApplication:651]No active profile set, falling back to default profiles: default
2021-04-20 16:14:45.102[                 ]INFO [otMybatisApplication:61]Started SpringBootMybatisApplication in 3.67 seconds (JVM running for 4.888)
2021-04-20 16:15:06.648[                 ]INFO [m.controller.Request:116][request-wstirtanadi] Start Inquiry
2021-04-20 16:16:22.316[                 ]INFO [m.controller.Request:161][request-wstirtanadi] Request Iso to Biller : 00730100822000008280000080000000000000000420161506000001010103004900120000002
2021-04-20 16:16:22.790[                 ]INFO [m.controller.Request:162][request-wstirtanadi] Response Iso Biller : {"48":"06111SURYA YOHAN16SISINGAMANGARAJA03N.3020107NO. 8-C04null04null","33":"0101030049","65":"","MTI":"0110","7":"0420161506","39":"001","40":"001","25":"0007","41":"20000002","57":"000","11":"000001","12":"0420161508"}
2021-04-20 16:16:23.797[                 ]INFO [m.controller.Request:166][request-wstirtanadi] Response Json : {"48":"06111SURYA YOHAN16SISINGAMANGARAJA03N.3020107NO. 8-C04null04null","33":"0101030049","65":"","MTI":"0110","7":"0420161506","39":"001","40":"001","25":"0007","41":"20000002","57":"000","11":"000001","12":"0420161508"}
2021-04-20 16:17:02.193[                 ]INFO [m.controller.Request:240][request-wstirtanadi] Request Iso to Biller : 00730100822000008280000080000000000000000420161630000002010103004900420000002
2021-04-20 16:17:03.340[                 ]INFO [m.controller.Request:241][request-wstirtanadi] Response Iso Biller : 014301108230008083810080800000000000000004201616300000020420161652000101010300490040012000000204704442202011000112260000020000000003000000135260000
2021-04-20 16:17:04.413[                 ]INFO [m.controller.Request:245][request-wstirtanadi] Response Json : 014301108230008083810080800000000000000004201616300000020420161652000101010300490040012000000204704442202011000112260000020000000003000000135260000
2021-04-20 16:18:50.900[                 ]INFO [m.controller.Request:116][request-wstirtanadi] Start Inquiry
2021-04-20 16:18:55.625[                 ]INFO [m.controller.Request:161][request-wstirtanadi] Request Iso to Biller : 00730100822000008280000080000000000000000420161850000003010103004900120000002
2021-04-20 16:18:55.625[                 ]INFO [m.controller.Request:162][request-wstirtanadi] Response Iso Biller : {"48":"06111SURYA YOHAN16SISINGAMANGARAJA03N.3020107NO. 8-C04null04null","33":"0101030049","65":"","MTI":"0110","7":"0420161850","39":"001","40":"001","25":"0007","41":"20000002","57":"000","11":"000003","12":"0420161853"}
2021-04-20 16:18:55.625[                 ]INFO [m.controller.Request:166][request-wstirtanadi] Response Json : {"48":"06111SURYA YOHAN16SISINGAMANGARAJA03N.3020107NO. 8-C04null04null","33":"0101030049","65":"","MTI":"0110","7":"0420161850","39":"001","40":"001","25":"0007","41":"20000002","57":"000","11":"000003","12":"0420161853"}
2021-04-20 16:19:01.290[                 ]INFO [m.controller.Request:240][request-wstirtanadi] Request Iso to Biller : 00730100822000008280000080000000000000000420161855000004010103004900420000002
2021-04-20 16:19:01.914[                 ]INFO [m.controller.Request:241][request-wstirtanadi] Response Iso Biller : 014301108230008083810080800000000000000004201618550000040420161855000101010300490040012000000204704442202011000112260000020000000003000000135260000
2021-04-20 16:19:29.194[                 ]INFO [otMybatisApplication:55]Starting SpringBootMybatisApplication on DESKTOP-RKJ18PE with PID 9576 (E:\SWITCHING_PAPANG\WORKSPACE\GATEWAY\WSTNISO\GatewayTirtanadi\target\classes started by Mr Papang in E:\SWITCHING_PAPANG\WORKSPACE\GATEWAY\WSTNISO\GatewayTirtanadi)
2021-04-20 16:19:29.206[                 ]INFO [otMybatisApplication:651]No active profile set, falling back to default profiles: default
2021-04-20 16:19:32.239[                 ]INFO [otMybatisApplication:61]Started SpringBootMybatisApplication in 3.516 seconds (JVM running for 4.683)
2021-04-20 16:19:35.470[                 ]INFO [m.controller.Request:116][request-wstirtanadi] Start Inquiry
2021-04-20 16:19:37.863[                 ]INFO [m.controller.Request:161][request-wstirtanadi] Request Iso to Biller : 00730100822000008280000080000000000000000420161935000001010103004900120000002
2021-04-20 16:19:37.863[                 ]INFO [m.controller.Request:162][request-wstirtanadi] Response Iso Biller : {"48":"06111SURYA YOHAN16SISINGAMANGARAJA03N.3020107NO. 8-C04null04null","33":"0101030049","65":"","MTI":"0110","7":"0420161935","39":"001","40":"001","25":"0007","41":"20000002","57":"000","11":"000001","12":"0420161935"}
2021-04-20 16:19:37.863[                 ]INFO [m.controller.Request:166][request-wstirtanadi] Response Json : {"48":"06111SURYA YOHAN16SISINGAMANGARAJA03N.3020107NO. 8-C04null04null","33":"0101030049","65":"","MTI":"0110","7":"0420161935","39":"001","40":"001","25":"0007","41":"20000002","57":"000","11":"000001","12":"0420161935"}
2021-04-20 16:21:53.068[                 ]INFO [m.controller.Request:242][request-wstirtanadi] Request Iso to Biller : 00730100822000008280000080000000000000000420161937000002010103004900420000002
2021-04-20 16:21:53.542[                 ]INFO [m.controller.Request:243][request-wstirtanadi] Response Iso Biller : {"48":"04442202011000112260000020000000003000000135260","33":"0101030049","65":"","MTI":"0110","7":"0420161937","39":"004","40":"001","25":"0001","41":"20000002","57":"000","11":"000002","12":"0420161937"}
2021-04-20 16:21:55.463[                 ]INFO [m.controller.Request:247][request-wstirtanadi] Response Json : {"48":"04442202011000112260000020000000003000000135260","33":"0101030049","65":"","MTI":"0110","7":"0420161937","39":"004","40":"001","25":"0001","41":"20000002","57":"000","11":"000002","12":"0420161937"}
2021-04-20 16:22:41.068[                 ]INFO [m.controller.Request:116][request-wstirtanadi] Start Inquiry
2021-04-20 16:22:43.004[                 ]INFO [m.controller.Request:161][request-wstirtanadi] Request Iso to Biller : 00730100822000008280000080000000000000000420162241000003010103004900120000002
2021-04-20 16:22:43.005[                 ]INFO [m.controller.Request:162][request-wstirtanadi] Response Iso Biller : {"48":"06111SURYA YOHAN16SISINGAMANGARAJA03N.3020107NO. 8-C04null04null","33":"0101030049","65":"","MTI":"0110","7":"0420162241","39":"001","40":"001","25":"0007","41":"20000002","57":"000","11":"000003","12":"0420162240"}
2021-04-20 16:22:43.005[                 ]INFO [m.controller.Request:166][request-wstirtanadi] Response Json : {"48":"06111SURYA YOHAN16SISINGAMANGARAJA03N.3020107NO. 8-C04null04null","33":"0101030049","65":"","MTI":"0110","7":"0420162241","39":"001","40":"001","25":"0007","41":"20000002","57":"000","11":"000003","12":"0420162240"}
2021-04-20 16:22:45.694[                 ]INFO [m.controller.Request:242][request-wstirtanadi] Request Iso to Biller : 00730100822000008280000080000000000000000420162243000004010103004900420000002
2021-04-20 16:22:45.694[                 ]INFO [m.controller.Request:243][request-wstirtanadi] Response Iso Biller : {"48":"04442202011000112260000020000000003000000135260","33":"0101030049","65":"","MTI":"0110","7":"0420162243","39":"004","40":"001","25":"0001","41":"20000002","57":"000","11":"000004","12":"0420162243"}
2021-04-20 16:22:45.694[                 ]INFO [m.controller.Request:247][request-wstirtanadi] Response Json : {"48":"04442202011000112260000020000000003000000135260","33":"0101030049","65":"","MTI":"0110","7":"0420162243","39":"004","40":"001","25":"0001","41":"20000002","57":"000","11":"000004","12":"0420162243"}
2021-04-20 16:22:58.203[                 ]INFO [m.controller.Request:116][request-wstirtanadi] Start Inquiry
2021-04-20 16:23:00.584[                 ]INFO [m.controller.Request:161][request-wstirtanadi] Request Iso to Biller : 00730100822000008280000080000000000000000420162258000005010103004900120000002
2021-04-20 16:23:00.584[                 ]INFO [m.controller.Request:162][request-wstirtanadi] Response Iso Biller : {"48":"06111SURYA YOHAN16SISINGAMANGARAJA03N.3020107NO. 8-C04null04null","33":"0101030049","65":"","MTI":"0110","7":"0420162258","39":"001","40":"001","25":"0007","41":"20000002","57":"000","11":"000005","12":"0420162258"}
2021-04-20 16:23:00.584[                 ]INFO [m.controller.Request:166][request-wstirtanadi] Response Json : {"48":"06111SURYA YOHAN16SISINGAMANGARAJA03N.3020107NO. 8-C04null04null","33":"0101030049","65":"","MTI":"0110","7":"0420162258","39":"001","40":"001","25":"0007","41":"20000002","57":"000","11":"000005","12":"0420162258"}
2021-04-20 16:23:01.832[                 ]INFO [m.controller.Request:242][request-wstirtanadi] Request Iso to Biller : 00730100822000008280000080000000000000000420162300000006010103004900420000002
2021-04-20 16:23:01.832[                 ]INFO [m.controller.Request:243][request-wstirtanadi] Response Iso Biller : {"48":"04442202011000112260000020000000003000000135260","33":"0101030049","65":"","MTI":"0110","7":"0420162300","39":"004","40":"001","25":"0001","41":"20000002","57":"000","11":"000006","12":"0420162259"}
2021-04-20 16:23:01.832[                 ]INFO [m.controller.Request:247][request-wstirtanadi] Response Json : {"48":"04442202011000112260000020000000003000000135260","33":"0101030049","65":"","MTI":"0110","7":"0420162300","39":"004","40":"001","25":"0001","41":"20000002","57":"000","11":"000006","12":"0420162259"}
2021-04-20 16:24:12.944[                 ]INFO [m.controller.Request:116][request-wstirtanadi] Start Inquiry
2021-04-20 16:24:18.268[                 ]INFO [m.controller.Request:161][request-wstirtanadi] Request Iso to Biller : 00730100822000008280000080000000000000000420162412000007010103004900120000002
2021-04-20 16:24:18.270[                 ]INFO [m.controller.Request:162][request-wstirtanadi] Response Iso Biller : {"48":"06111SURYA YOHAN16SISINGAMANGARAJA03N.3020107NO. 8-C04null04null","33":"0101030049","65":"","MTI":"0110","7":"0420162412","39":"001","40":"001","25":"0007","41":"20000002","57":"000","11":"000007","12":"0420162414"}
2021-04-20 16:24:18.271[                 ]INFO [m.controller.Request:166][request-wstirtanadi] Response Json : {"48":"06111SURYA YOHAN16SISINGAMANGARAJA03N.3020107NO. 8-C04null04null","33":"0101030049","65":"","MTI":"0110","7":"0420162412","39":"001","40":"001","25":"0007","41":"20000002","57":"000","11":"000007","12":"0420162414"}
2021-04-20 16:24:21.081[                 ]INFO [m.controller.Request:242][request-wstirtanadi] Request Iso to Biller : 00730100822000008280000080000000000000000420162418000008010103004900420000002
2021-04-20 16:24:21.082[                 ]INFO [m.controller.Request:243][request-wstirtanadi] Response Iso Biller : {"48":"04442202011000112260000020000000003000000135260","33":"0101030049","65":"","MTI":"0110","7":"0420162418","39":"004","40":"001","25":"0001","41":"20000002","57":"000","11":"000008","12":"0420162418"}
2021-04-20 16:24:21.083[                 ]INFO [m.controller.Request:247][request-wstirtanadi] Response Json : {"48":"04442202011000112260000020000000003000000135260","33":"0101030049","65":"","MTI":"0110","7":"0420162418","39":"004","40":"001","25":"0001","41":"20000002","57":"000","11":"000008","12":"0420162418"}
2021-04-20 16:24:27.294[                 ]INFO [m.controller.Request:116][request-wstirtanadi] Start Inquiry
2021-04-20 16:24:29.141[                 ]INFO [m.controller.Request:161][request-wstirtanadi] Request Iso to Biller : 00730100822000008280000080000000000000000420162427000009010103004900120000002
2021-04-20 16:24:29.142[                 ]INFO [m.controller.Request:162][request-wstirtanadi] Response Iso Biller : {"48":"06111SURYA YOHAN16SISINGAMANGARAJA03N.3020107NO. 8-C04null04null","33":"0101030049","65":"","MTI":"0110","7":"0420162427","39":"001","40":"001","25":"0007","41":"20000002","57":"000","11":"000009","12":"0420162427"}
2021-04-20 16:24:29.142[                 ]INFO [m.controller.Request:166][request-wstirtanadi] Response Json : {"48":"06111SURYA YOHAN16SISINGAMANGARAJA03N.3020107NO. 8-C04null04null","33":"0101030049","65":"","MTI":"0110","7":"0420162427","39":"001","40":"001","25":"0007","41":"20000002","57":"000","11":"000009","12":"0420162427"}
2021-04-20 16:24:30.344[                 ]INFO [m.controller.Request:242][request-wstirtanadi] Request Iso to Biller : 00730100822000008280000080000000000000000420162429000010010103004900420000002
2021-04-20 16:24:30.345[                 ]INFO [m.controller.Request:243][request-wstirtanadi] Response Iso Biller : {"48":"04442202011000112260000020000000003000000135260","33":"0101030049","65":"","MTI":"0110","7":"0420162429","39":"004","40":"001","25":"0001","41":"20000002","57":"000","11":"000010","12":"0420162428"}
2021-04-20 16:24:30.345[                 ]INFO [m.controller.Request:247][request-wstirtanadi] Response Json : {"48":"04442202011000112260000020000000003000000135260","33":"0101030049","65":"","MTI":"0110","7":"0420162429","39":"004","40":"001","25":"0001","41":"20000002","57":"000","11":"000010","12":"0420162428"}
