2021-09-07 09:19:45.066[                 ]INFO [m.controller.Request:114][inquiry-wstirtanadi] Start Inquiry
2021-09-07 09:19:45.122[                 ]INFO [m.controller.Request:140][inquiry-wstirtanadi] bit41 : 20000002
2021-09-07 09:19:45.125[                 ]INFO [m.controller.Request:163][inquiry-wstirtanadi] Request to Biller MTI 1 : 00730100822000008280000080000000000000000907091945000001030931001700120000002
2021-09-07 09:19:45.125[                 ]INFO [m.controller.Request:164][inquiry-wstirtanadi] Unpack Request to Biller MTI 1 : {"33":"0309310017","65":"","MTI":"0100","7":"0907091945","39":"001","41":"20000002","11":"000001"}
2021-09-07 09:19:45.126[                 ]INFO [m.controller.Request:39][clientSocket-wstirtanadi] Start Socket to SendMessage
2021-09-07 09:19:49.075[                 ]INFO [m.controller.Request:168][inquiry-wstirtanadi] Response Iso Biller MTI 1 : 01360110823000808381008080000000000000000907091945000001090709194900070309310017001001200000020400370006TEMPUA04NA.10203031-B04null04null000
2021-09-07 09:19:49.080[                 ]INFO [m.controller.Request:172][inquiry-wstirtanadi] Convert Response to Json MTI 1 : {"48":"0370006TEMPUA04NA.10203031-B04null04null","33":"0309310017","65":"","MTI":"0110","7":"0907091945","39":"001","40":"001","25":"0007","41":"20000002","57":"000","11":"000001","12":"0907091949"}
2021-09-07 09:19:49.087[                 ]INFO [m.controller.Request:313][inquiry-wstirtanadi] Request to Biller MTI 2 : 00730100822000008280000080000000000000000907091949000001030931001700420000002
2021-09-07 09:19:49.087[                 ]INFO [m.controller.Request:314][inquiry-wstirtanadi] Unpack Request to Biller MTI 2 : {"33":"0309310017","65":"","MTI":"0100","7":"0907091949","39":"004","41":"20000002","11":"000001"}
2021-09-07 09:19:49.088[                 ]INFO [m.controller.Request:39][clientSocket-wstirtanadi] Start Socket to SendMessage
2021-09-07 09:19:50.833[                 ]INFO [m.controller.Request:318][inquiry-wstirtanadi] Response Iso Biller MTI 2 : 014301108230008083810080800000000000000009070919490000010907091951000103093100170040012000000204704442198808000001900000007500000000000000009400000
2021-09-07 09:19:50.837[                 ]INFO [m.controller.Request:322][inquiry-wstirtanadi] Convert Response to Json MTI 2 : {"48":"04442198808000001900000007500000000000000009400","33":"0309310017","65":"","MTI":"0110","7":"0907091949","39":"004","40":"001","25":"0001","41":"20000002","57":"000","11":"000001","12":"0907091951"}
2021-09-07 09:19:50.837[                 ]INFO [m.controller.Request:331][inquiry-wstirtanadi] Start RC Bit40=001 MTI 2 : {"48":"04442198808000001900000007500000000000000009400","33":"0309310017","65":"","MTI":"0110","7":"0907091949","39":"004","40":"001","25":"0001","41":"20000002","57":"000","11":"000001","12":"0907091951"}
2021-09-07 09:19:50.838[                 ]INFO [m.controller.Request:367][inquiry-wstirtanadi] Bit48Array MTI 2 : {"48":"04442198808000001900000007500000000000000009400","33":"0309310017","65":"","MTI":"0110","7":"0907091949","39":"004","40":"001","25":"0001","41":"20000002","57":"000","11":"000001","12":"0907091951"}
2021-09-07 09:19:50.841[                 ]INFO [m.controller.Request:431][inquiry-wstirtanadi] Request to Biller MTI 3 : 00810100822C0000828000008000000000000000090709195000000100081988030931001700320000002
2021-09-07 09:19:50.841[                 ]INFO [m.controller.Request:432][inquiry-wstirtanadi] Unpack Request to Biller MTI 3 : {"33":"0309310017","65":"","MTI":"0100","7":"0907091950","39":"003","41":"20000002","11":"000001","13":"0008","14":"1988"}
2021-09-07 09:19:50.841[                 ]INFO [m.controller.Request:39][clientSocket-wstirtanadi] Start Socket to SendMessage
2021-09-07 09:19:52.269[                 ]INFO [m.controller.Request:438][inquiry-wstirtanadi] Response Iso Biller MTI 3 : 01830110823C0080838100808000000000000000090709195000000109070919520008198800120309310017003001200000020790761003093100170006TEMPUA04NA.10619880801001004190004750001004940011Belum Lunas000
2021-09-07 09:19:52.269[                 ]INFO [m.controller.Request:439][inquiry-wstirtanadi] Convert Response to Json MTI 3 : {"33":"0309310017","65":"","MTI":"0110","7":"0907091950","39":"003","40":"001","41":"20000002","11":"000001","12":"0907091952","13":"0008","14":"1988","48":"0761003093100170006TEMPUA04NA.10619880801001004190004750001004940011Belum Lunas","25":"0012","57":"000"}
2021-09-07 09:21:55.967[                 ]INFO [m.controller.Request:114][inquiry-wstirtanadi] Start Inquiry
2021-09-07 09:21:56.008[                 ]INFO [m.controller.Request:140][inquiry-wstirtanadi] bit41 : 20000002
2021-09-07 09:21:56.011[                 ]INFO [m.controller.Request:163][inquiry-wstirtanadi] Request to Biller MTI 1 : 00730100822000008280000080000000000000000907092156000001030931001700120000002
2021-09-07 09:21:56.011[                 ]INFO [m.controller.Request:164][inquiry-wstirtanadi] Unpack Request to Biller MTI 1 : {"33":"0309310017","65":"","MTI":"0100","7":"0907092156","39":"001","41":"20000002","11":"000001"}
2021-09-07 09:21:56.011[                 ]INFO [m.controller.Request:39][clientSocket-wstirtanadi] Start Socket to SendMessage
2021-09-07 09:21:59.194[                 ]INFO [m.controller.Request:168][inquiry-wstirtanadi] Response Iso Biller MTI 1 : 01360110823000808381008080000000000000000907092156000001090709215900070309310017001001200000020400370006TEMPUA04NA.10203031-B04null04null000
2021-09-07 09:21:59.197[                 ]INFO [m.controller.Request:172][inquiry-wstirtanadi] Convert Response to Json MTI 1 : {"48":"0370006TEMPUA04NA.10203031-B04null04null","33":"0309310017","65":"","MTI":"0110","7":"0907092156","39":"001","40":"001","25":"0007","41":"20000002","57":"000","11":"000001","12":"0907092159"}
2021-09-07 09:21:59.201[                 ]INFO [m.controller.Request:313][inquiry-wstirtanadi] Request to Biller MTI 2 : 00730100822000008280000080000000000000000907092159000001030931001700420000002
2021-09-07 09:21:59.201[                 ]INFO [m.controller.Request:314][inquiry-wstirtanadi] Unpack Request to Biller MTI 2 : {"33":"0309310017","65":"","MTI":"0100","7":"0907092159","39":"004","41":"20000002","11":"000001"}
2021-09-07 09:21:59.201[                 ]INFO [m.controller.Request:39][clientSocket-wstirtanadi] Start Socket to SendMessage
2021-09-07 09:22:00.789[                 ]INFO [m.controller.Request:318][inquiry-wstirtanadi] Response Iso Biller MTI 2 : 014301108230008083810080800000000000000009070921590000010907092201000103093100170040012000000204704442198808000001900000007500000000000000009400000
2021-09-07 09:22:00.792[                 ]INFO [m.controller.Request:322][inquiry-wstirtanadi] Convert Response to Json MTI 2 : {"48":"04442198808000001900000007500000000000000009400","33":"0309310017","65":"","MTI":"0110","7":"0907092159","39":"004","40":"001","25":"0001","41":"20000002","57":"000","11":"000001","12":"0907092201"}
2021-09-07 09:22:00.792[                 ]INFO [m.controller.Request:331][inquiry-wstirtanadi] Start RC Bit40=001 MTI 2 : {"48":"04442198808000001900000007500000000000000009400","33":"0309310017","65":"","MTI":"0110","7":"0907092159","39":"004","40":"001","25":"0001","41":"20000002","57":"000","11":"000001","12":"0907092201"}
2021-09-07 09:22:00.793[                 ]INFO [m.controller.Request:367][inquiry-wstirtanadi] Bit48Array MTI 2 : {"48":"04442198808000001900000007500000000000000009400","33":"0309310017","65":"","MTI":"0110","7":"0907092159","39":"004","40":"001","25":"0001","41":"20000002","57":"000","11":"000001","12":"0907092201"}
2021-09-07 09:22:00.795[                 ]INFO [m.controller.Request:431][inquiry-wstirtanadi] Request to Biller MTI 3 : 00810100822C0000828000008000000000000000090709220000000100081988030931001700320000002
2021-09-07 09:22:00.795[                 ]INFO [m.controller.Request:432][inquiry-wstirtanadi] Unpack Request to Biller MTI 3 : {"33":"0309310017","65":"","MTI":"0100","7":"0907092200","39":"003","41":"20000002","11":"000001","13":"0008","14":"1988"}
2021-09-07 09:22:00.795[                 ]INFO [m.controller.Request:39][clientSocket-wstirtanadi] Start Socket to SendMessage
2021-09-07 09:22:02.541[                 ]INFO [m.controller.Request:438][inquiry-wstirtanadi] Response Iso Biller MTI 3 : 01830110823C0080838100808000000000000000090709220000000109070922020008198800120309310017003001200000020790761003093100170006TEMPUA04NA.10619880801001004190004750001004940011Belum Lunas000
2021-09-07 09:22:02.542[                 ]INFO [m.controller.Request:439][inquiry-wstirtanadi] Convert Response to Json MTI 3 : {"33":"0309310017","65":"","MTI":"0110","7":"0907092200","39":"003","40":"001","41":"20000002","11":"000001","12":"0907092202","13":"0008","14":"1988","48":"0761003093100170006TEMPUA04NA.10619880801001004190004750001004940011Belum Lunas","25":"0012","57":"000"}
2021-09-07 09:22:12.400[                 ]INFO [m.controller.Request:114][inquiry-wstirtanadi] Start Inquiry
2021-09-07 09:22:12.439[                 ]INFO [m.controller.Request:140][inquiry-wstirtanadi] bit41 : 20000002
2021-09-07 09:22:12.443[                 ]INFO [m.controller.Request:163][inquiry-wstirtanadi] Request to Biller MTI 1 : 00730100822000008280000080000000000000000907092212000001230120019600120000002
2021-09-07 09:22:12.443[                 ]INFO [m.controller.Request:164][inquiry-wstirtanadi] Unpack Request to Biller MTI 1 : {"33":"2301200196","65":"","MTI":"0100","7":"0907092212","39":"001","41":"20000002","11":"000001"}
2021-09-07 09:22:12.443[                 ]INFO [m.controller.Request:39][clientSocket-wstirtanadi] Start Socket to SendMessage
2021-09-07 09:22:15.596[                 ]INFO [m.controller.Request:168][inquiry-wstirtanadi] Response Iso Biller MTI 1 : 017901108230008083810080800000000000000009070922120000010907092215000723012001960010012000000208308039TAFAKEZIDUHU DACHI                     13BALOHO INDAH 04NA.402230004null04null000
2021-09-07 09:22:15.599[                 ]INFO [m.controller.Request:172][inquiry-wstirtanadi] Convert Response to Json MTI 1 : {"48":"08039TAFAKEZIDUHU DACHI                     13BALOHO INDAH 04NA.402230004null04null","33":"2301200196","65":"","MTI":"0110","7":"0907092212","39":"001","40":"001","25":"0007","41":"20000002","57":"000","11":"000001","12":"0907092215"}
2021-09-07 09:22:15.604[                 ]INFO [m.controller.Request:313][inquiry-wstirtanadi] Request to Biller MTI 2 : 00730100822000008280000080000000000000000907092215000001230120019600420000002
2021-09-07 09:22:15.605[                 ]INFO [m.controller.Request:314][inquiry-wstirtanadi] Unpack Request to Biller MTI 2 : {"33":"2301200196","65":"","MTI":"0100","7":"0907092215","39":"004","41":"20000002","11":"000001"}
2021-09-07 09:22:15.605[                 ]INFO [m.controller.Request:39][clientSocket-wstirtanadi] Start Socket to SendMessage
2021-09-07 09:22:17.505[                 ]INFO [m.controller.Request:318][inquiry-wstirtanadi] Response Iso Biller MTI 2 : 053901108230008083810080800000000000000009070922150000010907092217001023012001960040012000000244344042202002000006000000010000000000000000016000422020030000060000000100000000000000000160004220200400000600000001000000000000000001600042202005000006000000010000000000000000016000422020060000060000000100000000000000000160004220200700000600000001000000000000000001600042202008000006000000010000000000000000016000422020090000060000000100000000000000000160004220201000000600000001000000000000000001600042202011000006000000010000000000000000016000000
2021-09-07 09:22:17.509[                 ]INFO [m.controller.Request:322][inquiry-wstirtanadi] Convert Response to Json MTI 2 : {"48":"44042202002000006000000010000000000000000016000422020030000060000000100000000000000000160004220200400000600000001000000000000000001600042202005000006000000010000000000000000016000422020060000060000000100000000000000000160004220200700000600000001000000000000000001600042202008000006000000010000000000000000016000422020090000060000000100000000000000000160004220201000000600000001000000000000000001600042202011000006000000010000000000000000016000","33":"2301200196","65":"","MTI":"0110","7":"0907092215","39":"004","40":"001","25":"0010","41":"20000002","57":"000","11":"000001","12":"0907092217"}
2021-09-07 09:22:17.510[                 ]INFO [m.controller.Request:331][inquiry-wstirtanadi] Start RC Bit40=001 MTI 2 : {"48":"44042202002000006000000010000000000000000016000422020030000060000000100000000000000000160004220200400000600000001000000000000000001600042202005000006000000010000000000000000016000422020060000060000000100000000000000000160004220200700000600000001000000000000000001600042202008000006000000010000000000000000016000422020090000060000000100000000000000000160004220201000000600000001000000000000000001600042202011000006000000010000000000000000016000","33":"2301200196","65":"","MTI":"0110","7":"0907092215","39":"004","40":"001","25":"0010","41":"20000002","57":"000","11":"000001","12":"0907092217"}
2021-09-07 09:22:17.510[                 ]INFO [m.controller.Request:367][inquiry-wstirtanadi] Bit48Array MTI 2 : {"48":"44042202002000006000000010000000000000000016000422020030000060000000100000000000000000160004220200400000600000001000000000000000001600042202005000006000000010000000000000000016000422020060000060000000100000000000000000160004220200700000600000001000000000000000001600042202008000006000000010000000000000000016000422020090000060000000100000000000000000160004220201000000600000001000000000000000001600042202011000006000000010000000000000000016000","33":"2301200196","65":"","MTI":"0110","7":"0907092215","39":"004","40":"001","25":"0010","41":"20000002","57":"000","11":"000001","12":"0907092217"}
2021-09-07 09:22:17.512[                 ]INFO [m.controller.Request:431][inquiry-wstirtanadi] Request to Biller MTI 3 : 00810100822C0000828000008000000000000000090709221700000100022020230120019600320000002
2021-09-07 09:22:17.513[                 ]INFO [m.controller.Request:432][inquiry-wstirtanadi] Unpack Request to Biller MTI 3 : {"33":"2301200196","65":"","MTI":"0100","7":"0907092217","39":"003","41":"20000002","11":"000001","13":"0002","14":"2020"}
2021-09-07 09:22:17.513[                 ]INFO [m.controller.Request:39][clientSocket-wstirtanadi] Start Socket to SendMessage
2021-09-07 09:22:19.195[                 ]INFO [m.controller.Request:438][inquiry-wstirtanadi] Response Iso Biller MTI 3 : 02310110823C00808381008080000000000000000907092217000001090709221900022020001223012001960030012000000212712410230120019639TAFAKEZIDUHU DACHI                     13BALOHO INDAH 04NA.4062020020100100460000510000010051600011Belum Lunas000
2021-09-07 09:22:19.195[                 ]INFO [m.controller.Request:439][inquiry-wstirtanadi] Convert Response to Json MTI 3 : {"33":"2301200196","65":"","MTI":"0110","7":"0907092217","39":"003","40":"001","41":"20000002","11":"000001","12":"0907092219","13":"0002","14":"2020","48":"12410230120019639TAFAKEZIDUHU DACHI                     13BALOHO INDAH 04NA.4062020020100100460000510000010051600011Belum Lunas","25":"0012","57":"000"}
2021-09-07 09:22:19.200[                 ]INFO [m.controller.Request:431][inquiry-wstirtanadi] Request to Biller MTI 3 : 00810100822C0000828000008000000000000000090709221900000200032020230120019600320000002
2021-09-07 09:22:19.200[                 ]INFO [m.controller.Request:432][inquiry-wstirtanadi] Unpack Request to Biller MTI 3 : {"33":"2301200196","65":"","MTI":"0100","7":"0907092219","39":"003","41":"20000002","11":"000002","13":"0003","14":"2020"}
2021-09-07 09:22:19.200[                 ]INFO [m.controller.Request:39][clientSocket-wstirtanadi] Start Socket to SendMessage
2021-09-07 09:22:20.730[                 ]INFO [m.controller.Request:438][inquiry-wstirtanadi] Response Iso Biller MTI 3 : 02340110823C00808381008080000000000000000907092219000002090709222000032020001223012001960030012000000213012710230120019639TAFAKEZIDUHU DACHI                     13BALOHO INDAH 04NA.4062020030424190100460000510000010051600011Belum Lunas000
2021-09-07 09:22:20.730[                 ]INFO [m.controller.Request:439][inquiry-wstirtanadi] Convert Response to Json MTI 3 : {"33":"2301200196","65":"","MTI":"0110","7":"0907092219","39":"003","40":"001","41":"20000002","11":"000002","12":"0907092220","13":"0003","14":"2020","48":"12710230120019639TAFAKEZIDUHU DACHI                     13BALOHO INDAH 04NA.4062020030424190100460000510000010051600011Belum Lunas","25":"0012","57":"000"}
2021-09-07 09:22:20.734[                 ]INFO [m.controller.Request:431][inquiry-wstirtanadi] Request to Biller MTI 3 : 00810100822C0000828000008000000000000000090709222000000300042020230120019600320000002
2021-09-07 09:22:20.735[                 ]INFO [m.controller.Request:432][inquiry-wstirtanadi] Unpack Request to Biller MTI 3 : {"33":"2301200196","65":"","MTI":"0100","7":"0907092220","39":"003","41":"20000002","11":"000003","13":"0004","14":"2020"}
2021-09-07 09:22:20.735[                 ]INFO [m.controller.Request:39][clientSocket-wstirtanadi] Start Socket to SendMessage
2021-09-07 09:22:22.255[                 ]INFO [m.controller.Request:438][inquiry-wstirtanadi] Response Iso Biller MTI 3 : 02370110823C00808381008080000000000000000907092220000003090709222200042020001223012001960030012000000213313010230120019639TAFAKEZIDUHU DACHI                     13BALOHO INDAH 04NA.4062020040724190000100460000510000010051600011Belum Lunas000
2021-09-07 09:22:22.256[                 ]INFO [m.controller.Request:439][inquiry-wstirtanadi] Convert Response to Json MTI 3 : {"33":"2301200196","65":"","MTI":"0110","7":"0907092220","39":"003","40":"001","41":"20000002","11":"000003","12":"0907092222","13":"0004","14":"2020","48":"13010230120019639TAFAKEZIDUHU DACHI                     13BALOHO INDAH 04NA.4062020040724190000100460000510000010051600011Belum Lunas","25":"0012","57":"000"}
2021-09-07 09:22:22.260[                 ]INFO [m.controller.Request:431][inquiry-wstirtanadi] Request to Biller MTI 3 : 00810100822C0000828000008000000000000000090709222200000400052020230120019600320000002
2021-09-07 09:22:22.261[                 ]INFO [m.controller.Request:432][inquiry-wstirtanadi] Unpack Request to Biller MTI 3 : {"33":"2301200196","65":"","MTI":"0100","7":"0907092222","39":"003","41":"20000002","11":"000004","13":"0005","14":"2020"}
2021-09-07 09:22:22.261[                 ]INFO [m.controller.Request:39][clientSocket-wstirtanadi] Start Socket to SendMessage
2021-09-07 09:22:24.028[                 ]INFO [m.controller.Request:438][inquiry-wstirtanadi] Response Iso Biller MTI 3 : 02370110823C00808381008080000000000000000907092222000004090709222400052020001223012001960030012000000213313010230120019639TAFAKEZIDUHU DACHI                     13BALOHO INDAH 04NA.4062020050724190000100460000510000010051600011Belum Lunas000
2021-09-07 09:22:24.028[                 ]INFO [m.controller.Request:439][inquiry-wstirtanadi] Convert Response to Json MTI 3 : {"33":"2301200196","65":"","MTI":"0110","7":"0907092222","39":"003","40":"001","41":"20000002","11":"000004","12":"0907092224","13":"0005","14":"2020","48":"13010230120019639TAFAKEZIDUHU DACHI                     13BALOHO INDAH 04NA.4062020050724190000100460000510000010051600011Belum Lunas","25":"0012","57":"000"}
2021-09-07 09:22:24.032[                 ]INFO [m.controller.Request:431][inquiry-wstirtanadi] Request to Biller MTI 3 : 00810100822C0000828000008000000000000000090709222400000500062020230120019600320000002
2021-09-07 09:22:24.032[                 ]INFO [m.controller.Request:432][inquiry-wstirtanadi] Unpack Request to Biller MTI 3 : {"33":"2301200196","65":"","MTI":"0100","7":"0907092224","39":"003","41":"20000002","11":"000005","13":"0006","14":"2020"}
2021-09-07 09:22:24.032[                 ]INFO [m.controller.Request:39][clientSocket-wstirtanadi] Start Socket to SendMessage
2021-09-07 09:22:25.483[                 ]INFO [m.controller.Request:438][inquiry-wstirtanadi] Response Iso Biller MTI 3 : 02370110823C00808381008080000000000000000907092224000005090709222500062020001223012001960030012000000213313010230120019639TAFAKEZIDUHU DACHI                     13BALOHO INDAH 04NA.4062020060724190000100460000510000010051600011Belum Lunas000
2021-09-07 09:22:25.483[                 ]INFO [m.controller.Request:439][inquiry-wstirtanadi] Convert Response to Json MTI 3 : {"33":"2301200196","65":"","MTI":"0110","7":"0907092224","39":"003","40":"001","41":"20000002","11":"000005","12":"0907092225","13":"0006","14":"2020","48":"13010230120019639TAFAKEZIDUHU DACHI                     13BALOHO INDAH 04NA.4062020060724190000100460000510000010051600011Belum Lunas","25":"0012","57":"000"}
2021-09-07 09:22:25.486[                 ]INFO [m.controller.Request:431][inquiry-wstirtanadi] Request to Biller MTI 3 : 00810100822C0000828000008000000000000000090709222500000600072020230120019600320000002
2021-09-07 09:22:25.487[                 ]INFO [m.controller.Request:432][inquiry-wstirtanadi] Unpack Request to Biller MTI 3 : {"33":"2301200196","65":"","MTI":"0100","7":"0907092225","39":"003","41":"20000002","11":"000006","13":"0007","14":"2020"}
2021-09-07 09:22:25.487[                 ]INFO [m.controller.Request:39][clientSocket-wstirtanadi] Start Socket to SendMessage
2021-09-07 09:22:27.115[                 ]INFO [m.controller.Request:438][inquiry-wstirtanadi] Response Iso Biller MTI 3 : 02370110823C00808381008080000000000000000907092225000006090709222700072020001223012001960030012000000213313010230120019639TAFAKEZIDUHU DACHI                     13BALOHO INDAH 04NA.4062020070724190000100460000510000010051600011Belum Lunas000
2021-09-07 09:22:27.116[                 ]INFO [m.controller.Request:439][inquiry-wstirtanadi] Convert Response to Json MTI 3 : {"33":"2301200196","65":"","MTI":"0110","7":"0907092225","39":"003","40":"001","41":"20000002","11":"000006","12":"0907092227","13":"0007","14":"2020","48":"13010230120019639TAFAKEZIDUHU DACHI                     13BALOHO INDAH 04NA.4062020070724190000100460000510000010051600011Belum Lunas","25":"0012","57":"000"}
2021-09-07 09:22:27.118[                 ]INFO [m.controller.Request:431][inquiry-wstirtanadi] Request to Biller MTI 3 : 00810100822C0000828000008000000000000000090709222700000700082020230120019600320000002
2021-09-07 09:22:27.118[                 ]INFO [m.controller.Request:432][inquiry-wstirtanadi] Unpack Request to Biller MTI 3 : {"33":"2301200196","65":"","MTI":"0100","7":"0907092227","39":"003","41":"20000002","11":"000007","13":"0008","14":"2020"}
2021-09-07 09:22:27.119[                 ]INFO [m.controller.Request:39][clientSocket-wstirtanadi] Start Socket to SendMessage
2021-09-07 09:22:28.925[                 ]INFO [m.controller.Request:438][inquiry-wstirtanadi] Response Iso Biller MTI 3 : 02370110823C00808381008080000000000000000907092227000007090709222900082020001223012001960030012000000213313010230120019639TAFAKEZIDUHU DACHI                     13BALOHO INDAH 04NA.4062020080724190000100460000510000010051600011Belum Lunas000
2021-09-07 09:22:28.925[                 ]INFO [m.controller.Request:439][inquiry-wstirtanadi] Convert Response to Json MTI 3 : {"33":"2301200196","65":"","MTI":"0110","7":"0907092227","39":"003","40":"001","41":"20000002","11":"000007","12":"0907092229","13":"0008","14":"2020","48":"13010230120019639TAFAKEZIDUHU DACHI                     13BALOHO INDAH 04NA.4062020080724190000100460000510000010051600011Belum Lunas","25":"0012","57":"000"}
2021-09-07 09:22:28.928[                 ]INFO [m.controller.Request:431][inquiry-wstirtanadi] Request to Biller MTI 3 : 00810100822C0000828000008000000000000000090709222800000800092020230120019600320000002
2021-09-07 09:22:28.928[                 ]INFO [m.controller.Request:432][inquiry-wstirtanadi] Unpack Request to Biller MTI 3 : {"33":"2301200196","65":"","MTI":"0100","7":"0907092228","39":"003","41":"20000002","11":"000008","13":"0009","14":"2020"}
2021-09-07 09:22:28.928[                 ]INFO [m.controller.Request:39][clientSocket-wstirtanadi] Start Socket to SendMessage
2021-09-07 09:22:30.728[                 ]INFO [m.controller.Request:438][inquiry-wstirtanadi] Response Iso Biller MTI 3 : 02370110823C00808381008080000000000000000907092228000008090709223000092020001223012001960030012000000213313010230120019639TAFAKEZIDUHU DACHI                     13BALOHO INDAH 04NA.4062020090724190000100460000510000010051600011Belum Lunas000
2021-09-07 09:22:30.729[                 ]INFO [m.controller.Request:439][inquiry-wstirtanadi] Convert Response to Json MTI 3 : {"33":"2301200196","65":"","MTI":"0110","7":"0907092228","39":"003","40":"001","41":"20000002","11":"000008","12":"0907092230","13":"0009","14":"2020","48":"13010230120019639TAFAKEZIDUHU DACHI                     13BALOHO INDAH 04NA.4062020090724190000100460000510000010051600011Belum Lunas","25":"0012","57":"000"}
2021-09-07 09:22:30.731[                 ]INFO [m.controller.Request:431][inquiry-wstirtanadi] Request to Biller MTI 3 : 00810100822C0000828000008000000000000000090709223000000900102020230120019600320000002
2021-09-07 09:22:30.731[                 ]INFO [m.controller.Request:432][inquiry-wstirtanadi] Unpack Request to Biller MTI 3 : {"33":"2301200196","65":"","MTI":"0100","7":"0907092230","39":"003","41":"20000002","11":"000009","13":"0010","14":"2020"}
2021-09-07 09:22:30.732[                 ]INFO [m.controller.Request:39][clientSocket-wstirtanadi] Start Socket to SendMessage
2021-09-07 09:22:32.261[                 ]INFO [m.controller.Request:438][inquiry-wstirtanadi] Response Iso Biller MTI 3 : 02370110823C00808381008080000000000000000907092230000009090709223200102020001223012001960030012000000213313010230120019639TAFAKEZIDUHU DACHI                     13BALOHO INDAH 04NA.4062020100724190000100460000510000010051600011Belum Lunas000
2021-09-07 09:22:32.261[                 ]INFO [m.controller.Request:439][inquiry-wstirtanadi] Convert Response to Json MTI 3 : {"33":"2301200196","65":"","MTI":"0110","7":"0907092230","39":"003","40":"001","41":"20000002","11":"000009","12":"0907092232","13":"0010","14":"2020","48":"13010230120019639TAFAKEZIDUHU DACHI                     13BALOHO INDAH 04NA.4062020100724190000100460000510000010051600011Belum Lunas","25":"0012","57":"000"}
2021-09-07 09:22:32.264[                 ]INFO [m.controller.Request:431][inquiry-wstirtanadi] Request to Biller MTI 3 : 00810100822C0000828000008000000000000000090709223200001000112020230120019600320000002
2021-09-07 09:22:32.264[                 ]INFO [m.controller.Request:432][inquiry-wstirtanadi] Unpack Request to Biller MTI 3 : {"33":"2301200196","65":"","MTI":"0100","7":"0907092232","39":"003","41":"20000002","11":"000010","13":"0011","14":"2020"}
2021-09-07 09:22:32.264[                 ]INFO [m.controller.Request:39][clientSocket-wstirtanadi] Start Socket to SendMessage
2021-09-07 09:22:33.984[                 ]INFO [m.controller.Request:438][inquiry-wstirtanadi] Response Iso Biller MTI 3 : 02370110823C00808381008080000000000000000907092232000010090709223400112020001223012001960030012000000213313010230120019639TAFAKEZIDUHU DACHI                     13BALOHO INDAH 04NA.4062020110724190000100460000510000010051600011Belum Lunas000
2021-09-07 09:22:33.984[                 ]INFO [m.controller.Request:439][inquiry-wstirtanadi] Convert Response to Json MTI 3 : {"33":"2301200196","65":"","MTI":"0110","7":"0907092232","39":"003","40":"001","41":"20000002","11":"000010","12":"0907092234","13":"0011","14":"2020","48":"13010230120019639TAFAKEZIDUHU DACHI                     13BALOHO INDAH 04NA.4062020110724190000100460000510000010051600011Belum Lunas","25":"0012","57":"000"}
2021-09-07 15:02:05.419[                 ]INFO [otMybatisApplication:55]Starting SpringBootMybatisApplication on DESKTOP-RKJ18PE with PID 19764 (E:\SWITCHING_PAPANG\WORKSPACE\GATEWAY\WSTNISO\GatewayTirtanadi\target\classes started by Mr Papang in E:\SWITCHING_PAPANG\WORKSPACE\GATEWAY\WSTNISO\GatewayTirtanadi)
2021-09-07 15:02:05.426[                 ]INFO [otMybatisApplication:651]No active profile set, falling back to default profiles: default
2021-09-07 15:02:08.562[                 ]INFO [otMybatisApplication:61]Started SpringBootMybatisApplication in 3.639 seconds (JVM running for 5.01)
2021-09-07 15:03:07.374[                 ]INFO [m.controller.Request:114][inquiry-wstirtanadi] Start Inquiry
2021-09-07 15:03:07.534[                 ]INFO [m.controller.Request:140][inquiry-wstirtanadi] bit41 : 20000002
2021-09-07 15:03:07.548[                 ]INFO [m.controller.Request:163][inquiry-wstirtanadi] Request to Biller MTI 1 : 00730100822000008280000080000000000000000907150307000001230120019600120000002
2021-09-07 15:03:07.549[                 ]INFO [m.controller.Request:164][inquiry-wstirtanadi] Unpack Request to Biller MTI 1 : {"33":"2301200196","65":"","MTI":"0100","7":"0907150307","39":"001","41":"20000002","11":"000001"}
2021-09-07 15:03:07.549[                 ]INFO [m.controller.Request:39][clientSocket-wstirtanadi] Start Socket to SendMessage
2021-09-07 15:03:11.843[                 ]INFO [m.controller.Request:168][inquiry-wstirtanadi] Response Iso Biller MTI 1 : 017901108230008083810080800000000000000009071503070000010907150311000723012001960010012000000208308039TAFAKEZIDUHU DACHI                     13BALOHO INDAH 04NA.402230004null04null000
2021-09-07 15:03:11.853[                 ]INFO [m.controller.Request:172][inquiry-wstirtanadi] Convert Response to Json MTI 1 : {"48":"08039TAFAKEZIDUHU DACHI                     13BALOHO INDAH 04NA.402230004null04null","33":"2301200196","65":"","MTI":"0110","7":"0907150307","39":"001","40":"001","25":"0007","41":"20000002","57":"000","11":"000001","12":"0907150311"}
2021-09-07 15:03:11.878[                 ]INFO [m.controller.Request:313][inquiry-wstirtanadi] Request to Biller MTI 2 : 00730100822000008280000080000000000000000907150311000001230120019600420000002
2021-09-07 15:03:11.879[                 ]INFO [m.controller.Request:314][inquiry-wstirtanadi] Unpack Request to Biller MTI 2 : {"33":"2301200196","65":"","MTI":"0100","7":"0907150311","39":"004","41":"20000002","11":"000001"}
2021-09-07 15:03:11.879[                 ]INFO [m.controller.Request:39][clientSocket-wstirtanadi] Start Socket to SendMessage
2021-09-07 15:03:14.293[                 ]INFO [m.controller.Request:318][inquiry-wstirtanadi] Response Iso Biller MTI 2 : 053901108230008083810080800000000000000009071503110000010907150313001023012001960040012000000244344042202002000006000000010000000000000000016000422020030000060000000100000000000000000160004220200400000600000001000000000000000001600042202005000006000000010000000000000000016000422020060000060000000100000000000000000160004220200700000600000001000000000000000001600042202008000006000000010000000000000000016000422020090000060000000100000000000000000160004220201000000600000001000000000000000001600042202011000006000000010000000000000000016000000
2021-09-07 15:03:14.319[                 ]INFO [m.controller.Request:322][inquiry-wstirtanadi] Convert Response to Json MTI 2 : {"48":"44042202002000006000000010000000000000000016000422020030000060000000100000000000000000160004220200400000600000001000000000000000001600042202005000006000000010000000000000000016000422020060000060000000100000000000000000160004220200700000600000001000000000000000001600042202008000006000000010000000000000000016000422020090000060000000100000000000000000160004220201000000600000001000000000000000001600042202011000006000000010000000000000000016000","33":"2301200196","65":"","MTI":"0110","7":"0907150311","39":"004","40":"001","25":"0010","41":"20000002","57":"000","11":"000001","12":"0907150313"}
2021-09-07 15:03:14.320[                 ]INFO [m.controller.Request:331][inquiry-wstirtanadi] Start RC Bit40=001 MTI 2 : {"48":"44042202002000006000000010000000000000000016000422020030000060000000100000000000000000160004220200400000600000001000000000000000001600042202005000006000000010000000000000000016000422020060000060000000100000000000000000160004220200700000600000001000000000000000001600042202008000006000000010000000000000000016000422020090000060000000100000000000000000160004220201000000600000001000000000000000001600042202011000006000000010000000000000000016000","33":"2301200196","65":"","MTI":"0110","7":"0907150311","39":"004","40":"001","25":"0010","41":"20000002","57":"000","11":"000001","12":"0907150313"}
2021-09-07 15:03:14.321[                 ]INFO [m.controller.Request:367][inquiry-wstirtanadi] Bit48Array MTI 2 : {"48":"44042202002000006000000010000000000000000016000422020030000060000000100000000000000000160004220200400000600000001000000000000000001600042202005000006000000010000000000000000016000422020060000060000000100000000000000000160004220200700000600000001000000000000000001600042202008000006000000010000000000000000016000422020090000060000000100000000000000000160004220201000000600000001000000000000000001600042202011000006000000010000000000000000016000","33":"2301200196","65":"","MTI":"0110","7":"0907150311","39":"004","40":"001","25":"0010","41":"20000002","57":"000","11":"000001","12":"0907150313"}
2021-09-07 15:03:14.330[                 ]INFO [m.controller.Request:431][inquiry-wstirtanadi] Request to Biller MTI 3 : 00810100822C0000828000008000000000000000090715031400000100022020230120019600320000002
2021-09-07 15:03:14.330[                 ]INFO [m.controller.Request:432][inquiry-wstirtanadi] Unpack Request to Biller MTI 3 : {"33":"2301200196","65":"","MTI":"0100","7":"0907150314","39":"003","41":"20000002","11":"000001","13":"0002","14":"2020"}
2021-09-07 15:03:14.330[                 ]INFO [m.controller.Request:39][clientSocket-wstirtanadi] Start Socket to SendMessage
2021-09-07 15:03:16.675[                 ]INFO [m.controller.Request:438][inquiry-wstirtanadi] Response Iso Biller MTI 3 : 02310110823C00808381008080000000000000000907150314000001090715031600022020001223012001960030012000000212712410230120019639TAFAKEZIDUHU DACHI                     13BALOHO INDAH 04NA.4062020020100100460000510000010051600011Belum Lunas000
2021-09-07 15:03:16.675[                 ]INFO [m.controller.Request:439][inquiry-wstirtanadi] Convert Response to Json MTI 3 : {"33":"2301200196","65":"","MTI":"0110","7":"0907150314","39":"003","40":"001","41":"20000002","11":"000001","12":"0907150316","13":"0002","14":"2020","48":"12410230120019639TAFAKEZIDUHU DACHI                     13BALOHO INDAH 04NA.4062020020100100460000510000010051600011Belum Lunas","25":"0012","57":"000"}
2021-09-07 15:03:16.685[                 ]INFO [m.controller.Request:431][inquiry-wstirtanadi] Request to Biller MTI 3 : 00810100822C0000828000008000000000000000090715031600000200032020230120019600320000002
2021-09-07 15:03:16.686[                 ]INFO [m.controller.Request:432][inquiry-wstirtanadi] Unpack Request to Biller MTI 3 : {"33":"2301200196","65":"","MTI":"0100","7":"0907150316","39":"003","41":"20000002","11":"000002","13":"0003","14":"2020"}
2021-09-07 15:03:16.686[                 ]INFO [m.controller.Request:39][clientSocket-wstirtanadi] Start Socket to SendMessage
2021-09-07 15:03:19.054[                 ]INFO [m.controller.Request:438][inquiry-wstirtanadi] Response Iso Biller MTI 3 : 02340110823C00808381008080000000000000000907150316000002090715031800032020001223012001960030012000000213012710230120019639TAFAKEZIDUHU DACHI                     13BALOHO INDAH 04NA.4062020030424190100460000510000010051600011Belum Lunas000
2021-09-07 15:03:19.055[                 ]INFO [m.controller.Request:439][inquiry-wstirtanadi] Convert Response to Json MTI 3 : {"33":"2301200196","65":"","MTI":"0110","7":"0907150316","39":"003","40":"001","41":"20000002","11":"000002","12":"0907150318","13":"0003","14":"2020","48":"12710230120019639TAFAKEZIDUHU DACHI                     13BALOHO INDAH 04NA.4062020030424190100460000510000010051600011Belum Lunas","25":"0012","57":"000"}
2021-09-07 15:03:19.064[                 ]INFO [m.controller.Request:431][inquiry-wstirtanadi] Request to Biller MTI 3 : 00810100822C0000828000008000000000000000090715031900000300042020230120019600320000002
2021-09-07 15:03:19.065[                 ]INFO [m.controller.Request:432][inquiry-wstirtanadi] Unpack Request to Biller MTI 3 : {"33":"2301200196","65":"","MTI":"0100","7":"0907150319","39":"003","41":"20000002","11":"000003","13":"0004","14":"2020"}
2021-09-07 15:03:19.066[                 ]INFO [m.controller.Request:39][clientSocket-wstirtanadi] Start Socket to SendMessage
2021-09-07 15:03:21.225[                 ]INFO [m.controller.Request:438][inquiry-wstirtanadi] Response Iso Biller MTI 3 : 02370110823C00808381008080000000000000000907150319000003090715032000042020001223012001960030012000000213313010230120019639TAFAKEZIDUHU DACHI                     13BALOHO INDAH 04NA.4062020040724190000100460000510000010051600011Belum Lunas000
2021-09-07 15:03:21.226[                 ]INFO [m.controller.Request:439][inquiry-wstirtanadi] Convert Response to Json MTI 3 : {"33":"2301200196","65":"","MTI":"0110","7":"0907150319","39":"003","40":"001","41":"20000002","11":"000003","12":"0907150320","13":"0004","14":"2020","48":"13010230120019639TAFAKEZIDUHU DACHI                     13BALOHO INDAH 04NA.4062020040724190000100460000510000010051600011Belum Lunas","25":"0012","57":"000"}
2021-09-07 15:03:21.234[                 ]INFO [m.controller.Request:431][inquiry-wstirtanadi] Request to Biller MTI 3 : 00810100822C0000828000008000000000000000090715032100000400052020230120019600320000002
2021-09-07 15:03:21.234[                 ]INFO [m.controller.Request:432][inquiry-wstirtanadi] Unpack Request to Biller MTI 3 : {"33":"2301200196","65":"","MTI":"0100","7":"0907150321","39":"003","41":"20000002","11":"000004","13":"0005","14":"2020"}
2021-09-07 15:03:21.235[                 ]INFO [m.controller.Request:39][clientSocket-wstirtanadi] Start Socket to SendMessage
2021-09-07 15:03:23.630[                 ]INFO [m.controller.Request:438][inquiry-wstirtanadi] Response Iso Biller MTI 3 : 02370110823C00808381008080000000000000000907150321000004090715032300052020001223012001960030012000000213313010230120019639TAFAKEZIDUHU DACHI                     13BALOHO INDAH 04NA.4062020050724190000100460000510000010051600011Belum Lunas000
2021-09-07 15:03:23.631[                 ]INFO [m.controller.Request:439][inquiry-wstirtanadi] Convert Response to Json MTI 3 : {"33":"2301200196","65":"","MTI":"0110","7":"0907150321","39":"003","40":"001","41":"20000002","11":"000004","12":"0907150323","13":"0005","14":"2020","48":"13010230120019639TAFAKEZIDUHU DACHI                     13BALOHO INDAH 04NA.4062020050724190000100460000510000010051600011Belum Lunas","25":"0012","57":"000"}
2021-09-07 15:03:23.648[                 ]INFO [m.controller.Request:431][inquiry-wstirtanadi] Request to Biller MTI 3 : 00810100822C0000828000008000000000000000090715032300000500062020230120019600320000002
2021-09-07 15:03:23.649[                 ]INFO [m.controller.Request:432][inquiry-wstirtanadi] Unpack Request to Biller MTI 3 : {"33":"2301200196","65":"","MTI":"0100","7":"0907150323","39":"003","41":"20000002","11":"000005","13":"0006","14":"2020"}
2021-09-07 15:03:23.649[                 ]INFO [m.controller.Request:39][clientSocket-wstirtanadi] Start Socket to SendMessage
2021-09-07 15:03:26.688[                 ]INFO [m.controller.Request:438][inquiry-wstirtanadi] Response Iso Biller MTI 3 : 02370110823C00808381008080000000000000000907150323000005090715032600062020001223012001960030012000000213313010230120019639TAFAKEZIDUHU DACHI                     13BALOHO INDAH 04NA.4062020060724190000100460000510000010051600011Belum Lunas000
2021-09-07 15:03:26.689[                 ]INFO [m.controller.Request:439][inquiry-wstirtanadi] Convert Response to Json MTI 3 : {"33":"2301200196","65":"","MTI":"0110","7":"0907150323","39":"003","40":"001","41":"20000002","11":"000005","12":"0907150326","13":"0006","14":"2020","48":"13010230120019639TAFAKEZIDUHU DACHI                     13BALOHO INDAH 04NA.4062020060724190000100460000510000010051600011Belum Lunas","25":"0012","57":"000"}
2021-09-07 15:03:26.695[                 ]INFO [m.controller.Request:431][inquiry-wstirtanadi] Request to Biller MTI 3 : 00810100822C0000828000008000000000000000090715032600000600072020230120019600320000002
2021-09-07 15:03:26.696[                 ]INFO [m.controller.Request:432][inquiry-wstirtanadi] Unpack Request to Biller MTI 3 : {"33":"2301200196","65":"","MTI":"0100","7":"0907150326","39":"003","41":"20000002","11":"000006","13":"0007","14":"2020"}
2021-09-07 15:03:26.696[                 ]INFO [m.controller.Request:39][clientSocket-wstirtanadi] Start Socket to SendMessage
2021-09-07 15:03:28.818[                 ]INFO [m.controller.Request:438][inquiry-wstirtanadi] Response Iso Biller MTI 3 : 02370110823C00808381008080000000000000000907150326000006090715032800072020001223012001960030012000000213313010230120019639TAFAKEZIDUHU DACHI                     13BALOHO INDAH 04NA.4062020070724190000100460000510000010051600011Belum Lunas000
2021-09-07 15:03:28.819[                 ]INFO [m.controller.Request:439][inquiry-wstirtanadi] Convert Response to Json MTI 3 : {"33":"2301200196","65":"","MTI":"0110","7":"0907150326","39":"003","40":"001","41":"20000002","11":"000006","12":"0907150328","13":"0007","14":"2020","48":"13010230120019639TAFAKEZIDUHU DACHI                     13BALOHO INDAH 04NA.4062020070724190000100460000510000010051600011Belum Lunas","25":"0012","57":"000"}
2021-09-07 15:03:28.827[                 ]INFO [m.controller.Request:431][inquiry-wstirtanadi] Request to Biller MTI 3 : 00810100822C0000828000008000000000000000090715032800000700082020230120019600320000002
2021-09-07 15:03:28.827[                 ]INFO [m.controller.Request:432][inquiry-wstirtanadi] Unpack Request to Biller MTI 3 : {"33":"2301200196","65":"","MTI":"0100","7":"0907150328","39":"003","41":"20000002","11":"000007","13":"0008","14":"2020"}
2021-09-07 15:03:28.828[                 ]INFO [m.controller.Request:39][clientSocket-wstirtanadi] Start Socket to SendMessage
2021-09-07 15:03:31.436[                 ]INFO [m.controller.Request:438][inquiry-wstirtanadi] Response Iso Biller MTI 3 : 02370110823C00808381008080000000000000000907150328000007090715033100082020001223012001960030012000000213313010230120019639TAFAKEZIDUHU DACHI                     13BALOHO INDAH 04NA.4062020080724190000100460000510000010051600011Belum Lunas000
2021-09-07 15:03:31.437[                 ]INFO [m.controller.Request:439][inquiry-wstirtanadi] Convert Response to Json MTI 3 : {"33":"2301200196","65":"","MTI":"0110","7":"0907150328","39":"003","40":"001","41":"20000002","11":"000007","12":"0907150331","13":"0008","14":"2020","48":"13010230120019639TAFAKEZIDUHU DACHI                     13BALOHO INDAH 04NA.4062020080724190000100460000510000010051600011Belum Lunas","25":"0012","57":"000"}
2021-09-07 15:03:31.443[                 ]INFO [m.controller.Request:431][inquiry-wstirtanadi] Request to Biller MTI 3 : 00810100822C0000828000008000000000000000090715033100000800092020230120019600320000002
2021-09-07 15:03:31.443[                 ]INFO [m.controller.Request:432][inquiry-wstirtanadi] Unpack Request to Biller MTI 3 : {"33":"2301200196","65":"","MTI":"0100","7":"0907150331","39":"003","41":"20000002","11":"000008","13":"0009","14":"2020"}
2021-09-07 15:03:31.443[                 ]INFO [m.controller.Request:39][clientSocket-wstirtanadi] Start Socket to SendMessage
2021-09-07 15:03:34.153[                 ]INFO [m.controller.Request:438][inquiry-wstirtanadi] Response Iso Biller MTI 3 : 02370110823C00808381008080000000000000000907150331000008090715033300092020001223012001960030012000000213313010230120019639TAFAKEZIDUHU DACHI                     13BALOHO INDAH 04NA.4062020090724190000100460000510000010051600011Belum Lunas000
2021-09-07 15:03:34.153[                 ]INFO [m.controller.Request:439][inquiry-wstirtanadi] Convert Response to Json MTI 3 : {"33":"2301200196","65":"","MTI":"0110","7":"0907150331","39":"003","40":"001","41":"20000002","11":"000008","12":"0907150333","13":"0009","14":"2020","48":"13010230120019639TAFAKEZIDUHU DACHI                     13BALOHO INDAH 04NA.4062020090724190000100460000510000010051600011Belum Lunas","25":"0012","57":"000"}
2021-09-07 15:03:34.159[                 ]INFO [m.controller.Request:431][inquiry-wstirtanadi] Request to Biller MTI 3 : 00810100822C0000828000008000000000000000090715033400000900102020230120019600320000002
2021-09-07 15:03:34.160[                 ]INFO [m.controller.Request:432][inquiry-wstirtanadi] Unpack Request to Biller MTI 3 : {"33":"2301200196","65":"","MTI":"0100","7":"0907150334","39":"003","41":"20000002","11":"000009","13":"0010","14":"2020"}
2021-09-07 15:03:34.160[                 ]INFO [m.controller.Request:39][clientSocket-wstirtanadi] Start Socket to SendMessage
2021-09-07 15:03:36.714[                 ]INFO [m.controller.Request:438][inquiry-wstirtanadi] Response Iso Biller MTI 3 : 02370110823C00808381008080000000000000000907150334000009090715033600102020001223012001960030012000000213313010230120019639TAFAKEZIDUHU DACHI                     13BALOHO INDAH 04NA.4062020100724190000100460000510000010051600011Belum Lunas000
2021-09-07 15:03:36.714[                 ]INFO [m.controller.Request:439][inquiry-wstirtanadi] Convert Response to Json MTI 3 : {"33":"2301200196","65":"","MTI":"0110","7":"0907150334","39":"003","40":"001","41":"20000002","11":"000009","12":"0907150336","13":"0010","14":"2020","48":"13010230120019639TAFAKEZIDUHU DACHI                     13BALOHO INDAH 04NA.4062020100724190000100460000510000010051600011Belum Lunas","25":"0012","57":"000"}
2021-09-07 15:03:36.721[                 ]INFO [m.controller.Request:431][inquiry-wstirtanadi] Request to Biller MTI 3 : 00810100822C0000828000008000000000000000090715033600001000112020230120019600320000002
2021-09-07 15:03:36.722[                 ]INFO [m.controller.Request:432][inquiry-wstirtanadi] Unpack Request to Biller MTI 3 : {"33":"2301200196","65":"","MTI":"0100","7":"0907150336","39":"003","41":"20000002","11":"000010","13":"0011","14":"2020"}
2021-09-07 15:03:36.722[                 ]INFO [m.controller.Request:39][clientSocket-wstirtanadi] Start Socket to SendMessage
2021-09-07 15:03:38.808[                 ]INFO [m.controller.Request:438][inquiry-wstirtanadi] Response Iso Biller MTI 3 : 02370110823C00808381008080000000000000000907150336000010090715033800112020001223012001960030012000000213313010230120019639TAFAKEZIDUHU DACHI                     13BALOHO INDAH 04NA.4062020110724190000100460000510000010051600011Belum Lunas000
2021-09-07 15:03:38.809[                 ]INFO [m.controller.Request:439][inquiry-wstirtanadi] Convert Response to Json MTI 3 : {"33":"2301200196","65":"","MTI":"0110","7":"0907150336","39":"003","40":"001","41":"20000002","11":"000010","12":"0907150338","13":"0011","14":"2020","48":"13010230120019639TAFAKEZIDUHU DACHI                     13BALOHO INDAH 04NA.4062020110724190000100460000510000010051600011Belum Lunas","25":"0012","57":"000"}
2021-09-07 15:04:20.988[                 ]INFO [m.controller.Request:114][inquiry-wstirtanadi] Start Inquiry
2021-09-07 15:04:21.027[                 ]INFO [m.controller.Request:140][inquiry-wstirtanadi] bit41 : 20000002
2021-09-07 15:04:21.031[                 ]INFO [m.controller.Request:163][inquiry-wstirtanadi] Request to Biller MTI 1 : 00730100822000008280000080000000000000000907150421000001071120001400120000002
2021-09-07 15:04:21.031[                 ]INFO [m.controller.Request:164][inquiry-wstirtanadi] Unpack Request to Biller MTI 1 : {"33":"0711200014","65":"","MTI":"0100","7":"0907150421","39":"001","41":"20000002","11":"000001"}
2021-09-07 15:04:21.031[                 ]INFO [m.controller.Request:39][clientSocket-wstirtanadi] Start Socket to SendMessage
2021-09-07 15:04:25.284[                 ]INFO [m.controller.Request:168][inquiry-wstirtanadi] Response Iso Biller MTI 1 : 016401108230008083810080800000000000000009071504210000010907150424000707112000140010012000000206806509EDIANA HS26CASSIA III/7 TASBI BLOK-YY04RT.30207027204null04null000
2021-09-07 15:04:25.290[                 ]INFO [m.controller.Request:172][inquiry-wstirtanadi] Convert Response to Json MTI 1 : {"48":"06509EDIANA HS26CASSIA III\/7 TASBI BLOK-YY04RT.30207027204null04null","33":"0711200014","65":"","MTI":"0110","7":"0907150421","39":"001","40":"001","25":"0007","41":"20000002","57":"000","11":"000001","12":"0907150424"}
2021-09-07 15:04:25.302[                 ]INFO [m.controller.Request:313][inquiry-wstirtanadi] Request to Biller MTI 2 : 00730100822000008280000080000000000000000907150425000001071120001400420000002
2021-09-07 15:04:25.302[                 ]INFO [m.controller.Request:314][inquiry-wstirtanadi] Unpack Request to Biller MTI 2 : {"33":"0711200014","65":"","MTI":"0100","7":"0907150425","39":"004","41":"20000002","11":"000001"}
2021-09-07 15:04:25.303[                 ]INFO [m.controller.Request:39][clientSocket-wstirtanadi] Start Socket to SendMessage
2021-09-07 15:04:27.794[                 ]INFO [m.controller.Request:318][inquiry-wstirtanadi] Response Iso Biller MTI 2 : 014301108230008083810080800000000000000009071504250000010907150427000107112000140040012000000204704442201008000006000000010000000000000000016000000
2021-09-07 15:04:27.801[                 ]INFO [m.controller.Request:322][inquiry-wstirtanadi] Convert Response to Json MTI 2 : {"48":"04442201008000006000000010000000000000000016000","33":"0711200014","65":"","MTI":"0110","7":"0907150425","39":"004","40":"001","25":"0001","41":"20000002","57":"000","11":"000001","12":"0907150427"}
2021-09-07 15:04:27.802[                 ]INFO [m.controller.Request:331][inquiry-wstirtanadi] Start RC Bit40=001 MTI 2 : {"48":"04442201008000006000000010000000000000000016000","33":"0711200014","65":"","MTI":"0110","7":"0907150425","39":"004","40":"001","25":"0001","41":"20000002","57":"000","11":"000001","12":"0907150427"}
2021-09-07 15:04:27.802[                 ]INFO [m.controller.Request:367][inquiry-wstirtanadi] Bit48Array MTI 2 : {"48":"04442201008000006000000010000000000000000016000","33":"0711200014","65":"","MTI":"0110","7":"0907150425","39":"004","40":"001","25":"0001","41":"20000002","57":"000","11":"000001","12":"0907150427"}
2021-09-07 15:04:27.810[                 ]INFO [m.controller.Request:431][inquiry-wstirtanadi] Request to Biller MTI 3 : 00810100822C0000828000008000000000000000090715042700000100082010071120001400320000002
2021-09-07 15:04:27.811[                 ]INFO [m.controller.Request:432][inquiry-wstirtanadi] Unpack Request to Biller MTI 3 : {"33":"0711200014","65":"","MTI":"0100","7":"0907150427","39":"003","41":"20000002","11":"000001","13":"0008","14":"2010"}
2021-09-07 15:04:27.811[                 ]INFO [m.controller.Request:39][clientSocket-wstirtanadi] Start Socket to SendMessage
2021-09-07 15:04:30.305[                 ]INFO [m.controller.Request:438][inquiry-wstirtanadi] Response Iso Biller MTI 3 : 02140110823C00808381008080000000000000000907150427000001090715042900082010001207112000140030012000000211010710071120001409EDIANA HS26CASSIA III/7 TASBI BLOK-YY04RT.3062010080100100460000510000010051600011Belum Lunas000
2021-09-07 15:04:30.305[                 ]INFO [m.controller.Request:439][inquiry-wstirtanadi] Convert Response to Json MTI 3 : {"33":"0711200014","65":"","MTI":"0110","7":"0907150427","39":"003","40":"001","41":"20000002","11":"000001","12":"0907150429","13":"0008","14":"2010","48":"10710071120001409EDIANA HS26CASSIA III\/7 TASBI BLOK-YY04RT.3062010080100100460000510000010051600011Belum Lunas","25":"0012","57":"000"}
2021-09-07 15:04:55.063[                 ]INFO [m.controller.Request:114][inquiry-wstirtanadi] Start Inquiry
2021-09-07 15:04:55.108[                 ]INFO [m.controller.Request:140][inquiry-wstirtanadi] bit41 : 20000002
2021-09-07 15:04:55.114[                 ]INFO [m.controller.Request:163][inquiry-wstirtanadi] Request to Biller MTI 1 : 00730100822000008280000080000000000000000907150455000001071120001400120000002
2021-09-07 15:04:55.114[                 ]INFO [m.controller.Request:164][inquiry-wstirtanadi] Unpack Request to Biller MTI 1 : {"33":"0711200014","65":"","MTI":"0100","7":"0907150455","39":"001","41":"20000002","11":"000001"}
2021-09-07 15:04:55.114[                 ]INFO [m.controller.Request:39][clientSocket-wstirtanadi] Start Socket to SendMessage
2021-09-07 15:04:59.284[                 ]INFO [m.controller.Request:168][inquiry-wstirtanadi] Response Iso Biller MTI 1 : 016401108230008083810080800000000000000009071504550000010907150458000707112000140010012000000206806509EDIANA HS26CASSIA III/7 TASBI BLOK-YY04RT.30207027204null04null000
2021-09-07 15:04:59.290[                 ]INFO [m.controller.Request:172][inquiry-wstirtanadi] Convert Response to Json MTI 1 : {"48":"06509EDIANA HS26CASSIA III\/7 TASBI BLOK-YY04RT.30207027204null04null","33":"0711200014","65":"","MTI":"0110","7":"0907150455","39":"001","40":"001","25":"0007","41":"20000002","57":"000","11":"000001","12":"0907150458"}
2021-09-07 15:04:59.300[                 ]INFO [m.controller.Request:313][inquiry-wstirtanadi] Request to Biller MTI 2 : 00730100822000008280000080000000000000000907150459000001071120001400420000002
2021-09-07 15:04:59.300[                 ]INFO [m.controller.Request:314][inquiry-wstirtanadi] Unpack Request to Biller MTI 2 : {"33":"0711200014","65":"","MTI":"0100","7":"0907150459","39":"004","41":"20000002","11":"000001"}
2021-09-07 15:04:59.301[                 ]INFO [m.controller.Request:39][clientSocket-wstirtanadi] Start Socket to SendMessage
2021-09-07 15:05:01.949[                 ]INFO [m.controller.Request:318][inquiry-wstirtanadi] Response Iso Biller MTI 2 : 014301108230008083810080800000000000000009071504590000010907150501000107112000140040012000000204704442201008000006000000010000000000000000016000000
2021-09-07 15:05:01.955[                 ]INFO [m.controller.Request:322][inquiry-wstirtanadi] Convert Response to Json MTI 2 : {"48":"04442201008000006000000010000000000000000016000","33":"0711200014","65":"","MTI":"0110","7":"0907150459","39":"004","40":"001","25":"0001","41":"20000002","57":"000","11":"000001","12":"0907150501"}
2021-09-07 15:05:01.956[                 ]INFO [m.controller.Request:331][inquiry-wstirtanadi] Start RC Bit40=001 MTI 2 : {"48":"04442201008000006000000010000000000000000016000","33":"0711200014","65":"","MTI":"0110","7":"0907150459","39":"004","40":"001","25":"0001","41":"20000002","57":"000","11":"000001","12":"0907150501"}
2021-09-07 15:05:01.957[                 ]INFO [m.controller.Request:367][inquiry-wstirtanadi] Bit48Array MTI 2 : {"48":"04442201008000006000000010000000000000000016000","33":"0711200014","65":"","MTI":"0110","7":"0907150459","39":"004","40":"001","25":"0001","41":"20000002","57":"000","11":"000001","12":"0907150501"}
2021-09-07 15:05:01.964[                 ]INFO [m.controller.Request:431][inquiry-wstirtanadi] Request to Biller MTI 3 : 00810100822C0000828000008000000000000000090715050100000100082010071120001400320000002
2021-09-07 15:05:01.964[                 ]INFO [m.controller.Request:432][inquiry-wstirtanadi] Unpack Request to Biller MTI 3 : {"33":"0711200014","65":"","MTI":"0100","7":"0907150501","39":"003","41":"20000002","11":"000001","13":"0008","14":"2010"}
2021-09-07 15:05:01.964[                 ]INFO [m.controller.Request:39][clientSocket-wstirtanadi] Start Socket to SendMessage
2021-09-07 15:05:04.114[                 ]INFO [m.controller.Request:438][inquiry-wstirtanadi] Response Iso Biller MTI 3 : 02140110823C00808381008080000000000000000907150501000001090715050300082010001207112000140030012000000211010710071120001409EDIANA HS26CASSIA III/7 TASBI BLOK-YY04RT.3062010080100100460000510000010051600011Belum Lunas000
2021-09-07 15:05:04.115[                 ]INFO [m.controller.Request:439][inquiry-wstirtanadi] Convert Response to Json MTI 3 : {"33":"0711200014","65":"","MTI":"0110","7":"0907150501","39":"003","40":"001","41":"20000002","11":"000001","12":"0907150503","13":"0008","14":"2010","48":"10710071120001409EDIANA HS26CASSIA III\/7 TASBI BLOK-YY04RT.3062010080100100460000510000010051600011Belum Lunas","25":"0012","57":"000"}
2021-09-07 15:12:40.259[                 ]INFO [m.controller.Request:114][inquiry-wstirtanadi] Start Inquiry
2021-09-07 15:12:40.333[                 ]INFO [m.controller.Request:140][inquiry-wstirtanadi] bit41 : 20000002
2021-09-07 15:12:40.339[                 ]INFO [m.controller.Request:163][inquiry-wstirtanadi] Request to Biller MTI 1 : 00730100822000008280000080000000000000000907151240000001071217000300120000002
2021-09-07 15:12:40.339[                 ]INFO [m.controller.Request:164][inquiry-wstirtanadi] Unpack Request to Biller MTI 1 : {"33":"0712170003","65":"","MTI":"0100","7":"0907151240","39":"001","41":"20000002","11":"000001"}
2021-09-07 15:12:40.339[                 ]INFO [m.controller.Request:39][clientSocket-wstirtanadi] Start Socket to SendMessage
2021-09-07 15:12:44.274[                 ]INFO [m.controller.Request:168][inquiry-wstirtanadi] Response Iso Biller MTI 1 : 015301108230008083810080800000000000000009071512400000010907151243000707121700030010012000000205705410AR SITORUS12SEI MENCIRIM04RT.202070458-D04null04null000
2021-09-07 15:12:44.280[                 ]INFO [m.controller.Request:172][inquiry-wstirtanadi] Convert Response to Json MTI 1 : {"48":"05410AR SITORUS12SEI MENCIRIM04RT.202070458-D04null04null","33":"0712170003","65":"","MTI":"0110","7":"0907151240","39":"001","40":"001","25":"0007","41":"20000002","57":"000","11":"000001","12":"0907151243"}
2021-09-07 15:12:44.289[                 ]INFO [m.controller.Request:313][inquiry-wstirtanadi] Request to Biller MTI 2 : 00730100822000008280000080000000000000000907151244000001071217000300420000002
2021-09-07 15:12:44.290[                 ]INFO [m.controller.Request:314][inquiry-wstirtanadi] Unpack Request to Biller MTI 2 : {"33":"0712170003","65":"","MTI":"0100","7":"0907151244","39":"004","41":"20000002","11":"000001"}
2021-09-07 15:12:44.290[                 ]INFO [m.controller.Request:39][clientSocket-wstirtanadi] Start Socket to SendMessage
2021-09-07 15:12:46.782[                 ]INFO [m.controller.Request:318][inquiry-wstirtanadi] Response Iso Biller MTI 2 : 014301108230008083810080800000000000000009071512440000010907151246000107121700030040012000000204704442199201000001000000007500000000000000008500000
2021-09-07 15:12:46.789[                 ]INFO [m.controller.Request:322][inquiry-wstirtanadi] Convert Response to Json MTI 2 : {"48":"04442199201000001000000007500000000000000008500","33":"0712170003","65":"","MTI":"0110","7":"0907151244","39":"004","40":"001","25":"0001","41":"20000002","57":"000","11":"000001","12":"0907151246"}
2021-09-07 15:12:46.790[                 ]INFO [m.controller.Request:331][inquiry-wstirtanadi] Start RC Bit40=001 MTI 2 : {"48":"04442199201000001000000007500000000000000008500","33":"0712170003","65":"","MTI":"0110","7":"0907151244","39":"004","40":"001","25":"0001","41":"20000002","57":"000","11":"000001","12":"0907151246"}
2021-09-07 15:12:46.790[                 ]INFO [m.controller.Request:367][inquiry-wstirtanadi] Bit48Array MTI 2 : {"48":"04442199201000001000000007500000000000000008500","33":"0712170003","65":"","MTI":"0110","7":"0907151244","39":"004","40":"001","25":"0001","41":"20000002","57":"000","11":"000001","12":"0907151246"}
2021-09-07 15:12:46.796[                 ]INFO [m.controller.Request:431][inquiry-wstirtanadi] Request to Biller MTI 3 : 00810100822C0000828000008000000000000000090715124600000100011992071217000300320000002
2021-09-07 15:12:46.796[                 ]INFO [m.controller.Request:432][inquiry-wstirtanadi] Unpack Request to Biller MTI 3 : {"33":"0712170003","65":"","MTI":"0100","7":"0907151246","39":"003","41":"20000002","11":"000001","13":"0001","14":"1992"}
2021-09-07 15:12:46.796[                 ]INFO [m.controller.Request:39][clientSocket-wstirtanadi] Start Socket to SendMessage
2021-09-07 15:12:49.131[                 ]INFO [m.controller.Request:438][inquiry-wstirtanadi] Response Iso Biller MTI 3 : 01990110823C00808381008080000000000000000907151246000001090715124800011992001207121700030030012000000209509210071217000310AR SITORUS12SEI MENCIRIM04NA.10619920101001004100004750001004850011Belum Lunas000
2021-09-07 15:12:49.132[                 ]INFO [m.controller.Request:439][inquiry-wstirtanadi] Convert Response to Json MTI 3 : {"33":"0712170003","65":"","MTI":"0110","7":"0907151246","39":"003","40":"001","41":"20000002","11":"000001","12":"0907151248","13":"0001","14":"1992","48":"09210071217000310AR SITORUS12SEI MENCIRIM04NA.10619920101001004100004750001004850011Belum Lunas","25":"0012","57":"000"}
2021-09-07 15:40:48.250[                 ]INFO [m.controller.Request:114][inquiry-wstirtanadi] Start Inquiry
2021-09-07 15:40:48.289[                 ]INFO [m.controller.Request:140][inquiry-wstirtanadi] bit41 : 20000002
2021-09-07 15:40:48.292[                 ]INFO [m.controller.Request:163][inquiry-wstirtanadi] Request to Biller MTI 1 : 00730100822000008280000080000000000000000907154048000001071217000300120000002
2021-09-07 15:40:48.292[                 ]INFO [m.controller.Request:164][inquiry-wstirtanadi] Unpack Request to Biller MTI 1 : {"33":"0712170003","65":"","MTI":"0100","7":"0907154048","39":"001","41":"20000002","11":"000001"}
2021-09-07 15:40:48.292[                 ]INFO [m.controller.Request:39][clientSocket-wstirtanadi] Start Socket to SendMessage
2021-09-07 15:40:53.072[                 ]INFO [m.controller.Request:168][inquiry-wstirtanadi] Response Iso Biller MTI 1 : 015301108230008083810080800000000000000009071540480000010907154052000707121700030010012000000205705410AR SITORUS12SEI MENCIRIM04RT.202070458-D04null04null000
2021-09-07 15:40:53.078[                 ]INFO [m.controller.Request:172][inquiry-wstirtanadi] Convert Response to Json MTI 1 : {"48":"05410AR SITORUS12SEI MENCIRIM04RT.202070458-D04null04null","33":"0712170003","65":"","MTI":"0110","7":"0907154048","39":"001","40":"001","25":"0007","41":"20000002","57":"000","11":"000001","12":"0907154052"}
2021-09-07 15:40:53.087[                 ]INFO [m.controller.Request:313][inquiry-wstirtanadi] Request to Biller MTI 2 : 00730100822000008280000080000000000000000907154053000001071217000300420000002
2021-09-07 15:40:53.088[                 ]INFO [m.controller.Request:314][inquiry-wstirtanadi] Unpack Request to Biller MTI 2 : {"33":"0712170003","65":"","MTI":"0100","7":"0907154053","39":"004","41":"20000002","11":"000001"}
2021-09-07 15:40:53.088[                 ]INFO [m.controller.Request:39][clientSocket-wstirtanadi] Start Socket to SendMessage
2021-09-07 15:40:55.468[                 ]INFO [m.controller.Request:318][inquiry-wstirtanadi] Response Iso Biller MTI 2 : 014301108230008083810080800000000000000009071540530000010907154055000107121700030040012000000204704442199201000001000000007500000000000000008500000
2021-09-07 15:40:55.474[                 ]INFO [m.controller.Request:322][inquiry-wstirtanadi] Convert Response to Json MTI 2 : {"48":"04442199201000001000000007500000000000000008500","33":"0712170003","65":"","MTI":"0110","7":"0907154053","39":"004","40":"001","25":"0001","41":"20000002","57":"000","11":"000001","12":"0907154055"}
2021-09-07 15:40:55.475[                 ]INFO [m.controller.Request:331][inquiry-wstirtanadi] Start RC Bit40=001 MTI 2 : {"48":"04442199201000001000000007500000000000000008500","33":"0712170003","65":"","MTI":"0110","7":"0907154053","39":"004","40":"001","25":"0001","41":"20000002","57":"000","11":"000001","12":"0907154055"}
2021-09-07 15:40:55.475[                 ]INFO [m.controller.Request:367][inquiry-wstirtanadi] Bit48Array MTI 2 : {"48":"04442199201000001000000007500000000000000008500","33":"0712170003","65":"","MTI":"0110","7":"0907154053","39":"004","40":"001","25":"0001","41":"20000002","57":"000","11":"000001","12":"0907154055"}
2021-09-07 15:40:55.481[                 ]INFO [m.controller.Request:431][inquiry-wstirtanadi] Request to Biller MTI 3 : 00810100822C0000828000008000000000000000090715405500000100011992071217000300320000002
2021-09-07 15:40:55.482[                 ]INFO [m.controller.Request:432][inquiry-wstirtanadi] Unpack Request to Biller MTI 3 : {"33":"0712170003","65":"","MTI":"0100","7":"0907154055","39":"003","41":"20000002","11":"000001","13":"0001","14":"1992"}
2021-09-07 15:40:55.482[                 ]INFO [m.controller.Request:39][clientSocket-wstirtanadi] Start Socket to SendMessage
2021-09-07 15:40:58.158[                 ]INFO [m.controller.Request:438][inquiry-wstirtanadi] Response Iso Biller MTI 3 : 01990110823C00808381008080000000000000000907154055000001090715405700011992001207121700030030012000000209509210071217000310AR SITORUS12SEI MENCIRIM04NA.10619920101001004100004750001004850011Belum Lunas000
2021-09-07 15:40:58.158[                 ]INFO [m.controller.Request:439][inquiry-wstirtanadi] Convert Response to Json MTI 3 : {"33":"0712170003","65":"","MTI":"0110","7":"0907154055","39":"003","40":"001","41":"20000002","11":"000001","12":"0907154057","13":"0001","14":"1992","48":"09210071217000310AR SITORUS12SEI MENCIRIM04NA.10619920101001004100004750001004850011Belum Lunas","25":"0012","57":"000"}
