2021-09-05 05:02:10.213[                 ]INFO [m.controller.Request:116][inquiry-wstirtanadi] Start Inquiry
2021-09-05 05:02:10.256[                 ]INFO [m.controller.Request:142][inquiry-wstirtanadi] bit41 : 20000002
2021-09-05 05:02:10.260[                 ]INFO [m.controller.Request:163][inquiry-wstirtanadi] Request to Biller MTI 1 : 00730100822000008280000080000000000000000905050210000003230120016000120000002
2021-09-05 05:02:10.260[                 ]INFO [m.controller.Request:164][inquiry-wstirtanadi] Unpack Request to Biller MTI 1 : {"33":"2301200160","65":"","MTI":"0100","7":"0905050210","39":"001","41":"20000002","11":"000003"}
2021-09-05 05:02:10.281[                 ]INFO [m.controller.Request:39][clientSocket-wstirtanadi] Start Socket to SendMessage
2021-09-05 05:02:15.716[                 ]INFO [m.controller.Request:54][clientSocket-wstirtanadi] Data Socket : [B@1ba86c58
2021-09-05 05:02:15.717[                 ]INFO [m.controller.Request:59][clientSocket-wstirtanadi] Response Data Socket : SUCCES
2021-09-05 05:02:17.465[                 ]INFO [m.controller.Request:54][clientSocket-wstirtanadi] Data Socket : [B@353b9737
2021-09-05 05:02:17.465[                 ]INFO [m.controller.Request:59][clientSocket-wstirtanadi] Response Data Socket : 00790110823000000380008000000000000000000904202144000002090505021700100020000009001
2021-09-05 05:02:17.466[                 ]INFO [m.controller.Request:168][inquiry-wstirtanadi] Response Iso Biller MTI 1 : 00790110823000000380008000000000000000000904202144000002090505021700100020000009001
2021-09-05 05:02:17.474[                 ]INFO [m.controller.Request:172][inquiry-wstirtanadi] Convert Response to Json MTI 1 : {"MTI":"0110","7":"0904202144","39":"001","40":"000","41":"20000009","57":"001","11":"000002","12":"0905050217"}
2021-09-05 05:02:24.059[                 ]INFO [m.controller.Request:116][inquiry-wstirtanadi] Start Inquiry
2021-09-05 05:02:24.097[                 ]INFO [m.controller.Request:142][inquiry-wstirtanadi] bit41 : 20000002
2021-09-05 05:02:24.102[                 ]INFO [m.controller.Request:163][inquiry-wstirtanadi] Request to Biller MTI 1 : 00730100822000008280000080000000000000000905050224000004230120016100120000002
2021-09-05 05:02:24.102[                 ]INFO [m.controller.Request:164][inquiry-wstirtanadi] Unpack Request to Biller MTI 1 : {"33":"2301200161","65":"","MTI":"0100","7":"0905050224","39":"001","41":"20000002","11":"000004"}
2021-09-05 05:02:24.102[                 ]INFO [m.controller.Request:39][clientSocket-wstirtanadi] Start Socket to SendMessage
2021-09-05 05:02:29.583[                 ]INFO [m.controller.Request:54][clientSocket-wstirtanadi] Data Socket : [B@14caf435
2021-09-05 05:02:29.584[                 ]INFO [m.controller.Request:59][clientSocket-wstirtanadi] Response Data Socket : SUCCES
2021-09-05 05:02:30.367[                 ]INFO [m.controller.Request:54][clientSocket-wstirtanadi] Data Socket : [B@47c69b09
2021-09-05 05:02:30.368[                 ]INFO [m.controller.Request:59][clientSocket-wstirtanadi] Response Data Socket : 00790110823000000380008000000000000000000904202144000002090505023000100020000009001
2021-09-05 05:02:30.368[                 ]INFO [m.controller.Request:168][inquiry-wstirtanadi] Response Iso Biller MTI 1 : 00790110823000000380008000000000000000000904202144000002090505023000100020000009001
2021-09-05 05:02:30.377[                 ]INFO [m.controller.Request:172][inquiry-wstirtanadi] Convert Response to Json MTI 1 : {"MTI":"0110","7":"0904202144","39":"001","40":"000","41":"20000009","57":"001","11":"000002","12":"0905050230"}
2021-09-05 05:03:44.738[                 ]INFO [m.controller.Request:116][inquiry-wstirtanadi] Start Inquiry
2021-09-05 05:03:44.780[                 ]INFO [m.controller.Request:142][inquiry-wstirtanadi] bit41 : 20000002
2021-09-05 05:03:44.785[                 ]INFO [m.controller.Request:163][inquiry-wstirtanadi] Request to Biller MTI 1 : 00730100822000008280000080000000000000000905050344000005230120016200120000002
2021-09-05 05:03:44.785[                 ]INFO [m.controller.Request:164][inquiry-wstirtanadi] Unpack Request to Biller MTI 1 : {"33":"2301200162","65":"","MTI":"0100","7":"0905050344","39":"001","41":"20000002","11":"000005"}
2021-09-05 05:03:44.786[                 ]INFO [m.controller.Request:39][clientSocket-wstirtanadi] Start Socket to SendMessage
2021-09-05 05:03:51.807[                 ]INFO [m.controller.Request:54][clientSocket-wstirtanadi] Data Socket : [B@7781e78c
2021-09-05 05:03:51.807[                 ]INFO [m.controller.Request:59][clientSocket-wstirtanadi] Response Data Socket : SUCCES
2021-09-05 05:03:57.094[                 ]INFO [m.controller.Request:54][clientSocket-wstirtanadi] Data Socket : [B@73df41af
2021-09-05 05:03:57.094[                 ]INFO [m.controller.Request:59][clientSocket-wstirtanadi] Response Data Socket : 00790110823000000380008000000000000000000904202144000002090505035700100020000009001
2021-09-05 05:03:57.095[                 ]INFO [m.controller.Request:168][inquiry-wstirtanadi] Response Iso Biller MTI 1 : 00790110823000000380008000000000000000000904202144000002090505035700100020000009001
2021-09-05 05:03:57.104[                 ]INFO [m.controller.Request:172][inquiry-wstirtanadi] Convert Response to Json MTI 1 : {"MTI":"0110","7":"0904202144","39":"001","40":"000","41":"20000009","57":"001","11":"000002","12":"0905050357"}
2021-09-05 05:05:01.822[                 ]INFO [m.controller.Request:116][inquiry-wstirtanadi] Start Inquiry
2021-09-05 05:05:01.862[                 ]INFO [m.controller.Request:142][inquiry-wstirtanadi] bit41 : 20000002
2021-09-05 05:05:01.867[                 ]INFO [m.controller.Request:163][inquiry-wstirtanadi] Request to Biller MTI 1 : 00730100822000008280000080000000000000000905050501000006230120016300120000002
2021-09-05 05:05:01.867[                 ]INFO [m.controller.Request:164][inquiry-wstirtanadi] Unpack Request to Biller MTI 1 : {"33":"2301200163","65":"","MTI":"0100","7":"0905050501","39":"001","41":"20000002","11":"000006"}
2021-09-05 05:05:01.867[                 ]INFO [m.controller.Request:39][clientSocket-wstirtanadi] Start Socket to SendMessage
2021-09-05 05:05:07.211[                 ]INFO [m.controller.Request:54][clientSocket-wstirtanadi] Data Socket : [B@1849bf24
2021-09-05 05:05:07.211[                 ]INFO [m.controller.Request:59][clientSocket-wstirtanadi] Response Data Socket : SUCCES
2021-09-05 05:05:13.844[                 ]INFO [m.controller.Request:54][clientSocket-wstirtanadi] Data Socket : [B@bffa980
2021-09-05 05:05:13.845[                 ]INFO [m.controller.Request:59][clientSocket-wstirtanadi] Response Data Socket : 00790110823000000380008000000000000000000904202144000002090505051400100020000009001
2021-09-05 05:05:13.846[                 ]INFO [m.controller.Request:168][inquiry-wstirtanadi] Response Iso Biller MTI 1 : 00790110823000000380008000000000000000000904202144000002090505051400100020000009001
2021-09-05 05:05:13.854[                 ]INFO [m.controller.Request:172][inquiry-wstirtanadi] Convert Response to Json MTI 1 : {"MTI":"0110","7":"0904202144","39":"001","40":"000","41":"20000009","57":"001","11":"000002","12":"0905050514"}
2021-09-05 05:05:25.415[                 ]INFO [m.controller.Request:116][inquiry-wstirtanadi] Start Inquiry
2021-09-05 05:05:25.453[                 ]INFO [m.controller.Request:142][inquiry-wstirtanadi] bit41 : 20000002
2021-09-05 05:05:25.456[                 ]INFO [m.controller.Request:163][inquiry-wstirtanadi] Request to Biller MTI 1 : 00730100822000008280000080000000000000000905050525000007230120016400120000002
2021-09-05 05:05:25.456[                 ]INFO [m.controller.Request:164][inquiry-wstirtanadi] Unpack Request to Biller MTI 1 : {"33":"2301200164","65":"","MTI":"0100","7":"0905050525","39":"001","41":"20000002","11":"000007"}
2021-09-05 05:05:25.456[                 ]INFO [m.controller.Request:39][clientSocket-wstirtanadi] Start Socket to SendMessage
2021-09-05 05:05:35.322[                 ]INFO [m.controller.Request:54][clientSocket-wstirtanadi] Data Socket : [B@7f97c73d
2021-09-05 05:05:35.322[                 ]INFO [m.controller.Request:59][clientSocket-wstirtanadi] Response Data Socket : SUCCES
2021-09-05 05:05:41.965[                 ]INFO [m.controller.Request:54][clientSocket-wstirtanadi] Data Socket : [B@3ddf6cde
2021-09-05 05:05:41.965[                 ]INFO [m.controller.Request:59][clientSocket-wstirtanadi] Response Data Socket : 00790110823000000380008000000000000000000904202144000002090505054200100020000009001
2021-09-05 05:05:41.966[                 ]INFO [m.controller.Request:168][inquiry-wstirtanadi] Response Iso Biller MTI 1 : 00790110823000000380008000000000000000000904202144000002090505054200100020000009001
2021-09-05 05:05:41.973[                 ]INFO [m.controller.Request:172][inquiry-wstirtanadi] Convert Response to Json MTI 1 : {"MTI":"0110","7":"0904202144","39":"001","40":"000","41":"20000009","57":"001","11":"000002","12":"0905050542"}
2021-09-05 05:09:29.266[                 ]INFO [m.controller.Request:116][inquiry-wstirtanadi] Start Inquiry
2021-09-05 05:09:29.306[                 ]INFO [m.controller.Request:142][inquiry-wstirtanadi] bit41 : 20000002
2021-09-05 05:09:29.309[                 ]INFO [m.controller.Request:163][inquiry-wstirtanadi] Request to Biller MTI 1 : 00730100822000008280000080000000000000000905050929000008230120016600120000002
2021-09-05 05:09:29.309[                 ]INFO [m.controller.Request:164][inquiry-wstirtanadi] Unpack Request to Biller MTI 1 : {"33":"2301200166","65":"","MTI":"0100","7":"0905050929","39":"001","41":"20000002","11":"000008"}
2021-09-05 05:09:29.309[                 ]INFO [m.controller.Request:39][clientSocket-wstirtanadi] Start Socket to SendMessage
2021-09-05 05:09:33.867[                 ]INFO [m.controller.Request:54][clientSocket-wstirtanadi] Data Socket : [B@1c541eb5
2021-09-05 05:09:33.868[                 ]INFO [m.controller.Request:59][clientSocket-wstirtanadi] Response Data Socket : SUCCES
2021-09-05 05:09:34.667[                 ]INFO [m.controller.Request:54][clientSocket-wstirtanadi] Data Socket : [B@6eb3feac
2021-09-05 05:09:34.667[                 ]INFO [m.controller.Request:59][clientSocket-wstirtanadi] Response Data Socket : 00790110823000000380008000000000000000000904202144000002090505093500100020000009001
2021-09-05 05:09:34.668[                 ]INFO [m.controller.Request:168][inquiry-wstirtanadi] Response Iso Biller MTI 1 : 00790110823000000380008000000000000000000904202144000002090505093500100020000009001
2021-09-05 05:09:34.676[                 ]INFO [m.controller.Request:172][inquiry-wstirtanadi] Convert Response to Json MTI 1 : {"MTI":"0110","7":"0904202144","39":"001","40":"000","41":"20000009","57":"001","11":"000002","12":"0905050935"}
2021-09-05 05:09:41.289[                 ]INFO [m.controller.Request:116][inquiry-wstirtanadi] Start Inquiry
2021-09-05 05:09:41.345[                 ]INFO [m.controller.Request:142][inquiry-wstirtanadi] bit41 : 20000002
2021-09-05 05:09:41.348[                 ]INFO [m.controller.Request:163][inquiry-wstirtanadi] Request to Biller MTI 1 : 00730100822000008280000080000000000000000905050941000009230120016700120000002
2021-09-05 05:09:41.349[                 ]INFO [m.controller.Request:164][inquiry-wstirtanadi] Unpack Request to Biller MTI 1 : {"33":"2301200167","65":"","MTI":"0100","7":"0905050941","39":"001","41":"20000002","11":"000009"}
2021-09-05 05:09:41.349[                 ]INFO [m.controller.Request:39][clientSocket-wstirtanadi] Start Socket to SendMessage
2021-09-05 05:09:47.833[                 ]INFO [m.controller.Request:54][clientSocket-wstirtanadi] Data Socket : [B@62ba2ae9
2021-09-05 05:09:47.833[                 ]INFO [m.controller.Request:59][clientSocket-wstirtanadi] Response Data Socket : SUCCES
2021-09-05 05:09:51.986[                 ]INFO [m.controller.Request:54][clientSocket-wstirtanadi] Data Socket : [B@61560785
2021-09-05 05:09:51.987[                 ]INFO [m.controller.Request:59][clientSocket-wstirtanadi] Response Data Socket : 00790110823000000380008000000000000000000904202144000002090505095200100020000009001
2021-09-05 05:09:51.988[                 ]INFO [m.controller.Request:168][inquiry-wstirtanadi] Response Iso Biller MTI 1 : 00790110823000000380008000000000000000000904202144000002090505095200100020000009001
2021-09-05 05:09:51.995[                 ]INFO [m.controller.Request:172][inquiry-wstirtanadi] Convert Response to Json MTI 1 : {"MTI":"0110","7":"0904202144","39":"001","40":"000","41":"20000009","57":"001","11":"000002","12":"0905050952"}
2021-09-05 05:23:50.256[                 ]INFO [m.controller.Request:116][inquiry-wstirtanadi] Start Inquiry
2021-09-05 05:23:50.295[                 ]INFO [m.controller.Request:142][inquiry-wstirtanadi] bit41 : 20000002
2021-09-05 05:23:50.298[                 ]INFO [m.controller.Request:163][inquiry-wstirtanadi] Request to Biller MTI 1 : 00730100822000008280000080000000000000000905052350000010230120016900120000002
2021-09-05 05:23:50.298[                 ]INFO [m.controller.Request:164][inquiry-wstirtanadi] Unpack Request to Biller MTI 1 : {"33":"2301200169","65":"","MTI":"0100","7":"0905052350","39":"001","41":"20000002","11":"000010"}
2021-09-05 05:23:50.298[                 ]INFO [m.controller.Request:39][clientSocket-wstirtanadi] Start Socket to SendMessage
2021-09-05 05:23:55.372[                 ]INFO [m.controller.Request:54][clientSocket-wstirtanadi] Data Socket : [B@76de16ef
2021-09-05 05:23:55.373[                 ]INFO [m.controller.Request:59][clientSocket-wstirtanadi] Response Data Socket : SUCCES
2021-09-05 05:23:58.953[                 ]INFO [m.controller.Request:54][clientSocket-wstirtanadi] Data Socket : [B@e30b360
2021-09-05 05:23:58.954[                 ]INFO [m.controller.Request:59][clientSocket-wstirtanadi] Response Data Socket : 00790110823000000380008000000000000000000904202144000002090505235900100020000009001
2021-09-05 05:23:58.955[                 ]INFO [m.controller.Request:168][inquiry-wstirtanadi] Response Iso Biller MTI 1 : 00790110823000000380008000000000000000000904202144000002090505235900100020000009001
2021-09-05 05:23:58.962[                 ]INFO [m.controller.Request:172][inquiry-wstirtanadi] Convert Response to Json MTI 1 : {"MTI":"0110","7":"0904202144","39":"001","40":"000","41":"20000009","57":"001","11":"000002","12":"0905052359"}
