2021-11-08 09:47:43.979[                 ]INFO [otMybatisApplication:55]Starting SpringBootMybatisApplication on DESKTOP-RKJ18PE with PID 16252 (E:\SWITCHING_PAPANG\WORKSPACE\GATEWAY\WSTNISO\GatewayTirtanadi\target\classes started by Mr Papang in E:\SWITCHING_PAPANG\WORKSPACE\GATEWAY\WSTNISO\GatewayTirtanadi)
2021-11-08 09:47:43.989[                 ]INFO [otMybatisApplication:651]No active profile set, falling back to default profiles: default
2021-11-08 09:47:47.369[                 ]INFO [otMybatisApplication:61]Started SpringBootMybatisApplication in 3.883 seconds (JVM running for 5.205)
2021-11-08 09:48:04.072[                 ]INFO [m.controller.Request:117][inquiry-wstirtanadi] Start Inquiry
2021-11-08 09:48:04.203[                 ]INFO [m.controller.Request:141][inquiry-wstirtanadi] bit41 : 20000002
2021-11-08 09:48:04.206[                 ]INFO [m.controller.Request:151][inquiry-wstirtanadi] STAN MTI (SEMUA TUNGGAKAN PELANGGAN) : 000001
2021-11-08 09:48:04.215[                 ]INFO [m.controller.Request:165][inquiry-wstirtanadi] Request to Biller MTI (SEMUA TUNGGAKAN PELANGGAN) : 00730100822000008280000080000000000000001108094804000001010127001100520000002
2021-11-08 09:48:04.215[                 ]INFO [m.controller.Request:166][inquiry-wstirtanadi] Unpack Request to Biller MTI (SEMUA TUNGGAKAN PELANGGAN) : {"33":"0101270011","65":"","MTI":"0100","7":"1108094804","39":"005","41":"20000002","11":"000001"}
2021-11-08 09:48:04.216[                 ]INFO [m.controller.Request:39][clientSocket-wstirtanadi] Start Socket to SendMessage
2021-11-08 09:48:04.390[                 ]INFO [m.controller.Request:170][inquiry-wstirtanadi] Response Iso Biller MTI (SEMUA TUNGGAKAN PELANGGAN) : 020401108230008083810080800000000000000011080948040000011108094654000501012700110050012000000210810510010127001110NG SOE LIE11SAWAH LUNTO04RT.460202011006036000000000000000138730000010000000003000000151730000
2021-11-08 09:48:04.396[                 ]INFO [m.controller.Request:174][inquiry-wstirtanadi] Convert Response to Json MTI (SEMUA TUNGGAKAN PELANGGAN) : {"48":"10510010127001110NG SOE LIE11SAWAH LUNTO04RT.460202011006036000000000000000138730000010000000003000000151730","33":"0101270011","65":"","MTI":"0110","7":"1108094804","39":"005","40":"001","25":"0005","41":"20000002","57":"000","11":"000001","12":"1108094654"}
2021-11-08 09:48:04.414[                 ]INFO [m.controller.Request:289][inquiry-wstirtanadi] SETELAH DI MAPPING ULANG : [{"golonganTarif":"RT.4","total":"151730","tagihan":"138730","nama":"NG SOE LIE","admin":"3000","denda":"10000","standAkhir":"6036000","npa":"0101270011","pemakaianM3":"0","alamat":"SAWAH LUNTO","periode":"202011","status":""}]
2021-11-08 09:48:39.248[                 ]INFO [m.controller.Request:117][inquiry-wstirtanadi] Start Inquiry
2021-11-08 09:48:39.302[                 ]INFO [m.controller.Request:141][inquiry-wstirtanadi] bit41 : 20000002
2021-11-08 09:48:39.303[                 ]INFO [m.controller.Request:151][inquiry-wstirtanadi] STAN MTI (SEMUA TUNGGAKAN PELANGGAN) : 000002
2021-11-08 09:48:39.312[                 ]INFO [m.controller.Request:165][inquiry-wstirtanadi] Request to Biller MTI (SEMUA TUNGGAKAN PELANGGAN) : 00730100822000008280000080000000000000001108094839000002010112011300520000002
2021-11-08 09:48:39.313[                 ]INFO [m.controller.Request:166][inquiry-wstirtanadi] Unpack Request to Biller MTI (SEMUA TUNGGAKAN PELANGGAN) : {"33":"0101120113","65":"","MTI":"0100","7":"1108094839","39":"005","41":"20000002","11":"000002"}
2021-11-08 09:48:39.313[                 ]INFO [m.controller.Request:39][clientSocket-wstirtanadi] Start Socket to SendMessage
2021-11-08 09:48:39.486[                 ]INFO [m.controller.Request:170][inquiry-wstirtanadi] Response Iso Biller MTI (SEMUA TUNGGAKAN PELANGGAN) : 019901108230008083810080800000000000000011080948390000021108094729000501011201130050012000000210310010010112011309NURHAYATI08MAHKAMAH03N.260202011000058000000000000000008000000020000000000000000028000000
2021-11-08 09:48:39.495[                 ]INFO [m.controller.Request:174][inquiry-wstirtanadi] Convert Response to Json MTI (SEMUA TUNGGAKAN PELANGGAN) : {"48":"10010010112011309NURHAYATI08MAHKAMAH03N.260202011000058000000000000000008000000020000000000000000028000","33":"0101120113","65":"","MTI":"0110","7":"1108094839","39":"005","40":"001","25":"0005","41":"20000002","57":"000","11":"000002","12":"1108094729"}
2021-11-08 09:48:39.497[                 ]INFO [m.controller.Request:289][inquiry-wstirtanadi] SETELAH DI MAPPING ULANG : [{"golonganTarif":"N.2","total":"28000","tagihan":"8000","nama":"NURHAYATI","admin":"0","denda":"20000","standAkhir":"58000","npa":"0101120113","pemakaianM3":"0","alamat":"MAHKAMAH","periode":"202011","status":""}]
2021-11-08 09:48:46.116[                 ]INFO [m.controller.Request:117][inquiry-wstirtanadi] Start Inquiry
2021-11-08 09:48:46.156[                 ]INFO [m.controller.Request:141][inquiry-wstirtanadi] bit41 : 20000002
2021-11-08 09:48:46.157[                 ]INFO [m.controller.Request:151][inquiry-wstirtanadi] STAN MTI (SEMUA TUNGGAKAN PELANGGAN) : 000003
2021-11-08 09:48:46.161[                 ]INFO [m.controller.Request:165][inquiry-wstirtanadi] Request to Biller MTI (SEMUA TUNGGAKAN PELANGGAN) : 00730100822000008280000080000000000000001108094846000003010102012200520000002
2021-11-08 09:48:46.162[                 ]INFO [m.controller.Request:166][inquiry-wstirtanadi] Unpack Request to Biller MTI (SEMUA TUNGGAKAN PELANGGAN) : {"33":"0101020122","65":"","MTI":"0100","7":"1108094846","39":"005","41":"20000002","11":"000003"}
2021-11-08 09:48:46.162[                 ]INFO [m.controller.Request:39][clientSocket-wstirtanadi] Start Socket to SendMessage
2021-11-08 09:48:46.284[                 ]INFO [m.controller.Request:170][inquiry-wstirtanadi] Response Iso Biller MTI (SEMUA TUNGGAKAN PELANGGAN) : 020401108230008083810080800000000000000011080948460000031108094736000501010201220050012000000210810510010102012212LAH KIM SOEI10RAHMADSYAH03N.360202011000934000000000000000008000000020000000000000000028000000
2021-11-08 09:48:46.293[                 ]INFO [m.controller.Request:174][inquiry-wstirtanadi] Convert Response to Json MTI (SEMUA TUNGGAKAN PELANGGAN) : {"48":"10510010102012212LAH KIM SOEI10RAHMADSYAH03N.360202011000934000000000000000008000000020000000000000000028000","33":"0101020122","65":"","MTI":"0110","7":"1108094846","39":"005","40":"001","25":"0005","41":"20000002","57":"000","11":"000003","12":"1108094736"}
2021-11-08 09:48:46.295[                 ]INFO [m.controller.Request:289][inquiry-wstirtanadi] SETELAH DI MAPPING ULANG : [{"golonganTarif":"N.3","total":"28000","tagihan":"8000","nama":"LAH KIM SOEI","admin":"0","denda":"20000","standAkhir":"934000","npa":"0101020122","pemakaianM3":"0","alamat":"RAHMADSYAH","periode":"202011","status":""}]
2021-11-08 09:49:04.226[                 ]INFO [m.controller.Request:117][inquiry-wstirtanadi] Start Inquiry
2021-11-08 09:49:04.266[                 ]INFO [m.controller.Request:141][inquiry-wstirtanadi] bit41 : 20000002
2021-11-08 09:49:04.267[                 ]INFO [m.controller.Request:151][inquiry-wstirtanadi] STAN MTI (SEMUA TUNGGAKAN PELANGGAN) : 000004
2021-11-08 09:49:04.270[                 ]INFO [m.controller.Request:165][inquiry-wstirtanadi] Request to Biller MTI (SEMUA TUNGGAKAN PELANGGAN) : 00730100822000008280000080000000000000001108094904000004010105003200520000002
2021-11-08 09:49:04.270[                 ]INFO [m.controller.Request:166][inquiry-wstirtanadi] Unpack Request to Biller MTI (SEMUA TUNGGAKAN PELANGGAN) : {"33":"0101050032","65":"","MTI":"0100","7":"1108094904","39":"005","41":"20000002","11":"000004"}
2021-11-08 09:49:04.270[                 ]INFO [m.controller.Request:39][clientSocket-wstirtanadi] Start Socket to SendMessage
2021-11-08 09:49:04.399[                 ]INFO [m.controller.Request:170][inquiry-wstirtanadi] Response Iso Biller MTI (SEMUA TUNGGAKAN PELANGGAN) : 019901108230008083810080800000000000000011080949040000041108094754000501010500320050012000000210310010010105003209ABU SAMAH08SUTRISNO03N.260202011001432000000000000000014960000020000000003000000037960000
2021-11-08 09:49:04.408[                 ]INFO [m.controller.Request:174][inquiry-wstirtanadi] Convert Response to Json MTI (SEMUA TUNGGAKAN PELANGGAN) : {"48":"10010010105003209ABU SAMAH08SUTRISNO03N.260202011001432000000000000000014960000020000000003000000037960","33":"0101050032","65":"","MTI":"0110","7":"1108094904","39":"005","40":"001","25":"0005","41":"20000002","57":"000","11":"000004","12":"1108094754"}
2021-11-08 09:49:04.411[                 ]INFO [m.controller.Request:289][inquiry-wstirtanadi] SETELAH DI MAPPING ULANG : [{"golonganTarif":"N.2","total":"37960","tagihan":"14960","nama":"ABU SAMAH","admin":"3000","denda":"20000","standAkhir":"1432000","npa":"0101050032","pemakaianM3":"0","alamat":"SUTRISNO","periode":"202011","status":""}]
2021-11-08 09:49:22.146[                 ]INFO [m.controller.Request:117][inquiry-wstirtanadi] Start Inquiry
2021-11-08 09:49:22.189[                 ]INFO [m.controller.Request:141][inquiry-wstirtanadi] bit41 : 20000002
2021-11-08 09:49:22.190[                 ]INFO [m.controller.Request:151][inquiry-wstirtanadi] STAN MTI (SEMUA TUNGGAKAN PELANGGAN) : 000005
2021-11-08 09:49:22.193[                 ]INFO [m.controller.Request:165][inquiry-wstirtanadi] Request to Biller MTI (SEMUA TUNGGAKAN PELANGGAN) : 00730100822000008280000080000000000000001108094922000005010117000300520000002
2021-11-08 09:49:22.193[                 ]INFO [m.controller.Request:166][inquiry-wstirtanadi] Unpack Request to Biller MTI (SEMUA TUNGGAKAN PELANGGAN) : {"33":"0101170003","65":"","MTI":"0100","7":"1108094922","39":"005","41":"20000002","11":"000005"}
2021-11-08 09:49:22.193[                 ]INFO [m.controller.Request:39][clientSocket-wstirtanadi] Start Socket to SendMessage
2021-11-08 09:49:22.326[                 ]INFO [m.controller.Request:170][inquiry-wstirtanadi] Response Iso Biller MTI (SEMUA TUNGGAKAN PELANGGAN) : 020701108230008083810080800000000000000011080949220000051108094812000501011700030050012000000211110810010117000311MD NASUTION13DOLOK SANGGUL04RT.460202011000989000000000000000370020000010000000003000000383020000
2021-11-08 09:49:22.333[                 ]INFO [m.controller.Request:174][inquiry-wstirtanadi] Convert Response to Json MTI (SEMUA TUNGGAKAN PELANGGAN) : {"48":"10810010117000311MD NASUTION13DOLOK SANGGUL04RT.460202011000989000000000000000370020000010000000003000000383020","33":"0101170003","65":"","MTI":"0110","7":"1108094922","39":"005","40":"001","25":"0005","41":"20000002","57":"000","11":"000005","12":"1108094812"}
2021-11-08 09:49:22.335[                 ]INFO [m.controller.Request:289][inquiry-wstirtanadi] SETELAH DI MAPPING ULANG : [{"golonganTarif":"RT.4","total":"383020","tagihan":"370020","nama":"MD NASUTION","admin":"3000","denda":"10000","standAkhir":"989000","npa":"0101170003","pemakaianM3":"0","alamat":"DOLOK SANGGUL","periode":"202011","status":""}]
2021-11-08 09:49:37.102[                 ]INFO [m.controller.Request:117][inquiry-wstirtanadi] Start Inquiry
2021-11-08 09:49:37.144[                 ]INFO [m.controller.Request:141][inquiry-wstirtanadi] bit41 : 20000002
2021-11-08 09:49:37.144[                 ]INFO [m.controller.Request:151][inquiry-wstirtanadi] STAN MTI (SEMUA TUNGGAKAN PELANGGAN) : 000006
2021-11-08 09:49:37.147[                 ]INFO [m.controller.Request:165][inquiry-wstirtanadi] Request to Biller MTI (SEMUA TUNGGAKAN PELANGGAN) : 00730100822000008280000080000000000000001108094937000006010103005700520000002
2021-11-08 09:49:37.147[                 ]INFO [m.controller.Request:166][inquiry-wstirtanadi] Unpack Request to Biller MTI (SEMUA TUNGGAKAN PELANGGAN) : {"33":"0101030057","65":"","MTI":"0100","7":"1108094937","39":"005","41":"20000002","11":"000006"}
2021-11-08 09:49:37.147[                 ]INFO [m.controller.Request:39][clientSocket-wstirtanadi] Start Socket to SendMessage
2021-11-08 09:49:37.280[                 ]INFO [m.controller.Request:170][inquiry-wstirtanadi] Response Iso Biller MTI (SEMUA TUNGGAKAN PELANGGAN) : 0093011082300080838000808000000000000000110809493700000611080948270000010103005700500220000002000
2021-11-08 09:49:37.283[                 ]INFO [m.controller.Request:174][inquiry-wstirtanadi] Convert Response to Json MTI (SEMUA TUNGGAKAN PELANGGAN) : {"33":"0101030057","65":"","MTI":"0110","7":"1108094937","39":"005","40":"002","25":"0000","41":"20000002","57":"000","11":"000006","12":"1108094827"}
2021-11-08 09:49:43.800[                 ]INFO [m.controller.Request:117][inquiry-wstirtanadi] Start Inquiry
2021-11-08 09:49:43.839[                 ]INFO [m.controller.Request:141][inquiry-wstirtanadi] bit41 : 20000002
2021-11-08 09:49:43.840[                 ]INFO [m.controller.Request:151][inquiry-wstirtanadi] STAN MTI (SEMUA TUNGGAKAN PELANGGAN) : 000007
2021-11-08 09:49:43.843[                 ]INFO [m.controller.Request:165][inquiry-wstirtanadi] Request to Biller MTI (SEMUA TUNGGAKAN PELANGGAN) : 00730100822000008280000080000000000000001108094943000007010103001600520000002
2021-11-08 09:49:43.843[                 ]INFO [m.controller.Request:166][inquiry-wstirtanadi] Unpack Request to Biller MTI (SEMUA TUNGGAKAN PELANGGAN) : {"33":"0101030016","65":"","MTI":"0100","7":"1108094943","39":"005","41":"20000002","11":"000007"}
2021-11-08 09:49:43.843[                 ]INFO [m.controller.Request:39][clientSocket-wstirtanadi] Start Socket to SendMessage
2021-11-08 09:49:43.969[                 ]INFO [m.controller.Request:170][inquiry-wstirtanadi] Response Iso Biller MTI (SEMUA TUNGGAKAN PELANGGAN) : 0093011082300080838000808000000000000000110809494300000711080948330000010103001600500220000002000
2021-11-08 09:49:43.972[                 ]INFO [m.controller.Request:174][inquiry-wstirtanadi] Convert Response to Json MTI (SEMUA TUNGGAKAN PELANGGAN) : {"33":"0101030016","65":"","MTI":"0110","7":"1108094943","39":"005","40":"002","25":"0000","41":"20000002","57":"000","11":"000007","12":"1108094833"}
2021-11-08 09:49:54.460[                 ]INFO [m.controller.Request:117][inquiry-wstirtanadi] Start Inquiry
2021-11-08 09:49:54.501[                 ]INFO [m.controller.Request:141][inquiry-wstirtanadi] bit41 : 20000002
2021-11-08 09:49:54.502[                 ]INFO [m.controller.Request:151][inquiry-wstirtanadi] STAN MTI (SEMUA TUNGGAKAN PELANGGAN) : 000008
2021-11-08 09:49:54.506[                 ]INFO [m.controller.Request:165][inquiry-wstirtanadi] Request to Biller MTI (SEMUA TUNGGAKAN PELANGGAN) : 00730100822000008280000080000000000000001108094954000008010111001100520000002
2021-11-08 09:49:54.506[                 ]INFO [m.controller.Request:166][inquiry-wstirtanadi] Unpack Request to Biller MTI (SEMUA TUNGGAKAN PELANGGAN) : {"33":"0101110011","65":"","MTI":"0100","7":"1108094954","39":"005","41":"20000002","11":"000008"}
2021-11-08 09:49:54.506[                 ]INFO [m.controller.Request:39][clientSocket-wstirtanadi] Start Socket to SendMessage
2021-11-08 09:49:54.628[                 ]INFO [m.controller.Request:170][inquiry-wstirtanadi] Response Iso Biller MTI (SEMUA TUNGGAKAN PELANGGAN) : 020201108230008083810080800000000000000011080949540000081108094844000501011100110050012000000210610310010111001104ALWI15LAKSANA Gg. ALI04RT.460202011000049000000000000000006000000010000000000000000016000000
2021-11-08 09:49:54.633[                 ]INFO [m.controller.Request:174][inquiry-wstirtanadi] Convert Response to Json MTI (SEMUA TUNGGAKAN PELANGGAN) : {"48":"10310010111001104ALWI15LAKSANA Gg. ALI04RT.460202011000049000000000000000006000000010000000000000000016000","33":"0101110011","65":"","MTI":"0110","7":"1108094954","39":"005","40":"001","25":"0005","41":"20000002","57":"000","11":"000008","12":"1108094844"}
2021-11-08 09:49:54.635[                 ]INFO [m.controller.Request:289][inquiry-wstirtanadi] SETELAH DI MAPPING ULANG : [{"golonganTarif":"RT.4","total":"16000","tagihan":"6000","nama":"ALWI","admin":"0","denda":"10000","standAkhir":"49000","npa":"0101110011","pemakaianM3":"0","alamat":"LAKSANA Gg. ALI","periode":"202011","status":""}]
2021-11-08 09:50:03.094[                 ]INFO [m.controller.Request:117][inquiry-wstirtanadi] Start Inquiry
2021-11-08 09:50:03.134[                 ]INFO [m.controller.Request:141][inquiry-wstirtanadi] bit41 : 20000002
2021-11-08 09:50:03.135[                 ]INFO [m.controller.Request:151][inquiry-wstirtanadi] STAN MTI (SEMUA TUNGGAKAN PELANGGAN) : 000009
2021-11-08 09:50:03.138[                 ]INFO [m.controller.Request:165][inquiry-wstirtanadi] Request to Biller MTI (SEMUA TUNGGAKAN PELANGGAN) : 00730100822000008280000080000000000000001108095003000009010113001800520000002
2021-11-08 09:50:03.138[                 ]INFO [m.controller.Request:166][inquiry-wstirtanadi] Unpack Request to Biller MTI (SEMUA TUNGGAKAN PELANGGAN) : {"33":"0101130018","65":"","MTI":"0100","7":"1108095003","39":"005","41":"20000002","11":"000009"}
2021-11-08 09:50:03.138[                 ]INFO [m.controller.Request:39][clientSocket-wstirtanadi] Start Socket to SendMessage
2021-11-08 09:50:03.402[                 ]INFO [m.controller.Request:170][inquiry-wstirtanadi] Response Iso Biller MTI (SEMUA TUNGGAKAN PELANGGAN) : 0093011082300080838000808000000000000000110809500300000911080948530000010113001800500220000002000
2021-11-08 09:50:03.408[                 ]INFO [m.controller.Request:174][inquiry-wstirtanadi] Convert Response to Json MTI (SEMUA TUNGGAKAN PELANGGAN) : {"33":"0101130018","65":"","MTI":"0110","7":"1108095003","39":"005","40":"002","25":"0000","41":"20000002","57":"000","11":"000009","12":"1108094853"}
