2021-08-25 10:44:55.393[                 ]INFO [otMybatisApplication:55]Starting SpringBootMybatisApplication on DESKTOP-RKJ18PE with PID 21868 (E:\SWITCHING_PAPANG\WORKSPACE\GATEWAY\WSTNISO\GatewayTirtanadi\target\classes started by Mr Papang in E:\SWITCHING_PAPANG\WORKSPACE\GATEWAY\WSTNISO\GatewayTirtanadi)
2021-08-25 10:44:55.405[                 ]INFO [otMybatisApplication:651]No active profile set, falling back to default profiles: default
2021-08-25 10:45:02.357[                 ]INFO [otMybatisApplication:61]Started SpringBootMybatisApplication in 8.49 seconds (JVM running for 23.953)
2021-08-25 10:45:18.235[                 ]INFO [m.controller.Request:115][request-wstirtanadi] Start Inquiry
2021-08-25 10:45:18.545[                 ]INFO [m.controller.Request:150][request-wstirtanadi] bit41 : 20000002
2021-08-25 10:45:18.551[                 ]INFO [m.controller.Request:169][request-wstirtanadi] Request Iso to Biller : 00730100822000008280000080000000000000000825104518000001211206072200120000002
2021-08-25 10:45:18.710[                 ]INFO [m.controller.Request:175][request-wstirtanadi] Request Iso to Biller : 00730100822000008280000080000000000000000825104518000001211206072200120000002
2021-08-25 10:45:18.711[                 ]INFO [m.controller.Request:176][request-wstirtanadi] Response Iso Biller : {"48":"06617RUMDIS KODAM I\/BB07GAVERTA04RT.3022114XII K-51\/K-14404null04null","33":"2112060722","65":"","MTI":"0110","7":"0825104518","39":"001","40":"001","25":"0007","41":"20000002","57":"000","11":"000001","12":"0825104511"}
2021-08-25 10:45:18.711[                 ]INFO [m.controller.Request:180][request-wstirtanadi] Response ISO Setelah Convert JSON : {"48":"06617RUMDIS KODAM I\/BB07GAVERTA04RT.3022114XII K-51\/K-14404null04null","33":"2112060722","65":"","MTI":"0110","7":"0825104518","39":"001","40":"001","25":"0007","41":"20000002","57":"000","11":"000001","12":"0825104511"}
2021-08-25 10:47:42.599[                 ]INFO [otMybatisApplication:55]Starting SpringBootMybatisApplication on DESKTOP-RKJ18PE with PID 22852 (E:\SWITCHING_PAPANG\WORKSPACE\GATEWAY\WSTNISO\GatewayTirtanadi\target\classes started by Mr Papang in E:\SWITCHING_PAPANG\WORKSPACE\GATEWAY\WSTNISO\GatewayTirtanadi)
2021-08-25 10:47:42.603[                 ]INFO [otMybatisApplication:651]No active profile set, falling back to default profiles: default
2021-08-25 10:47:46.100[                 ]INFO [otMybatisApplication:61]Started SpringBootMybatisApplication in 4.032 seconds (JVM running for 5.111)
2021-08-25 10:47:49.520[                 ]INFO [m.controller.Request:115][request-wstirtanadi] Start Inquiry
2021-08-25 10:48:01.210[                 ]INFO [m.controller.Request:115][request-wstirtanadi] Start Inquiry
2021-08-25 10:48:22.191[                 ]INFO [otMybatisApplication:55]Starting SpringBootMybatisApplication on DESKTOP-RKJ18PE with PID 5988 (E:\SWITCHING_PAPANG\WORKSPACE\GATEWAY\WSTNISO\GatewayTirtanadi\target\classes started by Mr Papang in E:\SWITCHING_PAPANG\WORKSPACE\GATEWAY\WSTNISO\GatewayTirtanadi)
2021-08-25 10:48:22.196[                 ]INFO [otMybatisApplication:651]No active profile set, falling back to default profiles: default
2021-08-25 10:48:25.538[                 ]INFO [otMybatisApplication:61]Started SpringBootMybatisApplication in 3.826 seconds (JVM running for 4.956)
2021-08-25 10:48:30.567[                 ]INFO [m.controller.Request:115][request-wstirtanadi] Start Inquiry
2021-08-25 10:54:08.258[                 ]INFO [otMybatisApplication:55]Starting SpringBootMybatisApplication on DESKTOP-RKJ18PE with PID 9804 (E:\SWITCHING_PAPANG\WORKSPACE\GATEWAY\WSTNISO\GatewayTirtanadi\target\classes started by Mr Papang in E:\SWITCHING_PAPANG\WORKSPACE\GATEWAY\WSTNISO\GatewayTirtanadi)
2021-08-25 10:54:08.262[                 ]INFO [otMybatisApplication:651]No active profile set, falling back to default profiles: default
2021-08-25 10:54:11.718[                 ]INFO [otMybatisApplication:61]Started SpringBootMybatisApplication in 3.947 seconds (JVM running for 5.142)
2021-08-25 10:54:22.679[                 ]INFO [m.controller.Request:115][request-wstirtanadi] Start Inquiry
2021-08-25 10:56:12.436[                 ]INFO [otMybatisApplication:55]Starting SpringBootMybatisApplication on DESKTOP-RKJ18PE with PID 21712 (E:\SWITCHING_PAPANG\WORKSPACE\GATEWAY\WSTNISO\GatewayTirtanadi\target\classes started by Mr Papang in E:\SWITCHING_PAPANG\WORKSPACE\GATEWAY\WSTNISO\GatewayTirtanadi)
2021-08-25 10:56:12.441[                 ]INFO [otMybatisApplication:651]No active profile set, falling back to default profiles: default
2021-08-25 10:56:15.676[                 ]INFO [otMybatisApplication:61]Started SpringBootMybatisApplication in 3.727 seconds (JVM running for 4.877)
2021-08-25 10:56:31.268[                 ]INFO [m.controller.Request:115][request-wstirtanadi] Start Inquiry
2021-08-25 10:56:31.349[                 ]INFO [m.controller.Request:150][request-wstirtanadi] bit41 : 20000002
2021-08-25 10:56:31.352[                 ]INFO [m.controller.Request:169][request-wstirtanadi] Request Iso to Biller : 00730100822000008280000080000000000000000825105631000001211206072200120000002
2021-08-25 10:57:27.099[                 ]INFO [otMybatisApplication:55]Starting SpringBootMybatisApplication on DESKTOP-RKJ18PE with PID 20468 (E:\SWITCHING_PAPANG\WORKSPACE\GATEWAY\WSTNISO\GatewayTirtanadi\target\classes started by Mr Papang in E:\SWITCHING_PAPANG\WORKSPACE\GATEWAY\WSTNISO\GatewayTirtanadi)
2021-08-25 10:57:27.104[                 ]INFO [otMybatisApplication:651]No active profile set, falling back to default profiles: default
2021-08-25 10:57:48.107[                 ]INFO [otMybatisApplication:55]Starting SpringBootMybatisApplication on DESKTOP-RKJ18PE with PID 15692 (E:\SWITCHING_PAPANG\WORKSPACE\GATEWAY\WSTNISO\GatewayTirtanadi\target\classes started by Mr Papang in E:\SWITCHING_PAPANG\WORKSPACE\GATEWAY\WSTNISO\GatewayTirtanadi)
2021-08-25 10:57:48.111[                 ]INFO [otMybatisApplication:651]No active profile set, falling back to default profiles: default
2021-08-25 10:57:51.077[                 ]INFO [otMybatisApplication:61]Started SpringBootMybatisApplication in 3.397 seconds (JVM running for 4.368)
2021-08-25 10:58:27.377[                 ]INFO [m.controller.Request:115][request-wstirtanadi] Start Inquiry
2021-08-25 10:58:27.452[                 ]INFO [m.controller.Request:150][request-wstirtanadi] bit41 : 20000002
2021-08-25 10:58:27.455[                 ]INFO [m.controller.Request:169][request-wstirtanadi] Request Iso to Biller : 0075010082200000828000008000000000000000082510582700000121120607220010820000002
2021-08-25 11:03:52.298[                 ]INFO [otMybatisApplication:55]Starting SpringBootMybatisApplication on DESKTOP-RKJ18PE with PID 7504 (E:\SWITCHING_PAPANG\WORKSPACE\GATEWAY\WSTNISO\GatewayTirtanadi\target\classes started by Mr Papang in E:\SWITCHING_PAPANG\WORKSPACE\GATEWAY\WSTNISO\GatewayTirtanadi)
2021-08-25 11:03:52.302[                 ]INFO [otMybatisApplication:651]No active profile set, falling back to default profiles: default
2021-08-25 11:03:55.707[                 ]INFO [otMybatisApplication:61]Started SpringBootMybatisApplication in 3.901 seconds (JVM running for 4.958)
2021-08-25 11:03:59.450[                 ]INFO [m.controller.Request:115][request-wstirtanadi] Start Inquiry
2021-08-25 11:03:59.544[                 ]INFO [m.controller.Request:150][request-wstirtanadi] bit41 : 20000002
2021-08-25 11:03:59.547[                 ]INFO [m.controller.Request:169][request-wstirtanadi] Request Iso to Biller debug : 00730100822000008280000080000000000000000825110359000001211206072200120000002
2021-08-25 11:05:43.128[                 ]INFO [otMybatisApplication:55]Starting SpringBootMybatisApplication on DESKTOP-RKJ18PE with PID 2504 (E:\SWITCHING_PAPANG\WORKSPACE\GATEWAY\WSTNISO\GatewayTirtanadi\target\classes started by Mr Papang in E:\SWITCHING_PAPANG\WORKSPACE\GATEWAY\WSTNISO\GatewayTirtanadi)
2021-08-25 11:05:43.132[                 ]INFO [otMybatisApplication:651]No active profile set, falling back to default profiles: default
2021-08-25 11:05:46.566[                 ]INFO [otMybatisApplication:61]Started SpringBootMybatisApplication in 3.934 seconds (JVM running for 5.116)
2021-08-25 11:05:49.897[                 ]INFO [m.controller.Request:115][request-wstirtanadi] Start Inquiry
2021-08-25 11:05:49.976[                 ]INFO [m.controller.Request:150][request-wstirtanadi] bit41 : 20000002
2021-08-25 11:05:49.980[                 ]INFO [m.controller.Request:169][request-wstirtanadi] Request Iso to Biller debug : 00760100822000008280000080000000000000000825110549000001211206072200100820000002
2021-08-25 11:10:48.667[                 ]INFO [otMybatisApplication:55]Starting SpringBootMybatisApplication on DESKTOP-RKJ18PE with PID 13924 (E:\SWITCHING_PAPANG\WORKSPACE\GATEWAY\WSTNISO\GatewayTirtanadi\target\classes started by Mr Papang in E:\SWITCHING_PAPANG\WORKSPACE\GATEWAY\WSTNISO\GatewayTirtanadi)
2021-08-25 11:10:48.672[                 ]INFO [otMybatisApplication:651]No active profile set, falling back to default profiles: default
2021-08-25 11:10:52.046[                 ]INFO [otMybatisApplication:61]Started SpringBootMybatisApplication in 3.866 seconds (JVM running for 4.957)
2021-08-25 11:11:22.125[                 ]INFO [m.controller.Request:749][request-wstirtanadi] Start Payment
2021-08-25 11:11:22.235[                 ]INFO [m.controller.Request:863][request-wstirtanadi] Req Debug : 0200822000818282000080000000000000000825111122000001000205200020816050026002200000090160607202106082021
2021-08-25 11:17:02.626[                 ]INFO [otMybatisApplication:55]Starting SpringBootMybatisApplication on DESKTOP-RKJ18PE with PID 18552 (E:\SWITCHING_PAPANG\WORKSPACE\GATEWAY\WSTNISO\GatewayTirtanadi\target\classes started by Mr Papang in E:\SWITCHING_PAPANG\WORKSPACE\GATEWAY\WSTNISO\GatewayTirtanadi)
2021-08-25 11:17:02.631[                 ]INFO [otMybatisApplication:651]No active profile set, falling back to default profiles: default
2021-08-25 11:17:06.028[                 ]INFO [otMybatisApplication:61]Started SpringBootMybatisApplication in 3.9 seconds (JVM running for 5.069)
2021-08-25 11:17:20.489[                 ]INFO [m.controller.Request:115][request-wstirtanadi] Start Inquiry
2021-08-25 11:52:00.204[                 ]INFO [otMybatisApplication:55]Starting SpringBootMybatisApplication on DESKTOP-RKJ18PE with PID 12272 (E:\SWITCHING_PAPANG\WORKSPACE\GATEWAY\WSTNISO\GatewayTirtanadi\target\classes started by Mr Papang in E:\SWITCHING_PAPANG\WORKSPACE\GATEWAY\WSTNISO\GatewayTirtanadi)
2021-08-25 11:52:00.208[                 ]INFO [otMybatisApplication:651]No active profile set, falling back to default profiles: default
2021-08-25 11:52:03.476[                 ]INFO [otMybatisApplication:61]Started SpringBootMybatisApplication in 3.785 seconds (JVM running for 5.005)
2021-08-25 11:52:11.072[                 ]INFO [m.controller.Request:115][request-wstirtanadi] Start Inquiry
2021-08-25 11:52:11.171[                 ]INFO [m.controller.Request:150][request-wstirtanadi] bit41 : 20000002
2021-08-25 11:52:11.580[                 ]INFO [m.controller.Request:173][request-wstirtanadi] Request Iso to Biller : 00730100822000008280000080000000000000000825115211000001211206072200120000002
2021-08-25 11:52:11.580[                 ]INFO [m.controller.Request:174][request-wstirtanadi] Response Iso Biller : {"48":"06617RUMDIS KODAM I\/BB07GAVERTA04RT.3022114XII K-51\/K-14404null04null","33":"2112060722","65":"","MTI":"0110","7":"0825115211","39":"001","40":"001","25":"0007","41":"20000002","57":"000","11":"000001","12":"0825115204"}
2021-08-25 11:52:11.580[                 ]INFO [m.controller.Request:178][request-wstirtanadi] Response ISO Setelah Convert JSON : {"48":"06617RUMDIS KODAM I\/BB07GAVERTA04RT.3022114XII K-51\/K-14404null04null","33":"2112060722","65":"","MTI":"0110","7":"0825115211","39":"001","40":"001","25":"0007","41":"20000002","57":"000","11":"000001","12":"0825115204"}
2021-08-25 14:45:52.851[                 ]INFO [otMybatisApplication:55]Starting SpringBootMybatisApplication on DESKTOP-RKJ18PE with PID 8792 (E:\SWITCHING_PAPANG\WORKSPACE\GATEWAY\WSTNISO\GatewayTirtanadi\target\classes started by Mr Papang in E:\SWITCHING_PAPANG\WORKSPACE\GATEWAY\WSTNISO\GatewayTirtanadi)
2021-08-25 14:45:52.856[                 ]INFO [otMybatisApplication:651]No active profile set, falling back to default profiles: default
2021-08-25 14:45:56.335[                 ]INFO [otMybatisApplication:61]Started SpringBootMybatisApplication in 4.058 seconds (JVM running for 7.022)
2021-08-25 14:46:53.144[                 ]INFO [m.controller.Request:115][request-wstirtanadi] Start Inquiry
2021-08-25 14:46:53.308[                 ]INFO [m.controller.Request:150][request-wstirtanadi] bit41 : 20000002
2021-08-25 14:46:53.511[                 ]INFO [m.controller.Request:173][request-wstirtanadi] Request Iso to Biller : 00730100822000008280000080000000000000000825144653000001211206072200120000002
2021-08-25 14:46:53.511[                 ]INFO [m.controller.Request:174][request-wstirtanadi] Response Iso Biller : {"48":"06617RUMDIS KODAM I\/BB07GAVERTA04RT.3022114XII K-51\/K-14404null04null","33":"2112060722","65":"","MTI":"0110","7":"0825144653","39":"001","40":"001","25":"0007","41":"20000002","57":"000","11":"000001","12":"0825144646"}
2021-08-25 14:46:53.511[                 ]INFO [m.controller.Request:178][request-wstirtanadi] Response ISO Setelah Convert JSON : {"48":"06617RUMDIS KODAM I\/BB07GAVERTA04RT.3022114XII K-51\/K-14404null04null","33":"2112060722","65":"","MTI":"0110","7":"0825144653","39":"001","40":"001","25":"0007","41":"20000002","57":"000","11":"000001","12":"0825144646"}
2021-08-25 14:46:53.702[                 ]INFO [m.controller.Request:327][request-wstirtanadi] Request Iso to Biller : 00730100822000008280000080000000000000000825144653000003211206072200420000009
2021-08-25 14:46:53.703[                 ]INFO [m.controller.Request:328][request-wstirtanadi] Response Iso Biller : {"MTI":"0110","7":"0825144653","39":"004","40":"000","41":"20000009","57":"001","11":"000003","12":"0825144646"}
2021-08-25 14:46:53.703[                 ]INFO [m.controller.Request:332][request-wstirtanadi] Response Json : {"MTI":"0110","7":"0825144653","39":"004","40":"000","41":"20000009","57":"001","11":"000003","12":"0825144646"}
2021-08-25 14:47:27.348[                 ]INFO [m.controller.Request:115][request-wstirtanadi] Start Inquiry
2021-08-25 14:47:27.412[                 ]INFO [m.controller.Request:150][request-wstirtanadi] bit41 : 20000002
2021-08-25 14:47:27.536[                 ]INFO [m.controller.Request:173][request-wstirtanadi] Request Iso to Biller : 00730100822000008280000080000000000000000825144727000004211206072200120000002
2021-08-25 14:47:27.536[                 ]INFO [m.controller.Request:174][request-wstirtanadi] Response Iso Biller : {"MTI":"0110","7":"0825144653","39":"004","40":"000","41":"20000009","57":"001","11":"000003","12":"0825144720"}
2021-08-25 14:47:27.536[                 ]INFO [m.controller.Request:178][request-wstirtanadi] Response ISO Setelah Convert JSON : {"MTI":"0110","7":"0825144653","39":"004","40":"000","41":"20000009","57":"001","11":"000003","12":"0825144720"}
2021-08-25 14:48:40.470[                 ]INFO [m.controller.Request:115][request-wstirtanadi] Start Inquiry
2021-08-25 14:48:40.512[                 ]INFO [m.controller.Request:150][request-wstirtanadi] bit41 : 20000002
2021-08-25 14:48:40.654[                 ]INFO [m.controller.Request:173][request-wstirtanadi] Request Iso to Biller : 00730100822000008280000080000000000000000825144840000005211206072200120000002
2021-08-25 14:48:40.655[                 ]INFO [m.controller.Request:174][request-wstirtanadi] Response Iso Biller : {"MTI":"0110","7":"0825144653","39":"004","40":"000","41":"20000009","57":"001","11":"000003","12":"0825144833"}
2021-08-25 14:48:40.655[                 ]INFO [m.controller.Request:178][request-wstirtanadi] Response ISO Setelah Convert JSON : {"MTI":"0110","7":"0825144653","39":"004","40":"000","41":"20000009","57":"001","11":"000003","12":"0825144833"}
2021-08-25 14:51:58.631[                 ]INFO [otMybatisApplication:55]Starting SpringBootMybatisApplication on DESKTOP-RKJ18PE with PID 11608 (E:\SWITCHING_PAPANG\WORKSPACE\GATEWAY\WSTNISO\GatewayTirtanadi\target\classes started by Mr Papang in E:\SWITCHING_PAPANG\WORKSPACE\GATEWAY\WSTNISO\GatewayTirtanadi)
2021-08-25 14:51:58.635[                 ]INFO [otMybatisApplication:651]No active profile set, falling back to default profiles: default
2021-08-25 14:52:02.014[                 ]INFO [otMybatisApplication:61]Started SpringBootMybatisApplication in 3.869 seconds (JVM running for 5.02)
2021-08-25 14:52:06.514[                 ]INFO [m.controller.Request:115][request-wstirtanadi] Start Inquiry
2021-08-25 14:52:06.644[                 ]INFO [m.controller.Request:150][request-wstirtanadi] bit41 : 20000002
2021-08-25 14:52:06.695[                 ]INFO [m.controller.Request:173][request-wstirtanadi] Request Iso to Biller : 00730100822000008280000080000000000000000825145206000001211206072200120000002
2021-08-25 14:52:06.696[                 ]INFO [m.controller.Request:174][request-wstirtanadi] Response Iso Biller : {"MTI":"0110","7":"0825144653","39":"004","40":"000","41":"20000009","57":"001","11":"000003","12":"0825145159"}
2021-08-25 14:52:06.696[                 ]INFO [m.controller.Request:178][request-wstirtanadi] Response ISO Setelah Convert JSON : {"MTI":"0110","7":"0825144653","39":"004","40":"000","41":"20000009","57":"001","11":"000003","12":"0825145159"}
2021-08-25 14:56:19.960[                 ]INFO [otMybatisApplication:55]Starting SpringBootMybatisApplication on DESKTOP-RKJ18PE with PID 9844 (E:\SWITCHING_PAPANG\WORKSPACE\GATEWAY\WSTNISO\GatewayTirtanadi\target\classes started by Mr Papang in E:\SWITCHING_PAPANG\WORKSPACE\GATEWAY\WSTNISO\GatewayTirtanadi)
2021-08-25 14:56:19.964[                 ]INFO [otMybatisApplication:651]No active profile set, falling back to default profiles: default
2021-08-25 14:56:23.457[                 ]INFO [otMybatisApplication:61]Started SpringBootMybatisApplication in 4.029 seconds (JVM running for 5.319)
2021-08-25 14:57:01.410[                 ]INFO [m.controller.Request:115][request-wstirtanadi] Start Inquiry
2021-08-25 14:57:01.548[                 ]INFO [m.controller.Request:150][request-wstirtanadi] bit41 : 20000002
2021-08-25 14:57:01.561[                 ]INFO [m.controller.Request:171][request-wstirtanadi] Request to Biller : 00730100822000008280000080000000000000000825145701000001211206072200120000002
2021-08-25 14:57:01.561[                 ]INFO [m.controller.Request:172][request-wstirtanadi] Unpack Request to Biller : {"33":"2112060722","65":"","MTI":"0100","7":"0825145701","39":"001","41":"20000002","11":"000001"}
2021-08-25 14:57:01.575[                 ]INFO [m.controller.Request:177][request-wstirtanadi] Response Iso Biller : {"MTI":"0110","7":"0825144653","39":"004","40":"000","41":"20000009","57":"001","11":"000003","12":"0825145654"}
2021-08-25 15:14:53.529[                 ]INFO [otMybatisApplication:55]Starting SpringBootMybatisApplication on DESKTOP-RKJ18PE with PID 20136 (E:\SWITCHING_PAPANG\WORKSPACE\GATEWAY\WSTNISO\GatewayTirtanadi\target\classes started by Mr Papang in E:\SWITCHING_PAPANG\WORKSPACE\GATEWAY\WSTNISO\GatewayTirtanadi)
2021-08-25 15:14:53.533[                 ]INFO [otMybatisApplication:651]No active profile set, falling back to default profiles: default
2021-08-25 15:15:02.154[                 ]INFO [otMybatisApplication:55]Starting SpringBootMybatisApplication on DESKTOP-RKJ18PE with PID 22328 (E:\SWITCHING_PAPANG\WORKSPACE\GATEWAY\WSTNISO\GatewayTirtanadi\target\classes started by Mr Papang in E:\SWITCHING_PAPANG\WORKSPACE\GATEWAY\WSTNISO\GatewayTirtanadi)
2021-08-25 15:15:02.160[                 ]INFO [otMybatisApplication:651]No active profile set, falling back to default profiles: default
2021-08-25 15:15:06.147[                 ]INFO [otMybatisApplication:61]Started SpringBootMybatisApplication in 4.564 seconds (JVM running for 5.901)
2021-08-25 15:15:46.973[                 ]INFO [m.controller.Request:115][request-wstirtanadi] Start Inquiry
2021-08-25 15:15:47.103[                 ]INFO [m.controller.Request:150][request-wstirtanadi] bit41 : 20000002
2021-08-25 15:15:47.122[                 ]INFO [m.controller.Request:171][request-wstirtanadi] Request to Biller : 00730100822000008280000080000000000000000825151547000001211206072200120000002
2021-08-25 15:15:47.122[                 ]INFO [m.controller.Request:172][request-wstirtanadi] Unpack Request to Biller : {"33":"2112060722","65":"","MTI":"0100","7":"0825151547","39":"001","41":"20000002","11":"000001"}
2021-08-25 15:15:47.591[                 ]INFO [m.controller.Request:177][request-wstirtanadi] Response Iso Biller : {"48":"06617RUMDIS KODAM I\/BB07GAVERTA04RT.3022114XII K-51\/K-14404null04null","33":"2112060722","65":"","MTI":"0110","7":"0825151547","39":"001","40":"001","25":"0007","41":"20000002","57":"000","11":"000001","12":"0825151540"}
2021-08-25 15:19:08.082[                 ]INFO [m.controller.Request:115][request-wstirtanadi] Start Inquiry
2021-08-25 15:19:08.130[                 ]INFO [m.controller.Request:150][request-wstirtanadi] bit41 : 20000002
2021-08-25 15:19:08.136[                 ]INFO [m.controller.Request:171][request-wstirtanadi] Request to Biller : 00730100822000008280000080000000000000000825151908000004211206072200120000002
2021-08-25 15:19:08.137[                 ]INFO [m.controller.Request:172][request-wstirtanadi] Unpack Request to Biller : {"33":"2112060722","65":"","MTI":"0100","7":"0825151908","39":"001","41":"20000002","11":"000004"}
2021-08-25 15:19:08.443[                 ]INFO [m.controller.Request:177][request-wstirtanadi] Response Iso Biller : {"48":"06617RUMDIS KODAM I\/BB07GAVERTA04RT.3022114XII K-51\/K-14404null04null","33":"2112060722","65":"","MTI":"0110","7":"0825151908","39":"001","40":"001","25":"0007","41":"20000002","57":"000","11":"000004","12":"0825151901"}
2021-08-25 15:19:08.746[                 ]INFO [m.controller.Request:328][request-wstirtanadi] Request Iso to Biller : 00730100822000008280000080000000000000000825151908000006211206072200420000009
2021-08-25 15:19:08.746[                 ]INFO [m.controller.Request:329][request-wstirtanadi] Response Iso Biller : {"MTI":"0110","7":"0825151908","39":"004","40":"000","41":"20000009","57":"001","11":"000006","12":"0825151901"}
2021-08-25 15:19:08.747[                 ]INFO [m.controller.Request:333][request-wstirtanadi] Response Json : {"MTI":"0110","7":"0825151908","39":"004","40":"000","41":"20000009","57":"001","11":"000006","12":"0825151901"}
2021-08-25 15:34:35.643[                 ]INFO [otMybatisApplication:55]Starting SpringBootMybatisApplication on DESKTOP-RKJ18PE with PID 2844 (E:\SWITCHING_PAPANG\WORKSPACE\GATEWAY\WSTNISO\GatewayTirtanadi\target\classes started by Mr Papang in E:\SWITCHING_PAPANG\WORKSPACE\GATEWAY\WSTNISO\GatewayTirtanadi)
2021-08-25 15:34:35.650[                 ]INFO [otMybatisApplication:651]No active profile set, falling back to default profiles: default
2021-08-25 15:34:39.122[                 ]INFO [otMybatisApplication:61]Started SpringBootMybatisApplication in 4.029 seconds (JVM running for 5.218)
2021-08-25 15:35:47.090[                 ]INFO [m.controller.Request:115][request-wstirtanadi] Start Inquiry
2021-08-25 15:36:40.435[                 ]INFO [otMybatisApplication:55]Starting SpringBootMybatisApplication on DESKTOP-RKJ18PE with PID 3660 (E:\SWITCHING_PAPANG\WORKSPACE\GATEWAY\WSTNISO\GatewayTirtanadi\target\classes started by Mr Papang in E:\SWITCHING_PAPANG\WORKSPACE\GATEWAY\WSTNISO\GatewayTirtanadi)
2021-08-25 15:36:40.441[                 ]INFO [otMybatisApplication:651]No active profile set, falling back to default profiles: default
2021-08-25 15:36:43.490[                 ]INFO [otMybatisApplication:61]Started SpringBootMybatisApplication in 3.546 seconds (JVM running for 4.688)
2021-08-25 15:37:04.322[                 ]INFO [m.controller.Request:115][request-wstirtanadi] Start Inquiry
2021-08-25 15:37:04.451[                 ]INFO [m.controller.Request:148][request-wstirtanadi] bit41 : 
2021-08-25 15:37:04.461[                 ]INFO [m.controller.Request:169][request-wstirtanadi] Request to Biller : 00730100822000008280000080000000000000000825153704000001211206072200100000000
2021-08-25 15:37:04.462[                 ]INFO [m.controller.Request:170][request-wstirtanadi] Unpack Request to Biller : {"33":"2112060722","65":"","MTI":"0100","7":"0825153704","39":"001","41":"00000000","11":"000001"}
2021-08-25 15:37:04.468[                 ]INFO [m.controller.Request:176][request-wstirtanadi] Response Iso Biller : {"MTI":"0810","57":"003","12":"0825153657"}
2021-08-25 15:37:56.322[                 ]INFO [m.controller.Request:115][request-wstirtanadi] Start Inquiry
2021-08-25 15:37:56.370[                 ]INFO [m.controller.Request:148][request-wstirtanadi] bit41 : 
2021-08-25 15:37:56.373[                 ]INFO [m.controller.Request:169][request-wstirtanadi] Request to Biller : 00730100822000008280000080000000000000000825153756000002211206072200100000000
2021-08-25 15:37:56.373[                 ]INFO [m.controller.Request:170][request-wstirtanadi] Unpack Request to Biller : {"33":"2112060722","65":"","MTI":"0100","7":"0825153756","39":"001","41":"00000000","11":"000002"}
2021-08-25 15:39:59.022[                 ]INFO [otMybatisApplication:55]Starting SpringBootMybatisApplication on DESKTOP-RKJ18PE with PID 15924 (E:\SWITCHING_PAPANG\WORKSPACE\GATEWAY\WSTNISO\GatewayTirtanadi\target\classes started by Mr Papang in E:\SWITCHING_PAPANG\WORKSPACE\GATEWAY\WSTNISO\GatewayTirtanadi)
2021-08-25 15:39:59.033[                 ]INFO [otMybatisApplication:651]No active profile set, falling back to default profiles: default
2021-08-25 15:40:02.607[                 ]INFO [otMybatisApplication:61]Started SpringBootMybatisApplication in 4.136 seconds (JVM running for 5.492)
2021-08-25 15:40:06.212[                 ]INFO [m.controller.Request:115][request-wstirtanadi] Start Inquiry
2021-08-25 15:40:06.329[                 ]INFO [m.controller.Request:148][request-wstirtanadi] bit41 : 
2021-08-25 15:40:06.341[                 ]INFO [m.controller.Request:169][request-wstirtanadi] Request to Biller : 00730100822000008280000080000000000000000825154006000001211206072200100000000
2021-08-25 15:40:06.341[                 ]INFO [m.controller.Request:170][request-wstirtanadi] Unpack Request to Biller : {"33":"2112060722","65":"","MTI":"0100","7":"0825154006","39":"001","41":"00000000","11":"000001"}
2021-08-25 15:40:15.835[                 ]INFO [m.controller.Request:176][request-wstirtanadi] Response Iso Biller : {"MTI":"0810","57":"003","12":"0825154009"}
2021-08-25 15:41:39.490[                 ]INFO [otMybatisApplication:55]Starting SpringBootMybatisApplication on DESKTOP-RKJ18PE with PID 18900 (E:\SWITCHING_PAPANG\WORKSPACE\GATEWAY\WSTNISO\GatewayTirtanadi\target\classes started by Mr Papang in E:\SWITCHING_PAPANG\WORKSPACE\GATEWAY\WSTNISO\GatewayTirtanadi)
2021-08-25 15:41:39.497[                 ]INFO [otMybatisApplication:651]No active profile set, falling back to default profiles: default
2021-08-25 15:41:42.727[                 ]INFO [otMybatisApplication:61]Started SpringBootMybatisApplication in 3.825 seconds (JVM running for 5.047)
2021-08-25 15:43:48.939[                 ]INFO [m.controller.Request:115][request-wstirtanadi] Start Inquiry
2021-08-25 15:43:49.077[                 ]INFO [m.controller.Request:148][request-wstirtanadi] bit41 : 
2021-08-25 15:43:49.091[                 ]INFO [m.controller.Request:169][request-wstirtanadi] Request to Biller : 00730100822000008280000080000000000000000825154349000001211206072200100000000
2021-08-25 15:43:49.092[                 ]INFO [m.controller.Request:170][request-wstirtanadi] Unpack Request to Biller : {"33":"2112060722","65":"","MTI":"0100","7":"0825154349","39":"001","41":"00000000","11":"000001"}
2021-08-25 15:44:02.192[                 ]INFO [m.controller.Request:176][request-wstirtanadi] Response Iso Biller : {"MTI":"0810","57":"003","12":"0825154341"}
2021-08-25 15:45:08.029[                 ]INFO [otMybatisApplication:55]Starting SpringBootMybatisApplication on DESKTOP-RKJ18PE with PID 20828 (E:\SWITCHING_PAPANG\WORKSPACE\GATEWAY\WSTNISO\GatewayTirtanadi\target\classes started by Mr Papang in E:\SWITCHING_PAPANG\WORKSPACE\GATEWAY\WSTNISO\GatewayTirtanadi)
2021-08-25 15:45:08.036[                 ]INFO [otMybatisApplication:651]No active profile set, falling back to default profiles: default
2021-08-25 15:45:11.167[                 ]INFO [otMybatisApplication:61]Started SpringBootMybatisApplication in 3.632 seconds (JVM running for 4.851)
2021-08-25 15:45:28.577[                 ]INFO [otMybatisApplication:55]Starting SpringBootMybatisApplication on DESKTOP-RKJ18PE with PID 22284 (E:\SWITCHING_PAPANG\WORKSPACE\GATEWAY\WSTNISO\GatewayTirtanadi\target\classes started by Mr Papang in E:\SWITCHING_PAPANG\WORKSPACE\GATEWAY\WSTNISO\GatewayTirtanadi)
2021-08-25 15:45:28.584[                 ]INFO [otMybatisApplication:651]No active profile set, falling back to default profiles: default
2021-08-25 15:45:32.148[                 ]INFO [otMybatisApplication:61]Started SpringBootMybatisApplication in 4.111 seconds (JVM running for 5.384)
2021-08-25 15:45:40.381[                 ]INFO [m.controller.Request:115][request-wstirtanadi] Start Inquiry
2021-08-25 15:45:40.522[                 ]INFO [m.controller.Request:148][request-wstirtanadi] bit41 : 20000002
2021-08-25 15:45:40.536[                 ]INFO [m.controller.Request:169][request-wstirtanadi] Request to Biller : 00730100822000008280000080000000000000000825154540000001211206072200120000002
2021-08-25 15:45:40.537[                 ]INFO [m.controller.Request:170][request-wstirtanadi] Unpack Request to Biller : {"33":"2112060722","65":"","MTI":"0100","7":"0825154540","39":"001","41":"20000002","11":"000001"}
2021-08-25 15:45:47.449[                 ]INFO [m.controller.Request:176][request-wstirtanadi] Response Iso Biller : {"48":"06617RUMDIS KODAM I\/BB07GAVERTA04RT.3022114XII K-51\/K-14404null04null","33":"2112060722","65":"","MTI":"0110","7":"0825154540","39":"001","40":"001","25":"0007","41":"20000002","57":"000","11":"000001","12":"0825154536"}
2021-08-25 15:45:47.615[                 ]INFO [m.controller.Request:323][request-wstirtanadi] Request to Biller : 00730100822000008280000080000000000000000825154547000003211206072200420000002
2021-08-25 15:45:47.616[                 ]INFO [m.controller.Request:324][request-wstirtanadi] Unpack Request to Biller : {"33":"2112060722","65":"","MTI":"0100","7":"0825154547","39":"004","41":"20000002","11":"000003"}
2021-08-25 15:45:47.950[                 ]INFO [m.controller.Request:330][request-wstirtanadi] Response Iso Biller : {"48":"57242201901000058720000010000000003000000071720422019020000587200000100000000030000000717204220190300005872000001000000000300000007172042201904000063210000010000000003000000076210422019050000632100000100000000030000000762104220190600006321000001000000000300000007621042201907000063210000010000000003000000076210422019080000632100000100000000030000000762104220190900006321000001000000000300000007621042201910000063210000010000000003000000076210422019110000632100000100000000030000000762104220191200006321000001000000000300000007621042202001000063210000010000000003000000076210","33":"2112060722","65":"","MTI":"0110","7":"0825154547","39":"004","40":"001","25":"0013","41":"20000002","57":"000","11":"000003","12":"0825154540"}
2021-08-25 15:45:48.331[                 ]INFO [m.controller.Request:435][request-wstirtanadi] Request Iso to Biller : 00810100822C0000828000008000000000000000082515454700000400012019211206072200320000002
2021-08-25 15:45:48.332[                 ]INFO [m.controller.Request:436][request-wstirtanadi] Response Iso Biller : 02170110823C00808381008080000000000000000825154547000004082515454100012019001221120607220030012000000211311010211206072217RUMDIS KODAM I/BB07GAVERTA04RT.306201901072736000051800005587200510000043000057172011Belum Lunas000
2021-08-25 15:45:48.333[                 ]INFO [m.controller.Request:437][request-wstirtanadi] Convert Response to Json : {"33":"2112060722","65":"","MTI":"0110","7":"0825154547","39":"003","40":"001","41":"20000002","11":"000004","12":"0825154541","13":"0001","14":"2019","48":"11010211206072217RUMDIS KODAM I\/BB07GAVERTA04RT.306201901072736000051800005587200510000043000057172011Belum Lunas","25":"0012","57":"000"}
2021-08-25 15:45:48.692[                 ]INFO [m.controller.Request:435][request-wstirtanadi] Request Iso to Biller : 00810100822C0000828000008000000000000000082515454700000500022019211206072200320000002
2021-08-25 15:45:48.692[                 ]INFO [m.controller.Request:436][request-wstirtanadi] Response Iso Biller : 02170110823C00808381008080000000000000000825154547000005082515454100022019001221120607220030012000000211311010211206072217RUMDIS KODAM I/BB07GAVERTA04RT.306201902072754000051800005587200510000043000057172011Belum Lunas000
2021-08-25 15:45:48.693[                 ]INFO [m.controller.Request:437][request-wstirtanadi] Convert Response to Json : {"33":"2112060722","65":"","MTI":"0110","7":"0825154547","39":"003","40":"001","41":"20000002","11":"000005","12":"0825154541","13":"0002","14":"2019","48":"11010211206072217RUMDIS KODAM I\/BB07GAVERTA04RT.306201902072754000051800005587200510000043000057172011Belum Lunas","25":"0012","57":"000"}
2021-08-25 15:45:49.059[                 ]INFO [m.controller.Request:435][request-wstirtanadi] Request Iso to Biller : 00810100822C0000828000008000000000000000082515454700000600032019211206072200320000002
2021-08-25 15:45:49.060[                 ]INFO [m.controller.Request:436][request-wstirtanadi] Response Iso Biller : 02170110823C00808381008080000000000000000825154547000006082515454100032019001221120607220030012000000211311010211206072217RUMDIS KODAM I/BB07GAVERTA04RT.306201903072772000051800005587200510000043000057172011Belum Lunas000
2021-08-25 15:45:49.061[                 ]INFO [m.controller.Request:437][request-wstirtanadi] Convert Response to Json : {"33":"2112060722","65":"","MTI":"0110","7":"0825154547","39":"003","40":"001","41":"20000002","11":"000006","12":"0825154541","13":"0003","14":"2019","48":"11010211206072217RUMDIS KODAM I\/BB07GAVERTA04RT.306201903072772000051800005587200510000043000057172011Belum Lunas","25":"0012","57":"000"}
2021-08-25 15:45:49.390[                 ]INFO [m.controller.Request:435][request-wstirtanadi] Request Iso to Biller : 00810100822C0000828000008000000000000000082515454700000700042019211206072200320000002
2021-08-25 15:45:49.392[                 ]INFO [m.controller.Request:436][request-wstirtanadi] Response Iso Biller : 02170110823C00808381008080000000000000000825154547000007082515454200042019001221120607220030012000000211311010211206072217RUMDIS KODAM I/BB07GAVERTA04RT.306201904072791000051900005632100510000043000057621011Belum Lunas000
2021-08-25 15:45:49.394[                 ]INFO [m.controller.Request:437][request-wstirtanadi] Convert Response to Json : {"33":"2112060722","65":"","MTI":"0110","7":"0825154547","39":"003","40":"001","41":"20000002","11":"000007","12":"0825154542","13":"0004","14":"2019","48":"11010211206072217RUMDIS KODAM I\/BB07GAVERTA04RT.306201904072791000051900005632100510000043000057621011Belum Lunas","25":"0012","57":"000"}
2021-08-25 15:45:49.683[                 ]INFO [m.controller.Request:435][request-wstirtanadi] Request Iso to Biller : 00810100822C0000828000008000000000000000082515454700000800052019211206072200320000002
2021-08-25 15:45:49.683[                 ]INFO [m.controller.Request:436][request-wstirtanadi] Response Iso Biller : 02170110823C00808381008080000000000000000825154547000008082515454200052019001221120607220030012000000211311010211206072217RUMDIS KODAM I/BB07GAVERTA04RT.306201905072810000051900005632100510000043000057621011Belum Lunas000
2021-08-25 15:45:49.684[                 ]INFO [m.controller.Request:437][request-wstirtanadi] Convert Response to Json : {"33":"2112060722","65":"","MTI":"0110","7":"0825154547","39":"003","40":"001","41":"20000002","11":"000008","12":"0825154542","13":"0005","14":"2019","48":"11010211206072217RUMDIS KODAM I\/BB07GAVERTA04RT.306201905072810000051900005632100510000043000057621011Belum Lunas","25":"0012","57":"000"}
2021-08-25 15:45:49.984[                 ]INFO [m.controller.Request:435][request-wstirtanadi] Request Iso to Biller : 00810100822C0000828000008000000000000000082515454700000900062019211206072200320000002
2021-08-25 15:45:49.985[                 ]INFO [m.controller.Request:436][request-wstirtanadi] Response Iso Biller : 02170110823C00808381008080000000000000000825154547000009082515454200062019001221120607220030012000000211311010211206072217RUMDIS KODAM I/BB07GAVERTA04RT.306201906072829000051900005632100510000043000057621011Belum Lunas000
2021-08-25 15:45:49.986[                 ]INFO [m.controller.Request:437][request-wstirtanadi] Convert Response to Json : {"33":"2112060722","65":"","MTI":"0110","7":"0825154547","39":"003","40":"001","41":"20000002","11":"000009","12":"0825154542","13":"0006","14":"2019","48":"11010211206072217RUMDIS KODAM I\/BB07GAVERTA04RT.306201906072829000051900005632100510000043000057621011Belum Lunas","25":"0012","57":"000"}
2021-08-25 15:45:50.402[                 ]INFO [m.controller.Request:435][request-wstirtanadi] Request Iso to Biller : 00810100822C0000828000008000000000000000082515454700001000072019211206072200320000002
2021-08-25 15:45:50.404[                 ]INFO [m.controller.Request:436][request-wstirtanadi] Response Iso Biller : 02170110823C00808381008080000000000000000825154547000010082515454300072019001221120607220030012000000211311010211206072217RUMDIS KODAM I/BB07GAVERTA04RT.306201907072848000051900005632100510000043000057621011Belum Lunas000
2021-08-25 15:45:50.405[                 ]INFO [m.controller.Request:437][request-wstirtanadi] Convert Response to Json : {"33":"2112060722","65":"","MTI":"0110","7":"0825154547","39":"003","40":"001","41":"20000002","11":"000010","12":"0825154543","13":"0007","14":"2019","48":"11010211206072217RUMDIS KODAM I\/BB07GAVERTA04RT.306201907072848000051900005632100510000043000057621011Belum Lunas","25":"0012","57":"000"}
2021-08-25 15:45:50.619[                 ]INFO [m.controller.Request:435][request-wstirtanadi] Request Iso to Biller : 00810100822C0000828000008000000000000000082515454700001100082019211206072200320000002
2021-08-25 15:45:50.620[                 ]INFO [m.controller.Request:436][request-wstirtanadi] Response Iso Biller : 02170110823C00808381008080000000000000000825154547000011082515454300082019001221120607220030012000000211311010211206072217RUMDIS KODAM I/BB07GAVERTA04RT.306201908072867000051900005632100510000043000057621011Belum Lunas000
2021-08-25 15:45:50.621[                 ]INFO [m.controller.Request:437][request-wstirtanadi] Convert Response to Json : {"33":"2112060722","65":"","MTI":"0110","7":"0825154547","39":"003","40":"001","41":"20000002","11":"000011","12":"0825154543","13":"0008","14":"2019","48":"11010211206072217RUMDIS KODAM I\/BB07GAVERTA04RT.306201908072867000051900005632100510000043000057621011Belum Lunas","25":"0012","57":"000"}
2021-08-25 15:45:50.855[                 ]INFO [m.controller.Request:435][request-wstirtanadi] Request Iso to Biller : 00810100822C0000828000008000000000000000082515454700001200092019211206072200320000002
2021-08-25 15:45:50.855[                 ]INFO [m.controller.Request:436][request-wstirtanadi] Response Iso Biller : 02170110823C00808381008080000000000000000825154547000012082515454300092019001221120607220030012000000211311010211206072217RUMDIS KODAM I/BB07GAVERTA04RT.306201909072886000051900005632100510000043000057621011Belum Lunas000
2021-08-25 15:45:50.856[                 ]INFO [m.controller.Request:437][request-wstirtanadi] Convert Response to Json : {"33":"2112060722","65":"","MTI":"0110","7":"0825154547","39":"003","40":"001","41":"20000002","11":"000012","12":"0825154543","13":"0009","14":"2019","48":"11010211206072217RUMDIS KODAM I\/BB07GAVERTA04RT.306201909072886000051900005632100510000043000057621011Belum Lunas","25":"0012","57":"000"}
2021-08-25 15:45:51.448[                 ]INFO [m.controller.Request:435][request-wstirtanadi] Request Iso to Biller : 00810100822C0000828000008000000000000000082515454700001300102019211206072200320000002
2021-08-25 15:45:51.449[                 ]INFO [m.controller.Request:436][request-wstirtanadi] Response Iso Biller : 02170110823C00808381008080000000000000000825154547000013082515454400102019001221120607220030012000000211311010211206072217RUMDIS KODAM I/BB07GAVERTA04RT.306201910072905000051900005632100510000043000057621011Belum Lunas000
2021-08-25 15:45:51.450[                 ]INFO [m.controller.Request:437][request-wstirtanadi] Convert Response to Json : {"33":"2112060722","65":"","MTI":"0110","7":"0825154547","39":"003","40":"001","41":"20000002","11":"000013","12":"0825154544","13":"0010","14":"2019","48":"11010211206072217RUMDIS KODAM I\/BB07GAVERTA04RT.306201910072905000051900005632100510000043000057621011Belum Lunas","25":"0012","57":"000"}
2021-08-25 15:45:51.699[                 ]INFO [m.controller.Request:435][request-wstirtanadi] Request Iso to Biller : 00810100822C0000828000008000000000000000082515454700001400112019211206072200320000002
2021-08-25 15:45:51.700[                 ]INFO [m.controller.Request:436][request-wstirtanadi] Response Iso Biller : 02170110823C00808381008080000000000000000825154547000014082515454400112019001221120607220030012000000211311010211206072217RUMDIS KODAM I/BB07GAVERTA04RT.306201911072924000051900005632100510000043000057621011Belum Lunas000
2021-08-25 15:45:51.701[                 ]INFO [m.controller.Request:437][request-wstirtanadi] Convert Response to Json : {"33":"2112060722","65":"","MTI":"0110","7":"0825154547","39":"003","40":"001","41":"20000002","11":"000014","12":"0825154544","13":"0011","14":"2019","48":"11010211206072217RUMDIS KODAM I\/BB07GAVERTA04RT.306201911072924000051900005632100510000043000057621011Belum Lunas","25":"0012","57":"000"}
2021-08-25 15:45:52.022[                 ]INFO [m.controller.Request:435][request-wstirtanadi] Request Iso to Biller : 00810100822C0000828000008000000000000000082515454700001500122019211206072200320000002
2021-08-25 15:45:52.023[                 ]INFO [m.controller.Request:436][request-wstirtanadi] Response Iso Biller : 02170110823C00808381008080000000000000000825154547000015082515454400122019001221120607220030012000000211311010211206072217RUMDIS KODAM I/BB07GAVERTA04RT.306201912072943000051900005632100510000043000057621011Belum Lunas000
2021-08-25 15:45:52.023[                 ]INFO [m.controller.Request:437][request-wstirtanadi] Convert Response to Json : {"33":"2112060722","65":"","MTI":"0110","7":"0825154547","39":"003","40":"001","41":"20000002","11":"000015","12":"0825154544","13":"0012","14":"2019","48":"11010211206072217RUMDIS KODAM I\/BB07GAVERTA04RT.306201912072943000051900005632100510000043000057621011Belum Lunas","25":"0012","57":"000"}
2021-08-25 15:45:52.321[                 ]INFO [m.controller.Request:435][request-wstirtanadi] Request Iso to Biller : 00810100822C0000828000008000000000000000082515454700001600012020211206072200320000002
2021-08-25 15:45:52.322[                 ]INFO [m.controller.Request:436][request-wstirtanadi] Response Iso Biller : 02170110823C00808381008080000000000000000825154547000016082515454500012020001221120607220030012000000211311010211206072217RUMDIS KODAM I/BB07GAVERTA04RT.306202001072962000051900005632100510000043000057621011Belum Lunas000
2021-08-25 15:45:52.323[                 ]INFO [m.controller.Request:437][request-wstirtanadi] Convert Response to Json : {"33":"2112060722","65":"","MTI":"0110","7":"0825154547","39":"003","40":"001","41":"20000002","11":"000016","12":"0825154545","13":"0001","14":"2020","48":"11010211206072217RUMDIS KODAM I\/BB07GAVERTA04RT.306202001072962000051900005632100510000043000057621011Belum Lunas","25":"0012","57":"000"}
2021-08-25 15:51:19.364[                 ]INFO [m.controller.Request:115][request-wstirtanadi] Start Inquiry
2021-08-25 15:51:19.409[                 ]INFO [m.controller.Request:148][request-wstirtanadi] bit41 : 20000002
2021-08-25 15:51:19.417[                 ]INFO [m.controller.Request:169][request-wstirtanadi] Request to Biller : 00730100822000008280000080000000000000000825155119000017080978003300120000002
2021-08-25 15:51:19.417[                 ]INFO [m.controller.Request:170][request-wstirtanadi] Unpack Request to Biller : {"33":"0809780033","65":"","MTI":"0100","7":"0825155119","39":"001","41":"20000002","11":"000017"}
2021-08-25 15:51:19.805[                 ]INFO [m.controller.Request:176][request-wstirtanadi] Response Iso Biller : {"48":"0540023KARYA JAYA Gg EKA MURNI04RT.30208033-A04null04null","33":"0809780033","65":"","MTI":"0110","7":"0825155119","39":"001","40":"001","25":"0007","41":"20000002","57":"000","11":"000017","12":"0825155112"}
2021-08-25 15:51:19.822[                 ]INFO [m.controller.Request:323][request-wstirtanadi] Request to Biller : 00730100822000008280000080000000000000000825155119000019080978003300420000002
2021-08-25 15:51:19.823[                 ]INFO [m.controller.Request:324][request-wstirtanadi] Unpack Request to Biller : {"33":"0809780033","65":"","MTI":"0100","7":"0825155119","39":"004","41":"20000002","11":"000019"}
2021-08-25 15:51:20.088[                 ]INFO [m.controller.Request:330][request-wstirtanadi] Response Iso Biller : {"48":"0884220100900000600000001000000000000000001600042201010000006000000010000000000000000016000","33":"0809780033","65":"","MTI":"0110","7":"0825155119","39":"004","40":"001","25":"0002","41":"20000002","57":"000","11":"000019","12":"0825155112"}
2021-08-25 15:51:20.559[                 ]INFO [m.controller.Request:435][request-wstirtanadi] Request Iso to Biller : 00810100822C0000828000008000000000000000082515511900002000092010080978003300320000002
2021-08-25 15:51:20.560[                 ]INFO [m.controller.Request:436][request-wstirtanadi] Response Iso Biller : 02020110823C0080838100808000000000000000082515511900002008251551130009201000120809780033003001200000020980951008097800330023KARYA JAYA Gg EKA MURNI04RT.3062010090100100460000510000010051600011Belum Lunas000
2021-08-25 15:51:20.561[                 ]INFO [m.controller.Request:437][request-wstirtanadi] Convert Response to Json : {"33":"0809780033","65":"","MTI":"0110","7":"0825155119","39":"003","40":"001","41":"20000002","11":"000020","12":"0825155113","13":"0009","14":"2010","48":"0951008097800330023KARYA JAYA Gg EKA MURNI04RT.3062010090100100460000510000010051600011Belum Lunas","25":"0012","57":"000"}
2021-08-25 15:51:20.751[                 ]INFO [m.controller.Request:435][request-wstirtanadi] Request Iso to Biller : 00810100822C0000828000008000000000000000082515511900002100102010080978003300320000002
2021-08-25 15:51:20.751[                 ]INFO [m.controller.Request:436][request-wstirtanadi] Response Iso Biller : 02020110823C0080838100808000000000000000082515511900002108251551130010201000120809780033003001200000020980951008097800330023KARYA JAYA Gg EKA MURNI04RT.3062010100100100460000510000010051600011Belum Lunas000
2021-08-25 15:51:20.752[                 ]INFO [m.controller.Request:437][request-wstirtanadi] Convert Response to Json : {"33":"0809780033","65":"","MTI":"0110","7":"0825155119","39":"003","40":"001","41":"20000002","11":"000021","12":"0825155113","13":"0010","14":"2010","48":"0951008097800330023KARYA JAYA Gg EKA MURNI04RT.3062010100100100460000510000010051600011Belum Lunas","25":"0012","57":"000"}
2021-08-25 15:53:52.216[                 ]INFO [otMybatisApplication:55]Starting SpringBootMybatisApplication on DESKTOP-RKJ18PE with PID 11652 (E:\SWITCHING_PAPANG\WORKSPACE\GATEWAY\WSTNISO\GatewayTirtanadi\target\classes started by Mr Papang in E:\SWITCHING_PAPANG\WORKSPACE\GATEWAY\WSTNISO\GatewayTirtanadi)
2021-08-25 15:53:52.223[                 ]INFO [otMybatisApplication:651]No active profile set, falling back to default profiles: default
2021-08-25 15:53:55.553[                 ]INFO [otMybatisApplication:61]Started SpringBootMybatisApplication in 3.841 seconds (JVM running for 5.034)
2021-08-25 15:54:32.634[                 ]INFO [m.controller.Request:115][request-wstirtanadi] Start Inquiry
2021-08-25 15:54:32.781[                 ]INFO [m.controller.Request:148][request-wstirtanadi] bit41 : 20000002
2021-08-25 15:54:32.794[                 ]INFO [m.controller.Request:169][request-wstirtanadi] Request to Biller : 00730100822000008280000080000000000000000825155432000001080978003300120000002
2021-08-25 15:54:32.794[                 ]INFO [m.controller.Request:170][request-wstirtanadi] Unpack Request to Biller : {"33":"0809780033","65":"","MTI":"0100","7":"0825155432","39":"001","41":"20000002","11":"000001"}
2021-08-25 15:55:59.781[                 ]INFO [m.controller.Request:176][request-wstirtanadi] Response Iso Biller : {"48":"0540023KARYA JAYA Gg EKA MURNI04RT.30208033-A04null04null","33":"0809780033","65":"","MTI":"0110","7":"0825155432","39":"001","40":"001","25":"0007","41":"20000002","57":"000","11":"000001","12":"0825155425"}
2021-08-25 15:55:59.933[                 ]INFO [m.controller.Request:323][request-wstirtanadi] Request to Biller : 00730100822000008280000080000000000000000825155559000003080978003300420000002
2021-08-25 15:55:59.934[                 ]INFO [m.controller.Request:324][request-wstirtanadi] Unpack Request to Biller : {"33":"0809780033","65":"","MTI":"0100","7":"0825155559","39":"004","41":"20000002","11":"000003"}
2021-08-25 15:56:00.082[                 ]INFO [m.controller.Request:330][request-wstirtanadi] Response Iso Biller : {"48":"0884220100900000600000001000000000000000001600042201010000006000000010000000000000000016000","33":"0809780033","65":"","MTI":"0110","7":"0825155559","39":"004","40":"001","25":"0002","41":"20000002","57":"000","11":"000003","12":"0825155552"}
2021-08-25 15:56:00.433[                 ]INFO [m.controller.Request:435][request-wstirtanadi] Request Iso to Biller : 00810100822C0000828000008000000000000000082515555900000400092010080978003300320000002
2021-08-25 15:56:00.434[                 ]INFO [m.controller.Request:436][request-wstirtanadi] Response Iso Biller : 02020110823C0080838100808000000000000000082515555900000408251555530009201000120809780033003001200000020980951008097800330023KARYA JAYA Gg EKA MURNI04RT.3062010090100100460000510000010051600011Belum Lunas000
2021-08-25 15:56:00.435[                 ]INFO [m.controller.Request:437][request-wstirtanadi] Convert Response to Json : {"33":"0809780033","65":"","MTI":"0110","7":"0825155559","39":"003","40":"001","41":"20000002","11":"000004","12":"0825155553","13":"0009","14":"2010","48":"0951008097800330023KARYA JAYA Gg EKA MURNI04RT.3062010090100100460000510000010051600011Belum Lunas","25":"0012","57":"000"}
2021-08-25 15:56:00.660[                 ]INFO [m.controller.Request:435][request-wstirtanadi] Request Iso to Biller : 00810100822C0000828000008000000000000000082515555900000500102010080978003300320000002
2021-08-25 15:56:00.661[                 ]INFO [m.controller.Request:436][request-wstirtanadi] Response Iso Biller : 02020110823C0080838100808000000000000000082515555900000508251555530010201000120809780033003001200000020980951008097800330023KARYA JAYA Gg EKA MURNI04RT.3062010100100100460000510000010051600011Belum Lunas000
2021-08-25 15:56:00.662[                 ]INFO [m.controller.Request:437][request-wstirtanadi] Convert Response to Json : {"33":"0809780033","65":"","MTI":"0110","7":"0825155559","39":"003","40":"001","41":"20000002","11":"000005","12":"0825155553","13":"0010","14":"2010","48":"0951008097800330023KARYA JAYA Gg EKA MURNI04RT.3062010100100100460000510000010051600011Belum Lunas","25":"0012","57":"000"}
2021-08-25 15:56:07.210[                 ]INFO [m.controller.Request:115][request-wstirtanadi] Start Inquiry
2021-08-25 15:56:07.250[                 ]INFO [m.controller.Request:148][request-wstirtanadi] bit41 : 20000002
2021-08-25 15:56:07.254[                 ]INFO [m.controller.Request:169][request-wstirtanadi] Request to Biller : 00730100822000008280000080000000000000000825155607000006080978003300120000002
2021-08-25 15:56:07.254[                 ]INFO [m.controller.Request:170][request-wstirtanadi] Unpack Request to Biller : {"33":"0809780033","65":"","MTI":"0100","7":"0825155607","39":"001","41":"20000002","11":"000006"}
2021-08-25 15:56:07.522[                 ]INFO [m.controller.Request:176][request-wstirtanadi] Response Iso Biller : {"48":"0540023KARYA JAYA Gg EKA MURNI04RT.30208033-A04null04null","33":"0809780033","65":"","MTI":"0110","7":"0825155607","39":"001","40":"001","25":"0007","41":"20000002","57":"000","11":"000006","12":"0825155600"}
2021-08-25 15:56:07.533[                 ]INFO [m.controller.Request:323][request-wstirtanadi] Request to Biller : 00730100822000008280000080000000000000000825155607000008080978003300420000002
2021-08-25 15:56:07.533[                 ]INFO [m.controller.Request:324][request-wstirtanadi] Unpack Request to Biller : {"33":"0809780033","65":"","MTI":"0100","7":"0825155607","39":"004","41":"20000002","11":"000008"}
2021-08-25 15:56:07.739[                 ]INFO [m.controller.Request:330][request-wstirtanadi] Response Iso Biller : {"48":"0884220100900000600000001000000000000000001600042201010000006000000010000000000000000016000","33":"0809780033","65":"","MTI":"0110","7":"0825155607","39":"004","40":"001","25":"0002","41":"20000002","57":"000","11":"000008","12":"0825155600"}
2021-08-25 15:56:08.004[                 ]INFO [m.controller.Request:435][request-wstirtanadi] Request Iso to Biller : 00810100822C0000828000008000000000000000082515560700000900092010080978003300320000002
2021-08-25 15:56:08.005[                 ]INFO [m.controller.Request:436][request-wstirtanadi] Response Iso Biller : 02020110823C0080838100808000000000000000082515560700000908251556000009201000120809780033003001200000020980951008097800330023KARYA JAYA Gg EKA MURNI04RT.3062010090100100460000510000010051600011Belum Lunas000
2021-08-25 15:56:08.005[                 ]INFO [m.controller.Request:437][request-wstirtanadi] Convert Response to Json : {"33":"0809780033","65":"","MTI":"0110","7":"0825155607","39":"003","40":"001","41":"20000002","11":"000009","12":"0825155600","13":"0009","14":"2010","48":"0951008097800330023KARYA JAYA Gg EKA MURNI04RT.3062010090100100460000510000010051600011Belum Lunas","25":"0012","57":"000"}
2021-08-25 15:56:08.333[                 ]INFO [m.controller.Request:435][request-wstirtanadi] Request Iso to Biller : 00810100822C0000828000008000000000000000082515560700001000102010080978003300320000002
2021-08-25 15:56:08.334[                 ]INFO [m.controller.Request:436][request-wstirtanadi] Response Iso Biller : 02020110823C0080838100808000000000000000082515560700001008251556010010201000120809780033003001200000020980951008097800330023KARYA JAYA Gg EKA MURNI04RT.3062010100100100460000510000010051600011Belum Lunas000
2021-08-25 15:56:08.334[                 ]INFO [m.controller.Request:437][request-wstirtanadi] Convert Response to Json : {"33":"0809780033","65":"","MTI":"0110","7":"0825155607","39":"003","40":"001","41":"20000002","11":"000010","12":"0825155601","13":"0010","14":"2010","48":"0951008097800330023KARYA JAYA Gg EKA MURNI04RT.3062010100100100460000510000010051600011Belum Lunas","25":"0012","57":"000"}
2021-08-25 15:57:03.469[                 ]INFO [m.controller.Request:749][request-wstirtanadi] Start Payment
2021-08-25 15:57:04.012[                 ]INFO [m.controller.Request:870][request-wstirtanadi] Response Iso Biller : 0147021082300081838300808000000000000000082515570300001108251556560002052000208097800330020012000000201606092010061020100250220909201000109102010001000
2021-08-25 15:57:36.403[                 ]INFO [m.controller.Request:115][request-wstirtanadi] Start Inquiry
2021-08-25 15:57:36.444[                 ]INFO [m.controller.Request:148][request-wstirtanadi] bit41 : 20000002
2021-08-25 15:57:36.448[                 ]INFO [m.controller.Request:169][request-wstirtanadi] Request to Biller : 00730100822000008280000080000000000000000825155736000012080978003300120000002
2021-08-25 15:57:36.448[                 ]INFO [m.controller.Request:170][request-wstirtanadi] Unpack Request to Biller : {"33":"0809780033","65":"","MTI":"0100","7":"0825155736","39":"001","41":"20000002","11":"000012"}
2021-08-25 15:57:36.685[                 ]INFO [m.controller.Request:176][request-wstirtanadi] Response Iso Biller : {"48":"0540023KARYA JAYA Gg EKA MURNI04RT.30208033-A04null04null","33":"0809780033","65":"","MTI":"0110","7":"0825155736","39":"001","40":"001","25":"0007","41":"20000002","57":"000","11":"000012","12":"0825155729"}
2021-08-25 15:57:36.697[                 ]INFO [m.controller.Request:323][request-wstirtanadi] Request to Biller : 00730100822000008280000080000000000000000825155736000014080978003300420000002
2021-08-25 15:57:36.697[                 ]INFO [m.controller.Request:324][request-wstirtanadi] Unpack Request to Biller : {"33":"0809780033","65":"","MTI":"0100","7":"0825155736","39":"004","41":"20000002","11":"000014"}
2021-08-25 15:57:36.954[                 ]INFO [m.controller.Request:330][request-wstirtanadi] Response Iso Biller : {"33":"0809780033","65":"","MTI":"0110","7":"0825155736","39":"004","40":"002","25":"0000","41":"20000002","57":"000","11":"000014","12":"0825155729"}
2021-08-25 16:30:31.886[                 ]INFO [otMybatisApplication:55]Starting SpringBootMybatisApplication on DESKTOP-RKJ18PE with PID 3260 (E:\SWITCHING_PAPANG\WORKSPACE\GATEWAY\WSTNISO\GatewayTirtanadi\target\classes started by Mr Papang in E:\SWITCHING_PAPANG\WORKSPACE\GATEWAY\WSTNISO\GatewayTirtanadi)
2021-08-25 16:30:31.894[                 ]INFO [otMybatisApplication:651]No active profile set, falling back to default profiles: default
2021-08-25 16:30:35.948[                 ]INFO [otMybatisApplication:61]Started SpringBootMybatisApplication in 4.608 seconds (JVM running for 5.9)
2021-08-25 16:31:40.211[                 ]INFO [m.controller.Request:115][request-wstirtanadi] Start Inquiry
2021-08-25 16:31:40.371[                 ]INFO [m.controller.Request:148][request-wstirtanadi] bit41 : 20000002
2021-08-25 16:31:40.386[                 ]INFO [m.controller.Request:169][request-wstirtanadi] Request to Biller : 00730100822000008280000080000000000000000825163140000001230120016500120000002
2021-08-25 16:31:40.386[                 ]INFO [m.controller.Request:170][request-wstirtanadi] Unpack Request to Biller : {"33":"2301200165","65":"","MTI":"0100","7":"0825163140","39":"001","41":"20000002","11":"000001"}
2021-08-25 16:31:40.529[                 ]INFO [m.controller.Request:176][request-wstirtanadi] Response Iso Biller : {"48":"07115LENI RAHMA YULI13BALOHO INDAH 04NA.3022315\/GG.TELUK DALAM04null04null","33":"2301200165","65":"","MTI":"0110","7":"0825163140","39":"001","40":"001","25":"0007","41":"20000002","57":"000","11":"000001","12":"0825163133"}
2021-08-25 16:31:40.558[                 ]INFO [m.controller.Request:323][request-wstirtanadi] Request to Biller : 00730100822000008280000080000000000000000825163140000003230120016500420000002
2021-08-25 16:31:40.558[                 ]INFO [m.controller.Request:324][request-wstirtanadi] Unpack Request to Biller : {"33":"2301200165","65":"","MTI":"0100","7":"0825163140","39":"004","41":"20000002","11":"000003"}
2021-08-25 16:31:41.188[                 ]INFO [m.controller.Request:330][request-wstirtanadi] Response Iso Biller : {"48":"528422019120000135000000100000000030000000265004220200100000300000001000000000300000001600042202002000005000000010000000000000000015000422020030000050000000100000000000000000150004220200400000500000001000000000000000001500042202005000005000000010000000000000000015000422020060000050000000100000000000000000150004220200700000500000001000000000000000001500042202008000005000000010000000000000000015000422020090000050000000100000000000000000150004220201000000500000001000000000000000001500042202011000005000000010000000000000000015000","33":"2301200165","65":"","MTI":"0110","7":"0825163140","39":"004","40":"001","25":"0012","41":"20000002","57":"000","11":"000003","12":"0825163133"}
2021-08-25 16:31:41.613[                 ]INFO [m.controller.Request:435][request-wstirtanadi] Request Iso to Biller : 00810100822C0000828000008000000000000000082516314000000400122019230120016500320000002
2021-08-25 16:31:41.613[                 ]INFO [m.controller.Request:436][request-wstirtanadi] Response Iso Biller : 02110110823C00808381008080000000000000000825163140000004082516313400122019001223012001650030012000000210710410230120016515LENI RAHMA YULI13BALOHO INDAH 04NA.30620191201001005135000510000043000052650011Belum Lunas000
2021-08-25 16:31:41.613[                 ]INFO [m.controller.Request:437][request-wstirtanadi] Convert Response to Json : {"33":"2301200165","65":"","MTI":"0110","7":"0825163140","39":"003","40":"001","41":"20000002","11":"000004","12":"0825163134","13":"0012","14":"2019","48":"10410230120016515LENI RAHMA YULI13BALOHO INDAH 04NA.30620191201001005135000510000043000052650011Belum Lunas","25":"0012","57":"000"}
2021-08-25 16:31:42.129[                 ]INFO [m.controller.Request:435][request-wstirtanadi] Request Iso to Biller : 00810100822C0000828000008000000000000000082516314000000500012020230120016500320000002
2021-08-25 16:31:42.130[                 ]INFO [m.controller.Request:436][request-wstirtanadi] Response Iso Biller : 02100110823C00808381008080000000000000000825163140000005082516313400012020001223012001650030012000000210610310230120016515LENI RAHMA YULI13BALOHO INDAH 04NA.3062020010100100430000510000043000051600011Belum Lunas000
2021-08-25 16:31:42.131[                 ]INFO [m.controller.Request:437][request-wstirtanadi] Convert Response to Json : {"33":"2301200165","65":"","MTI":"0110","7":"0825163140","39":"003","40":"001","41":"20000002","11":"000005","12":"0825163134","13":"0001","14":"2020","48":"10310230120016515LENI RAHMA YULI13BALOHO INDAH 04NA.3062020010100100430000510000043000051600011Belum Lunas","25":"0012","57":"000"}
2021-08-25 16:31:42.635[                 ]INFO [m.controller.Request:435][request-wstirtanadi] Request Iso to Biller : 00810100822C0000828000008000000000000000082516314000000600022020230120016500320000002
2021-08-25 16:31:42.636[                 ]INFO [m.controller.Request:436][request-wstirtanadi] Response Iso Biller : 02070110823C00808381008080000000000000000825163140000006082516313500022020001223012001650030012000000210310010230120016515LENI RAHMA YULI13BALOHO INDAH 04NA.3062020020100100450000510000010051500011Belum Lunas000
2021-08-25 16:31:42.636[                 ]INFO [m.controller.Request:437][request-wstirtanadi] Convert Response to Json : {"33":"2301200165","65":"","MTI":"0110","7":"0825163140","39":"003","40":"001","41":"20000002","11":"000006","12":"0825163135","13":"0002","14":"2020","48":"10010230120016515LENI RAHMA YULI13BALOHO INDAH 04NA.3062020020100100450000510000010051500011Belum Lunas","25":"0012","57":"000"}
2021-08-25 16:31:43.000[                 ]INFO [m.controller.Request:435][request-wstirtanadi] Request Iso to Biller : 00810100822C0000828000008000000000000000082516314000000700032020230120016500320000002
2021-08-25 16:31:43.000[                 ]INFO [m.controller.Request:436][request-wstirtanadi] Response Iso Biller : 02100110823C00808381008080000000000000000825163140000007082516313500032020001223012001650030012000000210610310230120016515LENI RAHMA YULI13BALOHO INDAH 04NA.3062020030417650100450000510000010051500011Belum Lunas000
2021-08-25 16:31:43.001[                 ]INFO [m.controller.Request:437][request-wstirtanadi] Convert Response to Json : {"33":"2301200165","65":"","MTI":"0110","7":"0825163140","39":"003","40":"001","41":"20000002","11":"000007","12":"0825163135","13":"0003","14":"2020","48":"10310230120016515LENI RAHMA YULI13BALOHO INDAH 04NA.3062020030417650100450000510000010051500011Belum Lunas","25":"0012","57":"000"}
2021-08-25 16:31:43.197[                 ]INFO [m.controller.Request:435][request-wstirtanadi] Request Iso to Biller : 00810100822C0000828000008000000000000000082516314000000800042020230120016500320000002
2021-08-25 16:31:43.197[                 ]INFO [m.controller.Request:436][request-wstirtanadi] Response Iso Biller : 02130110823C00808381008080000000000000000825163140000008082516313500042020001223012001650030012000000210910610230120016515LENI RAHMA YULI13BALOHO INDAH 04NA.3062020040717650000100450000510000010051500011Belum Lunas000
2021-08-25 16:31:43.197[                 ]INFO [m.controller.Request:437][request-wstirtanadi] Convert Response to Json : {"33":"2301200165","65":"","MTI":"0110","7":"0825163140","39":"003","40":"001","41":"20000002","11":"000008","12":"0825163135","13":"0004","14":"2020","48":"10610230120016515LENI RAHMA YULI13BALOHO INDAH 04NA.3062020040717650000100450000510000010051500011Belum Lunas","25":"0012","57":"000"}
2021-08-25 16:31:43.424[                 ]INFO [m.controller.Request:435][request-wstirtanadi] Request Iso to Biller : 00810100822C0000828000008000000000000000082516314000000900052020230120016500320000002
2021-08-25 16:31:43.424[                 ]INFO [m.controller.Request:436][request-wstirtanadi] Response Iso Biller : 02130110823C00808381008080000000000000000825163140000009082516313600052020001223012001650030012000000210910610230120016515LENI RAHMA YULI13BALOHO INDAH 04NA.3062020050717650000100450000510000010051500011Belum Lunas000
2021-08-25 16:31:43.424[                 ]INFO [m.controller.Request:437][request-wstirtanadi] Convert Response to Json : {"33":"2301200165","65":"","MTI":"0110","7":"0825163140","39":"003","40":"001","41":"20000002","11":"000009","12":"0825163136","13":"0005","14":"2020","48":"10610230120016515LENI RAHMA YULI13BALOHO INDAH 04NA.3062020050717650000100450000510000010051500011Belum Lunas","25":"0012","57":"000"}
2021-08-25 16:31:43.679[                 ]INFO [m.controller.Request:435][request-wstirtanadi] Request Iso to Biller : 00810100822C0000828000008000000000000000082516314000001000062020230120016500320000002
2021-08-25 16:31:43.680[                 ]INFO [m.controller.Request:436][request-wstirtanadi] Response Iso Biller : 02130110823C00808381008080000000000000000825163140000010082516313600062020001223012001650030012000000210910610230120016515LENI RAHMA YULI13BALOHO INDAH 04NA.3062020060717650000100450000510000010051500011Belum Lunas000
2021-08-25 16:31:43.680[                 ]INFO [m.controller.Request:437][request-wstirtanadi] Convert Response to Json : {"33":"2301200165","65":"","MTI":"0110","7":"0825163140","39":"003","40":"001","41":"20000002","11":"000010","12":"0825163136","13":"0006","14":"2020","48":"10610230120016515LENI RAHMA YULI13BALOHO INDAH 04NA.3062020060717650000100450000510000010051500011Belum Lunas","25":"0012","57":"000"}
2021-08-25 16:31:43.857[                 ]INFO [m.controller.Request:435][request-wstirtanadi] Request Iso to Biller : 00810100822C0000828000008000000000000000082516314000001100072020230120016500320000002
2021-08-25 16:31:43.858[                 ]INFO [m.controller.Request:436][request-wstirtanadi] Response Iso Biller : 02130110823C00808381008080000000000000000825163140000011082516313600072020001223012001650030012000000210910610230120016515LENI RAHMA YULI13BALOHO INDAH 04NA.3062020070717650000100450000510000010051500011Belum Lunas000
2021-08-25 16:31:43.858[                 ]INFO [m.controller.Request:437][request-wstirtanadi] Convert Response to Json : {"33":"2301200165","65":"","MTI":"0110","7":"0825163140","39":"003","40":"001","41":"20000002","11":"000011","12":"0825163136","13":"0007","14":"2020","48":"10610230120016515LENI RAHMA YULI13BALOHO INDAH 04NA.3062020070717650000100450000510000010051500011Belum Lunas","25":"0012","57":"000"}
2021-08-25 16:31:44.155[                 ]INFO [m.controller.Request:435][request-wstirtanadi] Request Iso to Biller : 00810100822C0000828000008000000000000000082516314000001200082020230120016500320000002
2021-08-25 16:31:44.156[                 ]INFO [m.controller.Request:436][request-wstirtanadi] Response Iso Biller : 02130110823C00808381008080000000000000000825163140000012082516313600082020001223012001650030012000000210910610230120016515LENI RAHMA YULI13BALOHO INDAH 04NA.3062020080717650000100450000510000010051500011Belum Lunas000
2021-08-25 16:31:44.157[                 ]INFO [m.controller.Request:437][request-wstirtanadi] Convert Response to Json : {"33":"2301200165","65":"","MTI":"0110","7":"0825163140","39":"003","40":"001","41":"20000002","11":"000012","12":"0825163136","13":"0008","14":"2020","48":"10610230120016515LENI RAHMA YULI13BALOHO INDAH 04NA.3062020080717650000100450000510000010051500011Belum Lunas","25":"0012","57":"000"}
2021-08-25 16:31:44.348[                 ]INFO [m.controller.Request:435][request-wstirtanadi] Request Iso to Biller : 00810100822C0000828000008000000000000000082516314000001300092020230120016500320000002
2021-08-25 16:31:44.348[                 ]INFO [m.controller.Request:436][request-wstirtanadi] Response Iso Biller : 02130110823C00808381008080000000000000000825163140000013082516313700092020001223012001650030012000000210910610230120016515LENI RAHMA YULI13BALOHO INDAH 04NA.3062020090717650000100450000510000010051500011Belum Lunas000
2021-08-25 16:31:44.348[                 ]INFO [m.controller.Request:437][request-wstirtanadi] Convert Response to Json : {"33":"2301200165","65":"","MTI":"0110","7":"0825163140","39":"003","40":"001","41":"20000002","11":"000013","12":"0825163137","13":"0009","14":"2020","48":"10610230120016515LENI RAHMA YULI13BALOHO INDAH 04NA.3062020090717650000100450000510000010051500011Belum Lunas","25":"0012","57":"000"}
2021-08-25 16:31:44.627[                 ]INFO [m.controller.Request:435][request-wstirtanadi] Request Iso to Biller : 00810100822C0000828000008000000000000000082516314000001400102020230120016500320000002
2021-08-25 16:31:44.628[                 ]INFO [m.controller.Request:436][request-wstirtanadi] Response Iso Biller : 02130110823C00808381008080000000000000000825163140000014082516313700102020001223012001650030012000000210910610230120016515LENI RAHMA YULI13BALOHO INDAH 04NA.3062020100717650000100450000510000010051500011Belum Lunas000
2021-08-25 16:31:44.628[                 ]INFO [m.controller.Request:437][request-wstirtanadi] Convert Response to Json : {"33":"2301200165","65":"","MTI":"0110","7":"0825163140","39":"003","40":"001","41":"20000002","11":"000014","12":"0825163137","13":"0010","14":"2020","48":"10610230120016515LENI RAHMA YULI13BALOHO INDAH 04NA.3062020100717650000100450000510000010051500011Belum Lunas","25":"0012","57":"000"}
2021-08-25 16:31:44.818[                 ]INFO [m.controller.Request:435][request-wstirtanadi] Request Iso to Biller : 00810100822C0000828000008000000000000000082516314000001500112020230120016500320000002
2021-08-25 16:31:44.819[                 ]INFO [m.controller.Request:436][request-wstirtanadi] Response Iso Biller : 02130110823C00808381008080000000000000000825163140000015082516313700112020001223012001650030012000000210910610230120016515LENI RAHMA YULI13BALOHO INDAH 04NA.3062020110717650000100450000510000010051500011Belum Lunas000
2021-08-25 16:31:44.819[                 ]INFO [m.controller.Request:437][request-wstirtanadi] Convert Response to Json : {"33":"2301200165","65":"","MTI":"0110","7":"0825163140","39":"003","40":"001","41":"20000002","11":"000015","12":"0825163137","13":"0011","14":"2020","48":"10610230120016515LENI RAHMA YULI13BALOHO INDAH 04NA.3062020110717650000100450000510000010051500011Belum Lunas","25":"0012","57":"000"}
2021-08-25 16:37:18.495[                 ]INFO [m.controller.Request:115][request-wstirtanadi] Start Inquiry
2021-08-25 16:37:18.536[                 ]INFO [m.controller.Request:148][request-wstirtanadi] bit41 : 20000002
2021-08-25 16:37:18.539[                 ]INFO [m.controller.Request:169][request-wstirtanadi] Request to Biller : 00730100822000008280000080000000000000000825163718000016230120016500120000002
2021-08-25 16:37:18.539[                 ]INFO [m.controller.Request:170][request-wstirtanadi] Unpack Request to Biller : {"33":"2301200165","65":"","MTI":"0100","7":"0825163718","39":"001","41":"20000002","11":"000016"}
2021-08-25 16:37:18.853[                 ]INFO [m.controller.Request:176][request-wstirtanadi] Response Iso Biller : {"48":"07115LENI RAHMA YULI13BALOHO INDAH 04NA.3022315\/GG.TELUK DALAM04null04null","33":"2301200165","65":"","MTI":"0110","7":"0825163718","39":"001","40":"001","25":"0007","41":"20000002","57":"000","11":"000016","12":"0825163711"}
2021-08-25 16:37:18.866[                 ]INFO [m.controller.Request:323][request-wstirtanadi] Request to Biller : 00730100822000008280000080000000000000000825163718000018230120016500420000002
2021-08-25 16:37:18.867[                 ]INFO [m.controller.Request:324][request-wstirtanadi] Unpack Request to Biller : {"33":"2301200165","65":"","MTI":"0100","7":"0825163718","39":"004","41":"20000002","11":"000018"}
2021-08-25 16:37:19.084[                 ]INFO [m.controller.Request:330][request-wstirtanadi] Response Iso Biller : {"48":"528422019120000135000000100000000030000000265004220200100000300000001000000000300000001600042202002000005000000010000000000000000015000422020030000050000000100000000000000000150004220200400000500000001000000000000000001500042202005000005000000010000000000000000015000422020060000050000000100000000000000000150004220200700000500000001000000000000000001500042202008000005000000010000000000000000015000422020090000050000000100000000000000000150004220201000000500000001000000000000000001500042202011000005000000010000000000000000015000","33":"2301200165","65":"","MTI":"0110","7":"0825163718","39":"004","40":"001","25":"0012","41":"20000002","57":"000","11":"000018","12":"0825163711"}
2021-08-25 16:37:19.289[                 ]INFO [m.controller.Request:435][request-wstirtanadi] Request Iso to Biller : 00810100822C0000828000008000000000000000082516371800001900122019230120016500320000002
2021-08-25 16:37:19.289[                 ]INFO [m.controller.Request:436][request-wstirtanadi] Response Iso Biller : 02110110823C00808381008080000000000000000825163718000019082516371100122019001223012001650030012000000210710410230120016515LENI RAHMA YULI13BALOHO INDAH 04NA.30620191201001005135000510000043000052650011Belum Lunas000
2021-08-25 16:37:19.289[                 ]INFO [m.controller.Request:437][request-wstirtanadi] Convert Response to Json : {"33":"2301200165","65":"","MTI":"0110","7":"0825163718","39":"003","40":"001","41":"20000002","11":"000019","12":"0825163711","13":"0012","14":"2019","48":"10410230120016515LENI RAHMA YULI13BALOHO INDAH 04NA.30620191201001005135000510000043000052650011Belum Lunas","25":"0012","57":"000"}
2021-08-25 16:37:19.544[                 ]INFO [m.controller.Request:435][request-wstirtanadi] Request Iso to Biller : 00810100822C0000828000008000000000000000082516371800002000012020230120016500320000002
2021-08-25 16:37:19.545[                 ]INFO [m.controller.Request:436][request-wstirtanadi] Response Iso Biller : 02100110823C00808381008080000000000000000825163718000020082516371200012020001223012001650030012000000210610310230120016515LENI RAHMA YULI13BALOHO INDAH 04NA.3062020010100100430000510000043000051600011Belum Lunas000
2021-08-25 16:37:19.545[                 ]INFO [m.controller.Request:437][request-wstirtanadi] Convert Response to Json : {"33":"2301200165","65":"","MTI":"0110","7":"0825163718","39":"003","40":"001","41":"20000002","11":"000020","12":"0825163712","13":"0001","14":"2020","48":"10310230120016515LENI RAHMA YULI13BALOHO INDAH 04NA.3062020010100100430000510000043000051600011Belum Lunas","25":"0012","57":"000"}
2021-08-25 16:37:19.832[                 ]INFO [m.controller.Request:435][request-wstirtanadi] Request Iso to Biller : 00810100822C0000828000008000000000000000082516371800002100022020230120016500320000002
2021-08-25 16:37:19.832[                 ]INFO [m.controller.Request:436][request-wstirtanadi] Response Iso Biller : 02070110823C00808381008080000000000000000825163718000021082516371200022020001223012001650030012000000210310010230120016515LENI RAHMA YULI13BALOHO INDAH 04NA.3062020020100100450000510000010051500011Belum Lunas000
2021-08-25 16:37:19.832[                 ]INFO [m.controller.Request:437][request-wstirtanadi] Convert Response to Json : {"33":"2301200165","65":"","MTI":"0110","7":"0825163718","39":"003","40":"001","41":"20000002","11":"000021","12":"0825163712","13":"0002","14":"2020","48":"10010230120016515LENI RAHMA YULI13BALOHO INDAH 04NA.3062020020100100450000510000010051500011Belum Lunas","25":"0012","57":"000"}
2021-08-25 16:37:20.035[                 ]INFO [m.controller.Request:435][request-wstirtanadi] Request Iso to Biller : 00810100822C0000828000008000000000000000082516371800002200032020230120016500320000002
2021-08-25 16:37:20.036[                 ]INFO [m.controller.Request:436][request-wstirtanadi] Response Iso Biller : 02100110823C00808381008080000000000000000825163718000022082516371200032020001223012001650030012000000210610310230120016515LENI RAHMA YULI13BALOHO INDAH 04NA.3062020030417650100450000510000010051500011Belum Lunas000
2021-08-25 16:37:20.037[                 ]INFO [m.controller.Request:437][request-wstirtanadi] Convert Response to Json : {"33":"2301200165","65":"","MTI":"0110","7":"0825163718","39":"003","40":"001","41":"20000002","11":"000022","12":"0825163712","13":"0003","14":"2020","48":"10310230120016515LENI RAHMA YULI13BALOHO INDAH 04NA.3062020030417650100450000510000010051500011Belum Lunas","25":"0012","57":"000"}
2021-08-25 16:37:20.240[                 ]INFO [m.controller.Request:435][request-wstirtanadi] Request Iso to Biller : 00810100822C0000828000008000000000000000082516371800002300042020230120016500320000002
2021-08-25 16:37:20.240[                 ]INFO [m.controller.Request:436][request-wstirtanadi] Response Iso Biller : 02130110823C00808381008080000000000000000825163718000023082516371200042020001223012001650030012000000210910610230120016515LENI RAHMA YULI13BALOHO INDAH 04NA.3062020040717650000100450000510000010051500011Belum Lunas000
2021-08-25 16:37:20.241[                 ]INFO [m.controller.Request:437][request-wstirtanadi] Convert Response to Json : {"33":"2301200165","65":"","MTI":"0110","7":"0825163718","39":"003","40":"001","41":"20000002","11":"000023","12":"0825163712","13":"0004","14":"2020","48":"10610230120016515LENI RAHMA YULI13BALOHO INDAH 04NA.3062020040717650000100450000510000010051500011Belum Lunas","25":"0012","57":"000"}
2021-08-25 16:37:20.575[                 ]INFO [m.controller.Request:435][request-wstirtanadi] Request Iso to Biller : 00810100822C0000828000008000000000000000082516371800002400052020230120016500320000002
2021-08-25 16:37:20.575[                 ]INFO [m.controller.Request:436][request-wstirtanadi] Response Iso Biller : 02130110823C00808381008080000000000000000825163718000024082516371300052020001223012001650030012000000210910610230120016515LENI RAHMA YULI13BALOHO INDAH 04NA.3062020050717650000100450000510000010051500011Belum Lunas000
2021-08-25 16:37:20.576[                 ]INFO [m.controller.Request:437][request-wstirtanadi] Convert Response to Json : {"33":"2301200165","65":"","MTI":"0110","7":"0825163718","39":"003","40":"001","41":"20000002","11":"000024","12":"0825163713","13":"0005","14":"2020","48":"10610230120016515LENI RAHMA YULI13BALOHO INDAH 04NA.3062020050717650000100450000510000010051500011Belum Lunas","25":"0012","57":"000"}
2021-08-25 16:37:20.786[                 ]INFO [m.controller.Request:435][request-wstirtanadi] Request Iso to Biller : 00810100822C0000828000008000000000000000082516371800002500062020230120016500320000002
2021-08-25 16:37:20.787[                 ]INFO [m.controller.Request:436][request-wstirtanadi] Response Iso Biller : 02130110823C00808381008080000000000000000825163718000025082516371300062020001223012001650030012000000210910610230120016515LENI RAHMA YULI13BALOHO INDAH 04NA.3062020060717650000100450000510000010051500011Belum Lunas000
2021-08-25 16:37:20.788[                 ]INFO [m.controller.Request:437][request-wstirtanadi] Convert Response to Json : {"33":"2301200165","65":"","MTI":"0110","7":"0825163718","39":"003","40":"001","41":"20000002","11":"000025","12":"0825163713","13":"0006","14":"2020","48":"10610230120016515LENI RAHMA YULI13BALOHO INDAH 04NA.3062020060717650000100450000510000010051500011Belum Lunas","25":"0012","57":"000"}
2021-08-25 16:37:21.016[                 ]INFO [m.controller.Request:435][request-wstirtanadi] Request Iso to Biller : 00810100822C0000828000008000000000000000082516371800002600072020230120016500320000002
2021-08-25 16:37:21.017[                 ]INFO [m.controller.Request:436][request-wstirtanadi] Response Iso Biller : 02130110823C00808381008080000000000000000825163718000026082516371300072020001223012001650030012000000210910610230120016515LENI RAHMA YULI13BALOHO INDAH 04NA.3062020070717650000100450000510000010051500011Belum Lunas000
2021-08-25 16:37:21.017[                 ]INFO [m.controller.Request:437][request-wstirtanadi] Convert Response to Json : {"33":"2301200165","65":"","MTI":"0110","7":"0825163718","39":"003","40":"001","41":"20000002","11":"000026","12":"0825163713","13":"0007","14":"2020","48":"10610230120016515LENI RAHMA YULI13BALOHO INDAH 04NA.3062020070717650000100450000510000010051500011Belum Lunas","25":"0012","57":"000"}
2021-08-25 16:37:21.291[                 ]INFO [m.controller.Request:435][request-wstirtanadi] Request Iso to Biller : 00810100822C0000828000008000000000000000082516371800002700082020230120016500320000002
2021-08-25 16:37:21.291[                 ]INFO [m.controller.Request:436][request-wstirtanadi] Response Iso Biller : 02130110823C00808381008080000000000000000825163718000027082516371300082020001223012001650030012000000210910610230120016515LENI RAHMA YULI13BALOHO INDAH 04NA.3062020080717650000100450000510000010051500011Belum Lunas000
2021-08-25 16:37:21.292[                 ]INFO [m.controller.Request:437][request-wstirtanadi] Convert Response to Json : {"33":"2301200165","65":"","MTI":"0110","7":"0825163718","39":"003","40":"001","41":"20000002","11":"000027","12":"0825163713","13":"0008","14":"2020","48":"10610230120016515LENI RAHMA YULI13BALOHO INDAH 04NA.3062020080717650000100450000510000010051500011Belum Lunas","25":"0012","57":"000"}
2021-08-25 16:37:21.861[                 ]INFO [m.controller.Request:435][request-wstirtanadi] Request Iso to Biller : 00810100822C0000828000008000000000000000082516371800002800092020230120016500320000002
2021-08-25 16:37:21.862[                 ]INFO [m.controller.Request:436][request-wstirtanadi] Response Iso Biller : 02130110823C00808381008080000000000000000825163718000028082516371400092020001223012001650030012000000210910610230120016515LENI RAHMA YULI13BALOHO INDAH 04NA.3062020090717650000100450000510000010051500011Belum Lunas000
2021-08-25 16:37:21.862[                 ]INFO [m.controller.Request:437][request-wstirtanadi] Convert Response to Json : {"33":"2301200165","65":"","MTI":"0110","7":"0825163718","39":"003","40":"001","41":"20000002","11":"000028","12":"0825163714","13":"0009","14":"2020","48":"10610230120016515LENI RAHMA YULI13BALOHO INDAH 04NA.3062020090717650000100450000510000010051500011Belum Lunas","25":"0012","57":"000"}
2021-08-25 16:37:22.085[                 ]INFO [m.controller.Request:435][request-wstirtanadi] Request Iso to Biller : 00810100822C0000828000008000000000000000082516371800002900102020230120016500320000002
2021-08-25 16:37:22.086[                 ]INFO [m.controller.Request:436][request-wstirtanadi] Response Iso Biller : 02130110823C00808381008080000000000000000825163718000029082516371400102020001223012001650030012000000210910610230120016515LENI RAHMA YULI13BALOHO INDAH 04NA.3062020100717650000100450000510000010051500011Belum Lunas000
2021-08-25 16:37:22.086[                 ]INFO [m.controller.Request:437][request-wstirtanadi] Convert Response to Json : {"33":"2301200165","65":"","MTI":"0110","7":"0825163718","39":"003","40":"001","41":"20000002","11":"000029","12":"0825163714","13":"0010","14":"2020","48":"10610230120016515LENI RAHMA YULI13BALOHO INDAH 04NA.3062020100717650000100450000510000010051500011Belum Lunas","25":"0012","57":"000"}
2021-08-25 16:37:22.283[                 ]INFO [m.controller.Request:435][request-wstirtanadi] Request Iso to Biller : 00810100822C0000828000008000000000000000082516371800003000112020230120016500320000002
2021-08-25 16:37:22.284[                 ]INFO [m.controller.Request:436][request-wstirtanadi] Response Iso Biller : 02130110823C00808381008080000000000000000825163718000030082516371400112020001223012001650030012000000210910610230120016515LENI RAHMA YULI13BALOHO INDAH 04NA.3062020110717650000100450000510000010051500011Belum Lunas000
2021-08-25 16:37:22.284[                 ]INFO [m.controller.Request:437][request-wstirtanadi] Convert Response to Json : {"33":"2301200165","65":"","MTI":"0110","7":"0825163718","39":"003","40":"001","41":"20000002","11":"000030","12":"0825163714","13":"0011","14":"2020","48":"10610230120016515LENI RAHMA YULI13BALOHO INDAH 04NA.3062020110717650000100450000510000010051500011Belum Lunas","25":"0012","57":"000"}
2021-08-25 16:37:45.153[                 ]INFO [m.controller.Request:749][request-wstirtanadi] Start Payment
2021-08-25 16:37:45.985[                 ]INFO [m.controller.Request:870][request-wstirtanadi] Response Iso Biller : 03370210823000818383008080000000000000000825163745000031082516373800120520002230120016500200120000002096061220190601202006022020060320200604202006052020060620200607202006082020060920200610202006112020135132091220190010901202000109022020001090320200010904202000109052020001090620200010907202000109082020001090920200010910202000109112020001000
2021-08-25 16:38:01.754[                 ]INFO [m.controller.Request:115][request-wstirtanadi] Start Inquiry
2021-08-25 16:38:01.794[                 ]INFO [m.controller.Request:148][request-wstirtanadi] bit41 : 20000002
2021-08-25 16:38:01.799[                 ]INFO [m.controller.Request:169][request-wstirtanadi] Request to Biller : 00730100822000008280000080000000000000000825163801000032230120016500120000002
2021-08-25 16:38:01.800[                 ]INFO [m.controller.Request:170][request-wstirtanadi] Unpack Request to Biller : {"33":"2301200165","65":"","MTI":"0100","7":"0825163801","39":"001","41":"20000002","11":"000032"}
2021-08-25 16:38:02.122[                 ]INFO [m.controller.Request:176][request-wstirtanadi] Response Iso Biller : {"48":"07115LENI RAHMA YULI13BALOHO INDAH 04NA.3022315\/GG.TELUK DALAM04null04null","33":"2301200165","65":"","MTI":"0110","7":"0825163801","39":"001","40":"001","25":"0007","41":"20000002","57":"000","11":"000032","12":"0825163754"}
2021-08-25 16:38:02.133[                 ]INFO [m.controller.Request:323][request-wstirtanadi] Request to Biller : 00730100822000008280000080000000000000000825163802000034230120016500420000002
2021-08-25 16:38:02.133[                 ]INFO [m.controller.Request:324][request-wstirtanadi] Unpack Request to Biller : {"33":"2301200165","65":"","MTI":"0100","7":"0825163802","39":"004","41":"20000002","11":"000034"}
2021-08-25 16:38:02.319[                 ]INFO [m.controller.Request:330][request-wstirtanadi] Response Iso Biller : {"33":"2301200165","65":"","MTI":"0110","7":"0825163802","39":"004","40":"002","25":"0000","41":"20000002","57":"000","11":"000034","12":"0825163755"}
