2021-03-08 16:13:47.621[                 ]INFO [m.controller.Request:117][request-wstirtanadi] Start Inquiry
2021-03-08 16:13:47.815[                 ]INFO [m.controller.Request:160][request-wstirtanadi] Request Iso to Biller : 00730100822000008280000080000000000000000308161347000001010103004900120000008
2021-03-08 16:13:47.815[                 ]INFO [m.controller.Request:161][request-wstirtanadi] Response Iso Biller : {"12":"0308161348","57":"003","MTI":"0110"}
2021-03-08 16:13:47.816[                 ]INFO [m.controller.Request:165][request-wstirtanadi] Response Json : {"12":"0308161348","57":"003","MTI":"0110"}
2021-03-08 16:14:44.694[                 ]INFO [m.controller.Request:117][request-wstirtanadi] Start Inquiry
2021-03-08 16:14:45.092[                 ]INFO [m.controller.Request:160][request-wstirtanadi] Request Iso to Biller : 00730100822000008280000080000000000000000308161444000001010103004900120000002
2021-03-08 16:14:45.092[                 ]INFO [m.controller.Request:161][request-wstirtanadi] Response Iso Biller : {"11":"000001","33":"0101030049","12":"0308161445","57":"000","MTI":"0110","25":"0007","48":{"no_rmh":"NO. 8-C","nama":"SURYA YOHAN","no_hp":null,"nmTarip":"N.3","kocab":"01","tgl_putus":null,"alamat":"SISINGAMANGARAJA"},"39":"001","7":"0308161444","40":"001","41":"20000002"}
2021-03-08 16:14:45.093[                 ]INFO [m.controller.Request:165][request-wstirtanadi] Response Json : {"11":"000001","33":"0101030049","12":"0308161445","57":"000","MTI":"0110","25":"0007","48":{"no_rmh":"NO. 8-C","nama":"SURYA YOHAN","no_hp":null,"nmTarip":"N.3","kocab":"01","tgl_putus":null,"alamat":"SISINGAMANGARAJA"},"39":"001","7":"0308161444","40":"001","41":"20000002"}
2021-03-08 16:14:45.535[                 ]INFO [m.controller.Request:239][request-wstirtanadi] Request Iso to Biller : 00730100822000008280000080000000000000000308161445000002010103004900420000002
2021-03-08 16:14:45.536[                 ]INFO [m.controller.Request:240][request-wstirtanadi] Response Iso Biller : {"11":"000002","33":"0101030049","12":"0308161446","57":"000","MTI":"0110","25":"0001","48":{"TOTAL_TAGIHAN":136980,"202103":{"total":136980,"tagihan":133980,"denda":0,"adm":3000}},"39":"004","7":"0308161445","40":"001","41":"20000002"}
2021-03-08 16:14:45.536[                 ]INFO [m.controller.Request:244][request-wstirtanadi] Response Json : {"11":"000002","33":"0101030049","12":"0308161446","57":"000","MTI":"0110","25":"0001","48":{"TOTAL_TAGIHAN":136980,"202103":{"total":136980,"tagihan":133980,"denda":0,"adm":3000}},"39":"004","7":"0308161445","40":"001","41":"20000002"}
2021-03-08 16:14:46.408[                 ]INFO [m.controller.Request:336][request-wstirtanadi] Request Iso to Biller : 00810100822C0000828000008000000000000000030816144500000200032021010103004900320000002
2021-03-08 16:14:46.409[                 ]INFO [m.controller.Request:337][request-wstirtanadi] Response Iso Biller : {"11":"000002","33":"0101030049","12":"0308161447","13":"0003","57":"000","MTI":"0110","14":"2021","25":"0012","48":{"golonganTarif":"N.3","total":"136980","tagihan":133980,"nama":"SURYA YOHAN","admin":3000,"denda":0,"standAkhir":1561000,"npa":"0101030049","pemakaianM3":"13000","alamat":"SISINGAMANGARAJA","periode":"202103","status":"Belum Lunas"},"39":"003","7":"0308161445","40":"001","41":"20000002"}
2021-03-08 20:54:54.433[                 ]INFO [otMybatisApplication:55]Starting SpringBootMybatisApplication on DESKTOP-RKJ18PE with PID 12184 (E:\SWITCHING_PAPANG\WORKSPACE\GATEWAY\WSTNISO\GatewayTirtanadi\target\classes started by Mr Papang in E:\SWITCHING_PAPANG\WORKSPACE\GATEWAY\WSTNISO\GatewayTirtanadi)
2021-03-08 20:54:54.439[                 ]INFO [otMybatisApplication:651]No active profile set, falling back to default profiles: default
2021-03-08 20:54:57.629[                 ]INFO [otMybatisApplication:61]Started SpringBootMybatisApplication in 3.675 seconds (JVM running for 4.804)
2021-03-08 20:55:00.528[                 ]INFO [m.controller.Request:117][request-wstirtanadi] Start Inquiry
2021-03-08 20:55:01.488[                 ]INFO [m.controller.Request:160][request-wstirtanadi] Request Iso to Biller : 00730100822000008280000080000000000000000308205500000001010103004900120000002
2021-03-08 20:55:01.488[                 ]INFO [m.controller.Request:161][request-wstirtanadi] Response Iso Biller : {"11":"000001","33":"0101030049","12":"0308205501","57":"000","MTI":"0110","25":"0007","48":{"no_rmh":"NO. 8-C","nama":"SURYA YOHAN","no_hp":null,"nmTarip":"N.3","kocab":"01","tgl_putus":null,"alamat":"SISINGAMANGARAJA"},"39":"001","7":"0308205500","40":"001","41":"20000002"}
2021-03-08 20:55:01.488[                 ]INFO [m.controller.Request:165][request-wstirtanadi] Response Json : {"11":"000001","33":"0101030049","12":"0308205501","57":"000","MTI":"0110","25":"0007","48":{"no_rmh":"NO. 8-C","nama":"SURYA YOHAN","no_hp":null,"nmTarip":"N.3","kocab":"01","tgl_putus":null,"alamat":"SISINGAMANGARAJA"},"39":"001","7":"0308205500","40":"001","41":"20000002"}
2021-03-08 20:55:02.118[                 ]INFO [m.controller.Request:239][request-wstirtanadi] Request Iso to Biller : 00730100822000008280000080000000000000000308205501000002010103004900420000002
2021-03-08 20:55:02.119[                 ]INFO [m.controller.Request:240][request-wstirtanadi] Response Iso Biller : {"11":"000002","33":"0101030049","12":"0308205502","57":"000","MTI":"0110","25":"0001","48":{"TOTAL_TAGIHAN":136980,"202103":{"total":136980,"tagihan":133980,"denda":0,"adm":3000}},"39":"004","7":"0308205501","40":"001","41":"20000002"}
2021-03-08 20:55:02.119[                 ]INFO [m.controller.Request:244][request-wstirtanadi] Response Json : {"11":"000002","33":"0101030049","12":"0308205502","57":"000","MTI":"0110","25":"0001","48":{"TOTAL_TAGIHAN":136980,"202103":{"total":136980,"tagihan":133980,"denda":0,"adm":3000}},"39":"004","7":"0308205501","40":"001","41":"20000002"}
2021-03-08 20:55:03.078[                 ]INFO [m.controller.Request:336][request-wstirtanadi] Request Iso to Biller : 00810100822C0000828000008000000000000000030820550100000200032021010103004900320000002
2021-03-08 20:55:03.078[                 ]INFO [m.controller.Request:337][request-wstirtanadi] Response Iso Biller : {"11":"000002","33":"0101030049","12":"0308205503","13":"0003","57":"000","MTI":"0110","14":"2021","25":"0012","48":{"golonganTarif":"N.3","total":"136980","tagihan":133980,"nama":"SURYA YOHAN","admin":3000,"denda":0,"standAkhir":1561000,"npa":"0101030049","pemakaianM3":"13000","alamat":"SISINGAMANGARAJA","periode":"202103","status":"Belum Lunas"},"39":"003","7":"0308205501","40":"001","41":"20000002"}
2021-03-08 20:55:39.682[                 ]INFO [m.controller.Request:117][request-wstirtanadi] Start Inquiry
2021-03-08 20:55:40.023[                 ]INFO [m.controller.Request:160][request-wstirtanadi] Request Iso to Biller : 00730100822000008280000080000000000000000308205539000003010103004900120000002
2021-03-08 20:55:40.024[                 ]INFO [m.controller.Request:161][request-wstirtanadi] Response Iso Biller : {"11":"000003","33":"0101030049","12":"0308205540","57":"000","MTI":"0110","25":"0007","48":{"no_rmh":"NO. 8-C","nama":"SURYA YOHAN","no_hp":null,"nmTarip":"N.3","kocab":"01","tgl_putus":null,"alamat":"SISINGAMANGARAJA"},"39":"001","7":"0308205539","40":"001","41":"20000002"}
2021-03-08 20:55:40.024[                 ]INFO [m.controller.Request:165][request-wstirtanadi] Response Json : {"11":"000003","33":"0101030049","12":"0308205540","57":"000","MTI":"0110","25":"0007","48":{"no_rmh":"NO. 8-C","nama":"SURYA YOHAN","no_hp":null,"nmTarip":"N.3","kocab":"01","tgl_putus":null,"alamat":"SISINGAMANGARAJA"},"39":"001","7":"0308205539","40":"001","41":"20000002"}
2021-03-08 20:55:40.993[                 ]INFO [m.controller.Request:239][request-wstirtanadi] Request Iso to Biller : 00730100822000008280000080000000000000000308205540000004010103004900420000002
2021-03-08 20:55:40.994[                 ]INFO [m.controller.Request:240][request-wstirtanadi] Response Iso Biller : {"11":"000004","33":"0101030049","12":"0308205541","57":"000","MTI":"0110","25":"0001","48":{"TOTAL_TAGIHAN":136980,"202103":{"total":136980,"tagihan":133980,"denda":0,"adm":3000}},"39":"004","7":"0308205540","40":"001","41":"20000002"}
2021-03-08 20:55:40.994[                 ]INFO [m.controller.Request:244][request-wstirtanadi] Response Json : {"11":"000004","33":"0101030049","12":"0308205541","57":"000","MTI":"0110","25":"0001","48":{"TOTAL_TAGIHAN":136980,"202103":{"total":136980,"tagihan":133980,"denda":0,"adm":3000}},"39":"004","7":"0308205540","40":"001","41":"20000002"}
2021-03-08 20:55:42.485[                 ]INFO [m.controller.Request:336][request-wstirtanadi] Request Iso to Biller : 00810100822C0000828000008000000000000000030820554000000400032021010103004900320000002
2021-03-08 20:55:42.486[                 ]INFO [m.controller.Request:337][request-wstirtanadi] Response Iso Biller : {"11":"000004","33":"0101030049","12":"0308205542","13":"0003","57":"000","MTI":"0110","14":"2021","25":"0012","48":{"golonganTarif":"N.3","total":"136980","tagihan":133980,"nama":"SURYA YOHAN","admin":3000,"denda":0,"standAkhir":1561000,"npa":"0101030049","pemakaianM3":"13000","alamat":"SISINGAMANGARAJA","periode":"202103","status":"Belum Lunas"},"39":"003","7":"0308205540","40":"001","41":"20000002"}
2021-03-08 20:55:46.825[                 ]INFO [m.controller.Request:117][request-wstirtanadi] Start Inquiry
2021-03-08 20:55:47.279[                 ]INFO [m.controller.Request:160][request-wstirtanadi] Request Iso to Biller : 00730100822000008280000080000000000000000308205546000005010103004900120000002
2021-03-08 20:55:47.280[                 ]INFO [m.controller.Request:161][request-wstirtanadi] Response Iso Biller : {"11":"000005","33":"0101030049","12":"0308205547","57":"000","MTI":"0110","25":"0007","48":{"no_rmh":"NO. 8-C","nama":"SURYA YOHAN","no_hp":null,"nmTarip":"N.3","kocab":"01","tgl_putus":null,"alamat":"SISINGAMANGARAJA"},"39":"001","7":"0308205546","40":"001","41":"20000002"}
2021-03-08 20:55:47.281[                 ]INFO [m.controller.Request:165][request-wstirtanadi] Response Json : {"11":"000005","33":"0101030049","12":"0308205547","57":"000","MTI":"0110","25":"0007","48":{"no_rmh":"NO. 8-C","nama":"SURYA YOHAN","no_hp":null,"nmTarip":"N.3","kocab":"01","tgl_putus":null,"alamat":"SISINGAMANGARAJA"},"39":"001","7":"0308205546","40":"001","41":"20000002"}
2021-03-08 20:55:48.146[                 ]INFO [m.controller.Request:239][request-wstirtanadi] Request Iso to Biller : 00730100822000008280000080000000000000000308205547000006010103004900420000002
2021-03-08 20:55:48.146[                 ]INFO [m.controller.Request:240][request-wstirtanadi] Response Iso Biller : {"11":"000006","33":"0101030049","12":"0308205548","57":"000","MTI":"0110","25":"0001","48":{"TOTAL_TAGIHAN":136980,"202103":{"total":136980,"tagihan":133980,"denda":0,"adm":3000}},"39":"004","7":"0308205547","40":"001","41":"20000002"}
2021-03-08 20:55:48.147[                 ]INFO [m.controller.Request:244][request-wstirtanadi] Response Json : {"11":"000006","33":"0101030049","12":"0308205548","57":"000","MTI":"0110","25":"0001","48":{"TOTAL_TAGIHAN":136980,"202103":{"total":136980,"tagihan":133980,"denda":0,"adm":3000}},"39":"004","7":"0308205547","40":"001","41":"20000002"}
2021-03-08 20:55:49.651[                 ]INFO [m.controller.Request:336][request-wstirtanadi] Request Iso to Biller : 00810100822C0000828000008000000000000000030820554700000600032021010103004900320000002
2021-03-08 20:55:49.651[                 ]INFO [m.controller.Request:337][request-wstirtanadi] Response Iso Biller : {"11":"000006","33":"0101030049","12":"0308205550","13":"0003","57":"000","MTI":"0110","14":"2021","25":"0012","48":{"golonganTarif":"N.3","total":"136980","tagihan":133980,"nama":"SURYA YOHAN","admin":3000,"denda":0,"standAkhir":1561000,"npa":"0101030049","pemakaianM3":"13000","alamat":"SISINGAMANGARAJA","periode":"202103","status":"Belum Lunas"},"39":"003","7":"0308205547","40":"001","41":"20000002"}
2021-03-08 20:56:12.414[                 ]INFO [m.controller.Request:117][request-wstirtanadi] Start Inquiry
2021-03-08 20:56:12.709[                 ]INFO [m.controller.Request:160][request-wstirtanadi] Request Iso to Biller : 00730100822000008280000080000000000000000308205612000007010103004900120000002
2021-03-08 20:56:12.710[                 ]INFO [m.controller.Request:161][request-wstirtanadi] Response Iso Biller : {"11":"000007","33":"0101030049","12":"0308205613","57":"000","MTI":"0110","25":"0007","48":{"no_rmh":"NO. 8-C","nama":"SURYA YOHAN","no_hp":null,"nmTarip":"N.3","kocab":"01","tgl_putus":null,"alamat":"SISINGAMANGARAJA"},"39":"001","7":"0308205612","40":"001","41":"20000002"}
2021-03-08 20:56:12.710[                 ]INFO [m.controller.Request:165][request-wstirtanadi] Response Json : {"11":"000007","33":"0101030049","12":"0308205613","57":"000","MTI":"0110","25":"0007","48":{"no_rmh":"NO. 8-C","nama":"SURYA YOHAN","no_hp":null,"nmTarip":"N.3","kocab":"01","tgl_putus":null,"alamat":"SISINGAMANGARAJA"},"39":"001","7":"0308205612","40":"001","41":"20000002"}
2021-03-08 20:56:13.188[                 ]INFO [m.controller.Request:239][request-wstirtanadi] Request Iso to Biller : 00730100822000008280000080000000000000000308205612000008010103004900420000002
2021-03-08 20:56:13.189[                 ]INFO [m.controller.Request:240][request-wstirtanadi] Response Iso Biller : {"11":"000008","33":"0101030049","12":"0308205613","57":"000","MTI":"0110","25":"0001","48":{"TOTAL_TAGIHAN":136980,"202103":{"total":136980,"tagihan":133980,"denda":0,"adm":3000}},"39":"004","7":"0308205612","40":"001","41":"20000002"}
2021-03-08 20:56:13.190[                 ]INFO [m.controller.Request:244][request-wstirtanadi] Response Json : {"11":"000008","33":"0101030049","12":"0308205613","57":"000","MTI":"0110","25":"0001","48":{"TOTAL_TAGIHAN":136980,"202103":{"total":136980,"tagihan":133980,"denda":0,"adm":3000}},"39":"004","7":"0308205612","40":"001","41":"20000002"}
2021-03-08 20:56:13.674[                 ]INFO [m.controller.Request:336][request-wstirtanadi] Request Iso to Biller : 00810100822C0000828000008000000000000000030820561200000800032021010103004900320000002
2021-03-08 20:56:13.675[                 ]INFO [m.controller.Request:337][request-wstirtanadi] Response Iso Biller : {"11":"000008","33":"0101030049","12":"0308205614","13":"0003","57":"000","MTI":"0110","14":"2021","25":"0012","48":{"golonganTarif":"N.3","total":"136980","tagihan":133980,"nama":"SURYA YOHAN","admin":3000,"denda":0,"standAkhir":1561000,"npa":"0101030049","pemakaianM3":"13000","alamat":"SISINGAMANGARAJA","periode":"202103","status":"Belum Lunas"},"39":"003","7":"0308205612","40":"001","41":"20000002"}
2021-03-08 20:56:19.825[                 ]INFO [m.controller.Request:117][request-wstirtanadi] Start Inquiry
2021-03-08 20:56:20.134[                 ]INFO [m.controller.Request:160][request-wstirtanadi] Request Iso to Biller : 00730100822000008280000080000000000000000308205619000009010103004900120000002
2021-03-08 20:56:20.135[                 ]INFO [m.controller.Request:161][request-wstirtanadi] Response Iso Biller : {"11":"000009","33":"0101030049","12":"0308205620","57":"000","MTI":"0110","25":"0007","48":{"no_rmh":"NO. 8-C","nama":"SURYA YOHAN","no_hp":null,"nmTarip":"N.3","kocab":"01","tgl_putus":null,"alamat":"SISINGAMANGARAJA"},"39":"001","7":"0308205619","40":"001","41":"20000002"}
2021-03-08 20:56:20.135[                 ]INFO [m.controller.Request:165][request-wstirtanadi] Response Json : {"11":"000009","33":"0101030049","12":"0308205620","57":"000","MTI":"0110","25":"0007","48":{"no_rmh":"NO. 8-C","nama":"SURYA YOHAN","no_hp":null,"nmTarip":"N.3","kocab":"01","tgl_putus":null,"alamat":"SISINGAMANGARAJA"},"39":"001","7":"0308205619","40":"001","41":"20000002"}
2021-03-08 20:56:20.331[                 ]INFO [m.controller.Request:239][request-wstirtanadi] Request Iso to Biller : 00730100822000008280000080000000000000000308205620000010010103004900420000002
2021-03-08 20:56:20.332[                 ]INFO [m.controller.Request:240][request-wstirtanadi] Response Iso Biller : {"11":"000010","33":"0101030049","12":"0308205620","57":"000","MTI":"0110","25":"0001","48":{"TOTAL_TAGIHAN":136980,"202103":{"total":136980,"tagihan":133980,"denda":0,"adm":3000}},"39":"004","7":"0308205620","40":"001","41":"20000002"}
2021-03-08 20:56:20.333[                 ]INFO [m.controller.Request:244][request-wstirtanadi] Response Json : {"11":"000010","33":"0101030049","12":"0308205620","57":"000","MTI":"0110","25":"0001","48":{"TOTAL_TAGIHAN":136980,"202103":{"total":136980,"tagihan":133980,"denda":0,"adm":3000}},"39":"004","7":"0308205620","40":"001","41":"20000002"}
2021-03-08 20:56:20.976[                 ]INFO [m.controller.Request:336][request-wstirtanadi] Request Iso to Biller : 00810100822C0000828000008000000000000000030820562000001000032021010103004900320000002
2021-03-08 20:56:20.977[                 ]INFO [m.controller.Request:337][request-wstirtanadi] Response Iso Biller : {"11":"000010","33":"0101030049","12":"0308205621","13":"0003","57":"000","MTI":"0110","14":"2021","25":"0012","48":{"golonganTarif":"N.3","total":"136980","tagihan":133980,"nama":"SURYA YOHAN","admin":3000,"denda":0,"standAkhir":1561000,"npa":"0101030049","pemakaianM3":"13000","alamat":"SISINGAMANGARAJA","periode":"202103","status":"Belum Lunas"},"39":"003","7":"0308205620","40":"001","41":"20000002"}
2021-03-08 20:56:52.378[                 ]INFO [otMybatisApplication:55]Starting SpringBootMybatisApplication on DESKTOP-RKJ18PE with PID 6620 (E:\SWITCHING_PAPANG\WORKSPACE\GATEWAY\WSTNISO\GatewayTirtanadi\target\classes started by Mr Papang in E:\SWITCHING_PAPANG\WORKSPACE\GATEWAY\WSTNISO\GatewayTirtanadi)
2021-03-08 20:56:52.389[                 ]INFO [otMybatisApplication:651]No active profile set, falling back to default profiles: default
2021-03-08 20:56:55.414[                 ]INFO [otMybatisApplication:61]Started SpringBootMybatisApplication in 3.504 seconds (JVM running for 4.691)
2021-03-08 20:56:58.932[                 ]INFO [m.controller.Request:117][request-wstirtanadi] Start Inquiry
2021-03-08 20:56:59.602[                 ]INFO [m.controller.Request:160][request-wstirtanadi] Request Iso to Biller : 00730100822000008280000080000000000000000308205659000001010103004900120000002
2021-03-08 20:56:59.603[                 ]INFO [m.controller.Request:161][request-wstirtanadi] Response Iso Biller : {"11":"000001","33":"0101030049","12":"0308205700","57":"000","MTI":"0110","25":"0007","48":{"no_rmh":"NO. 8-C","nama":"SURYA YOHAN","no_hp":null,"nmTarip":"N.3","kocab":"01","tgl_putus":null,"alamat":"SISINGAMANGARAJA"},"39":"001","7":"0308205659","40":"001","41":"20000002"}
2021-03-08 20:56:59.603[                 ]INFO [m.controller.Request:165][request-wstirtanadi] Response Json : {"11":"000001","33":"0101030049","12":"0308205700","57":"000","MTI":"0110","25":"0007","48":{"no_rmh":"NO. 8-C","nama":"SURYA YOHAN","no_hp":null,"nmTarip":"N.3","kocab":"01","tgl_putus":null,"alamat":"SISINGAMANGARAJA"},"39":"001","7":"0308205659","40":"001","41":"20000002"}
2021-03-08 20:57:00.297[                 ]INFO [m.controller.Request:239][request-wstirtanadi] Request Iso to Biller : 00730100822000008280000080000000000000000308205659000002010103004900420000002
2021-03-08 20:57:00.298[                 ]INFO [m.controller.Request:240][request-wstirtanadi] Response Iso Biller : {"11":"000002","33":"0101030049","12":"0308205700","57":"000","MTI":"0110","25":"0001","48":{"TOTAL_TAGIHAN":136980,"202103":{"total":136980,"tagihan":133980,"denda":0,"adm":3000}},"39":"004","7":"0308205659","40":"001","41":"20000002"}
2021-03-08 20:57:00.298[                 ]INFO [m.controller.Request:244][request-wstirtanadi] Response Json : {"11":"000002","33":"0101030049","12":"0308205700","57":"000","MTI":"0110","25":"0001","48":{"TOTAL_TAGIHAN":136980,"202103":{"total":136980,"tagihan":133980,"denda":0,"adm":3000}},"39":"004","7":"0308205659","40":"001","41":"20000002"}
2021-03-08 20:57:01.334[                 ]INFO [m.controller.Request:336][request-wstirtanadi] Request Iso to Biller : 00810100822C0000828000008000000000000000030820565900000200032021010103004900320000002
2021-03-08 20:57:01.335[                 ]INFO [m.controller.Request:337][request-wstirtanadi] Response Iso Biller : {"11":"000002","12":"0308205701","57":"006","MTI":"0110","39":"003","7":"0308205659","40":"000","41":"20000002"}
2021-03-08 20:57:05.636[                 ]INFO [m.controller.Request:117][request-wstirtanadi] Start Inquiry
2021-03-08 20:57:06.004[                 ]INFO [m.controller.Request:160][request-wstirtanadi] Request Iso to Biller : 00730100822000008280000080000000000000000308205705000003010103004900120000002
2021-03-08 20:57:06.005[                 ]INFO [m.controller.Request:161][request-wstirtanadi] Response Iso Biller : {"11":"000003","33":"0101030049","12":"0308205706","57":"000","MTI":"0110","25":"0007","48":{"no_rmh":"NO. 8-C","nama":"SURYA YOHAN","no_hp":null,"nmTarip":"N.3","kocab":"01","tgl_putus":null,"alamat":"SISINGAMANGARAJA"},"39":"001","7":"0308205705","40":"001","41":"20000002"}
2021-03-08 20:57:06.005[                 ]INFO [m.controller.Request:165][request-wstirtanadi] Response Json : {"11":"000003","33":"0101030049","12":"0308205706","57":"000","MTI":"0110","25":"0007","48":{"no_rmh":"NO. 8-C","nama":"SURYA YOHAN","no_hp":null,"nmTarip":"N.3","kocab":"01","tgl_putus":null,"alamat":"SISINGAMANGARAJA"},"39":"001","7":"0308205705","40":"001","41":"20000002"}
2021-03-08 20:57:06.407[                 ]INFO [m.controller.Request:239][request-wstirtanadi] Request Iso to Biller : 00730100822000008280000080000000000000000308205706000004010103004900420000002
2021-03-08 20:57:06.408[                 ]INFO [m.controller.Request:240][request-wstirtanadi] Response Iso Biller : {"11":"000004","33":"0101030049","12":"0308205706","57":"000","MTI":"0110","25":"0001","48":{"TOTAL_TAGIHAN":136980,"202103":{"total":136980,"tagihan":133980,"denda":0,"adm":3000}},"39":"004","7":"0308205706","40":"001","41":"20000002"}
2021-03-08 20:57:06.408[                 ]INFO [m.controller.Request:244][request-wstirtanadi] Response Json : {"11":"000004","33":"0101030049","12":"0308205706","57":"000","MTI":"0110","25":"0001","48":{"TOTAL_TAGIHAN":136980,"202103":{"total":136980,"tagihan":133980,"denda":0,"adm":3000}},"39":"004","7":"0308205706","40":"001","41":"20000002"}
2021-03-08 20:57:06.587[                 ]INFO [m.controller.Request:336][request-wstirtanadi] Request Iso to Biller : 00810100822C0000828000008000000000000000030820570600000400032021010103004900320000002
2021-03-08 20:57:06.588[                 ]INFO [m.controller.Request:337][request-wstirtanadi] Response Iso Biller : {"11":"000004","12":"0308205707","57":"006","MTI":"0110","39":"003","7":"0308205706","40":"000","41":"20000002"}
2021-03-08 20:57:20.397[                 ]INFO [otMybatisApplication:55]Starting SpringBootMybatisApplication on DESKTOP-RKJ18PE with PID 18452 (E:\SWITCHING_PAPANG\WORKSPACE\GATEWAY\WSTNISO\GatewayTirtanadi\target\classes started by Mr Papang in E:\SWITCHING_PAPANG\WORKSPACE\GATEWAY\WSTNISO\GatewayTirtanadi)
2021-03-08 20:57:20.402[                 ]INFO [otMybatisApplication:651]No active profile set, falling back to default profiles: default
2021-03-08 20:57:23.319[                 ]INFO [otMybatisApplication:61]Started SpringBootMybatisApplication in 3.378 seconds (JVM running for 4.418)
2021-03-08 20:57:53.862[                 ]INFO [m.controller.Request:117][request-wstirtanadi] Start Inquiry
2021-03-08 20:57:54.100[                 ]INFO [m.controller.Request:160][request-wstirtanadi] Request Iso to Biller : 00730100822000008280000080000000000000000308205753000001010103004900120000002
2021-03-08 20:57:54.100[                 ]INFO [m.controller.Request:161][request-wstirtanadi] Response Iso Biller : {"11":"000001","33":"0101030049","12":"0308205754","57":"000","MTI":"0110","25":"0007","48":{"no_rmh":"NO. 8-C","nama":"SURYA YOHAN","no_hp":null,"nmTarip":"N.3","kocab":"01","tgl_putus":null,"alamat":"SISINGAMANGARAJA"},"39":"001","7":"0308205753","40":"001","41":"20000002"}
2021-03-08 20:57:54.100[                 ]INFO [m.controller.Request:165][request-wstirtanadi] Response Json : {"11":"000001","33":"0101030049","12":"0308205754","57":"000","MTI":"0110","25":"0007","48":{"no_rmh":"NO. 8-C","nama":"SURYA YOHAN","no_hp":null,"nmTarip":"N.3","kocab":"01","tgl_putus":null,"alamat":"SISINGAMANGARAJA"},"39":"001","7":"0308205753","40":"001","41":"20000002"}
2021-03-08 20:57:54.333[                 ]INFO [m.controller.Request:239][request-wstirtanadi] Request Iso to Biller : 00730100822000008280000080000000000000000308205754000002010103004900420000002
2021-03-08 20:57:54.334[                 ]INFO [m.controller.Request:240][request-wstirtanadi] Response Iso Biller : {"11":"000002","33":"0101030049","12":"0308205754","57":"000","MTI":"0110","25":"0001","48":{"TOTAL_TAGIHAN":136980,"202103":{"total":136980,"tagihan":133980,"denda":0,"adm":3000}},"39":"004","7":"0308205754","40":"001","41":"20000002"}
2021-03-08 20:57:54.334[                 ]INFO [m.controller.Request:244][request-wstirtanadi] Response Json : {"11":"000002","33":"0101030049","12":"0308205754","57":"000","MTI":"0110","25":"0001","48":{"TOTAL_TAGIHAN":136980,"202103":{"total":136980,"tagihan":133980,"denda":0,"adm":3000}},"39":"004","7":"0308205754","40":"001","41":"20000002"}
2021-03-08 20:57:54.458[                 ]INFO [m.controller.Request:336][request-wstirtanadi] Request Iso to Biller : 00810100822C0000828000008000000000000000030820575400000200032021010103004900320000002
2021-03-08 20:57:54.458[                 ]INFO [m.controller.Request:337][request-wstirtanadi] Response Iso Biller : {"11":"000002","12":"0308205754","57":"006","MTI":"0110","39":"003","7":"0308205754","40":"000","41":"20000002"}
2021-03-08 20:58:16.840[                 ]INFO [otMybatisApplication:55]Starting SpringBootMybatisApplication on DESKTOP-RKJ18PE with PID 15572 (E:\SWITCHING_PAPANG\WORKSPACE\GATEWAY\WSTNISO\GatewayTirtanadi\target\classes started by Mr Papang in E:\SWITCHING_PAPANG\WORKSPACE\GATEWAY\WSTNISO\GatewayTirtanadi)
2021-03-08 20:58:16.845[                 ]INFO [otMybatisApplication:651]No active profile set, falling back to default profiles: default
2021-03-08 20:58:19.846[                 ]INFO [otMybatisApplication:61]Started SpringBootMybatisApplication in 3.439 seconds (JVM running for 4.53)
2021-03-08 20:58:20.224[                 ]INFO [m.controller.Request:117][request-wstirtanadi] Start Inquiry
2021-03-08 20:58:20.560[                 ]INFO [m.controller.Request:160][request-wstirtanadi] Request Iso to Biller : 00730100822000008280000080000000000000000308205820000001010103004900120000002
2021-03-08 20:58:20.560[                 ]INFO [m.controller.Request:161][request-wstirtanadi] Response Iso Biller : {"11":"000001","33":"0101030049","12":"0308205821","57":"000","MTI":"0110","25":"0007","48":{"no_rmh":"NO. 8-C","nama":"SURYA YOHAN","no_hp":null,"nmTarip":"N.3","kocab":"01","tgl_putus":null,"alamat":"SISINGAMANGARAJA"},"39":"001","7":"0308205820","40":"001","41":"20000002"}
2021-03-08 20:58:20.561[                 ]INFO [m.controller.Request:165][request-wstirtanadi] Response Json : {"11":"000001","33":"0101030049","12":"0308205821","57":"000","MTI":"0110","25":"0007","48":{"no_rmh":"NO. 8-C","nama":"SURYA YOHAN","no_hp":null,"nmTarip":"N.3","kocab":"01","tgl_putus":null,"alamat":"SISINGAMANGARAJA"},"39":"001","7":"0308205820","40":"001","41":"20000002"}
2021-03-08 20:58:20.778[                 ]INFO [m.controller.Request:239][request-wstirtanadi] Request Iso to Biller : 00730100822000008280000080000000000000000308205820000002010103004900420000002
2021-03-08 20:58:20.778[                 ]INFO [m.controller.Request:240][request-wstirtanadi] Response Iso Biller : {"11":"000002","33":"0101030049","12":"0308205821","57":"000","MTI":"0110","25":"0001","48":{"TOTAL_TAGIHAN":136980,"202103":{"total":136980,"tagihan":133980,"denda":0,"adm":3000}},"39":"004","7":"0308205820","40":"001","41":"20000002"}
2021-03-08 20:58:20.778[                 ]INFO [m.controller.Request:244][request-wstirtanadi] Response Json : {"11":"000002","33":"0101030049","12":"0308205821","57":"000","MTI":"0110","25":"0001","48":{"TOTAL_TAGIHAN":136980,"202103":{"total":136980,"tagihan":133980,"denda":0,"adm":3000}},"39":"004","7":"0308205820","40":"001","41":"20000002"}
2021-03-08 20:58:21.023[                 ]INFO [m.controller.Request:336][request-wstirtanadi] Request Iso to Biller : 00810100822C0000828000008000000000000000030820582000000200032021010103004900320000002
2021-03-08 20:58:21.023[                 ]INFO [m.controller.Request:337][request-wstirtanadi] Response Iso Biller : {"11":"000002","33":"0101030049","12":"0308205821","13":"0003","57":"000","MTI":"0110","14":"2021","25":"0012","48":{"golonganTarif":"N.3","total":"136980","tagihan":133980,"nama":"SURYA YOHAN","admin":3000,"denda":0,"standAkhir":1561000,"npa":"0101030049","pemakaianM3":"13000","alamat":"SISINGAMANGARAJA","periode":"202103","status":"Belum Lunas"},"39":"003","7":"0308205820","40":"001","41":"20000002"}
2021-03-08 20:58:24.755[                 ]INFO [m.controller.Request:117][request-wstirtanadi] Start Inquiry
2021-03-08 20:58:25.013[                 ]INFO [m.controller.Request:160][request-wstirtanadi] Request Iso to Biller : 00730100822000008280000080000000000000000308205824000003010103004900120000002
2021-03-08 20:58:25.013[                 ]INFO [m.controller.Request:161][request-wstirtanadi] Response Iso Biller : {"11":"000003","33":"0101030049","12":"0308205825","57":"000","MTI":"0110","25":"0007","48":{"no_rmh":"NO. 8-C","nama":"SURYA YOHAN","no_hp":null,"nmTarip":"N.3","kocab":"01","tgl_putus":null,"alamat":"SISINGAMANGARAJA"},"39":"001","7":"0308205824","40":"001","41":"20000002"}
2021-03-08 20:58:25.014[                 ]INFO [m.controller.Request:165][request-wstirtanadi] Response Json : {"11":"000003","33":"0101030049","12":"0308205825","57":"000","MTI":"0110","25":"0007","48":{"no_rmh":"NO. 8-C","nama":"SURYA YOHAN","no_hp":null,"nmTarip":"N.3","kocab":"01","tgl_putus":null,"alamat":"SISINGAMANGARAJA"},"39":"001","7":"0308205824","40":"001","41":"20000002"}
2021-03-08 20:58:25.425[                 ]INFO [m.controller.Request:239][request-wstirtanadi] Request Iso to Biller : 00730100822000008280000080000000000000000308205825000004010103004900420000002
2021-03-08 20:58:25.426[                 ]INFO [m.controller.Request:240][request-wstirtanadi] Response Iso Biller : {"11":"000004","33":"0101030049","12":"0308205825","57":"000","MTI":"0110","25":"0001","48":{"TOTAL_TAGIHAN":136980,"202103":{"total":136980,"tagihan":133980,"denda":0,"adm":3000}},"39":"004","7":"0308205825","40":"001","41":"20000002"}
2021-03-08 20:58:25.426[                 ]INFO [m.controller.Request:244][request-wstirtanadi] Response Json : {"11":"000004","33":"0101030049","12":"0308205825","57":"000","MTI":"0110","25":"0001","48":{"TOTAL_TAGIHAN":136980,"202103":{"total":136980,"tagihan":133980,"denda":0,"adm":3000}},"39":"004","7":"0308205825","40":"001","41":"20000002"}
2021-03-08 20:58:25.626[                 ]INFO [m.controller.Request:336][request-wstirtanadi] Request Iso to Biller : 00810100822C0000828000008000000000000000030820582500000400032021010103004900320000002
2021-03-08 20:58:25.626[                 ]INFO [m.controller.Request:337][request-wstirtanadi] Response Iso Biller : {"11":"000004","33":"0101030049","12":"0308205826","13":"0003","57":"000","MTI":"0110","14":"2021","25":"0012","48":{"golonganTarif":"N.3","total":"136980","tagihan":133980,"nama":"SURYA YOHAN","admin":3000,"denda":0,"standAkhir":1561000,"npa":"0101030049","pemakaianM3":"13000","alamat":"SISINGAMANGARAJA","periode":"202103","status":"Belum Lunas"},"39":"003","7":"0308205825","40":"001","41":"20000002"}
2021-03-08 20:58:28.162[                 ]INFO [m.controller.Request:117][request-wstirtanadi] Start Inquiry
2021-03-08 20:58:28.320[                 ]INFO [m.controller.Request:160][request-wstirtanadi] Request Iso to Biller : 00730100822000008280000080000000000000000308205828000005010103004900120000002
2021-03-08 20:58:28.320[                 ]INFO [m.controller.Request:161][request-wstirtanadi] Response Iso Biller : {"11":"000005","33":"0101030049","12":"0308205828","57":"000","MTI":"0110","25":"0007","48":{"no_rmh":"NO. 8-C","nama":"SURYA YOHAN","no_hp":null,"nmTarip":"N.3","kocab":"01","tgl_putus":null,"alamat":"SISINGAMANGARAJA"},"39":"001","7":"0308205828","40":"001","41":"20000002"}
2021-03-08 20:58:28.321[                 ]INFO [m.controller.Request:165][request-wstirtanadi] Response Json : {"11":"000005","33":"0101030049","12":"0308205828","57":"000","MTI":"0110","25":"0007","48":{"no_rmh":"NO. 8-C","nama":"SURYA YOHAN","no_hp":null,"nmTarip":"N.3","kocab":"01","tgl_putus":null,"alamat":"SISINGAMANGARAJA"},"39":"001","7":"0308205828","40":"001","41":"20000002"}
2021-03-08 20:58:28.505[                 ]INFO [m.controller.Request:239][request-wstirtanadi] Request Iso to Biller : 00730100822000008280000080000000000000000308205828000006010103004900420000002
2021-03-08 20:58:28.506[                 ]INFO [m.controller.Request:240][request-wstirtanadi] Response Iso Biller : {"11":"000006","33":"0101030049","12":"0308205828","57":"000","MTI":"0110","25":"0001","48":{"TOTAL_TAGIHAN":136980,"202103":{"total":136980,"tagihan":133980,"denda":0,"adm":3000}},"39":"004","7":"0308205828","40":"001","41":"20000002"}
2021-03-08 20:58:28.506[                 ]INFO [m.controller.Request:244][request-wstirtanadi] Response Json : {"11":"000006","33":"0101030049","12":"0308205828","57":"000","MTI":"0110","25":"0001","48":{"TOTAL_TAGIHAN":136980,"202103":{"total":136980,"tagihan":133980,"denda":0,"adm":3000}},"39":"004","7":"0308205828","40":"001","41":"20000002"}
2021-03-08 20:58:28.740[                 ]INFO [m.controller.Request:336][request-wstirtanadi] Request Iso to Biller : 00810100822C0000828000008000000000000000030820582800000600032021010103004900320000002
2021-03-08 20:58:28.741[                 ]INFO [m.controller.Request:337][request-wstirtanadi] Response Iso Biller : {"11":"000006","33":"0101030049","12":"0308205829","13":"0003","57":"000","MTI":"0110","14":"2021","25":"0012","48":{"golonganTarif":"N.3","total":"136980","tagihan":133980,"nama":"SURYA YOHAN","admin":3000,"denda":0,"standAkhir":1561000,"npa":"0101030049","pemakaianM3":"13000","alamat":"SISINGAMANGARAJA","periode":"202103","status":"Belum Lunas"},"39":"003","7":"0308205828","40":"001","41":"20000002"}
