2021-03-02 09:30:36.621[                 ]INFO [m.controller.Request:178][request-wstirtanadi] Request Iso to Biller : 00730100822000008280000080000000000000000203115341000003010103003900420000008
2021-03-02 09:30:36.621[                 ]INFO [m.controller.Request:179][request-wstirtanadi] Response Iso Biller : {"11":"000003","33":"0101030039","12":"0302093037","57":"000","MTI":"0110","25":"0001","48":{"202011":{"total":252400,"tagihan":239400,"denda":10000,"adm":3000},"TOTAL_TAGIHAN":252400},"39":"004","7":"0203115341","40":"001","41":"20000008"}
2021-03-02 09:30:36.621[                 ]INFO [m.controller.Request:183][request-wstirtanadi] Response Json : {"11":"000003","33":"0101030039","12":"0302093037","57":"000","MTI":"0110","25":"0001","48":{"202011":{"total":252400,"tagihan":239400,"denda":10000,"adm":3000},"TOTAL_TAGIHAN":252400},"39":"004","7":"0203115341","40":"001","41":"20000008"}
2021-03-02 09:30:37.420[                 ]INFO [m.controller.Request:297][request-wstirtanadi] Request Iso to Biller : 00810100822C0000828000008000000000000000020311534100000300112020010103003900320000008
2021-03-02 09:30:37.420[                 ]INFO [m.controller.Request:298][request-wstirtanadi] Response Iso Biller : {"11":"000003","33":"0101030039","12":"0302093038","13":"0011","57":"000","MTI":"0110","14":"2020","25":"0012","48":{"golonganTarif":"RT.4","total":"252400","tagihan":239400,"nama":"SUSILAWATY, BA","admin":3000,"denda":10000,"standAkhir":2555000,"npa":"0101030039","pemakaianM3":"40000","alamat":"SISINGAMANGARAJA","periode":"202011","status":"Belum Lunas"},"39":"003","7":"0203115341","40":"001","41":"20000008"}
2021-03-02 13:19:24.680[                 ]INFO [m.controller.Request:140][request-wstirtanadi] Start Inquiry
2021-03-02 13:19:24.979[                 ]INFO [m.controller.Request:182][request-wstirtanadi] Request Iso to Biller : 00730100822000008280000080000000000000000203115341000003010103003900420000008
2021-03-02 13:19:24.980[                 ]INFO [m.controller.Request:183][request-wstirtanadi] Response Iso Biller : {"11":"000003","33":"0101030039","12":"0302131925","57":"000","MTI":"0110","25":"0001","48":{"202011":{"total":252400,"tagihan":239400,"denda":10000,"adm":3000},"TOTAL_TAGIHAN":252400},"39":"004","7":"0203115341","40":"001","41":"20000008"}
2021-03-02 13:19:24.980[                 ]INFO [m.controller.Request:187][request-wstirtanadi] Response Json : {"11":"000003","33":"0101030039","12":"0302131925","57":"000","MTI":"0110","25":"0001","48":{"202011":{"total":252400,"tagihan":239400,"denda":10000,"adm":3000},"TOTAL_TAGIHAN":252400},"39":"004","7":"0203115341","40":"001","41":"20000008"}
2021-03-02 13:19:25.696[                 ]INFO [m.controller.Request:301][request-wstirtanadi] Request Iso to Biller : 00810100822C0000828000008000000000000000020311534100000300112020010103003900320000008
2021-03-02 13:19:25.696[                 ]INFO [m.controller.Request:302][request-wstirtanadi] Response Iso Biller : {"11":"000003","12":"0302131925","57":"006","MTI":"0110","39":"004","7":"0203115341","40":"000","41":"20000008"}{"11":"000003","12":"0302131925","57":"006","MTI":"0110","39":"004","7":"0203115341","40":"000","41":"20000008"}
2021-03-02 13:20:19.464[                 ]INFO [m.controller.Request:140][request-wstirtanadi] Start Inquiry
2021-03-02 13:20:19.859[                 ]INFO [m.controller.Request:182][request-wstirtanadi] Request Iso to Biller : 00730100822000008280000080000000000000000203115341000003010103003900420000008
2021-03-02 13:20:48.144[                 ]INFO [m.controller.Request:183][request-wstirtanadi] Response Iso Biller : {"11":"000003","33":"0101030039","12":"0302132020","57":"000","MTI":"0110","25":"0001","48":{"202011":{"total":252400,"tagihan":239400,"denda":10000,"adm":3000},"TOTAL_TAGIHAN":252400},"39":"004","7":"0203115341","40":"001","41":"20000008"}
2021-03-02 13:20:49.192[                 ]INFO [m.controller.Request:187][request-wstirtanadi] Response Json : {"11":"000003","33":"0101030039","12":"0302132020","57":"000","MTI":"0110","25":"0001","48":{"202011":{"total":252400,"tagihan":239400,"denda":10000,"adm":3000},"TOTAL_TAGIHAN":252400},"39":"004","7":"0203115341","40":"001","41":"20000008"}
2021-03-02 14:53:45.452[                 ]INFO [m.controller.Request:140][request-wstirtanadi] Start Inquiry
2021-03-02 14:53:45.787[                 ]INFO [m.controller.Request:182][request-wstirtanadi] Request Iso to Biller : 00730100822000008280000080000000000000000203115341000003010103003900420000008
2021-03-02 14:53:50.854[                 ]INFO [m.controller.Request:183][request-wstirtanadi] Response Iso Biller : {"11":"000003","33":"0101030039","12":"0302145346","57":"000","MTI":"0110","25":"0001","48":{"202011":{"total":252400,"tagihan":239400,"denda":10000,"adm":3000},"TOTAL_TAGIHAN":252400},"39":"004","7":"0203115341","40":"001","41":"20000008"}
2021-03-02 14:53:50.855[                 ]INFO [m.controller.Request:187][request-wstirtanadi] Response Json : {"11":"000003","33":"0101030039","12":"0302145346","57":"000","MTI":"0110","25":"0001","48":{"202011":{"total":252400,"tagihan":239400,"denda":10000,"adm":3000},"TOTAL_TAGIHAN":252400},"39":"004","7":"0203115341","40":"001","41":"20000008"}
2021-03-02 14:53:51.610[                 ]INFO [m.controller.Request:301][request-wstirtanadi] Request Iso to Biller : 00810100822C0000828000008000000000000000020311534100000300112020010103003900320000008
2021-03-02 14:53:51.610[                 ]INFO [m.controller.Request:302][request-wstirtanadi] Response Iso Biller : {"11":"000003","12":"0302145346","57":"006","MTI":"0110","39":"004","7":"0203115341","40":"000","41":"20000008"}{"11":"000003","12":"0302145346","57":"006","MTI":"0110","39":"004","7":"0203115341","40":"000","41":"20000008"}{"11":"000003","12":"0302145346","57":"006","MTI":"0110","39":"004","7":"0203115341","40":"000","41":"20000008"}
2021-03-02 14:53:56.196[                 ]INFO [m.controller.Request:140][request-wstirtanadi] Start Inquiry
2021-03-02 14:53:56.540[                 ]INFO [m.controller.Request:182][request-wstirtanadi] Request Iso to Biller : 00730100822000008280000080000000000000000203115341000003010103003900420000008
2021-03-02 14:53:56.541[                 ]INFO [m.controller.Request:183][request-wstirtanadi] Response Iso Biller : {"11":"000003","33":"0101030039","12":"0302145357","57":"000","MTI":"0110","25":"0001","48":{"202011":{"total":252400,"tagihan":239400,"denda":10000,"adm":3000},"TOTAL_TAGIHAN":252400},"39":"004","7":"0203115341","40":"001","41":"20000008"}
2021-03-02 14:53:56.542[                 ]INFO [m.controller.Request:187][request-wstirtanadi] Response Json : {"11":"000003","33":"0101030039","12":"0302145357","57":"000","MTI":"0110","25":"0001","48":{"202011":{"total":252400,"tagihan":239400,"denda":10000,"adm":3000},"TOTAL_TAGIHAN":252400},"39":"004","7":"0203115341","40":"001","41":"20000008"}
2021-03-02 14:53:57.337[                 ]INFO [m.controller.Request:301][request-wstirtanadi] Request Iso to Biller : 00810100822C0000828000008000000000000000020311534100000300112020010103003900320000008
2021-03-02 14:53:57.338[                 ]INFO [m.controller.Request:302][request-wstirtanadi] Response Iso Biller : {"11":"000003","33":"0101030039","12":"0302145358","13":"0011","57":"000","MTI":"0110","14":"2020","25":"0012","48":{"golonganTarif":"RT.4","total":"252400","tagihan":239400,"nama":"SUSILAWATY, BA","admin":3000,"denda":10000,"standAkhir":2555000,"npa":"0101030039","pemakaianM3":"40000","alamat":"SISINGAMANGARAJA","periode":"202011","status":"Belum Lunas"},"39":"003","7":"0203115341","40":"001","41":"20000008"}
2021-03-02 14:59:20.842[                 ]INFO [m.controller.Request:140][request-wstirtanadi] Start Inquiry
2021-03-02 14:59:21.241[                 ]INFO [m.controller.Request:182][request-wstirtanadi] Request Iso to Biller : 00730100822000008280000080000000000000000203115341000003010103003900420000008
2021-03-02 14:59:21.242[                 ]INFO [m.controller.Request:183][request-wstirtanadi] Response Iso Biller : {"11":"000003","33":"0101030039","12":"0302145921","57":"000","MTI":"0110","25":"0001","48":{"202011":{"total":252400,"tagihan":239400,"denda":10000,"adm":3000},"TOTAL_TAGIHAN":252400},"39":"004","7":"0203115341","40":"001","41":"20000008"}
2021-03-02 14:59:21.242[                 ]INFO [m.controller.Request:187][request-wstirtanadi] Response Json : {"11":"000003","33":"0101030039","12":"0302145921","57":"000","MTI":"0110","25":"0001","48":{"202011":{"total":252400,"tagihan":239400,"denda":10000,"adm":3000},"TOTAL_TAGIHAN":252400},"39":"004","7":"0203115341","40":"001","41":"20000008"}
2021-03-02 14:59:22.064[                 ]INFO [m.controller.Request:301][request-wstirtanadi] Request Iso to Biller : 00810100822C0000828000008000000000000000020311534100000300112020010103003900320000008
2021-03-02 14:59:22.065[                 ]INFO [m.controller.Request:302][request-wstirtanadi] Response Iso Biller : {"11":"000003","33":"0101030039","12":"0302145922","13":"0011","57":"000","MTI":"0110","14":"2020","25":"0012","48":{"golonganTarif":"RT.4","total":"252400","tagihan":239400,"nama":"SUSILAWATY, BA","admin":3000,"denda":10000,"standAkhir":2555000,"npa":"0101030039","pemakaianM3":"40000","alamat":"SISINGAMANGARAJA","periode":"202011","status":"Belum Lunas"},"39":"003","7":"0203115341","40":"001","41":"20000008"}
2021-03-02 15:26:11.650[                 ]INFO [m.controller.Request:140][request-wstirtanadi] Start Inquiry
2021-03-02 15:26:11.765[                 ]INFO [m.controller.Request:182][request-wstirtanadi] Request Iso to Biller : 00730100822000008280000080000000000000000203115341000003010103003900420000008
2021-03-02 15:26:11.766[                 ]INFO [m.controller.Request:183][request-wstirtanadi] Response Iso Biller : {"12":"0302152612","57":"003","MTI":"0110"}
2021-03-02 15:26:11.766[                 ]INFO [m.controller.Request:187][request-wstirtanadi] Response Json : {"12":"0302152612","57":"003","MTI":"0110"}
